[2023-08-22T01:02:18.144+0000] {taskinstance.py:1165} INFO - Dependencies all met for <TaskInstance: tbf_analysis_dag_v11.download_raw_data_task manual__2023-08-22T01:02:02.564786+00:00 [queued]>
[2023-08-22T01:02:18.151+0000] {taskinstance.py:1165} INFO - Dependencies all met for <TaskInstance: tbf_analysis_dag_v11.download_raw_data_task manual__2023-08-22T01:02:02.564786+00:00 [queued]>
[2023-08-22T01:02:18.151+0000] {taskinstance.py:1362} INFO - 
--------------------------------------------------------------------------------
[2023-08-22T01:02:18.152+0000] {taskinstance.py:1363} INFO - Starting attempt 1 of 2
[2023-08-22T01:02:18.152+0000] {taskinstance.py:1364} INFO - 
--------------------------------------------------------------------------------
[2023-08-22T01:02:18.160+0000] {taskinstance.py:1383} INFO - Executing <Task(PythonOperator): download_raw_data_task> on 2023-08-22 01:02:02.564786+00:00
[2023-08-22T01:02:18.168+0000] {standard_task_runner.py:54} INFO - Started process 2360 to run task
[2023-08-22T01:02:18.172+0000] {standard_task_runner.py:82} INFO - Running: ['***', 'tasks', 'run', 'tbf_analysis_dag_v11', 'download_raw_data_task', 'manual__2023-08-22T01:02:02.564786+00:00', '--job-id', '87', '--raw', '--subdir', 'DAGS_FOLDER/tbf_analysis_dag_v11.py', '--cfg-path', '/tmp/tmpfx4fndda']
[2023-08-22T01:02:18.174+0000] {standard_task_runner.py:83} INFO - Job 87: Subtask download_raw_data_task
[2023-08-22T01:02:18.175+0000] {dagbag.py:525} INFO - Filling up the DagBag from /opt/***/dags/tbf_analysis_dag_v11.py
[2023-08-22T01:02:18.287+0000] {task_command.py:384} INFO - Running <TaskInstance: tbf_analysis_dag_v11.download_raw_data_task manual__2023-08-22T01:02:02.564786+00:00 [running]> on host a689a645a1f0
[2023-08-22T01:02:18.344+0000] {taskinstance.py:1592} INFO - Exporting the following env vars:
AIRFLOW_CTX_DAG_OWNER=***
AIRFLOW_CTX_DAG_ID=tbf_analysis_dag_v11
AIRFLOW_CTX_TASK_ID=download_raw_data_task
AIRFLOW_CTX_EXECUTION_DATE=2023-08-22T01:02:02.564786+00:00
AIRFLOW_CTX_TRY_NUMBER=1
AIRFLOW_CTX_DAG_RUN_ID=manual__2023-08-22T01:02:02.564786+00:00
[2023-08-22T01:02:18.346+0000] {logging_mixin.py:117} INFO - https://www.bts.gov/sites/bts.dot.gov/files/transborder-raw/2014/2014.zip
[2023-08-22T01:02:18.346+0000] {logging_mixin.py:117} INFO - Running bash script
[2023-08-22T01:02:30.095+0000] {logging_mixin.py:117} INFO - Pausing for 15 Seconds
[2023-08-22T01:02:45.108+0000] {logging_mixin.py:117} INFO - https://www.bts.gov/sites/bts.dot.gov/files/transborder-raw/2015/2015.zip
[2023-08-22T01:02:45.111+0000] {logging_mixin.py:117} INFO - Running bash script
