[2023-08-18T19:39:48.896+0000] {manager.py:483} INFO - Processing files using up to 2 processes at a time 
[2023-08-18T19:39:48.899+0000] {manager.py:484} INFO - Process each file at most once every 30 seconds
[2023-08-18T19:39:48.900+0000] {manager.py:486} INFO - Checking for new files in /opt/airflow/dags every 300 seconds
[2023-08-18T19:39:48.901+0000] {manager.py:724} INFO - Searching for files in /opt/airflow/dags
[2023-08-18T19:39:48.913+0000] {manager.py:727} INFO - There are 1 files in /opt/airflow/dags
[2023-08-18T19:39:49.112+0000] {manager.py:846} INFO - 
================================================================================
DAG File Processing Stats

File Path                                PID  Runtime      # DAGs    # Errors  Last Runtime    Last Run
-------------------------------------  -----  ---------  --------  ----------  --------------  ----------
/opt/airflow/dags/tbf_analysis_dag.py     34  0.13s             0           0
================================================================================
[2023-08-18T19:40:19.172+0000] {manager.py:846} INFO - 
================================================================================
DAG File Processing Stats

File Path                              PID    Runtime      # DAGs    # Errors  Last Runtime    Last Run
-------------------------------------  -----  ---------  --------  ----------  --------------  -------------------
/opt/airflow/dags/tbf_analysis_dag.py                           0           1  0.90s           2023-08-18T19:39:49
================================================================================
[2023-08-18T19:40:49.667+0000] {manager.py:846} INFO - 
================================================================================
DAG File Processing Stats

File Path                              PID    Runtime      # DAGs    # Errors  Last Runtime    Last Run
-------------------------------------  -----  ---------  --------  ----------  --------------  -------------------
/opt/airflow/dags/tbf_analysis_dag.py                           0           1  0.24s           2023-08-18T19:40:20
================================================================================
[2023-08-18T19:41:20.030+0000] {manager.py:846} INFO - 
================================================================================
DAG File Processing Stats

File Path                              PID    Runtime      # DAGs    # Errors  Last Runtime    Last Run
-------------------------------------  -----  ---------  --------  ----------  --------------  -------------------
/opt/airflow/dags/tbf_analysis_dag.py                           0           1  0.21s           2023-08-18T19:40:50
================================================================================
[2023-08-18T19:41:50.484+0000] {manager.py:846} INFO - 
================================================================================
DAG File Processing Stats

File Path                              PID    Runtime      # DAGs    # Errors  Last Runtime    Last Run
-------------------------------------  -----  ---------  --------  ----------  --------------  -------------------
/opt/airflow/dags/tbf_analysis_dag.py                           0           1  0.21s           2023-08-18T19:41:21
================================================================================
[2023-08-18T19:42:20.774+0000] {manager.py:846} INFO - 
================================================================================
DAG File Processing Stats

File Path                              PID    Runtime      # DAGs    # Errors  Last Runtime    Last Run
-------------------------------------  -----  ---------  --------  ----------  --------------  -------------------
/opt/airflow/dags/tbf_analysis_dag.py                           0           1  0.22s           2023-08-18T19:41:51
================================================================================
[2023-08-18T19:42:51.195+0000] {manager.py:846} INFO - 
================================================================================
DAG File Processing Stats

File Path                              PID    Runtime      # DAGs    # Errors  Last Runtime    Last Run
-------------------------------------  -----  ---------  --------  ----------  --------------  -------------------
/opt/airflow/dags/tbf_analysis_dag.py                           0           1  0.23s           2023-08-18T19:42:22
================================================================================
[2023-08-18T19:43:21.521+0000] {manager.py:846} INFO - 
================================================================================
DAG File Processing Stats

File Path                              PID    Runtime      # DAGs    # Errors  Last Runtime    Last Run
-------------------------------------  -----  ---------  --------  ----------  --------------  -------------------
/opt/airflow/dags/tbf_analysis_dag.py                           0           1  0.19s           2023-08-18T19:42:52
================================================================================
[2023-08-18T19:43:51.902+0000] {manager.py:846} INFO - 
================================================================================
DAG File Processing Stats

File Path                              PID    Runtime      # DAGs    # Errors  Last Runtime    Last Run
-------------------------------------  -----  ---------  --------  ----------  --------------  -------------------
/opt/airflow/dags/tbf_analysis_dag.py                           0           1  0.21s           2023-08-18T19:43:22
================================================================================
[2023-08-18T19:44:22.407+0000] {manager.py:846} INFO - 
================================================================================
DAG File Processing Stats

File Path                              PID    Runtime      # DAGs    # Errors  Last Runtime    Last Run
-------------------------------------  -----  ---------  --------  ----------  --------------  -------------------
/opt/airflow/dags/tbf_analysis_dag.py                           0           1  0.19s           2023-08-18T19:43:53
================================================================================
[2023-08-18T19:44:49.666+0000] {manager.py:724} INFO - Searching for files in /opt/airflow/dags
[2023-08-18T19:44:49.688+0000] {manager.py:727} INFO - There are 1 files in /opt/airflow/dags
[2023-08-18T19:44:52.714+0000] {manager.py:846} INFO - 
================================================================================
DAG File Processing Stats

File Path                              PID    Runtime      # DAGs    # Errors  Last Runtime    Last Run
-------------------------------------  -----  ---------  --------  ----------  --------------  -------------------
/opt/airflow/dags/tbf_analysis_dag.py                           0           1  0.20s           2023-08-18T19:44:23
================================================================================
[2023-08-18T19:45:23.164+0000] {manager.py:846} INFO - 
================================================================================
DAG File Processing Stats

File Path                              PID    Runtime      # DAGs    # Errors  Last Runtime    Last Run
-------------------------------------  -----  ---------  --------  ----------  --------------  -------------------
/opt/airflow/dags/tbf_analysis_dag.py                           0           1  0.19s           2023-08-18T19:44:53
================================================================================
[2023-08-18T19:45:53.529+0000] {manager.py:846} INFO - 
================================================================================
DAG File Processing Stats

File Path                              PID    Runtime      # DAGs    # Errors  Last Runtime    Last Run
-------------------------------------  -----  ---------  --------  ----------  --------------  -------------------
/opt/airflow/dags/tbf_analysis_dag.py                           0           1  0.21s           2023-08-18T19:45:24
================================================================================
[2023-08-18T19:46:24.123+0000] {manager.py:846} INFO - 
================================================================================
DAG File Processing Stats

File Path                              PID    Runtime      # DAGs    # Errors  Last Runtime    Last Run
-------------------------------------  -----  ---------  --------  ----------  --------------  -------------------
/opt/airflow/dags/tbf_analysis_dag.py                           0           1  0.20s           2023-08-18T19:45:54
================================================================================
[2023-08-18T19:46:46.273+0000] {manager.py:465} INFO - Exiting gracefully upon receiving signal 15
[2023-08-18T19:51:33.285+0000] {manager.py:483} INFO - Processing files using up to 2 processes at a time 
[2023-08-18T19:51:33.288+0000] {manager.py:484} INFO - Process each file at most once every 30 seconds
[2023-08-18T19:51:33.289+0000] {manager.py:486} INFO - Checking for new files in /opt/airflow/dags every 300 seconds
[2023-08-18T19:51:33.290+0000] {manager.py:724} INFO - Searching for files in /opt/airflow/dags
[2023-08-18T19:51:33.305+0000] {manager.py:727} INFO - There are 1 files in /opt/airflow/dags
[2023-08-18T19:51:33.405+0000] {manager.py:846} INFO - 
================================================================================
DAG File Processing Stats

File Path                                PID  Runtime      # DAGs    # Errors  Last Runtime    Last Run
-------------------------------------  -----  ---------  --------  ----------  --------------  ----------
/opt/airflow/dags/tbf_analysis_dag.py     34  0.04s             0           0
================================================================================
[2023-08-18T19:52:03.562+0000] {manager.py:846} INFO - 
================================================================================
DAG File Processing Stats

File Path                              PID    Runtime      # DAGs    # Errors  Last Runtime    Last Run
-------------------------------------  -----  ---------  --------  ----------  --------------  -------------------
/opt/airflow/dags/tbf_analysis_dag.py                           0           1  0.80s           2023-08-18T19:51:34
================================================================================
[2023-08-18T19:52:33.949+0000] {manager.py:846} INFO - 
================================================================================
DAG File Processing Stats

File Path                              PID    Runtime      # DAGs    # Errors  Last Runtime    Last Run
-------------------------------------  -----  ---------  --------  ----------  --------------  -------------------
/opt/airflow/dags/tbf_analysis_dag.py                           0           1  0.24s           2023-08-18T19:52:04
================================================================================
[2023-08-18T19:53:04.441+0000] {manager.py:846} INFO - 
================================================================================
DAG File Processing Stats

File Path                              PID    Runtime      # DAGs    # Errors  Last Runtime    Last Run
-------------------------------------  -----  ---------  --------  ----------  --------------  -------------------
/opt/airflow/dags/tbf_analysis_dag.py                           0           1  0.20s           2023-08-18T19:52:35
================================================================================
[2023-08-18T19:53:34.816+0000] {manager.py:846} INFO - 
================================================================================
DAG File Processing Stats

File Path                              PID    Runtime      # DAGs    # Errors  Last Runtime    Last Run
-------------------------------------  -----  ---------  --------  ----------  --------------  -------------------
/opt/airflow/dags/tbf_analysis_dag.py                           0           1  0.21s           2023-08-18T19:53:05
================================================================================
[2023-08-18T19:54:05.208+0000] {manager.py:846} INFO - 
================================================================================
DAG File Processing Stats

File Path                              PID    Runtime      # DAGs    # Errors  Last Runtime    Last Run
-------------------------------------  -----  ---------  --------  ----------  --------------  -------------------
/opt/airflow/dags/tbf_analysis_dag.py                           0           1  0.17s           2023-08-18T19:53:35
================================================================================
[2023-08-18T19:54:35.594+0000] {manager.py:846} INFO - 
================================================================================
DAG File Processing Stats

File Path                              PID    Runtime      # DAGs    # Errors  Last Runtime    Last Run
-------------------------------------  -----  ---------  --------  ----------  --------------  -------------------
/opt/airflow/dags/tbf_analysis_dag.py                           0           1  0.26s           2023-08-18T19:54:06
================================================================================
[2023-08-18T19:55:06.128+0000] {manager.py:846} INFO - 
================================================================================
DAG File Processing Stats

File Path                              PID    Runtime      # DAGs    # Errors  Last Runtime    Last Run
-------------------------------------  -----  ---------  --------  ----------  --------------  -------------------
/opt/airflow/dags/tbf_analysis_dag.py                           0           1  0.21s           2023-08-18T19:54:36
================================================================================
[2023-08-18T19:55:36.453+0000] {manager.py:846} INFO - 
================================================================================
DAG File Processing Stats

File Path                              PID    Runtime      # DAGs    # Errors  Last Runtime    Last Run
-------------------------------------  -----  ---------  --------  ----------  --------------  -------------------
/opt/airflow/dags/tbf_analysis_dag.py                           0           1  0.22s           2023-08-18T19:55:07
================================================================================
[2023-08-18T19:56:06.914+0000] {manager.py:846} INFO - 
================================================================================
DAG File Processing Stats

File Path                              PID    Runtime      # DAGs    # Errors  Last Runtime    Last Run
-------------------------------------  -----  ---------  --------  ----------  --------------  -------------------
/opt/airflow/dags/tbf_analysis_dag.py                           0           1  0.26s           2023-08-18T19:55:37
================================================================================
[2023-08-18T19:56:33.363+0000] {manager.py:724} INFO - Searching for files in /opt/airflow/dags
[2023-08-18T19:56:33.385+0000] {manager.py:727} INFO - There are 1 files in /opt/airflow/dags
[2023-08-18T19:56:37.438+0000] {manager.py:846} INFO - 
================================================================================
DAG File Processing Stats

File Path                              PID    Runtime      # DAGs    # Errors  Last Runtime    Last Run
-------------------------------------  -----  ---------  --------  ----------  --------------  -------------------
/opt/airflow/dags/tbf_analysis_dag.py                           0           1  0.23s           2023-08-18T19:56:33
================================================================================
[2023-08-18T19:57:07.865+0000] {manager.py:846} INFO - 
================================================================================
DAG File Processing Stats

File Path                              PID    Runtime      # DAGs    # Errors  Last Runtime    Last Run
-------------------------------------  -----  ---------  --------  ----------  --------------  -------------------
/opt/airflow/dags/tbf_analysis_dag.py                           0           1  0.24s           2023-08-18T19:57:04
================================================================================
[2023-08-18T19:57:38.375+0000] {manager.py:846} INFO - 
================================================================================
DAG File Processing Stats

File Path                              PID    Runtime      # DAGs    # Errors  Last Runtime    Last Run
-------------------------------------  -----  ---------  --------  ----------  --------------  -------------------
/opt/airflow/dags/tbf_analysis_dag.py                           0           1  0.21s           2023-08-18T19:57:34
================================================================================
[2023-08-18T19:58:08.780+0000] {manager.py:846} INFO - 
================================================================================
DAG File Processing Stats

File Path                              PID    Runtime      # DAGs    # Errors  Last Runtime    Last Run
-------------------------------------  -----  ---------  --------  ----------  --------------  -------------------
/opt/airflow/dags/tbf_analysis_dag.py                           0           1  0.25s           2023-08-18T19:58:04
================================================================================
[2023-08-18T19:58:39.198+0000] {manager.py:846} INFO - 
================================================================================
DAG File Processing Stats

File Path                              PID    Runtime      # DAGs    # Errors  Last Runtime    Last Run
-------------------------------------  -----  ---------  --------  ----------  --------------  -------------------
/opt/airflow/dags/tbf_analysis_dag.py                           0           1  0.24s           2023-08-18T19:58:35
================================================================================
[2023-08-18T19:59:09.614+0000] {manager.py:846} INFO - 
================================================================================
DAG File Processing Stats

File Path                              PID    Runtime      # DAGs    # Errors  Last Runtime    Last Run
-------------------------------------  -----  ---------  --------  ----------  --------------  -------------------
/opt/airflow/dags/tbf_analysis_dag.py                           0           1  0.22s           2023-08-18T19:59:05
================================================================================
[2023-08-18T19:59:39.985+0000] {manager.py:846} INFO - 
================================================================================
DAG File Processing Stats

File Path                              PID    Runtime      # DAGs    # Errors  Last Runtime    Last Run
-------------------------------------  -----  ---------  --------  ----------  --------------  -------------------
/opt/airflow/dags/tbf_analysis_dag.py                           0           1  0.26s           2023-08-18T19:59:36
================================================================================
[2023-08-18T20:00:10.446+0000] {manager.py:846} INFO - 
================================================================================
DAG File Processing Stats

File Path                              PID    Runtime      # DAGs    # Errors  Last Runtime    Last Run
-------------------------------------  -----  ---------  --------  ----------  --------------  -------------------
/opt/airflow/dags/tbf_analysis_dag.py                           0           1  0.20s           2023-08-18T20:00:06
================================================================================
[2023-08-18T20:00:40.871+0000] {manager.py:846} INFO - 
================================================================================
DAG File Processing Stats

File Path                              PID    Runtime      # DAGs    # Errors  Last Runtime    Last Run
-------------------------------------  -----  ---------  --------  ----------  --------------  -------------------
/opt/airflow/dags/tbf_analysis_dag.py                           0           1  0.28s           2023-08-18T20:00:37
================================================================================
[2023-08-18T20:01:11.400+0000] {manager.py:846} INFO - 
================================================================================
DAG File Processing Stats

File Path                              PID    Runtime      # DAGs    # Errors  Last Runtime    Last Run
-------------------------------------  -----  ---------  --------  ----------  --------------  -------------------
/opt/airflow/dags/tbf_analysis_dag.py                           0           1  0.27s           2023-08-18T20:01:07
================================================================================
[2023-08-18T20:01:33.625+0000] {manager.py:724} INFO - Searching for files in /opt/airflow/dags
[2023-08-18T20:01:33.641+0000] {manager.py:727} INFO - There are 1 files in /opt/airflow/dags
[2023-08-18T20:01:41.767+0000] {manager.py:846} INFO - 
================================================================================
DAG File Processing Stats

File Path                              PID    Runtime      # DAGs    # Errors  Last Runtime    Last Run
-------------------------------------  -----  ---------  --------  ----------  --------------  -------------------
/opt/airflow/dags/tbf_analysis_dag.py                           0           1  0.18s           2023-08-18T20:01:37
================================================================================
[2023-08-18T20:02:12.217+0000] {manager.py:846} INFO - 
================================================================================
DAG File Processing Stats

File Path                              PID    Runtime      # DAGs    # Errors  Last Runtime    Last Run
-------------------------------------  -----  ---------  --------  ----------  --------------  -------------------
/opt/airflow/dags/tbf_analysis_dag.py                           0           1  0.22s           2023-08-18T20:02:08
================================================================================
[2023-08-18T20:02:42.632+0000] {manager.py:846} INFO - 
================================================================================
DAG File Processing Stats

File Path                              PID    Runtime      # DAGs    # Errors  Last Runtime    Last Run
-------------------------------------  -----  ---------  --------  ----------  --------------  -------------------
/opt/airflow/dags/tbf_analysis_dag.py                           0           1  0.15s           2023-08-18T20:02:38
================================================================================
[2023-08-18T20:03:12.968+0000] {manager.py:846} INFO - 
================================================================================
DAG File Processing Stats

File Path                              PID    Runtime      # DAGs    # Errors  Last Runtime    Last Run
-------------------------------------  -----  ---------  --------  ----------  --------------  -------------------
/opt/airflow/dags/tbf_analysis_dag.py                           0           1  0.22s           2023-08-18T20:03:09
================================================================================
[2023-08-18T20:03:43.429+0000] {manager.py:846} INFO - 
================================================================================
DAG File Processing Stats

File Path                              PID    Runtime      # DAGs    # Errors  Last Runtime    Last Run
-------------------------------------  -----  ---------  --------  ----------  --------------  -------------------
/opt/airflow/dags/tbf_analysis_dag.py                           0           1  0.24s           2023-08-18T20:03:39
================================================================================
[2023-08-18T20:04:13.781+0000] {manager.py:846} INFO - 
================================================================================
DAG File Processing Stats

File Path                              PID    Runtime      # DAGs    # Errors  Last Runtime    Last Run
-------------------------------------  -----  ---------  --------  ----------  --------------  -------------------
/opt/airflow/dags/tbf_analysis_dag.py                           0           1  0.18s           2023-08-18T20:04:09
================================================================================
[2023-08-18T20:04:44.212+0000] {manager.py:846} INFO - 
================================================================================
DAG File Processing Stats

File Path                              PID    Runtime      # DAGs    # Errors  Last Runtime    Last Run
-------------------------------------  -----  ---------  --------  ----------  --------------  -------------------
/opt/airflow/dags/tbf_analysis_dag.py                           0           1  0.24s           2023-08-18T20:04:40
================================================================================
[2023-08-18T20:05:14.559+0000] {manager.py:846} INFO - 
================================================================================
DAG File Processing Stats

File Path                              PID    Runtime      # DAGs    # Errors  Last Runtime    Last Run
-------------------------------------  -----  ---------  --------  ----------  --------------  -------------------
/opt/airflow/dags/tbf_analysis_dag.py                           0           1  0.20s           2023-08-18T20:05:10
================================================================================
[2023-08-18T20:05:44.975+0000] {manager.py:846} INFO - 
================================================================================
DAG File Processing Stats

File Path                              PID    Runtime      # DAGs    # Errors  Last Runtime    Last Run
-------------------------------------  -----  ---------  --------  ----------  --------------  -------------------
/opt/airflow/dags/tbf_analysis_dag.py                           0           1  0.20s           2023-08-18T20:05:41
================================================================================
[2023-08-18T20:06:15.352+0000] {manager.py:846} INFO - 
================================================================================
DAG File Processing Stats

File Path                              PID    Runtime      # DAGs    # Errors  Last Runtime    Last Run
-------------------------------------  -----  ---------  --------  ----------  --------------  -------------------
/opt/airflow/dags/tbf_analysis_dag.py                           0           1  0.18s           2023-08-18T20:06:11
================================================================================
[2023-08-18T20:06:33.643+0000] {manager.py:724} INFO - Searching for files in /opt/airflow/dags
[2023-08-18T20:06:33.652+0000] {manager.py:727} INFO - There are 1 files in /opt/airflow/dags
[2023-08-18T20:06:45.776+0000] {manager.py:846} INFO - 
================================================================================
DAG File Processing Stats

File Path                              PID    Runtime      # DAGs    # Errors  Last Runtime    Last Run
-------------------------------------  -----  ---------  --------  ----------  --------------  -------------------
/opt/airflow/dags/tbf_analysis_dag.py                           0           1  0.24s           2023-08-18T20:06:41
================================================================================
[2023-08-18T20:07:16.252+0000] {manager.py:846} INFO - 
================================================================================
DAG File Processing Stats

File Path                              PID    Runtime      # DAGs    # Errors  Last Runtime    Last Run
-------------------------------------  -----  ---------  --------  ----------  --------------  -------------------
/opt/airflow/dags/tbf_analysis_dag.py                           0           1  0.20s           2023-08-18T20:07:12
================================================================================
[2023-08-18T20:07:46.705+0000] {manager.py:846} INFO - 
================================================================================
DAG File Processing Stats

File Path                              PID    Runtime      # DAGs    # Errors  Last Runtime    Last Run
-------------------------------------  -----  ---------  --------  ----------  --------------  -------------------
/opt/airflow/dags/tbf_analysis_dag.py                           0           1  0.21s           2023-08-18T20:07:25
================================================================================
[2023-08-18T20:08:17.106+0000] {manager.py:846} INFO - 
================================================================================
DAG File Processing Stats

File Path                              PID    Runtime      # DAGs    # Errors  Last Runtime    Last Run
-------------------------------------  -----  ---------  --------  ----------  --------------  -------------------
/opt/airflow/dags/tbf_analysis_dag.py                           0           1  0.25s           2023-08-18T20:07:56
================================================================================
[2023-08-18T20:08:47.896+0000] {manager.py:846} INFO - 
================================================================================
DAG File Processing Stats

File Path                              PID    Runtime      # DAGs    # Errors  Last Runtime    Last Run
-------------------------------------  -----  ---------  --------  ----------  --------------  -------------------
/opt/airflow/dags/tbf_analysis_dag.py                           1           0  0.25s           2023-08-18T20:08:28
================================================================================
[2023-08-18T20:09:18.186+0000] {manager.py:846} INFO - 
================================================================================
DAG File Processing Stats

File Path                              PID    Runtime      # DAGs    # Errors  Last Runtime    Last Run
-------------------------------------  -----  ---------  --------  ----------  --------------  -------------------
/opt/airflow/dags/tbf_analysis_dag.py                           1           0  0.26s           2023-08-18T20:08:59
================================================================================
[2023-08-18T20:09:48.568+0000] {manager.py:846} INFO - 
================================================================================
DAG File Processing Stats

File Path                              PID    Runtime      # DAGs    # Errors  Last Runtime    Last Run
-------------------------------------  -----  ---------  --------  ----------  --------------  -------------------
/opt/airflow/dags/tbf_analysis_dag.py                           1           0  0.19s           2023-08-18T20:09:29
================================================================================
[2023-08-18T20:10:18.835+0000] {manager.py:846} INFO - 
================================================================================
DAG File Processing Stats

File Path                              PID    Runtime      # DAGs    # Errors  Last Runtime    Last Run
-------------------------------------  -----  ---------  --------  ----------  --------------  -------------------
/opt/airflow/dags/tbf_analysis_dag.py                           1           0  0.21s           2023-08-18T20:09:59
================================================================================
[2023-08-18T20:10:49.226+0000] {manager.py:846} INFO - 
================================================================================
DAG File Processing Stats

File Path                              PID    Runtime      # DAGs    # Errors  Last Runtime    Last Run
-------------------------------------  -----  ---------  --------  ----------  --------------  -------------------
/opt/airflow/dags/tbf_analysis_dag.py                           1           0  0.27s           2023-08-18T20:10:30
================================================================================
[2023-08-18T20:11:19.582+0000] {manager.py:846} INFO - 
================================================================================
DAG File Processing Stats

File Path                              PID    Runtime      # DAGs    # Errors  Last Runtime    Last Run
-------------------------------------  -----  ---------  --------  ----------  --------------  -------------------
/opt/airflow/dags/tbf_analysis_dag.py                           1           0  0.40s           2023-08-18T20:11:00
================================================================================
[2023-08-18T20:11:33.962+0000] {manager.py:724} INFO - Searching for files in /opt/airflow/dags
[2023-08-18T20:11:33.993+0000] {manager.py:727} INFO - There are 1 files in /opt/airflow/dags
[2023-08-18T20:11:50.117+0000] {manager.py:846} INFO - 
================================================================================
DAG File Processing Stats

File Path                              PID    Runtime      # DAGs    # Errors  Last Runtime    Last Run
-------------------------------------  -----  ---------  --------  ----------  --------------  -------------------
/opt/airflow/dags/tbf_analysis_dag.py                           1           0  0.21s           2023-08-18T20:11:31
================================================================================
[2023-08-18T20:12:20.494+0000] {manager.py:846} INFO - 
================================================================================
DAG File Processing Stats

File Path                              PID    Runtime      # DAGs    # Errors  Last Runtime    Last Run
-------------------------------------  -----  ---------  --------  ----------  --------------  -------------------
/opt/airflow/dags/tbf_analysis_dag.py                           1           0  0.23s           2023-08-18T20:12:01
================================================================================
[2023-08-18T20:12:50.897+0000] {manager.py:846} INFO - 
================================================================================
DAG File Processing Stats

File Path                              PID    Runtime      # DAGs    # Errors  Last Runtime    Last Run
-------------------------------------  -----  ---------  --------  ----------  --------------  -------------------
/opt/airflow/dags/tbf_analysis_dag.py                           1           0  0.21s           2023-08-18T20:12:31
================================================================================
[2023-08-18T20:13:21.275+0000] {manager.py:846} INFO - 
================================================================================
DAG File Processing Stats

File Path                              PID    Runtime      # DAGs    # Errors  Last Runtime    Last Run
-------------------------------------  -----  ---------  --------  ----------  --------------  -------------------
/opt/airflow/dags/tbf_analysis_dag.py                           1           0  0.25s           2023-08-18T20:13:02
================================================================================
[2023-08-18T20:13:51.646+0000] {manager.py:846} INFO - 
================================================================================
DAG File Processing Stats

File Path                              PID    Runtime      # DAGs    # Errors  Last Runtime    Last Run
-------------------------------------  -----  ---------  --------  ----------  --------------  -------------------
/opt/airflow/dags/tbf_analysis_dag.py                           1           0  0.29s           2023-08-18T20:13:32
================================================================================
[2023-08-18T20:14:22.021+0000] {manager.py:846} INFO - 
================================================================================
DAG File Processing Stats

File Path                              PID    Runtime      # DAGs    # Errors  Last Runtime    Last Run
-------------------------------------  -----  ---------  --------  ----------  --------------  -------------------
/opt/airflow/dags/tbf_analysis_dag.py                           1           0  0.23s           2023-08-18T20:14:02
================================================================================
[2023-08-18T20:14:52.320+0000] {manager.py:846} INFO - 
================================================================================
DAG File Processing Stats

File Path                              PID    Runtime      # DAGs    # Errors  Last Runtime    Last Run
-------------------------------------  -----  ---------  --------  ----------  --------------  -------------------
/opt/airflow/dags/tbf_analysis_dag.py                           1           0  0.32s           2023-08-18T20:14:33
================================================================================
[2023-08-18T20:15:22.980+0000] {manager.py:846} INFO - 
================================================================================
DAG File Processing Stats

File Path                              PID    Runtime      # DAGs    # Errors  Last Runtime    Last Run
-------------------------------------  -----  ---------  --------  ----------  --------------  -------------------
/opt/airflow/dags/tbf_analysis_dag.py                           1           0  0.27s           2023-08-18T20:15:04
================================================================================
[2023-08-18T20:15:53.517+0000] {manager.py:846} INFO - 
================================================================================
DAG File Processing Stats

File Path                              PID    Runtime      # DAGs    # Errors  Last Runtime    Last Run
-------------------------------------  -----  ---------  --------  ----------  --------------  -------------------
/opt/airflow/dags/tbf_analysis_dag.py                           1           0  0.19s           2023-08-18T20:15:48
================================================================================
[2023-08-18T20:16:23.896+0000] {manager.py:846} INFO - 
================================================================================
DAG File Processing Stats

File Path                              PID    Runtime      # DAGs    # Errors  Last Runtime    Last Run
-------------------------------------  -----  ---------  --------  ----------  --------------  -------------------
/opt/airflow/dags/tbf_analysis_dag.py                           1           0  0.28s           2023-08-18T20:16:19
================================================================================
[2023-08-18T20:16:34.021+0000] {manager.py:724} INFO - Searching for files in /opt/airflow/dags
[2023-08-18T20:16:34.052+0000] {manager.py:727} INFO - There are 1 files in /opt/airflow/dags
[2023-08-18T20:16:54.475+0000] {manager.py:846} INFO - 
================================================================================
DAG File Processing Stats

File Path                              PID    Runtime      # DAGs    # Errors  Last Runtime    Last Run
-------------------------------------  -----  ---------  --------  ----------  --------------  -------------------
/opt/airflow/dags/tbf_analysis_dag.py                           1           0  0.24s           2023-08-18T20:16:49
================================================================================
[2023-08-18T20:17:24.943+0000] {manager.py:846} INFO - 
================================================================================
DAG File Processing Stats

File Path                              PID    Runtime      # DAGs    # Errors  Last Runtime    Last Run
-------------------------------------  -----  ---------  --------  ----------  --------------  -------------------
/opt/airflow/dags/tbf_analysis_dag.py                           1           0  0.30s           2023-08-18T20:17:20
================================================================================
[2023-08-18T20:17:55.414+0000] {manager.py:846} INFO - 
================================================================================
DAG File Processing Stats

File Path                              PID    Runtime      # DAGs    # Errors  Last Runtime    Last Run
-------------------------------------  -----  ---------  --------  ----------  --------------  -------------------
/opt/airflow/dags/tbf_analysis_dag.py                           1           0  0.24s           2023-08-18T20:17:50
================================================================================
[2023-08-18T20:18:25.793+0000] {manager.py:846} INFO - 
================================================================================
DAG File Processing Stats

File Path                              PID    Runtime      # DAGs    # Errors  Last Runtime    Last Run
-------------------------------------  -----  ---------  --------  ----------  --------------  -------------------
/opt/airflow/dags/tbf_analysis_dag.py                           1           0  0.29s           2023-08-18T20:18:20
================================================================================
[2023-08-18T20:18:56.396+0000] {manager.py:846} INFO - 
================================================================================
DAG File Processing Stats

File Path                              PID    Runtime      # DAGs    # Errors  Last Runtime    Last Run
-------------------------------------  -----  ---------  --------  ----------  --------------  -------------------
/opt/airflow/dags/tbf_analysis_dag.py                           1           0  0.25s           2023-08-18T20:18:51
================================================================================
[2023-08-18T20:19:26.747+0000] {manager.py:846} INFO - 
================================================================================
DAG File Processing Stats

File Path                              PID    Runtime      # DAGs    # Errors  Last Runtime    Last Run
-------------------------------------  -----  ---------  --------  ----------  --------------  -------------------
/opt/airflow/dags/tbf_analysis_dag.py                           1           0  0.19s           2023-08-18T20:19:21
================================================================================
[2023-08-18T20:19:57.129+0000] {manager.py:846} INFO - 
================================================================================
DAG File Processing Stats

File Path                              PID    Runtime      # DAGs    # Errors  Last Runtime    Last Run
-------------------------------------  -----  ---------  --------  ----------  --------------  -------------------
/opt/airflow/dags/tbf_analysis_dag.py                           1           0  0.26s           2023-08-18T20:19:52
================================================================================
[2023-08-18T20:20:27.537+0000] {manager.py:846} INFO - 
================================================================================
DAG File Processing Stats

File Path                              PID    Runtime      # DAGs    # Errors  Last Runtime    Last Run
-------------------------------------  -----  ---------  --------  ----------  --------------  -------------------
/opt/airflow/dags/tbf_analysis_dag.py                           1           0  0.24s           2023-08-18T20:20:22
================================================================================
[2023-08-18T20:20:57.913+0000] {manager.py:846} INFO - 
================================================================================
DAG File Processing Stats

File Path                              PID    Runtime      # DAGs    # Errors  Last Runtime    Last Run
-------------------------------------  -----  ---------  --------  ----------  --------------  -------------------
/opt/airflow/dags/tbf_analysis_dag.py                           1           0  0.27s           2023-08-18T20:20:53
================================================================================
[2023-08-18T20:21:28.455+0000] {manager.py:846} INFO - 
================================================================================
DAG File Processing Stats

File Path                              PID    Runtime      # DAGs    # Errors  Last Runtime    Last Run
-------------------------------------  -----  ---------  --------  ----------  --------------  -------------------
/opt/airflow/dags/tbf_analysis_dag.py                           0           1  0.21s           2023-08-18T20:21:10
================================================================================
[2023-08-18T20:21:28.587+0000] {manager.py:465} INFO - Exiting gracefully upon receiving signal 15
[2023-08-18T20:25:05.099+0000] {manager.py:483} INFO - Processing files using up to 2 processes at a time 
[2023-08-18T20:25:05.101+0000] {manager.py:484} INFO - Process each file at most once every 30 seconds
[2023-08-18T20:25:05.102+0000] {manager.py:486} INFO - Checking for new files in /opt/airflow/dags every 300 seconds
[2023-08-18T20:25:05.103+0000] {manager.py:724} INFO - Searching for files in /opt/airflow/dags
[2023-08-18T20:25:05.133+0000] {manager.py:727} INFO - There are 1 files in /opt/airflow/dags
[2023-08-18T20:25:05.269+0000] {manager.py:846} INFO - 
================================================================================
DAG File Processing Stats

File Path                                PID  Runtime      # DAGs    # Errors  Last Runtime    Last Run
-------------------------------------  -----  ---------  --------  ----------  --------------  ----------
/opt/airflow/dags/tbf_analysis_dag.py     33  0.05s             0           0
================================================================================
[2023-08-18T20:25:35.493+0000] {manager.py:846} INFO - 
================================================================================
DAG File Processing Stats

File Path                              PID    Runtime      # DAGs    # Errors  Last Runtime    Last Run
-------------------------------------  -----  ---------  --------  ----------  --------------  -------------------
/opt/airflow/dags/tbf_analysis_dag.py                           1           0  0.94s           2023-08-18T20:25:06
================================================================================
[2023-08-18T20:26:05.844+0000] {manager.py:846} INFO - 
================================================================================
DAG File Processing Stats

File Path                              PID    Runtime      # DAGs    # Errors  Last Runtime    Last Run
-------------------------------------  -----  ---------  --------  ----------  --------------  -------------------
/opt/airflow/dags/tbf_analysis_dag.py                           1           0  0.30s           2023-08-18T20:25:36
================================================================================
[2023-08-18T20:26:36.269+0000] {manager.py:846} INFO - 
================================================================================
DAG File Processing Stats

File Path                              PID    Runtime      # DAGs    # Errors  Last Runtime    Last Run
-------------------------------------  -----  ---------  --------  ----------  --------------  -------------------
/opt/airflow/dags/tbf_analysis_dag.py                           1           0  0.27s           2023-08-18T20:26:07
================================================================================
[2023-08-18T20:27:06.725+0000] {manager.py:846} INFO - 
================================================================================
DAG File Processing Stats

File Path                              PID    Runtime      # DAGs    # Errors  Last Runtime    Last Run
-------------------------------------  -----  ---------  --------  ----------  --------------  -------------------
/opt/airflow/dags/tbf_analysis_dag.py                           1           0  0.30s           2023-08-18T20:26:47
================================================================================
[2023-08-18T20:27:37.183+0000] {manager.py:846} INFO - 
================================================================================
DAG File Processing Stats

File Path                              PID    Runtime      # DAGs    # Errors  Last Runtime    Last Run
-------------------------------------  -----  ---------  --------  ----------  --------------  -------------------
/opt/airflow/dags/tbf_analysis_dag.py                           1           0  0.41s           2023-08-18T20:27:18
================================================================================
[2023-08-18T20:27:55.405+0000] {manager.py:465} INFO - Exiting gracefully upon receiving signal 15
[2023-08-18T20:29:44.401+0000] {manager.py:483} INFO - Processing files using up to 2 processes at a time 
[2023-08-18T20:29:44.403+0000] {manager.py:484} INFO - Process each file at most once every 30 seconds
[2023-08-18T20:29:44.404+0000] {manager.py:486} INFO - Checking for new files in /opt/airflow/dags every 300 seconds
[2023-08-18T20:29:44.405+0000] {manager.py:724} INFO - Searching for files in /opt/airflow/dags
[2023-08-18T20:29:44.419+0000] {manager.py:727} INFO - There are 1 files in /opt/airflow/dags
[2023-08-18T20:29:44.502+0000] {manager.py:846} INFO - 
================================================================================
DAG File Processing Stats

File Path                                PID  Runtime      # DAGs    # Errors  Last Runtime    Last Run
-------------------------------------  -----  ---------  --------  ----------  --------------  ----------
/opt/airflow/dags/tbf_analysis_dag.py     34  0.03s             0           0
================================================================================
[2023-08-18T20:30:14.682+0000] {manager.py:846} INFO - 
================================================================================
DAG File Processing Stats

File Path                              PID    Runtime      # DAGs    # Errors  Last Runtime    Last Run
-------------------------------------  -----  ---------  --------  ----------  --------------  -------------------
/opt/airflow/dags/tbf_analysis_dag.py                           1           0  0.82s           2023-08-18T20:29:45
================================================================================
[2023-08-18T20:30:45.115+0000] {manager.py:846} INFO - 
================================================================================
DAG File Processing Stats

File Path                              PID    Runtime      # DAGs    # Errors  Last Runtime    Last Run
-------------------------------------  -----  ---------  --------  ----------  --------------  -------------------
/opt/airflow/dags/tbf_analysis_dag.py                           1           0  0.28s           2023-08-18T20:30:15
================================================================================
[2023-08-18T20:31:15.499+0000] {manager.py:846} INFO - 
================================================================================
DAG File Processing Stats

File Path                              PID    Runtime      # DAGs    # Errors  Last Runtime    Last Run
-------------------------------------  -----  ---------  --------  ----------  --------------  -------------------
/opt/airflow/dags/tbf_analysis_dag.py                           1           0  0.18s           2023-08-18T20:30:46
================================================================================
[2023-08-18T20:31:45.825+0000] {manager.py:846} INFO - 
================================================================================
DAG File Processing Stats

File Path                              PID    Runtime      # DAGs    # Errors  Last Runtime    Last Run
-------------------------------------  -----  ---------  --------  ----------  --------------  -------------------
/opt/airflow/dags/tbf_analysis_dag.py                           1           0  0.25s           2023-08-18T20:31:16
================================================================================
[2023-08-18T20:32:16.418+0000] {manager.py:846} INFO - 
================================================================================
DAG File Processing Stats

File Path                              PID    Runtime      # DAGs    # Errors  Last Runtime    Last Run
-------------------------------------  -----  ---------  --------  ----------  --------------  -------------------
/opt/airflow/dags/tbf_analysis_dag.py                           1           0  0.26s           2023-08-18T20:31:47
================================================================================
[2023-08-18T20:32:28.856+0000] {manager.py:465} INFO - Exiting gracefully upon receiving signal 15
