[2023-08-18T20:08:44.444+0000] {taskinstance.py:1165} INFO - Dependencies all met for <TaskInstance: tbf_analysis_dag.download_raw_data_task manual__2023-08-18T20:08:41.331719+00:00 [queued]>
[2023-08-18T20:08:44.450+0000] {taskinstance.py:1165} INFO - Dependencies all met for <TaskInstance: tbf_analysis_dag.download_raw_data_task manual__2023-08-18T20:08:41.331719+00:00 [queued]>
[2023-08-18T20:08:44.450+0000] {taskinstance.py:1362} INFO - 
--------------------------------------------------------------------------------
[2023-08-18T20:08:44.451+0000] {taskinstance.py:1363} INFO - Starting attempt 1 of 2
[2023-08-18T20:08:44.452+0000] {taskinstance.py:1364} INFO - 
--------------------------------------------------------------------------------
[2023-08-18T20:08:44.460+0000] {taskinstance.py:1383} INFO - Executing <Task(PythonOperator): download_raw_data_task> on 2023-08-18 20:08:41.331719+00:00
[2023-08-18T20:08:44.468+0000] {standard_task_runner.py:54} INFO - Started process 941 to run task
[2023-08-18T20:08:44.472+0000] {standard_task_runner.py:82} INFO - Running: ['***', 'tasks', 'run', 'tbf_analysis_dag', 'download_raw_data_task', 'manual__2023-08-18T20:08:41.331719+00:00', '--job-id', '5', '--raw', '--subdir', 'DAGS_FOLDER/tbf_analysis_dag.py', '--cfg-path', '/tmp/tmpxpxu81qr']
[2023-08-18T20:08:44.474+0000] {standard_task_runner.py:83} INFO - Job 5: Subtask download_raw_data_task
[2023-08-18T20:08:44.475+0000] {dagbag.py:525} INFO - Filling up the DagBag from /opt/***/dags/tbf_analysis_dag.py
[2023-08-18T20:08:44.619+0000] {task_command.py:384} INFO - Running <TaskInstance: tbf_analysis_dag.download_raw_data_task manual__2023-08-18T20:08:41.331719+00:00 [running]> on host e38908a11e22
[2023-08-18T20:08:44.666+0000] {taskinstance.py:1592} INFO - Exporting the following env vars:
AIRFLOW_CTX_DAG_OWNER=***
AIRFLOW_CTX_DAG_ID=tbf_analysis_dag
AIRFLOW_CTX_TASK_ID=download_raw_data_task
AIRFLOW_CTX_EXECUTION_DATE=2023-08-18T20:08:41.331719+00:00
AIRFLOW_CTX_TRY_NUMBER=1
AIRFLOW_CTX_DAG_RUN_ID=manual__2023-08-18T20:08:41.331719+00:00
[2023-08-18T20:08:44.667+0000] {logging_mixin.py:117} INFO - https://www.bts.gov/sites/bts.dot.gov/files/transborder-raw/2014/2014.zip
[2023-08-18T20:08:44.668+0000] {logging_mixin.py:117} INFO - Running bash script
[2023-08-18T20:08:44.682+0000] {logging_mixin.py:117} INFO - Pausing for 15 Seconds
[2023-08-18T20:08:59.700+0000] {logging_mixin.py:117} INFO - https://www.bts.gov/sites/bts.dot.gov/files/transborder-raw/2015/2015.zip
[2023-08-18T20:08:59.704+0000] {logging_mixin.py:117} INFO - Running bash script
[2023-08-18T20:08:59.732+0000] {logging_mixin.py:117} INFO - Pausing for 15 Seconds
[2023-08-18T20:09:14.743+0000] {logging_mixin.py:117} INFO - https://www.bts.gov/sites/bts.dot.gov/files/transborder-raw/2016/2016.zip
[2023-08-18T20:09:14.752+0000] {logging_mixin.py:117} INFO - Running bash script
[2023-08-18T20:09:14.786+0000] {logging_mixin.py:117} INFO - Pausing for 15 Seconds
[2023-08-18T20:09:29.804+0000] {logging_mixin.py:117} INFO - https://www.bts.gov/sites/bts.dot.gov/files/transborder-raw/2017/2017.zip
[2023-08-18T20:09:29.807+0000] {logging_mixin.py:117} INFO - Running bash script
[2023-08-18T20:09:29.843+0000] {logging_mixin.py:117} INFO - Pausing for 15 Seconds
[2023-08-18T20:09:44.861+0000] {logging_mixin.py:117} INFO - https://www.bts.gov/sites/bts.dot.gov/files/transborder-raw/2018/Jan.2018.zip
[2023-08-18T20:09:44.868+0000] {logging_mixin.py:117} INFO - running bash script
[2023-08-18T20:09:44.917+0000] {logging_mixin.py:117} INFO - Pausing for 15 Seconds
[2023-08-18T20:09:59.930+0000] {logging_mixin.py:117} INFO - https://www.bts.gov/sites/bts.dot.gov/files/transborder-raw/2018/Feb2018.zip
[2023-08-18T20:09:59.931+0000] {logging_mixin.py:117} INFO - running bash script
[2023-08-18T20:09:59.947+0000] {logging_mixin.py:117} INFO - Pausing for 15 Seconds
[2023-08-18T20:10:14.961+0000] {logging_mixin.py:117} INFO - https://www.bts.gov/sites/bts.dot.gov/files/transborder-raw/2018/Mar2018.zip
[2023-08-18T20:10:14.981+0000] {logging_mixin.py:117} INFO - running bash script
[2023-08-18T20:10:15.026+0000] {logging_mixin.py:117} INFO - Pausing for 15 Seconds
[2023-08-18T20:10:30.041+0000] {logging_mixin.py:117} INFO - https://www.bts.gov/sites/bts.dot.gov/files/transborder-raw/2018/April2018.zip
[2023-08-18T20:10:30.043+0000] {logging_mixin.py:117} INFO - running bash script
[2023-08-18T20:10:30.061+0000] {logging_mixin.py:117} INFO - Pausing for 15 Seconds
[2023-08-18T20:10:45.065+0000] {logging_mixin.py:117} INFO - https://www.bts.gov/sites/bts.dot.gov/files/transborder-raw/2018/May2018.zip
[2023-08-18T20:10:45.075+0000] {logging_mixin.py:117} INFO - running bash script
[2023-08-18T20:10:45.108+0000] {logging_mixin.py:117} INFO - Pausing for 15 Seconds
[2023-08-18T20:11:00.115+0000] {logging_mixin.py:117} INFO - https://www.bts.gov/sites/bts.dot.gov/files/transborder-raw/2018/June2018.zip
[2023-08-18T20:11:00.117+0000] {logging_mixin.py:117} INFO - running bash script
[2023-08-18T20:11:00.136+0000] {logging_mixin.py:117} INFO - Pausing for 15 Seconds
[2023-08-18T20:11:15.153+0000] {logging_mixin.py:117} INFO - https://www.bts.gov/sites/bts.dot.gov/files/transborder-raw/2018/July2018.zip
[2023-08-18T20:11:15.162+0000] {logging_mixin.py:117} INFO - running bash script
[2023-08-18T20:11:15.200+0000] {logging_mixin.py:117} INFO - Pausing for 15 Seconds
[2023-08-18T20:11:30.219+0000] {logging_mixin.py:117} INFO - https://www.bts.gov/sites/bts.dot.gov/files/transborder-raw/2018/August2018.zip
[2023-08-18T20:11:30.222+0000] {logging_mixin.py:117} INFO - running bash script
[2023-08-18T20:11:30.250+0000] {logging_mixin.py:117} INFO - Pausing for 15 Seconds
[2023-08-18T20:11:45.249+0000] {logging_mixin.py:117} INFO - https://www.bts.gov/sites/bts.dot.gov/files/transborder-raw/2018/September2018.zip
[2023-08-18T20:11:45.251+0000] {logging_mixin.py:117} INFO - running bash script
[2023-08-18T20:11:45.270+0000] {logging_mixin.py:117} INFO - Pausing for 15 Seconds
[2023-08-18T20:12:00.280+0000] {logging_mixin.py:117} INFO - https://www.bts.gov/sites/bts.dot.gov/files/transborder-raw/2018/October2018TransBorderRawData.zip
[2023-08-18T20:12:00.282+0000] {logging_mixin.py:117} INFO - running bash script
[2023-08-18T20:12:00.295+0000] {logging_mixin.py:117} INFO - Pausing for 15 Seconds
[2023-08-18T20:12:15.311+0000] {logging_mixin.py:117} INFO - https://www.bts.gov/sites/bts.dot.gov/files/transborder-raw/2018/November2018TransBorderRawData.zip
[2023-08-18T20:12:15.312+0000] {logging_mixin.py:117} INFO - running bash script
[2023-08-18T20:12:15.324+0000] {logging_mixin.py:117} INFO - Pausing for 15 Seconds
[2023-08-18T20:12:30.328+0000] {logging_mixin.py:117} INFO - https://www.bts.gov/sites/bts.dot.gov/files/transborder-raw/2018/December2018TransBorderRawData-plus-yr-end.zip.zip
[2023-08-18T20:12:30.333+0000] {logging_mixin.py:117} INFO - running bash script
[2023-08-18T20:12:30.367+0000] {logging_mixin.py:117} INFO - Pausing for 15 Seconds
[2023-08-18T20:12:45.412+0000] {logging_mixin.py:117} INFO - https://www.bts.gov/sites/bts.dot.gov/files/transborder-raw/2019/January2019TransBorderRawData.zip
[2023-08-18T20:12:45.416+0000] {logging_mixin.py:117} INFO - running bash script
[2023-08-18T20:12:45.446+0000] {logging_mixin.py:117} INFO - Pausing for 15 Seconds
[2023-08-18T20:13:00.473+0000] {logging_mixin.py:117} INFO - https://www.bts.gov/sites/bts.dot.gov/files/transborder-raw/2019/February2019TransBorderRawData.zip
[2023-08-18T20:13:00.495+0000] {logging_mixin.py:117} INFO - running bash script
[2023-08-18T20:13:00.548+0000] {logging_mixin.py:117} INFO - Pausing for 15 Seconds
[2023-08-18T20:13:15.576+0000] {logging_mixin.py:117} INFO - https://www.bts.gov/sites/bts.dot.gov/files/transborder-raw/2019/March2019TransBorderRawData.zip
[2023-08-18T20:13:15.580+0000] {logging_mixin.py:117} INFO - running bash script
[2023-08-18T20:13:15.619+0000] {logging_mixin.py:117} INFO - Pausing for 15 Seconds
[2023-08-18T20:13:30.649+0000] {logging_mixin.py:117} INFO - https://www.bts.gov/sites/bts.dot.gov/files/transborder-raw/2019/April2019TransBorderRawData.zip
[2023-08-18T20:13:30.657+0000] {logging_mixin.py:117} INFO - running bash script
[2023-08-18T20:13:30.706+0000] {logging_mixin.py:117} INFO - Pausing for 15 Seconds
[2023-08-18T20:13:45.722+0000] {logging_mixin.py:117} INFO - https://www.bts.gov/sites/bts.dot.gov/files/transborder-raw/2019/May2019TransBorderRawData.zip
[2023-08-18T20:13:45.736+0000] {logging_mixin.py:117} INFO - running bash script
[2023-08-18T20:13:45.780+0000] {logging_mixin.py:117} INFO - Pausing for 15 Seconds
[2023-08-18T20:14:00.798+0000] {logging_mixin.py:117} INFO - https://www.bts.gov/sites/bts.dot.gov/files/transborder-raw/2019/June2019TransBorderRawData.zip
[2023-08-18T20:14:00.802+0000] {logging_mixin.py:117} INFO - running bash script
[2023-08-18T20:14:00.820+0000] {logging_mixin.py:117} INFO - Pausing for 15 Seconds
[2023-08-18T20:14:15.830+0000] {logging_mixin.py:117} INFO - https://www.bts.gov/sites/bts.dot.gov/files/transborder-raw/2019/July2019TransBorderRawData.zip
[2023-08-18T20:14:15.835+0000] {logging_mixin.py:117} INFO - running bash script
[2023-08-18T20:14:15.877+0000] {logging_mixin.py:117} INFO - Pausing for 15 Seconds
[2023-08-18T20:14:30.895+0000] {logging_mixin.py:117} INFO - https://www.bts.gov/sites/bts.dot.gov/files/transborder-raw/2019/August2019TransBorderRawData.zip
[2023-08-18T20:14:30.900+0000] {logging_mixin.py:117} INFO - running bash script
[2023-08-18T20:14:30.942+0000] {logging_mixin.py:117} INFO - Pausing for 15 Seconds
[2023-08-18T20:14:45.961+0000] {logging_mixin.py:117} INFO - https://www.bts.gov/sites/bts.dot.gov/files/transborder-raw/2019/September2019TransBorderRawData.zip
[2023-08-18T20:14:45.968+0000] {logging_mixin.py:117} INFO - running bash script
[2023-08-18T20:14:46.019+0000] {logging_mixin.py:117} INFO - Pausing for 15 Seconds
[2023-08-18T20:15:01.040+0000] {logging_mixin.py:117} INFO - https://www.bts.gov/sites/bts.dot.gov/files/transborder-raw/2019/October2019TransBorderRawData.zip
[2023-08-18T20:15:01.048+0000] {logging_mixin.py:117} INFO - running bash script
[2023-08-18T20:15:01.085+0000] {logging_mixin.py:117} INFO - Pausing for 15 Seconds
[2023-08-18T20:15:16.100+0000] {logging_mixin.py:117} INFO - https://www.bts.gov/sites/bts.dot.gov/files/transborder-raw/2019/November2019TransBorderRawData.zip
[2023-08-18T20:15:16.101+0000] {logging_mixin.py:117} INFO - running bash script
[2023-08-18T20:15:16.135+0000] {logging_mixin.py:117} INFO - Pausing for 15 Seconds
[2023-08-18T20:15:31.156+0000] {logging_mixin.py:117} INFO - https://www.bts.gov/sites/bts.dot.gov/files/transborder-raw/2019/December2019TransBorderRawData.zip
[2023-08-18T20:15:31.159+0000] {logging_mixin.py:117} INFO - running bash script
[2023-08-18T20:15:31.179+0000] {logging_mixin.py:117} INFO - Pausing for 15 Seconds
[2023-08-18T20:15:46.193+0000] {logging_mixin.py:117} INFO - https://www.bts.gov/sites/bts.dot.gov/files/transborder-raw/2020/January2020TransBorderRawData.zip
[2023-08-18T20:15:46.195+0000] {logging_mixin.py:117} INFO - running bash script
[2023-08-18T20:15:46.223+0000] {logging_mixin.py:117} INFO - Pausing for 15 Seconds
[2023-08-18T20:16:01.242+0000] {logging_mixin.py:117} INFO - https://www.bts.gov/sites/bts.dot.gov/files/transborder-raw/2020/February2020TransBorderRawData.zip
[2023-08-18T20:16:01.255+0000] {logging_mixin.py:117} INFO - running bash script
[2023-08-18T20:16:01.295+0000] {logging_mixin.py:117} INFO - Pausing for 15 Seconds
[2023-08-18T20:16:16.304+0000] {logging_mixin.py:117} INFO - https://www.bts.gov/sites/bts.dot.gov/files/transborder-raw/2020/March2020TransBorderRawData.zip
[2023-08-18T20:16:16.311+0000] {logging_mixin.py:117} INFO - running bash script
[2023-08-18T20:16:16.348+0000] {logging_mixin.py:117} INFO - Pausing for 15 Seconds
[2023-08-18T20:16:31.352+0000] {logging_mixin.py:117} INFO - https://www.bts.gov/sites/bts.dot.gov/files/transborder-raw/2020/April2020TransBorderRawData.zip
[2023-08-18T20:16:31.353+0000] {logging_mixin.py:117} INFO - running bash script
[2023-08-18T20:16:31.371+0000] {logging_mixin.py:117} INFO - Pausing for 15 Seconds
[2023-08-18T20:16:46.392+0000] {logging_mixin.py:117} INFO - https://www.bts.gov/sites/bts.dot.gov/files/transborder-raw/2020/May2020TransBorderRawData.zip
[2023-08-18T20:16:46.400+0000] {logging_mixin.py:117} INFO - running bash script
[2023-08-18T20:16:46.446+0000] {logging_mixin.py:117} INFO - Pausing for 15 Seconds
[2023-08-18T20:17:01.463+0000] {logging_mixin.py:117} INFO - https://www.bts.gov/sites/bts.dot.gov/files/transborder-raw/2020/June2020TransBorderRawData.zip
[2023-08-18T20:17:01.469+0000] {logging_mixin.py:117} INFO - running bash script
[2023-08-18T20:17:01.511+0000] {logging_mixin.py:117} INFO - Pausing for 15 Seconds
[2023-08-18T20:17:16.521+0000] {logging_mixin.py:117} INFO - https://www.bts.gov/sites/bts.dot.gov/files/transborder-raw/2020/July2020TransBorderRawData.zip
[2023-08-18T20:17:16.527+0000] {logging_mixin.py:117} INFO - running bash script
[2023-08-18T20:17:16.566+0000] {logging_mixin.py:117} INFO - Pausing for 15 Seconds
[2023-08-18T20:17:31.581+0000] {logging_mixin.py:117} INFO - https://www.bts.gov/sites/bts.dot.gov/files/transborder-raw/2020/August2020TransBorderRawData.zip
[2023-08-18T20:17:31.583+0000] {logging_mixin.py:117} INFO - running bash script
[2023-08-18T20:17:31.604+0000] {logging_mixin.py:117} INFO - Pausing for 15 Seconds
[2023-08-18T20:17:46.620+0000] {logging_mixin.py:117} INFO - https://www.bts.gov/sites/bts.dot.gov/files/transborder-raw/2020/September2020TransBorderRawData.zip
[2023-08-18T20:17:46.624+0000] {logging_mixin.py:117} INFO - running bash script
[2023-08-18T20:17:46.657+0000] {logging_mixin.py:117} INFO - Pausing for 15 Seconds
[2023-08-18T20:18:01.688+0000] {logging_mixin.py:117} INFO - https://www.bts.gov/sites/bts.dot.gov/files/transborder-raw/2020/October2020TransBorderRawData.zip
[2023-08-18T20:18:01.700+0000] {logging_mixin.py:117} INFO - running bash script
[2023-08-18T20:18:01.742+0000] {logging_mixin.py:117} INFO - Pausing for 15 Seconds
[2023-08-18T20:18:16.760+0000] {logging_mixin.py:117} INFO - https://www.bts.gov/sites/bts.dot.gov/files/transborder-raw/2020/November2020TransBorderRawData.zip
[2023-08-18T20:18:16.769+0000] {logging_mixin.py:117} INFO - running bash script
[2023-08-18T20:18:16.811+0000] {logging_mixin.py:117} INFO - Pausing for 15 Seconds
[2023-08-18T20:18:31.831+0000] {logging_mixin.py:117} INFO - https://www.bts.gov/sites/bts.dot.gov/files/transborder-raw/2020/December2020TransBorderRawData.zip
[2023-08-18T20:18:31.840+0000] {logging_mixin.py:117} INFO - running bash script
[2023-08-18T20:18:31.869+0000] {logging_mixin.py:117} INFO - Pausing for 15 Seconds
[2023-08-18T20:18:46.890+0000] {logging_mixin.py:117} INFO - https://www.bts.gov/sites/bts.dot.gov/files/transborder-raw/2021/January2021TransBorderRawData.zip
[2023-08-18T20:18:46.902+0000] {logging_mixin.py:117} INFO - running bash script
[2023-08-18T20:18:46.947+0000] {logging_mixin.py:117} INFO - Pausing for 15 Seconds
[2023-08-18T20:19:01.951+0000] {logging_mixin.py:117} INFO - https://www.bts.gov/sites/bts.dot.gov/files/transborder-raw/2021/February2021TransBorderRawData.zip
[2023-08-18T20:19:01.973+0000] {logging_mixin.py:117} INFO - running bash script
[2023-08-18T20:19:02.004+0000] {logging_mixin.py:117} INFO - Pausing for 15 Seconds
[2023-08-18T20:19:17.009+0000] {logging_mixin.py:117} INFO - https://www.bts.gov/sites/bts.dot.gov/files/transborder-raw/2021/March2021TransBorderRawData.zip
[2023-08-18T20:19:17.011+0000] {logging_mixin.py:117} INFO - running bash script
[2023-08-18T20:19:17.037+0000] {logging_mixin.py:117} INFO - Pausing for 15 Seconds
[2023-08-18T20:19:32.053+0000] {logging_mixin.py:117} INFO - https://www.bts.gov/sites/bts.dot.gov/files/transborder-raw/2021/April2021TransBorderRawData.zip
[2023-08-18T20:19:32.067+0000] {logging_mixin.py:117} INFO - running bash script
[2023-08-18T20:19:32.106+0000] {logging_mixin.py:117} INFO - Pausing for 15 Seconds
[2023-08-18T20:19:47.120+0000] {logging_mixin.py:117} INFO - https://www.bts.gov/sites/bts.dot.gov/files/transborder-raw/2021/May2021TransBorderRawData.zip
[2023-08-18T20:19:47.121+0000] {logging_mixin.py:117} INFO - running bash script
[2023-08-18T20:19:47.135+0000] {logging_mixin.py:117} INFO - Pausing for 15 Seconds
[2023-08-18T20:20:02.142+0000] {logging_mixin.py:117} INFO - https://www.bts.gov/sites/bts.dot.gov/files/transborder-raw/2021/June2021TransBorderRawData.zip
[2023-08-18T20:20:02.146+0000] {logging_mixin.py:117} INFO - running bash script
[2023-08-18T20:20:02.186+0000] {logging_mixin.py:117} INFO - Pausing for 15 Seconds
[2023-08-18T20:20:17.196+0000] {logging_mixin.py:117} INFO - https://www.bts.gov/sites/bts.dot.gov/files/transborder-raw/2021/July-to-Dec-2021.zip
[2023-08-18T20:20:17.204+0000] {logging_mixin.py:117} INFO - running bash script
[2023-08-18T20:20:17.240+0000] {logging_mixin.py:117} INFO - Pausing for 15 Seconds
[2023-08-18T20:20:32.266+0000] {logging_mixin.py:117} INFO - https://www.bts.gov/sites/bts.dot.gov/files/transborder-raw/2022/Jan-2022.zip
[2023-08-18T20:20:32.272+0000] {logging_mixin.py:117} INFO - running bash script
[2023-08-18T20:20:32.307+0000] {logging_mixin.py:117} INFO - Pausing for 15 Seconds
[2023-08-18T20:20:47.344+0000] {logging_mixin.py:117} INFO - https://www.bts.gov/sites/bts.dot.gov/files/transborder-raw/2022/Feb-2022.zip
[2023-08-18T20:20:47.351+0000] {logging_mixin.py:117} INFO - running bash script
[2023-08-18T20:20:47.426+0000] {logging_mixin.py:117} INFO - Pausing for 15 Seconds
[2023-08-18T20:21:02.438+0000] {logging_mixin.py:117} INFO - https://www.bts.gov/sites/bts.dot.gov/files/transborder-raw/2022/March-2022.zip
[2023-08-18T20:21:02.445+0000] {logging_mixin.py:117} INFO - running bash script
[2023-08-18T20:21:02.479+0000] {logging_mixin.py:117} INFO - Pausing for 15 Seconds
[2023-08-18T20:21:17.483+0000] {logging_mixin.py:117} INFO - https://www.bts.gov/sites/bts.dot.gov/files/transborder-raw/2022/April2022.zip
[2023-08-18T20:21:17.489+0000] {logging_mixin.py:117} INFO - running bash script
[2023-08-18T20:21:17.554+0000] {logging_mixin.py:117} INFO - Pausing for 15 Seconds
[2023-08-18T20:21:32.559+0000] {logging_mixin.py:117} INFO - https://www.bts.gov/sites/bts.dot.gov/files/transborder-raw/2022/May2022.zip
[2023-08-18T20:21:32.563+0000] {logging_mixin.py:117} INFO - running bash script
[2023-08-18T20:21:32.583+0000] {logging_mixin.py:117} INFO - Pausing for 15 Seconds
