[2023-08-22T00:36:53.205+0000] {taskinstance.py:1165} INFO - Dependencies all met for <TaskInstance: tbf_analysis_dag_v10.download_raw_data_task manual__2023-08-22T00:36:41.813735+00:00 [queued]>
[2023-08-22T00:36:53.216+0000] {taskinstance.py:1165} INFO - Dependencies all met for <TaskInstance: tbf_analysis_dag_v10.download_raw_data_task manual__2023-08-22T00:36:41.813735+00:00 [queued]>
[2023-08-22T00:36:53.217+0000] {taskinstance.py:1362} INFO - 
--------------------------------------------------------------------------------
[2023-08-22T00:36:53.220+0000] {taskinstance.py:1363} INFO - Starting attempt 1 of 2
[2023-08-22T00:36:53.221+0000] {taskinstance.py:1364} INFO - 
--------------------------------------------------------------------------------
[2023-08-22T00:36:53.236+0000] {taskinstance.py:1383} INFO - Executing <Task(PythonOperator): download_raw_data_task> on 2023-08-22 00:36:41.813735+00:00
[2023-08-22T00:36:53.250+0000] {standard_task_runner.py:54} INFO - Started process 5389 to run task
[2023-08-22T00:36:53.255+0000] {standard_task_runner.py:82} INFO - Running: ['***', 'tasks', 'run', 'tbf_analysis_dag_v10', 'download_raw_data_task', 'manual__2023-08-22T00:36:41.813735+00:00', '--job-id', '78', '--raw', '--subdir', 'DAGS_FOLDER/tbf_analysis_dag_v10.py', '--cfg-path', '/tmp/tmpc2v_qvmy']
[2023-08-22T00:36:53.258+0000] {standard_task_runner.py:83} INFO - Job 78: Subtask download_raw_data_task
[2023-08-22T00:36:53.260+0000] {dagbag.py:525} INFO - Filling up the DagBag from /opt/***/dags/tbf_analysis_dag_v10.py
[2023-08-22T00:36:53.437+0000] {task_command.py:384} INFO - Running <TaskInstance: tbf_analysis_dag_v10.download_raw_data_task manual__2023-08-22T00:36:41.813735+00:00 [running]> on host 2791cbd3eb46
[2023-08-22T00:36:53.524+0000] {taskinstance.py:1592} INFO - Exporting the following env vars:
AIRFLOW_CTX_DAG_OWNER=***
AIRFLOW_CTX_DAG_ID=tbf_analysis_dag_v10
AIRFLOW_CTX_TASK_ID=download_raw_data_task
AIRFLOW_CTX_EXECUTION_DATE=2023-08-22T00:36:41.813735+00:00
AIRFLOW_CTX_TRY_NUMBER=1
AIRFLOW_CTX_DAG_RUN_ID=manual__2023-08-22T00:36:41.813735+00:00
[2023-08-22T00:36:53.529+0000] {logging_mixin.py:117} INFO - https://www.bts.gov/sites/bts.dot.gov/files/transborder-raw/2014/2014.zip
[2023-08-22T00:36:53.530+0000] {logging_mixin.py:117} INFO - Running bash script
