[2023-08-22T01:02:06.286+0000] {taskinstance.py:1165} INFO - Dependencies all met for <TaskInstance: tbf_analysis_dag_v11.authenticate_service_acct_task manual__2023-08-22T01:02:02.564786+00:00 [queued]>
[2023-08-22T01:02:06.291+0000] {taskinstance.py:1165} INFO - Dependencies all met for <TaskInstance: tbf_analysis_dag_v11.authenticate_service_acct_task manual__2023-08-22T01:02:02.564786+00:00 [queued]>
[2023-08-22T01:02:06.292+0000] {taskinstance.py:1362} INFO - 
--------------------------------------------------------------------------------
[2023-08-22T01:02:06.292+0000] {taskinstance.py:1363} INFO - Starting attempt 1 of 2
[2023-08-22T01:02:06.293+0000] {taskinstance.py:1364} INFO - 
--------------------------------------------------------------------------------
[2023-08-22T01:02:06.301+0000] {taskinstance.py:1383} INFO - Executing <Task(BashOperator): authenticate_service_acct_task> on 2023-08-22 01:02:02.564786+00:00
[2023-08-22T01:02:06.307+0000] {standard_task_runner.py:54} INFO - Started process 128 to run task
[2023-08-22T01:02:06.316+0000] {standard_task_runner.py:82} INFO - Running: ['***', 'tasks', 'run', 'tbf_analysis_dag_v11', 'authenticate_service_acct_task', 'manual__2023-08-22T01:02:02.564786+00:00', '--job-id', '82', '--raw', '--subdir', 'DAGS_FOLDER/tbf_analysis_dag_v11.py', '--cfg-path', '/tmp/tmpx17ikqlc']
[2023-08-22T01:02:06.318+0000] {standard_task_runner.py:83} INFO - Job 82: Subtask authenticate_service_acct_task
[2023-08-22T01:02:06.319+0000] {dagbag.py:525} INFO - Filling up the DagBag from /opt/***/dags/tbf_analysis_dag_v11.py
[2023-08-22T01:02:06.476+0000] {task_command.py:384} INFO - Running <TaskInstance: tbf_analysis_dag_v11.authenticate_service_acct_task manual__2023-08-22T01:02:02.564786+00:00 [running]> on host a689a645a1f0
[2023-08-22T01:02:06.532+0000] {taskinstance.py:1592} INFO - Exporting the following env vars:
AIRFLOW_CTX_DAG_OWNER=***
AIRFLOW_CTX_DAG_ID=tbf_analysis_dag_v11
AIRFLOW_CTX_TASK_ID=authenticate_service_acct_task
AIRFLOW_CTX_EXECUTION_DATE=2023-08-22T01:02:02.564786+00:00
AIRFLOW_CTX_TRY_NUMBER=1
AIRFLOW_CTX_DAG_RUN_ID=manual__2023-08-22T01:02:02.564786+00:00
[2023-08-22T01:02:06.534+0000] {subprocess.py:63} INFO - Tmp dir root location: 
 /tmp
[2023-08-22T01:02:06.535+0000] {subprocess.py:75} INFO - Running command: ['/bin/bash', '-c', 'echo starting_gcloud_auth; gcloud auth activate-service-account terraform@trans-border-freights-394419.iam.gserviceaccount.com --key-file /.google/credentials/google_credentials.json; echo ending_gcloud_auth']
[2023-08-22T01:02:06.548+0000] {subprocess.py:86} INFO - Output:
[2023-08-22T01:02:06.550+0000] {subprocess.py:93} INFO - starting_gcloud_auth
[2023-08-22T01:02:07.456+0000] {subprocess.py:93} INFO - Activated service account credentials for: [terraform@trans-border-freights-394419.iam.gserviceaccount.com]
[2023-08-22T01:02:07.980+0000] {subprocess.py:93} INFO - ending_gcloud_auth
[2023-08-22T01:02:07.981+0000] {subprocess.py:97} INFO - Command exited with return code 0
[2023-08-22T01:02:08.002+0000] {taskinstance.py:1406} INFO - Marking task as SUCCESS. dag_id=tbf_analysis_dag_v11, task_id=authenticate_service_acct_task, execution_date=20230822T010202, start_date=20230822T010206, end_date=20230822T010208
[2023-08-22T01:02:08.061+0000] {local_task_job.py:164} INFO - Task exited with return code 0
[2023-08-22T01:02:08.083+0000] {local_task_job.py:273} INFO - 1 downstream tasks scheduled from follow-on schedule check
