[2023-08-20T19:24:20.184+0000] {taskinstance.py:1165} INFO - Dependencies all met for <TaskInstance: tbf_analysis_dag_v06.download_raw_data_task manual__2023-08-20T19:24:17.259158+00:00 [queued]>
[2023-08-20T19:24:20.191+0000] {taskinstance.py:1165} INFO - Dependencies all met for <TaskInstance: tbf_analysis_dag_v06.download_raw_data_task manual__2023-08-20T19:24:17.259158+00:00 [queued]>
[2023-08-20T19:24:20.192+0000] {taskinstance.py:1362} INFO - 
--------------------------------------------------------------------------------
[2023-08-20T19:24:20.192+0000] {taskinstance.py:1363} INFO - Starting attempt 1 of 2
[2023-08-20T19:24:20.193+0000] {taskinstance.py:1364} INFO - 
--------------------------------------------------------------------------------
[2023-08-20T19:24:20.204+0000] {taskinstance.py:1383} INFO - Executing <Task(PythonOperator): download_raw_data_task> on 2023-08-20 19:24:17.259158+00:00
[2023-08-20T19:24:20.217+0000] {standard_task_runner.py:54} INFO - Started process 1320 to run task
[2023-08-20T19:24:20.231+0000] {standard_task_runner.py:82} INFO - Running: ['***', 'tasks', 'run', 'tbf_analysis_dag_v06', 'download_raw_data_task', 'manual__2023-08-20T19:24:17.259158+00:00', '--job-id', '33', '--raw', '--subdir', 'DAGS_FOLDER/tbf_analysis_dag_v06.py', '--cfg-path', '/tmp/tmpiqvx7sxr']
[2023-08-20T19:24:20.233+0000] {standard_task_runner.py:83} INFO - Job 33: Subtask download_raw_data_task
[2023-08-20T19:24:20.235+0000] {dagbag.py:525} INFO - Filling up the DagBag from /opt/***/dags/tbf_analysis_dag_v06.py
[2023-08-20T19:24:20.389+0000] {task_command.py:384} INFO - Running <TaskInstance: tbf_analysis_dag_v06.download_raw_data_task manual__2023-08-20T19:24:17.259158+00:00 [running]> on host 897d5ba20846
[2023-08-20T19:24:20.465+0000] {taskinstance.py:1592} INFO - Exporting the following env vars:
AIRFLOW_CTX_DAG_OWNER=***
AIRFLOW_CTX_DAG_ID=tbf_analysis_dag_v06
AIRFLOW_CTX_TASK_ID=download_raw_data_task
AIRFLOW_CTX_EXECUTION_DATE=2023-08-20T19:24:17.259158+00:00
AIRFLOW_CTX_TRY_NUMBER=1
AIRFLOW_CTX_DAG_RUN_ID=manual__2023-08-20T19:24:17.259158+00:00
[2023-08-20T19:24:20.470+0000] {logging_mixin.py:117} INFO - https://www.bts.gov/sites/bts.dot.gov/files/transborder-raw/2014/2014.zip
[2023-08-20T19:24:20.471+0000] {logging_mixin.py:117} INFO - Running bash script
[2023-08-20T19:24:20.491+0000] {logging_mixin.py:117} INFO - Pausing for 15 Seconds
[2023-08-20T19:24:35.506+0000] {logging_mixin.py:117} INFO - https://www.bts.gov/sites/bts.dot.gov/files/transborder-raw/2015/2015.zip
[2023-08-20T19:24:35.509+0000] {logging_mixin.py:117} INFO - Running bash script
[2023-08-20T19:24:35.528+0000] {logging_mixin.py:117} INFO - Pausing for 15 Seconds
[2023-08-20T19:24:50.531+0000] {logging_mixin.py:117} INFO - https://www.bts.gov/sites/bts.dot.gov/files/transborder-raw/2016/2016.zip
[2023-08-20T19:24:50.539+0000] {logging_mixin.py:117} INFO - Running bash script
[2023-08-20T19:24:50.579+0000] {logging_mixin.py:117} INFO - Pausing for 15 Seconds
[2023-08-20T19:25:05.591+0000] {logging_mixin.py:117} INFO - https://www.bts.gov/sites/bts.dot.gov/files/transborder-raw/2017/2017.zip
[2023-08-20T19:25:05.598+0000] {logging_mixin.py:117} INFO - Running bash script
[2023-08-20T19:25:05.630+0000] {logging_mixin.py:117} INFO - Pausing for 15 Seconds
[2023-08-20T19:25:20.645+0000] {logging_mixin.py:117} INFO - https://www.bts.gov/sites/bts.dot.gov/files/transborder-raw/2018/Jan.2018.zip
[2023-08-20T19:25:20.654+0000] {logging_mixin.py:117} INFO - running bash script
[2023-08-20T19:25:21.469+0000] {logging_mixin.py:117} INFO - Pausing for 15 Seconds
[2023-08-20T19:25:36.482+0000] {logging_mixin.py:117} INFO - https://www.bts.gov/sites/bts.dot.gov/files/transborder-raw/2018/Feb2018.zip
[2023-08-20T19:25:36.487+0000] {logging_mixin.py:117} INFO - running bash script
[2023-08-20T19:25:37.531+0000] {logging_mixin.py:117} INFO - Pausing for 15 Seconds
[2023-08-20T19:25:52.543+0000] {logging_mixin.py:117} INFO - https://www.bts.gov/sites/bts.dot.gov/files/transborder-raw/2018/Mar2018.zip
[2023-08-20T19:25:52.549+0000] {logging_mixin.py:117} INFO - running bash script
[2023-08-20T19:25:53.535+0000] {logging_mixin.py:117} INFO - Pausing for 15 Seconds
[2023-08-20T19:26:08.557+0000] {logging_mixin.py:117} INFO - https://www.bts.gov/sites/bts.dot.gov/files/transborder-raw/2018/April2018.zip
[2023-08-20T19:26:08.567+0000] {logging_mixin.py:117} INFO - running bash script
[2023-08-20T19:26:10.035+0000] {logging_mixin.py:117} INFO - Pausing for 15 Seconds
[2023-08-20T19:26:25.057+0000] {logging_mixin.py:117} INFO - https://www.bts.gov/sites/bts.dot.gov/files/transborder-raw/2018/May2018.zip
[2023-08-20T19:26:25.060+0000] {logging_mixin.py:117} INFO - running bash script
[2023-08-20T19:26:26.361+0000] {logging_mixin.py:117} INFO - Pausing for 15 Seconds
[2023-08-20T19:26:41.377+0000] {logging_mixin.py:117} INFO - https://www.bts.gov/sites/bts.dot.gov/files/transborder-raw/2018/June2018.zip
[2023-08-20T19:26:41.386+0000] {logging_mixin.py:117} INFO - running bash script
[2023-08-20T19:26:42.731+0000] {logging_mixin.py:117} INFO - Pausing for 15 Seconds
[2023-08-20T19:26:57.735+0000] {logging_mixin.py:117} INFO - https://www.bts.gov/sites/bts.dot.gov/files/transborder-raw/2018/July2018.zip
[2023-08-20T19:26:57.736+0000] {logging_mixin.py:117} INFO - running bash script
[2023-08-20T19:26:58.897+0000] {logging_mixin.py:117} INFO - Pausing for 15 Seconds
[2023-08-20T19:27:13.912+0000] {logging_mixin.py:117} INFO - https://www.bts.gov/sites/bts.dot.gov/files/transborder-raw/2018/August2018.zip
[2023-08-20T19:27:13.915+0000] {logging_mixin.py:117} INFO - running bash script
[2023-08-20T19:27:15.401+0000] {logging_mixin.py:117} INFO - Pausing for 15 Seconds
[2023-08-20T19:27:30.417+0000] {logging_mixin.py:117} INFO - https://www.bts.gov/sites/bts.dot.gov/files/transborder-raw/2018/September2018.zip
[2023-08-20T19:27:30.420+0000] {logging_mixin.py:117} INFO - running bash script
[2023-08-20T19:27:32.045+0000] {logging_mixin.py:117} INFO - Pausing for 15 Seconds
[2023-08-20T19:27:47.088+0000] {logging_mixin.py:117} INFO - https://www.bts.gov/sites/bts.dot.gov/files/transborder-raw/2018/October2018TransBorderRawData.zip
[2023-08-20T19:27:47.103+0000] {logging_mixin.py:117} INFO - running bash script
[2023-08-20T19:27:50.351+0000] {logging_mixin.py:117} INFO - Pausing for 15 Seconds
