[2023-08-22T00:31:44.090+0000] {taskinstance.py:1165} INFO - Dependencies all met for <TaskInstance: tbf_analysis_dag_v10.download_raw_data_task manual__2023-08-22T00:26:25.422963+00:00 [queued]>
[2023-08-22T00:31:44.096+0000] {taskinstance.py:1165} INFO - Dependencies all met for <TaskInstance: tbf_analysis_dag_v10.download_raw_data_task manual__2023-08-22T00:26:25.422963+00:00 [queued]>
[2023-08-22T00:31:44.097+0000] {taskinstance.py:1362} INFO - 
--------------------------------------------------------------------------------
[2023-08-22T00:31:44.097+0000] {taskinstance.py:1363} INFO - Starting attempt 1 of 2
[2023-08-22T00:31:44.098+0000] {taskinstance.py:1364} INFO - 
--------------------------------------------------------------------------------
[2023-08-22T00:31:44.105+0000] {taskinstance.py:1383} INFO - Executing <Task(PythonOperator): download_raw_data_task> on 2023-08-22 00:26:25.422963+00:00
[2023-08-22T00:31:44.109+0000] {standard_task_runner.py:54} INFO - Started process 2792 to run task
[2023-08-22T00:31:44.113+0000] {standard_task_runner.py:82} INFO - Running: ['***', 'tasks', 'run', 'tbf_analysis_dag_v10', 'download_raw_data_task', 'manual__2023-08-22T00:26:25.422963+00:00', '--job-id', '75', '--raw', '--subdir', 'DAGS_FOLDER/tbf_analysis_dag_v10.py', '--cfg-path', '/tmp/tmpilp802xp']
[2023-08-22T00:31:44.115+0000] {standard_task_runner.py:83} INFO - Job 75: Subtask download_raw_data_task
[2023-08-22T00:31:44.116+0000] {dagbag.py:525} INFO - Filling up the DagBag from /opt/***/dags/tbf_analysis_dag_v10.py
[2023-08-22T00:31:44.217+0000] {task_command.py:384} INFO - Running <TaskInstance: tbf_analysis_dag_v10.download_raw_data_task manual__2023-08-22T00:26:25.422963+00:00 [running]> on host 2791cbd3eb46
[2023-08-22T00:31:44.269+0000] {taskinstance.py:1592} INFO - Exporting the following env vars:
AIRFLOW_CTX_DAG_OWNER=***
AIRFLOW_CTX_DAG_ID=tbf_analysis_dag_v10
AIRFLOW_CTX_TASK_ID=download_raw_data_task
AIRFLOW_CTX_EXECUTION_DATE=2023-08-22T00:26:25.422963+00:00
AIRFLOW_CTX_TRY_NUMBER=1
AIRFLOW_CTX_DAG_RUN_ID=manual__2023-08-22T00:26:25.422963+00:00
[2023-08-22T00:31:44.270+0000] {logging_mixin.py:117} INFO - https://www.bts.gov/sites/bts.dot.gov/files/transborder-raw/2014/2014.zip
[2023-08-22T00:31:44.271+0000] {logging_mixin.py:117} INFO - Running bash script
[2023-08-22T00:31:44.284+0000] {logging_mixin.py:117} INFO - Pausing for 15 Seconds
[2023-08-22T00:31:59.286+0000] {logging_mixin.py:117} INFO - https://www.bts.gov/sites/bts.dot.gov/files/transborder-raw/2015/2015.zip
[2023-08-22T00:31:59.288+0000] {logging_mixin.py:117} INFO - Running bash script
[2023-08-22T00:31:59.316+0000] {logging_mixin.py:117} INFO - Pausing for 15 Seconds
[2023-08-22T00:32:14.335+0000] {logging_mixin.py:117} INFO - https://www.bts.gov/sites/bts.dot.gov/files/transborder-raw/2016/2016.zip
[2023-08-22T00:32:14.346+0000] {logging_mixin.py:117} INFO - Running bash script
[2023-08-22T00:32:14.383+0000] {logging_mixin.py:117} INFO - Pausing for 15 Seconds
[2023-08-22T00:32:29.395+0000] {logging_mixin.py:117} INFO - https://www.bts.gov/sites/bts.dot.gov/files/transborder-raw/2017/2017.zip
[2023-08-22T00:32:29.403+0000] {logging_mixin.py:117} INFO - Running bash script
[2023-08-22T00:32:29.447+0000] {logging_mixin.py:117} INFO - Pausing for 15 Seconds
[2023-08-22T00:32:44.464+0000] {logging_mixin.py:117} INFO - https://www.bts.gov/sites/bts.dot.gov/files/transborder-raw/2018/Jan.2018.zip
[2023-08-22T00:32:44.473+0000] {logging_mixin.py:117} INFO - running bash script
[2023-08-22T00:32:45.508+0000] {logging_mixin.py:117} INFO - Pausing for 15 Seconds
[2023-08-22T00:33:00.523+0000] {logging_mixin.py:117} INFO - https://www.bts.gov/sites/bts.dot.gov/files/transborder-raw/2018/Feb2018.zip
[2023-08-22T00:33:00.526+0000] {logging_mixin.py:117} INFO - running bash script
[2023-08-22T00:33:01.096+0000] {logging_mixin.py:117} INFO - Pausing for 15 Seconds
[2023-08-22T00:33:16.115+0000] {logging_mixin.py:117} INFO - https://www.bts.gov/sites/bts.dot.gov/files/transborder-raw/2018/Mar2018.zip
[2023-08-22T00:33:16.119+0000] {logging_mixin.py:117} INFO - running bash script
[2023-08-22T00:33:16.909+0000] {logging_mixin.py:117} INFO - Pausing for 15 Seconds
[2023-08-22T00:33:31.927+0000] {logging_mixin.py:117} INFO - https://www.bts.gov/sites/bts.dot.gov/files/transborder-raw/2018/April2018.zip
[2023-08-22T00:33:31.930+0000] {logging_mixin.py:117} INFO - running bash script
[2023-08-22T00:33:32.974+0000] {logging_mixin.py:117} INFO - Pausing for 15 Seconds
[2023-08-22T00:33:47.991+0000] {logging_mixin.py:117} INFO - https://www.bts.gov/sites/bts.dot.gov/files/transborder-raw/2018/May2018.zip
[2023-08-22T00:33:47.994+0000] {logging_mixin.py:117} INFO - running bash script
[2023-08-22T00:33:49.288+0000] {logging_mixin.py:117} INFO - Pausing for 15 Seconds
[2023-08-22T00:34:04.309+0000] {logging_mixin.py:117} INFO - https://www.bts.gov/sites/bts.dot.gov/files/transborder-raw/2018/June2018.zip
[2023-08-22T00:34:04.313+0000] {logging_mixin.py:117} INFO - running bash script
[2023-08-22T00:34:05.713+0000] {logging_mixin.py:117} INFO - Pausing for 15 Seconds
[2023-08-22T00:34:20.728+0000] {logging_mixin.py:117} INFO - https://www.bts.gov/sites/bts.dot.gov/files/transborder-raw/2018/July2018.zip
[2023-08-22T00:34:20.729+0000] {logging_mixin.py:117} INFO - running bash script
[2023-08-22T00:34:21.914+0000] {logging_mixin.py:117} INFO - Pausing for 15 Seconds
[2023-08-22T00:34:36.928+0000] {logging_mixin.py:117} INFO - https://www.bts.gov/sites/bts.dot.gov/files/transborder-raw/2018/August2018.zip
[2023-08-22T00:34:36.930+0000] {logging_mixin.py:117} INFO - running bash script
[2023-08-22T00:34:38.645+0000] {logging_mixin.py:117} INFO - Pausing for 15 Seconds
[2023-08-22T00:34:53.648+0000] {logging_mixin.py:117} INFO - https://www.bts.gov/sites/bts.dot.gov/files/transborder-raw/2018/September2018.zip
[2023-08-22T00:34:53.649+0000] {logging_mixin.py:117} INFO - running bash script
[2023-08-22T00:34:55.298+0000] {logging_mixin.py:117} INFO - Pausing for 15 Seconds
[2023-08-22T00:35:10.311+0000] {logging_mixin.py:117} INFO - https://www.bts.gov/sites/bts.dot.gov/files/transborder-raw/2018/October2018TransBorderRawData.zip
[2023-08-22T00:35:10.316+0000] {logging_mixin.py:117} INFO - running bash script
[2023-08-22T00:35:12.989+0000] {logging_mixin.py:117} INFO - Pausing for 15 Seconds
[2023-08-22T00:35:27.997+0000] {logging_mixin.py:117} INFO - https://www.bts.gov/sites/bts.dot.gov/files/transborder-raw/2018/November2018TransBorderRawData.zip
[2023-08-22T00:35:27.999+0000] {logging_mixin.py:117} INFO - running bash script
[2023-08-22T00:35:29.600+0000] {logging_mixin.py:117} INFO - Pausing for 15 Seconds
[2023-08-22T00:35:44.608+0000] {logging_mixin.py:117} INFO - https://www.bts.gov/sites/bts.dot.gov/files/transborder-raw/2018/December2018TransBorderRawData-plus-yr-end.zip.zip
[2023-08-22T00:35:44.610+0000] {logging_mixin.py:117} INFO - running bash script
[2023-08-22T00:35:45.738+0000] {logging_mixin.py:117} INFO - Pausing for 15 Seconds
[2023-08-22T00:36:00.748+0000] {logging_mixin.py:117} INFO - https://www.bts.gov/sites/bts.dot.gov/files/transborder-raw/2019/January2019TransBorderRawData.zip
[2023-08-22T00:36:00.754+0000] {logging_mixin.py:117} INFO - running bash script
[2023-08-22T00:36:01.722+0000] {logging_mixin.py:117} INFO - Pausing for 15 Seconds
[2023-08-22T00:36:16.740+0000] {logging_mixin.py:117} INFO - https://www.bts.gov/sites/bts.dot.gov/files/transborder-raw/2019/February2019TransBorderRawData.zip
[2023-08-22T00:36:16.745+0000] {logging_mixin.py:117} INFO - running bash script
[2023-08-22T00:39:35.081+0000] {local_task_job.py:228} WARNING - State of this instance has been externally set to failed. Terminating instance.
[2023-08-22T00:39:35.085+0000] {process_utils.py:133} INFO - Sending Signals.SIGTERM to group 2792. PIDs of all processes in the group: [3933, 4002, 4011, 4015, 4021, 4023, 4148, 4149, 4151, 4152, 2792]
[2023-08-22T00:39:35.086+0000] {process_utils.py:84} INFO - Sending the signal Signals.SIGTERM to group 2792
[2023-08-22T00:39:35.109+0000] {taskinstance.py:1562} ERROR - Received SIGTERM. Terminating subprocesses.
[2023-08-22T00:39:35.257+0000] {process_utils.py:79} INFO - Process psutil.Process(pid=4021, status='terminated', started='00:36:18') (4021) terminated with exit code None
[2023-08-22T00:39:35.262+0000] {process_utils.py:79} INFO - Process psutil.Process(pid=4149, status='terminated', started='00:36:18') (4149) terminated with exit code None
[2023-08-22T00:39:35.265+0000] {process_utils.py:79} INFO - Process psutil.Process(pid=4002, status='terminated', started='00:36:17') (4002) terminated with exit code None
[2023-08-22T00:39:35.266+0000] {process_utils.py:79} INFO - Process psutil.Process(pid=3933, status='terminated', started='00:36:16') (3933) terminated with exit code None
[2023-08-22T00:39:35.288+0000] {process_utils.py:79} INFO - Process psutil.Process(pid=4015, status='terminated', started='00:36:17') (4015) terminated with exit code None
[2023-08-22T00:39:35.316+0000] {process_utils.py:79} INFO - Process psutil.Process(pid=4023, status='terminated', started='00:36:18') (4023) terminated with exit code None
[2023-08-22T00:39:35.318+0000] {process_utils.py:79} INFO - Process psutil.Process(pid=4151, status='terminated', started='00:36:18') (4151) terminated with exit code None
[2023-08-22T00:39:35.413+0000] {process_utils.py:79} INFO - Process psutil.Process(pid=4011, status='terminated', started='00:36:17') (4011) terminated with exit code None
[2023-08-22T00:39:35.414+0000] {process_utils.py:79} INFO - Process psutil.Process(pid=4152, status='terminated', started='00:36:18') (4152) terminated with exit code None
[2023-08-22T00:39:35.415+0000] {process_utils.py:79} INFO - Process psutil.Process(pid=2792, status='terminated', exitcode=0, started='00:31:43') (2792) terminated with exit code 0
[2023-08-22T00:39:35.416+0000] {process_utils.py:79} INFO - Process psutil.Process(pid=4148, status='terminated', started='00:36:18') (4148) terminated with exit code None
