[2023-08-21T20:45:19.776+0000] {taskinstance.py:1165} INFO - Dependencies all met for <TaskInstance: tbf_analysis_dag_v09.download_raw_data_task manual__2023-08-21T20:45:15.293502+00:00 [queued]>
[2023-08-21T20:45:19.792+0000] {taskinstance.py:1165} INFO - Dependencies all met for <TaskInstance: tbf_analysis_dag_v09.download_raw_data_task manual__2023-08-21T20:45:15.293502+00:00 [queued]>
[2023-08-21T20:45:19.793+0000] {taskinstance.py:1362} INFO - 
--------------------------------------------------------------------------------
[2023-08-21T20:45:19.793+0000] {taskinstance.py:1363} INFO - Starting attempt 1 of 2
[2023-08-21T20:45:19.794+0000] {taskinstance.py:1364} INFO - 
--------------------------------------------------------------------------------
[2023-08-21T20:45:19.818+0000] {taskinstance.py:1383} INFO - Executing <Task(PythonOperator): download_raw_data_task> on 2023-08-21 20:45:15.293502+00:00
[2023-08-21T20:45:19.829+0000] {standard_task_runner.py:54} INFO - Started process 387 to run task
[2023-08-21T20:45:19.849+0000] {standard_task_runner.py:82} INFO - Running: ['***', 'tasks', 'run', 'tbf_analysis_dag_v09', 'download_raw_data_task', 'manual__2023-08-21T20:45:15.293502+00:00', '--job-id', '61', '--raw', '--subdir', 'DAGS_FOLDER/tbf_analysis_dag_v09.py', '--cfg-path', '/tmp/tmp6yx69qrd']
[2023-08-21T20:45:19.857+0000] {standard_task_runner.py:83} INFO - Job 61: Subtask download_raw_data_task
[2023-08-21T20:45:19.858+0000] {dagbag.py:525} INFO - Filling up the DagBag from /opt/***/dags/tbf_analysis_dag_v09.py
[2023-08-21T20:45:20.088+0000] {task_command.py:384} INFO - Running <TaskInstance: tbf_analysis_dag_v09.download_raw_data_task manual__2023-08-21T20:45:15.293502+00:00 [running]> on host 7e2c898f6e79
[2023-08-21T20:45:20.236+0000] {taskinstance.py:1592} INFO - Exporting the following env vars:
AIRFLOW_CTX_DAG_OWNER=***
AIRFLOW_CTX_DAG_ID=tbf_analysis_dag_v09
AIRFLOW_CTX_TASK_ID=download_raw_data_task
AIRFLOW_CTX_EXECUTION_DATE=2023-08-21T20:45:15.293502+00:00
AIRFLOW_CTX_TRY_NUMBER=1
AIRFLOW_CTX_DAG_RUN_ID=manual__2023-08-21T20:45:15.293502+00:00
[2023-08-21T20:45:20.237+0000] {logging_mixin.py:117} INFO - https://www.bts.gov/sites/bts.dot.gov/files/transborder-raw/2014/2014.zip
[2023-08-21T20:45:20.238+0000] {logging_mixin.py:117} INFO - Running bash script
[2023-08-21T20:45:20.266+0000] {logging_mixin.py:117} INFO - Pausing for 15 Seconds
[2023-08-21T20:45:35.275+0000] {logging_mixin.py:117} INFO - https://www.bts.gov/sites/bts.dot.gov/files/transborder-raw/2015/2015.zip
[2023-08-21T20:45:35.277+0000] {logging_mixin.py:117} INFO - Running bash script
[2023-08-21T20:45:35.296+0000] {logging_mixin.py:117} INFO - Pausing for 15 Seconds
[2023-08-21T20:45:50.312+0000] {logging_mixin.py:117} INFO - https://www.bts.gov/sites/bts.dot.gov/files/transborder-raw/2016/2016.zip
[2023-08-21T20:45:50.314+0000] {logging_mixin.py:117} INFO - Running bash script
[2023-08-21T20:45:50.330+0000] {logging_mixin.py:117} INFO - Pausing for 15 Seconds
[2023-08-21T20:46:05.342+0000] {logging_mixin.py:117} INFO - https://www.bts.gov/sites/bts.dot.gov/files/transborder-raw/2017/2017.zip
[2023-08-21T20:46:05.344+0000] {logging_mixin.py:117} INFO - Running bash script
[2023-08-21T20:46:05.361+0000] {logging_mixin.py:117} INFO - Pausing for 15 Seconds
[2023-08-21T20:46:20.380+0000] {logging_mixin.py:117} INFO - https://www.bts.gov/sites/bts.dot.gov/files/transborder-raw/2018/Jan.2018.zip
[2023-08-21T20:46:20.388+0000] {logging_mixin.py:117} INFO - running bash script
[2023-08-21T20:46:39.960+0000] {logging_mixin.py:117} INFO - Pausing for 15 Seconds
[2023-08-21T20:46:54.977+0000] {logging_mixin.py:117} INFO - https://www.bts.gov/sites/bts.dot.gov/files/transborder-raw/2018/Feb2018.zip
[2023-08-21T20:46:54.979+0000] {logging_mixin.py:117} INFO - running bash script
[2023-08-21T20:46:56.296+0000] {logging_mixin.py:117} INFO - Pausing for 15 Seconds
[2023-08-21T20:47:11.299+0000] {logging_mixin.py:117} INFO - https://www.bts.gov/sites/bts.dot.gov/files/transborder-raw/2018/Mar2018.zip
[2023-08-21T20:47:11.303+0000] {logging_mixin.py:117} INFO - running bash script
[2023-08-21T20:47:12.408+0000] {logging_mixin.py:117} INFO - Pausing for 15 Seconds
[2023-08-21T20:47:27.423+0000] {logging_mixin.py:117} INFO - https://www.bts.gov/sites/bts.dot.gov/files/transborder-raw/2018/April2018.zip
[2023-08-21T20:47:27.426+0000] {logging_mixin.py:117} INFO - running bash script
[2023-08-21T20:47:28.657+0000] {logging_mixin.py:117} INFO - Pausing for 15 Seconds
[2023-08-21T20:47:43.678+0000] {logging_mixin.py:117} INFO - https://www.bts.gov/sites/bts.dot.gov/files/transborder-raw/2018/May2018.zip
[2023-08-21T20:47:43.685+0000] {logging_mixin.py:117} INFO - running bash script
[2023-08-21T20:47:44.849+0000] {logging_mixin.py:117} INFO - Pausing for 15 Seconds
[2023-08-21T20:47:59.852+0000] {logging_mixin.py:117} INFO - https://www.bts.gov/sites/bts.dot.gov/files/transborder-raw/2018/June2018.zip
[2023-08-21T20:47:59.854+0000] {logging_mixin.py:117} INFO - running bash script
[2023-08-21T20:48:01.441+0000] {logging_mixin.py:117} INFO - Pausing for 15 Seconds
[2023-08-21T20:48:16.447+0000] {logging_mixin.py:117} INFO - https://www.bts.gov/sites/bts.dot.gov/files/transborder-raw/2018/July2018.zip
[2023-08-21T20:48:16.449+0000] {logging_mixin.py:117} INFO - running bash script
[2023-08-21T20:48:17.976+0000] {logging_mixin.py:117} INFO - Pausing for 15 Seconds
[2023-08-21T20:48:32.977+0000] {logging_mixin.py:117} INFO - https://www.bts.gov/sites/bts.dot.gov/files/transborder-raw/2018/August2018.zip
[2023-08-21T20:48:32.979+0000] {logging_mixin.py:117} INFO - running bash script
[2023-08-21T20:48:34.248+0000] {logging_mixin.py:117} INFO - Pausing for 15 Seconds
[2023-08-21T20:48:49.267+0000] {logging_mixin.py:117} INFO - https://www.bts.gov/sites/bts.dot.gov/files/transborder-raw/2018/September2018.zip
[2023-08-21T20:48:49.268+0000] {logging_mixin.py:117} INFO - running bash script
[2023-08-21T20:48:50.568+0000] {logging_mixin.py:117} INFO - Pausing for 15 Seconds
[2023-08-21T20:49:05.573+0000] {logging_mixin.py:117} INFO - https://www.bts.gov/sites/bts.dot.gov/files/transborder-raw/2018/October2018TransBorderRawData.zip
[2023-08-21T20:49:05.575+0000] {logging_mixin.py:117} INFO - running bash script
[2023-08-21T20:49:09.270+0000] {logging_mixin.py:117} INFO - Pausing for 15 Seconds
[2023-08-21T20:49:24.285+0000] {logging_mixin.py:117} INFO - https://www.bts.gov/sites/bts.dot.gov/files/transborder-raw/2018/November2018TransBorderRawData.zip
[2023-08-21T20:49:24.286+0000] {logging_mixin.py:117} INFO - running bash script
[2023-08-21T20:49:26.078+0000] {logging_mixin.py:117} INFO - Pausing for 15 Seconds
[2023-08-21T20:49:41.096+0000] {logging_mixin.py:117} INFO - https://www.bts.gov/sites/bts.dot.gov/files/transborder-raw/2018/December2018TransBorderRawData-plus-yr-end.zip.zip
[2023-08-21T20:49:41.099+0000] {logging_mixin.py:117} INFO - running bash script
[2023-08-21T20:49:48.954+0000] {logging_mixin.py:117} INFO - Pausing for 15 Seconds
[2023-08-21T20:50:03.971+0000] {logging_mixin.py:117} INFO - https://www.bts.gov/sites/bts.dot.gov/files/transborder-raw/2019/January2019TransBorderRawData.zip
[2023-08-21T20:50:03.979+0000] {logging_mixin.py:117} INFO - running bash script
[2023-08-21T20:50:04.978+0000] {logging_mixin.py:117} INFO - Pausing for 15 Seconds
[2023-08-21T20:50:19.981+0000] {logging_mixin.py:117} INFO - https://www.bts.gov/sites/bts.dot.gov/files/transborder-raw/2019/February2019TransBorderRawData.zip
[2023-08-21T20:50:19.986+0000] {logging_mixin.py:117} INFO - running bash script
[2023-08-21T20:50:20.989+0000] {logging_mixin.py:117} INFO - Pausing for 15 Seconds
[2023-08-21T20:50:36.005+0000] {logging_mixin.py:117} INFO - https://www.bts.gov/sites/bts.dot.gov/files/transborder-raw/2019/March2019TransBorderRawData.zip
[2023-08-21T20:50:36.008+0000] {logging_mixin.py:117} INFO - running bash script
[2023-08-21T20:50:37.192+0000] {logging_mixin.py:117} INFO - Pausing for 15 Seconds
[2023-08-21T20:50:52.195+0000] {logging_mixin.py:117} INFO - https://www.bts.gov/sites/bts.dot.gov/files/transborder-raw/2019/April2019TransBorderRawData.zip
[2023-08-21T20:50:52.196+0000] {logging_mixin.py:117} INFO - running bash script
[2023-08-21T20:50:53.568+0000] {logging_mixin.py:117} INFO - Pausing for 15 Seconds
[2023-08-21T20:51:08.583+0000] {logging_mixin.py:117} INFO - https://www.bts.gov/sites/bts.dot.gov/files/transborder-raw/2019/May2019TransBorderRawData.zip
[2023-08-21T20:51:08.584+0000] {logging_mixin.py:117} INFO - running bash script
[2023-08-21T20:51:10.035+0000] {logging_mixin.py:117} INFO - Pausing for 15 Seconds
[2023-08-21T20:51:25.051+0000] {logging_mixin.py:117} INFO - https://www.bts.gov/sites/bts.dot.gov/files/transborder-raw/2019/June2019TransBorderRawData.zip
[2023-08-21T20:51:25.052+0000] {logging_mixin.py:117} INFO - running bash script
[2023-08-21T20:51:26.205+0000] {logging_mixin.py:117} INFO - Pausing for 15 Seconds
[2023-08-21T20:51:41.221+0000] {logging_mixin.py:117} INFO - https://www.bts.gov/sites/bts.dot.gov/files/transborder-raw/2019/July2019TransBorderRawData.zip
[2023-08-21T20:51:41.226+0000] {logging_mixin.py:117} INFO - running bash script
