[2023-08-21T04:59:20.495+0000] {processor.py:156} INFO - Started process (PID=34) to work on /opt/airflow/dags/tbf_analysis_dag_v08.py
[2023-08-21T04:59:20.500+0000] {processor.py:758} INFO - Processing file /opt/airflow/dags/tbf_analysis_dag_v08.py for tasks to queue
[2023-08-21T04:59:20.503+0000] {logging_mixin.py:117} INFO - [2023-08-21T04:59:20.503+0000] {dagbag.py:525} INFO - Filling up the DagBag from /opt/airflow/dags/tbf_analysis_dag_v08.py
[2023-08-21T04:59:21.332+0000] {processor.py:768} INFO - DAG(s) dict_keys(['tbf_analysis_dag_v08']) retrieved from /opt/airflow/dags/tbf_analysis_dag_v08.py
[2023-08-21T04:59:21.498+0000] {logging_mixin.py:117} INFO - [2023-08-21T04:59:21.497+0000] {manager.py:507} INFO - Created Permission View: can read on DAG:tbf_analysis_dag_v08
[2023-08-21T04:59:21.504+0000] {logging_mixin.py:117} INFO - [2023-08-21T04:59:21.503+0000] {manager.py:507} INFO - Created Permission View: can delete on DAG:tbf_analysis_dag_v08
[2023-08-21T04:59:21.508+0000] {logging_mixin.py:117} INFO - [2023-08-21T04:59:21.508+0000] {manager.py:507} INFO - Created Permission View: can edit on DAG:tbf_analysis_dag_v08
[2023-08-21T04:59:21.509+0000] {logging_mixin.py:117} INFO - [2023-08-21T04:59:21.509+0000] {dag.py:2573} INFO - Sync 1 DAGs
[2023-08-21T04:59:21.522+0000] {logging_mixin.py:117} INFO - [2023-08-21T04:59:21.522+0000] {dag.py:2594} INFO - Creating ORM DAG for tbf_analysis_dag_v08
[2023-08-21T04:59:21.532+0000] {logging_mixin.py:117} INFO - [2023-08-21T04:59:21.532+0000] {dag.py:3328} INFO - Setting next_dagrun for tbf_analysis_dag_v08 to 2023-08-21T00:00:00+00:00, run_after=2023-08-21T00:00:00+00:00
[2023-08-21T04:59:21.549+0000] {processor.py:178} INFO - Processing /opt/airflow/dags/tbf_analysis_dag_v08.py took 1.057 seconds
[2023-08-21T04:59:52.063+0000] {processor.py:156} INFO - Started process (PID=64) to work on /opt/airflow/dags/tbf_analysis_dag_v08.py
[2023-08-21T04:59:52.065+0000] {processor.py:758} INFO - Processing file /opt/airflow/dags/tbf_analysis_dag_v08.py for tasks to queue
[2023-08-21T04:59:52.066+0000] {logging_mixin.py:117} INFO - [2023-08-21T04:59:52.066+0000] {dagbag.py:525} INFO - Filling up the DagBag from /opt/airflow/dags/tbf_analysis_dag_v08.py
[2023-08-21T04:59:52.225+0000] {processor.py:768} INFO - DAG(s) dict_keys(['tbf_analysis_dag_v08']) retrieved from /opt/airflow/dags/tbf_analysis_dag_v08.py
[2023-08-21T04:59:52.247+0000] {logging_mixin.py:117} INFO - [2023-08-21T04:59:52.247+0000] {dag.py:2573} INFO - Sync 1 DAGs
[2023-08-21T04:59:52.263+0000] {logging_mixin.py:117} INFO - [2023-08-21T04:59:52.263+0000] {dag.py:3328} INFO - Setting next_dagrun for tbf_analysis_dag_v08 to 2023-08-21T00:00:00+00:00, run_after=2023-08-21T00:00:00+00:00
[2023-08-21T04:59:52.276+0000] {processor.py:178} INFO - Processing /opt/airflow/dags/tbf_analysis_dag_v08.py took 0.216 seconds
[2023-08-21T05:00:22.352+0000] {processor.py:156} INFO - Started process (PID=93) to work on /opt/airflow/dags/tbf_analysis_dag_v08.py
[2023-08-21T05:00:22.355+0000] {processor.py:758} INFO - Processing file /opt/airflow/dags/tbf_analysis_dag_v08.py for tasks to queue
[2023-08-21T05:00:22.356+0000] {logging_mixin.py:117} INFO - [2023-08-21T05:00:22.356+0000] {dagbag.py:525} INFO - Filling up the DagBag from /opt/airflow/dags/tbf_analysis_dag_v08.py
[2023-08-21T05:00:22.494+0000] {processor.py:768} INFO - DAG(s) dict_keys(['tbf_analysis_dag_v08']) retrieved from /opt/airflow/dags/tbf_analysis_dag_v08.py
[2023-08-21T05:00:22.514+0000] {logging_mixin.py:117} INFO - [2023-08-21T05:00:22.514+0000] {dag.py:2573} INFO - Sync 1 DAGs
[2023-08-21T05:00:22.528+0000] {logging_mixin.py:117} INFO - [2023-08-21T05:00:22.528+0000] {dag.py:3328} INFO - Setting next_dagrun for tbf_analysis_dag_v08 to 2023-08-21T00:00:00+00:00, run_after=2023-08-21T00:00:00+00:00
[2023-08-21T05:00:22.540+0000] {processor.py:178} INFO - Processing /opt/airflow/dags/tbf_analysis_dag_v08.py took 0.191 seconds
[2023-08-21T05:00:52.974+0000] {processor.py:156} INFO - Started process (PID=122) to work on /opt/airflow/dags/tbf_analysis_dag_v08.py
[2023-08-21T05:00:52.977+0000] {processor.py:758} INFO - Processing file /opt/airflow/dags/tbf_analysis_dag_v08.py for tasks to queue
[2023-08-21T05:00:52.979+0000] {logging_mixin.py:117} INFO - [2023-08-21T05:00:52.979+0000] {dagbag.py:525} INFO - Filling up the DagBag from /opt/airflow/dags/tbf_analysis_dag_v08.py
[2023-08-21T05:00:53.113+0000] {processor.py:768} INFO - DAG(s) dict_keys(['tbf_analysis_dag_v08']) retrieved from /opt/airflow/dags/tbf_analysis_dag_v08.py
[2023-08-21T05:00:53.132+0000] {logging_mixin.py:117} INFO - [2023-08-21T05:00:53.132+0000] {dag.py:2573} INFO - Sync 1 DAGs
[2023-08-21T05:00:53.146+0000] {logging_mixin.py:117} INFO - [2023-08-21T05:00:53.146+0000] {dag.py:3328} INFO - Setting next_dagrun for tbf_analysis_dag_v08 to 2023-08-21T00:00:00+00:00, run_after=2023-08-21T00:00:00+00:00
[2023-08-21T05:00:53.157+0000] {processor.py:178} INFO - Processing /opt/airflow/dags/tbf_analysis_dag_v08.py took 0.190 seconds
[2023-08-21T05:01:23.397+0000] {processor.py:156} INFO - Started process (PID=150) to work on /opt/airflow/dags/tbf_analysis_dag_v08.py
[2023-08-21T05:01:23.400+0000] {processor.py:758} INFO - Processing file /opt/airflow/dags/tbf_analysis_dag_v08.py for tasks to queue
[2023-08-21T05:01:23.401+0000] {logging_mixin.py:117} INFO - [2023-08-21T05:01:23.401+0000] {dagbag.py:525} INFO - Filling up the DagBag from /opt/airflow/dags/tbf_analysis_dag_v08.py
[2023-08-21T05:01:23.549+0000] {processor.py:768} INFO - DAG(s) dict_keys(['tbf_analysis_dag_v08']) retrieved from /opt/airflow/dags/tbf_analysis_dag_v08.py
[2023-08-21T05:01:23.569+0000] {logging_mixin.py:117} INFO - [2023-08-21T05:01:23.569+0000] {dag.py:2573} INFO - Sync 1 DAGs
[2023-08-21T05:01:23.583+0000] {logging_mixin.py:117} INFO - [2023-08-21T05:01:23.583+0000] {dag.py:3328} INFO - Setting next_dagrun for tbf_analysis_dag_v08 to 2023-08-21T00:00:00+00:00, run_after=2023-08-21T00:00:00+00:00
[2023-08-21T05:01:23.597+0000] {processor.py:178} INFO - Processing /opt/airflow/dags/tbf_analysis_dag_v08.py took 0.207 seconds
[2023-08-21T05:01:53.791+0000] {processor.py:156} INFO - Started process (PID=177) to work on /opt/airflow/dags/tbf_analysis_dag_v08.py
[2023-08-21T05:01:53.793+0000] {processor.py:758} INFO - Processing file /opt/airflow/dags/tbf_analysis_dag_v08.py for tasks to queue
[2023-08-21T05:01:53.794+0000] {logging_mixin.py:117} INFO - [2023-08-21T05:01:53.794+0000] {dagbag.py:525} INFO - Filling up the DagBag from /opt/airflow/dags/tbf_analysis_dag_v08.py
[2023-08-21T05:01:53.971+0000] {processor.py:768} INFO - DAG(s) dict_keys(['tbf_analysis_dag_v08']) retrieved from /opt/airflow/dags/tbf_analysis_dag_v08.py
[2023-08-21T05:01:54.012+0000] {logging_mixin.py:117} INFO - [2023-08-21T05:01:54.012+0000] {dag.py:2573} INFO - Sync 1 DAGs
[2023-08-21T05:01:54.032+0000] {logging_mixin.py:117} INFO - [2023-08-21T05:01:54.032+0000] {dag.py:3328} INFO - Setting next_dagrun for tbf_analysis_dag_v08 to 2023-08-21T00:00:00+00:00, run_after=2023-08-21T00:00:00+00:00
[2023-08-21T05:01:54.047+0000] {processor.py:178} INFO - Processing /opt/airflow/dags/tbf_analysis_dag_v08.py took 0.259 seconds
[2023-08-21T05:02:24.236+0000] {processor.py:156} INFO - Started process (PID=196) to work on /opt/airflow/dags/tbf_analysis_dag_v08.py
[2023-08-21T05:02:24.239+0000] {processor.py:758} INFO - Processing file /opt/airflow/dags/tbf_analysis_dag_v08.py for tasks to queue
[2023-08-21T05:02:24.241+0000] {logging_mixin.py:117} INFO - [2023-08-21T05:02:24.241+0000] {dagbag.py:525} INFO - Filling up the DagBag from /opt/airflow/dags/tbf_analysis_dag_v08.py
[2023-08-21T05:02:24.369+0000] {processor.py:768} INFO - DAG(s) dict_keys(['tbf_analysis_dag_v08']) retrieved from /opt/airflow/dags/tbf_analysis_dag_v08.py
[2023-08-21T05:02:24.388+0000] {logging_mixin.py:117} INFO - [2023-08-21T05:02:24.388+0000] {dag.py:2573} INFO - Sync 1 DAGs
[2023-08-21T05:02:24.400+0000] {logging_mixin.py:117} INFO - [2023-08-21T05:02:24.400+0000] {dag.py:3328} INFO - Setting next_dagrun for tbf_analysis_dag_v08 to 2023-08-21T00:00:00+00:00, run_after=2023-08-21T00:00:00+00:00
[2023-08-21T05:02:24.410+0000] {processor.py:178} INFO - Processing /opt/airflow/dags/tbf_analysis_dag_v08.py took 0.180 seconds
[2023-08-21T05:02:54.676+0000] {processor.py:156} INFO - Started process (PID=225) to work on /opt/airflow/dags/tbf_analysis_dag_v08.py
[2023-08-21T05:02:54.678+0000] {processor.py:758} INFO - Processing file /opt/airflow/dags/tbf_analysis_dag_v08.py for tasks to queue
[2023-08-21T05:02:54.680+0000] {logging_mixin.py:117} INFO - [2023-08-21T05:02:54.680+0000] {dagbag.py:525} INFO - Filling up the DagBag from /opt/airflow/dags/tbf_analysis_dag_v08.py
[2023-08-21T05:02:54.820+0000] {processor.py:768} INFO - DAG(s) dict_keys(['tbf_analysis_dag_v08']) retrieved from /opt/airflow/dags/tbf_analysis_dag_v08.py
[2023-08-21T05:02:54.840+0000] {logging_mixin.py:117} INFO - [2023-08-21T05:02:54.840+0000] {dag.py:2573} INFO - Sync 1 DAGs
[2023-08-21T05:02:54.855+0000] {logging_mixin.py:117} INFO - [2023-08-21T05:02:54.855+0000] {dag.py:3328} INFO - Setting next_dagrun for tbf_analysis_dag_v08 to 2023-08-21T00:00:00+00:00, run_after=2023-08-21T00:00:00+00:00
[2023-08-21T05:02:54.865+0000] {processor.py:178} INFO - Processing /opt/airflow/dags/tbf_analysis_dag_v08.py took 0.195 seconds
[2023-08-21T05:03:25.089+0000] {processor.py:156} INFO - Started process (PID=253) to work on /opt/airflow/dags/tbf_analysis_dag_v08.py
[2023-08-21T05:03:25.092+0000] {processor.py:758} INFO - Processing file /opt/airflow/dags/tbf_analysis_dag_v08.py for tasks to queue
[2023-08-21T05:03:25.093+0000] {logging_mixin.py:117} INFO - [2023-08-21T05:03:25.093+0000] {dagbag.py:525} INFO - Filling up the DagBag from /opt/airflow/dags/tbf_analysis_dag_v08.py
[2023-08-21T05:03:25.245+0000] {processor.py:768} INFO - DAG(s) dict_keys(['tbf_analysis_dag_v08']) retrieved from /opt/airflow/dags/tbf_analysis_dag_v08.py
[2023-08-21T05:03:25.267+0000] {logging_mixin.py:117} INFO - [2023-08-21T05:03:25.267+0000] {dag.py:2573} INFO - Sync 1 DAGs
[2023-08-21T05:03:25.283+0000] {logging_mixin.py:117} INFO - [2023-08-21T05:03:25.283+0000] {dag.py:3328} INFO - Setting next_dagrun for tbf_analysis_dag_v08 to 2023-08-21T00:00:00+00:00, run_after=2023-08-21T00:00:00+00:00
[2023-08-21T05:03:25.294+0000] {processor.py:178} INFO - Processing /opt/airflow/dags/tbf_analysis_dag_v08.py took 0.211 seconds
[2023-08-21T05:03:55.518+0000] {processor.py:156} INFO - Started process (PID=283) to work on /opt/airflow/dags/tbf_analysis_dag_v08.py
[2023-08-21T05:03:55.521+0000] {processor.py:758} INFO - Processing file /opt/airflow/dags/tbf_analysis_dag_v08.py for tasks to queue
[2023-08-21T05:03:55.523+0000] {logging_mixin.py:117} INFO - [2023-08-21T05:03:55.523+0000] {dagbag.py:525} INFO - Filling up the DagBag from /opt/airflow/dags/tbf_analysis_dag_v08.py
[2023-08-21T05:03:55.670+0000] {processor.py:768} INFO - DAG(s) dict_keys(['tbf_analysis_dag_v08']) retrieved from /opt/airflow/dags/tbf_analysis_dag_v08.py
[2023-08-21T05:03:55.689+0000] {logging_mixin.py:117} INFO - [2023-08-21T05:03:55.688+0000] {dag.py:2573} INFO - Sync 1 DAGs
[2023-08-21T05:03:55.703+0000] {logging_mixin.py:117} INFO - [2023-08-21T05:03:55.703+0000] {dag.py:3328} INFO - Setting next_dagrun for tbf_analysis_dag_v08 to 2023-08-21T00:00:00+00:00, run_after=2023-08-21T00:00:00+00:00
[2023-08-21T05:03:55.713+0000] {processor.py:178} INFO - Processing /opt/airflow/dags/tbf_analysis_dag_v08.py took 0.200 seconds
[2023-08-21T05:04:25.873+0000] {processor.py:156} INFO - Started process (PID=312) to work on /opt/airflow/dags/tbf_analysis_dag_v08.py
[2023-08-21T05:04:25.875+0000] {processor.py:758} INFO - Processing file /opt/airflow/dags/tbf_analysis_dag_v08.py for tasks to queue
[2023-08-21T05:04:25.877+0000] {logging_mixin.py:117} INFO - [2023-08-21T05:04:25.877+0000] {dagbag.py:525} INFO - Filling up the DagBag from /opt/airflow/dags/tbf_analysis_dag_v08.py
[2023-08-21T05:04:26.065+0000] {processor.py:768} INFO - DAG(s) dict_keys(['tbf_analysis_dag_v08']) retrieved from /opt/airflow/dags/tbf_analysis_dag_v08.py
[2023-08-21T05:04:26.091+0000] {logging_mixin.py:117} INFO - [2023-08-21T05:04:26.091+0000] {dag.py:2573} INFO - Sync 1 DAGs
[2023-08-21T05:04:26.110+0000] {logging_mixin.py:117} INFO - [2023-08-21T05:04:26.109+0000] {dag.py:3328} INFO - Setting next_dagrun for tbf_analysis_dag_v08 to 2023-08-21T00:00:00+00:00, run_after=2023-08-21T00:00:00+00:00
[2023-08-21T05:04:26.122+0000] {processor.py:178} INFO - Processing /opt/airflow/dags/tbf_analysis_dag_v08.py took 0.255 seconds
[2023-08-21T05:04:56.281+0000] {processor.py:156} INFO - Started process (PID=340) to work on /opt/airflow/dags/tbf_analysis_dag_v08.py
[2023-08-21T05:04:56.284+0000] {processor.py:758} INFO - Processing file /opt/airflow/dags/tbf_analysis_dag_v08.py for tasks to queue
[2023-08-21T05:04:56.285+0000] {logging_mixin.py:117} INFO - [2023-08-21T05:04:56.285+0000] {dagbag.py:525} INFO - Filling up the DagBag from /opt/airflow/dags/tbf_analysis_dag_v08.py
[2023-08-21T05:04:56.443+0000] {processor.py:768} INFO - DAG(s) dict_keys(['tbf_analysis_dag_v08']) retrieved from /opt/airflow/dags/tbf_analysis_dag_v08.py
[2023-08-21T05:04:56.466+0000] {logging_mixin.py:117} INFO - [2023-08-21T05:04:56.466+0000] {dag.py:2573} INFO - Sync 1 DAGs
[2023-08-21T05:04:56.483+0000] {logging_mixin.py:117} INFO - [2023-08-21T05:04:56.482+0000] {dag.py:3328} INFO - Setting next_dagrun for tbf_analysis_dag_v08 to 2023-08-21T00:00:00+00:00, run_after=2023-08-21T00:00:00+00:00
[2023-08-21T05:04:56.494+0000] {processor.py:178} INFO - Processing /opt/airflow/dags/tbf_analysis_dag_v08.py took 0.219 seconds
[2023-08-21T05:05:26.727+0000] {processor.py:156} INFO - Started process (PID=359) to work on /opt/airflow/dags/tbf_analysis_dag_v08.py
[2023-08-21T05:05:26.730+0000] {processor.py:758} INFO - Processing file /opt/airflow/dags/tbf_analysis_dag_v08.py for tasks to queue
[2023-08-21T05:05:26.732+0000] {logging_mixin.py:117} INFO - [2023-08-21T05:05:26.731+0000] {dagbag.py:525} INFO - Filling up the DagBag from /opt/airflow/dags/tbf_analysis_dag_v08.py
[2023-08-21T05:05:26.904+0000] {processor.py:768} INFO - DAG(s) dict_keys(['tbf_analysis_dag_v08']) retrieved from /opt/airflow/dags/tbf_analysis_dag_v08.py
[2023-08-21T05:05:26.927+0000] {logging_mixin.py:117} INFO - [2023-08-21T05:05:26.927+0000] {dag.py:2573} INFO - Sync 1 DAGs
[2023-08-21T05:05:26.943+0000] {logging_mixin.py:117} INFO - [2023-08-21T05:05:26.943+0000] {dag.py:3328} INFO - Setting next_dagrun for tbf_analysis_dag_v08 to 2023-08-21T00:00:00+00:00, run_after=2023-08-21T00:00:00+00:00
[2023-08-21T05:05:26.956+0000] {processor.py:178} INFO - Processing /opt/airflow/dags/tbf_analysis_dag_v08.py took 0.235 seconds
[2023-08-21T05:07:29.545+0000] {processor.py:156} INFO - Started process (PID=34) to work on /opt/airflow/dags/tbf_analysis_dag_v08.py
[2023-08-21T05:07:29.547+0000] {processor.py:758} INFO - Processing file /opt/airflow/dags/tbf_analysis_dag_v08.py for tasks to queue
[2023-08-21T05:07:29.548+0000] {logging_mixin.py:117} INFO - [2023-08-21T05:07:29.548+0000] {dagbag.py:525} INFO - Filling up the DagBag from /opt/airflow/dags/tbf_analysis_dag_v08.py
[2023-08-21T05:07:30.306+0000] {processor.py:768} INFO - DAG(s) dict_keys(['tbf_analysis_dag_v08']) retrieved from /opt/airflow/dags/tbf_analysis_dag_v08.py
[2023-08-21T05:07:30.366+0000] {logging_mixin.py:117} INFO - [2023-08-21T05:07:30.365+0000] {dag.py:2573} INFO - Sync 1 DAGs
[2023-08-21T05:07:30.382+0000] {logging_mixin.py:117} INFO - [2023-08-21T05:07:30.382+0000] {dag.py:3328} INFO - Setting next_dagrun for tbf_analysis_dag_v08 to 2023-08-21T00:00:00+00:00, run_after=2023-08-21T00:00:00+00:00
[2023-08-21T05:07:30.395+0000] {processor.py:178} INFO - Processing /opt/airflow/dags/tbf_analysis_dag_v08.py took 0.853 seconds
[2023-08-21T05:08:00.795+0000] {processor.py:156} INFO - Started process (PID=62) to work on /opt/airflow/dags/tbf_analysis_dag_v08.py
[2023-08-21T05:08:00.798+0000] {processor.py:758} INFO - Processing file /opt/airflow/dags/tbf_analysis_dag_v08.py for tasks to queue
[2023-08-21T05:08:00.800+0000] {logging_mixin.py:117} INFO - [2023-08-21T05:08:00.800+0000] {dagbag.py:525} INFO - Filling up the DagBag from /opt/airflow/dags/tbf_analysis_dag_v08.py
[2023-08-21T05:08:00.968+0000] {processor.py:768} INFO - DAG(s) dict_keys(['tbf_analysis_dag_v08']) retrieved from /opt/airflow/dags/tbf_analysis_dag_v08.py
[2023-08-21T05:08:00.989+0000] {logging_mixin.py:117} INFO - [2023-08-21T05:08:00.989+0000] {dag.py:2573} INFO - Sync 1 DAGs
[2023-08-21T05:08:01.005+0000] {logging_mixin.py:117} INFO - [2023-08-21T05:08:01.004+0000] {dag.py:3328} INFO - Setting next_dagrun for tbf_analysis_dag_v08 to 2023-08-21T00:00:00+00:00, run_after=2023-08-21T00:00:00+00:00
[2023-08-21T05:08:01.015+0000] {processor.py:178} INFO - Processing /opt/airflow/dags/tbf_analysis_dag_v08.py took 0.227 seconds
[2023-08-21T05:08:31.136+0000] {processor.py:156} INFO - Started process (PID=91) to work on /opt/airflow/dags/tbf_analysis_dag_v08.py
[2023-08-21T05:08:31.137+0000] {processor.py:758} INFO - Processing file /opt/airflow/dags/tbf_analysis_dag_v08.py for tasks to queue
[2023-08-21T05:08:31.138+0000] {logging_mixin.py:117} INFO - [2023-08-21T05:08:31.138+0000] {dagbag.py:525} INFO - Filling up the DagBag from /opt/airflow/dags/tbf_analysis_dag_v08.py
[2023-08-21T05:08:31.258+0000] {processor.py:768} INFO - DAG(s) dict_keys(['tbf_analysis_dag_v08']) retrieved from /opt/airflow/dags/tbf_analysis_dag_v08.py
[2023-08-21T05:08:31.277+0000] {logging_mixin.py:117} INFO - [2023-08-21T05:08:31.277+0000] {dag.py:2573} INFO - Sync 1 DAGs
[2023-08-21T05:08:31.291+0000] {logging_mixin.py:117} INFO - [2023-08-21T05:08:31.291+0000] {dag.py:3328} INFO - Setting next_dagrun for tbf_analysis_dag_v08 to 2023-08-21T00:00:00+00:00, run_after=2023-08-21T00:00:00+00:00
[2023-08-21T05:08:31.301+0000] {processor.py:178} INFO - Processing /opt/airflow/dags/tbf_analysis_dag_v08.py took 0.168 seconds
[2023-08-21T05:09:01.535+0000] {processor.py:156} INFO - Started process (PID=119) to work on /opt/airflow/dags/tbf_analysis_dag_v08.py
[2023-08-21T05:09:01.538+0000] {processor.py:758} INFO - Processing file /opt/airflow/dags/tbf_analysis_dag_v08.py for tasks to queue
[2023-08-21T05:09:01.539+0000] {logging_mixin.py:117} INFO - [2023-08-21T05:09:01.539+0000] {dagbag.py:525} INFO - Filling up the DagBag from /opt/airflow/dags/tbf_analysis_dag_v08.py
[2023-08-21T05:09:01.663+0000] {processor.py:768} INFO - DAG(s) dict_keys(['tbf_analysis_dag_v08']) retrieved from /opt/airflow/dags/tbf_analysis_dag_v08.py
[2023-08-21T05:09:01.681+0000] {logging_mixin.py:117} INFO - [2023-08-21T05:09:01.681+0000] {dag.py:2573} INFO - Sync 1 DAGs
[2023-08-21T05:09:01.695+0000] {logging_mixin.py:117} INFO - [2023-08-21T05:09:01.695+0000] {dag.py:3328} INFO - Setting next_dagrun for tbf_analysis_dag_v08 to 2023-08-21T00:00:00+00:00, run_after=2023-08-21T00:00:00+00:00
[2023-08-21T05:09:01.705+0000] {processor.py:178} INFO - Processing /opt/airflow/dags/tbf_analysis_dag_v08.py took 0.175 seconds
[2023-08-21T05:09:31.812+0000] {processor.py:156} INFO - Started process (PID=147) to work on /opt/airflow/dags/tbf_analysis_dag_v08.py
[2023-08-21T05:09:31.814+0000] {processor.py:758} INFO - Processing file /opt/airflow/dags/tbf_analysis_dag_v08.py for tasks to queue
[2023-08-21T05:09:31.815+0000] {logging_mixin.py:117} INFO - [2023-08-21T05:09:31.815+0000] {dagbag.py:525} INFO - Filling up the DagBag from /opt/airflow/dags/tbf_analysis_dag_v08.py
[2023-08-21T05:09:31.967+0000] {processor.py:768} INFO - DAG(s) dict_keys(['tbf_analysis_dag_v08']) retrieved from /opt/airflow/dags/tbf_analysis_dag_v08.py
[2023-08-21T05:09:31.991+0000] {logging_mixin.py:117} INFO - [2023-08-21T05:09:31.991+0000] {dag.py:2573} INFO - Sync 1 DAGs
[2023-08-21T05:09:32.006+0000] {logging_mixin.py:117} INFO - [2023-08-21T05:09:32.006+0000] {dag.py:3328} INFO - Setting next_dagrun for tbf_analysis_dag_v08 to 2023-08-21T00:00:00+00:00, run_after=2023-08-21T00:00:00+00:00
[2023-08-21T05:09:32.016+0000] {processor.py:178} INFO - Processing /opt/airflow/dags/tbf_analysis_dag_v08.py took 0.208 seconds
[2023-08-21T05:10:02.464+0000] {processor.py:156} INFO - Started process (PID=168) to work on /opt/airflow/dags/tbf_analysis_dag_v08.py
[2023-08-21T05:10:02.466+0000] {processor.py:758} INFO - Processing file /opt/airflow/dags/tbf_analysis_dag_v08.py for tasks to queue
[2023-08-21T05:10:02.468+0000] {logging_mixin.py:117} INFO - [2023-08-21T05:10:02.467+0000] {dagbag.py:525} INFO - Filling up the DagBag from /opt/airflow/dags/tbf_analysis_dag_v08.py
[2023-08-21T05:10:02.597+0000] {processor.py:768} INFO - DAG(s) dict_keys(['tbf_analysis_dag_v08']) retrieved from /opt/airflow/dags/tbf_analysis_dag_v08.py
[2023-08-21T05:10:02.616+0000] {logging_mixin.py:117} INFO - [2023-08-21T05:10:02.616+0000] {dag.py:2573} INFO - Sync 1 DAGs
[2023-08-21T05:10:02.629+0000] {logging_mixin.py:117} INFO - [2023-08-21T05:10:02.629+0000] {dag.py:3328} INFO - Setting next_dagrun for tbf_analysis_dag_v08 to 2023-08-21T00:00:00+00:00, run_after=2023-08-21T00:00:00+00:00
[2023-08-21T05:10:02.639+0000] {processor.py:178} INFO - Processing /opt/airflow/dags/tbf_analysis_dag_v08.py took 0.178 seconds
[2023-08-21T05:10:32.850+0000] {processor.py:156} INFO - Started process (PID=195) to work on /opt/airflow/dags/tbf_analysis_dag_v08.py
[2023-08-21T05:10:32.853+0000] {processor.py:758} INFO - Processing file /opt/airflow/dags/tbf_analysis_dag_v08.py for tasks to queue
[2023-08-21T05:10:32.855+0000] {logging_mixin.py:117} INFO - [2023-08-21T05:10:32.854+0000] {dagbag.py:525} INFO - Filling up the DagBag from /opt/airflow/dags/tbf_analysis_dag_v08.py
[2023-08-21T05:10:33.000+0000] {processor.py:768} INFO - DAG(s) dict_keys(['tbf_analysis_dag_v08']) retrieved from /opt/airflow/dags/tbf_analysis_dag_v08.py
[2023-08-21T05:10:33.020+0000] {logging_mixin.py:117} INFO - [2023-08-21T05:10:33.019+0000] {dag.py:2573} INFO - Sync 1 DAGs
[2023-08-21T05:10:33.034+0000] {logging_mixin.py:117} INFO - [2023-08-21T05:10:33.034+0000] {dag.py:3328} INFO - Setting next_dagrun for tbf_analysis_dag_v08 to 2023-08-21T00:00:00+00:00, run_after=2023-08-21T00:00:00+00:00
[2023-08-21T05:10:33.045+0000] {processor.py:178} INFO - Processing /opt/airflow/dags/tbf_analysis_dag_v08.py took 0.202 seconds
[2023-08-21T05:11:03.369+0000] {processor.py:156} INFO - Started process (PID=223) to work on /opt/airflow/dags/tbf_analysis_dag_v08.py
[2023-08-21T05:11:03.371+0000] {processor.py:758} INFO - Processing file /opt/airflow/dags/tbf_analysis_dag_v08.py for tasks to queue
[2023-08-21T05:11:03.372+0000] {logging_mixin.py:117} INFO - [2023-08-21T05:11:03.372+0000] {dagbag.py:525} INFO - Filling up the DagBag from /opt/airflow/dags/tbf_analysis_dag_v08.py
[2023-08-21T05:11:03.595+0000] {processor.py:768} INFO - DAG(s) dict_keys(['tbf_analysis_dag_v08']) retrieved from /opt/airflow/dags/tbf_analysis_dag_v08.py
[2023-08-21T05:11:03.629+0000] {logging_mixin.py:117} INFO - [2023-08-21T05:11:03.629+0000] {dag.py:2573} INFO - Sync 1 DAGs
[2023-08-21T05:11:03.651+0000] {logging_mixin.py:117} INFO - [2023-08-21T05:11:03.651+0000] {dag.py:3328} INFO - Setting next_dagrun for tbf_analysis_dag_v08 to 2023-08-21T00:00:00+00:00, run_after=2023-08-21T00:00:00+00:00
[2023-08-21T05:11:03.668+0000] {processor.py:178} INFO - Processing /opt/airflow/dags/tbf_analysis_dag_v08.py took 0.303 seconds
[2023-08-21T05:13:45.931+0000] {processor.py:156} INFO - Started process (PID=34) to work on /opt/airflow/dags/tbf_analysis_dag_v08.py
[2023-08-21T05:13:45.934+0000] {processor.py:758} INFO - Processing file /opt/airflow/dags/tbf_analysis_dag_v08.py for tasks to queue
[2023-08-21T05:13:45.936+0000] {logging_mixin.py:117} INFO - [2023-08-21T05:13:45.935+0000] {dagbag.py:525} INFO - Filling up the DagBag from /opt/airflow/dags/tbf_analysis_dag_v08.py
[2023-08-21T05:13:46.521+0000] {processor.py:768} INFO - DAG(s) dict_keys(['tbf_analysis_dag_v08']) retrieved from /opt/airflow/dags/tbf_analysis_dag_v08.py
[2023-08-21T05:13:46.585+0000] {logging_mixin.py:117} INFO - [2023-08-21T05:13:46.585+0000] {dag.py:2573} INFO - Sync 1 DAGs
[2023-08-21T05:13:46.601+0000] {logging_mixin.py:117} INFO - [2023-08-21T05:13:46.601+0000] {dag.py:3328} INFO - Setting next_dagrun for tbf_analysis_dag_v08 to 2023-08-21T00:00:00+00:00, run_after=2023-08-21T00:00:00+00:00
[2023-08-21T05:13:46.615+0000] {processor.py:178} INFO - Processing /opt/airflow/dags/tbf_analysis_dag_v08.py took 0.692 seconds
[2023-08-21T05:14:16.922+0000] {processor.py:156} INFO - Started process (PID=61) to work on /opt/airflow/dags/tbf_analysis_dag_v08.py
[2023-08-21T05:14:16.924+0000] {processor.py:758} INFO - Processing file /opt/airflow/dags/tbf_analysis_dag_v08.py for tasks to queue
[2023-08-21T05:14:16.925+0000] {logging_mixin.py:117} INFO - [2023-08-21T05:14:16.925+0000] {dagbag.py:525} INFO - Filling up the DagBag from /opt/airflow/dags/tbf_analysis_dag_v08.py
[2023-08-21T05:14:17.110+0000] {processor.py:768} INFO - DAG(s) dict_keys(['tbf_analysis_dag_v08']) retrieved from /opt/airflow/dags/tbf_analysis_dag_v08.py
[2023-08-21T05:14:17.134+0000] {logging_mixin.py:117} INFO - [2023-08-21T05:14:17.134+0000] {dag.py:2573} INFO - Sync 1 DAGs
[2023-08-21T05:14:17.151+0000] {logging_mixin.py:117} INFO - [2023-08-21T05:14:17.151+0000] {dag.py:3328} INFO - Setting next_dagrun for tbf_analysis_dag_v08 to 2023-08-21T00:00:00+00:00, run_after=2023-08-21T00:00:00+00:00
[2023-08-21T05:14:17.178+0000] {processor.py:178} INFO - Processing /opt/airflow/dags/tbf_analysis_dag_v08.py took 0.261 seconds
[2023-08-21T05:14:47.218+0000] {processor.py:156} INFO - Started process (PID=90) to work on /opt/airflow/dags/tbf_analysis_dag_v08.py
[2023-08-21T05:14:47.220+0000] {processor.py:758} INFO - Processing file /opt/airflow/dags/tbf_analysis_dag_v08.py for tasks to queue
[2023-08-21T05:14:47.221+0000] {logging_mixin.py:117} INFO - [2023-08-21T05:14:47.221+0000] {dagbag.py:525} INFO - Filling up the DagBag from /opt/airflow/dags/tbf_analysis_dag_v08.py
[2023-08-21T05:14:47.341+0000] {processor.py:768} INFO - DAG(s) dict_keys(['tbf_analysis_dag_v08']) retrieved from /opt/airflow/dags/tbf_analysis_dag_v08.py
[2023-08-21T05:14:47.363+0000] {logging_mixin.py:117} INFO - [2023-08-21T05:14:47.362+0000] {dag.py:2573} INFO - Sync 1 DAGs
[2023-08-21T05:14:47.378+0000] {logging_mixin.py:117} INFO - [2023-08-21T05:14:47.378+0000] {dag.py:3328} INFO - Setting next_dagrun for tbf_analysis_dag_v08 to 2023-08-21T00:00:00+00:00, run_after=2023-08-21T00:00:00+00:00
[2023-08-21T05:14:47.389+0000] {processor.py:178} INFO - Processing /opt/airflow/dags/tbf_analysis_dag_v08.py took 0.174 seconds
[2023-08-21T05:15:17.529+0000] {processor.py:156} INFO - Started process (PID=119) to work on /opt/airflow/dags/tbf_analysis_dag_v08.py
[2023-08-21T05:15:17.532+0000] {processor.py:758} INFO - Processing file /opt/airflow/dags/tbf_analysis_dag_v08.py for tasks to queue
[2023-08-21T05:15:17.535+0000] {logging_mixin.py:117} INFO - [2023-08-21T05:15:17.534+0000] {dagbag.py:525} INFO - Filling up the DagBag from /opt/airflow/dags/tbf_analysis_dag_v08.py
[2023-08-21T05:15:17.717+0000] {processor.py:768} INFO - DAG(s) dict_keys(['tbf_analysis_dag_v08']) retrieved from /opt/airflow/dags/tbf_analysis_dag_v08.py
[2023-08-21T05:15:17.739+0000] {logging_mixin.py:117} INFO - [2023-08-21T05:15:17.739+0000] {dag.py:2573} INFO - Sync 1 DAGs
[2023-08-21T05:15:17.757+0000] {logging_mixin.py:117} INFO - [2023-08-21T05:15:17.757+0000] {dag.py:3328} INFO - Setting next_dagrun for tbf_analysis_dag_v08 to 2023-08-21T00:00:00+00:00, run_after=2023-08-21T00:00:00+00:00
[2023-08-21T05:15:17.770+0000] {processor.py:178} INFO - Processing /opt/airflow/dags/tbf_analysis_dag_v08.py took 0.248 seconds
[2023-08-21T05:15:48.034+0000] {processor.py:156} INFO - Started process (PID=145) to work on /opt/airflow/dags/tbf_analysis_dag_v08.py
[2023-08-21T05:15:48.036+0000] {processor.py:758} INFO - Processing file /opt/airflow/dags/tbf_analysis_dag_v08.py for tasks to queue
[2023-08-21T05:15:48.037+0000] {logging_mixin.py:117} INFO - [2023-08-21T05:15:48.037+0000] {dagbag.py:525} INFO - Filling up the DagBag from /opt/airflow/dags/tbf_analysis_dag_v08.py
[2023-08-21T05:15:48.163+0000] {processor.py:768} INFO - DAG(s) dict_keys(['tbf_analysis_dag_v08']) retrieved from /opt/airflow/dags/tbf_analysis_dag_v08.py
[2023-08-21T05:15:48.182+0000] {logging_mixin.py:117} INFO - [2023-08-21T05:15:48.182+0000] {dag.py:2573} INFO - Sync 1 DAGs
[2023-08-21T05:15:48.195+0000] {logging_mixin.py:117} INFO - [2023-08-21T05:15:48.195+0000] {dag.py:3328} INFO - Setting next_dagrun for tbf_analysis_dag_v08 to 2023-08-21T00:00:00+00:00, run_after=2023-08-21T00:00:00+00:00
[2023-08-21T05:15:48.207+0000] {processor.py:178} INFO - Processing /opt/airflow/dags/tbf_analysis_dag_v08.py took 0.175 seconds
[2023-08-21T05:16:18.424+0000] {processor.py:156} INFO - Started process (PID=164) to work on /opt/airflow/dags/tbf_analysis_dag_v08.py
[2023-08-21T05:16:18.426+0000] {processor.py:758} INFO - Processing file /opt/airflow/dags/tbf_analysis_dag_v08.py for tasks to queue
[2023-08-21T05:16:18.428+0000] {logging_mixin.py:117} INFO - [2023-08-21T05:16:18.428+0000] {dagbag.py:525} INFO - Filling up the DagBag from /opt/airflow/dags/tbf_analysis_dag_v08.py
[2023-08-21T05:16:18.587+0000] {processor.py:768} INFO - DAG(s) dict_keys(['tbf_analysis_dag_v08']) retrieved from /opt/airflow/dags/tbf_analysis_dag_v08.py
[2023-08-21T05:16:18.617+0000] {logging_mixin.py:117} INFO - [2023-08-21T05:16:18.617+0000] {dag.py:2573} INFO - Sync 1 DAGs
[2023-08-21T05:16:18.645+0000] {logging_mixin.py:117} INFO - [2023-08-21T05:16:18.645+0000] {dag.py:3328} INFO - Setting next_dagrun for tbf_analysis_dag_v08 to 2023-08-21T00:00:00+00:00, run_after=2023-08-21T00:00:00+00:00
[2023-08-21T05:16:18.656+0000] {processor.py:178} INFO - Processing /opt/airflow/dags/tbf_analysis_dag_v08.py took 0.237 seconds
[2023-08-21T05:16:48.801+0000] {processor.py:156} INFO - Started process (PID=192) to work on /opt/airflow/dags/tbf_analysis_dag_v08.py
[2023-08-21T05:16:48.803+0000] {processor.py:758} INFO - Processing file /opt/airflow/dags/tbf_analysis_dag_v08.py for tasks to queue
[2023-08-21T05:16:48.804+0000] {logging_mixin.py:117} INFO - [2023-08-21T05:16:48.804+0000] {dagbag.py:525} INFO - Filling up the DagBag from /opt/airflow/dags/tbf_analysis_dag_v08.py
[2023-08-21T05:16:48.933+0000] {processor.py:768} INFO - DAG(s) dict_keys(['tbf_analysis_dag_v08']) retrieved from /opt/airflow/dags/tbf_analysis_dag_v08.py
[2023-08-21T05:16:48.953+0000] {logging_mixin.py:117} INFO - [2023-08-21T05:16:48.953+0000] {dag.py:2573} INFO - Sync 1 DAGs
[2023-08-21T05:16:48.968+0000] {logging_mixin.py:117} INFO - [2023-08-21T05:16:48.967+0000] {dag.py:3328} INFO - Setting next_dagrun for tbf_analysis_dag_v08 to 2023-08-21T00:00:00+00:00, run_after=2023-08-21T00:00:00+00:00
[2023-08-21T05:16:48.978+0000] {processor.py:178} INFO - Processing /opt/airflow/dags/tbf_analysis_dag_v08.py took 0.180 seconds
[2023-08-21T05:17:19.275+0000] {processor.py:156} INFO - Started process (PID=220) to work on /opt/airflow/dags/tbf_analysis_dag_v08.py
[2023-08-21T05:17:19.278+0000] {processor.py:758} INFO - Processing file /opt/airflow/dags/tbf_analysis_dag_v08.py for tasks to queue
[2023-08-21T05:17:19.280+0000] {logging_mixin.py:117} INFO - [2023-08-21T05:17:19.280+0000] {dagbag.py:525} INFO - Filling up the DagBag from /opt/airflow/dags/tbf_analysis_dag_v08.py
[2023-08-21T05:17:19.436+0000] {processor.py:768} INFO - DAG(s) dict_keys(['tbf_analysis_dag_v08']) retrieved from /opt/airflow/dags/tbf_analysis_dag_v08.py
[2023-08-21T05:17:19.457+0000] {logging_mixin.py:117} INFO - [2023-08-21T05:17:19.457+0000] {dag.py:2573} INFO - Sync 1 DAGs
[2023-08-21T05:17:19.476+0000] {logging_mixin.py:117} INFO - [2023-08-21T05:17:19.476+0000] {dag.py:3328} INFO - Setting next_dagrun for tbf_analysis_dag_v08 to 2023-08-21T00:00:00+00:00, run_after=2023-08-21T00:00:00+00:00
[2023-08-21T05:17:19.491+0000] {processor.py:178} INFO - Processing /opt/airflow/dags/tbf_analysis_dag_v08.py took 0.222 seconds
[2023-08-21T05:17:49.550+0000] {processor.py:156} INFO - Started process (PID=248) to work on /opt/airflow/dags/tbf_analysis_dag_v08.py
[2023-08-21T05:17:49.552+0000] {processor.py:758} INFO - Processing file /opt/airflow/dags/tbf_analysis_dag_v08.py for tasks to queue
[2023-08-21T05:17:49.554+0000] {logging_mixin.py:117} INFO - [2023-08-21T05:17:49.553+0000] {dagbag.py:525} INFO - Filling up the DagBag from /opt/airflow/dags/tbf_analysis_dag_v08.py
[2023-08-21T05:17:49.671+0000] {processor.py:768} INFO - DAG(s) dict_keys(['tbf_analysis_dag_v08']) retrieved from /opt/airflow/dags/tbf_analysis_dag_v08.py
[2023-08-21T05:17:49.689+0000] {logging_mixin.py:117} INFO - [2023-08-21T05:17:49.689+0000] {dag.py:2573} INFO - Sync 1 DAGs
[2023-08-21T05:17:49.703+0000] {logging_mixin.py:117} INFO - [2023-08-21T05:17:49.702+0000] {dag.py:3328} INFO - Setting next_dagrun for tbf_analysis_dag_v08 to 2023-08-21T00:00:00+00:00, run_after=2023-08-21T00:00:00+00:00
[2023-08-21T05:17:49.713+0000] {processor.py:178} INFO - Processing /opt/airflow/dags/tbf_analysis_dag_v08.py took 0.167 seconds
[2023-08-21T05:18:19.908+0000] {processor.py:156} INFO - Started process (PID=275) to work on /opt/airflow/dags/tbf_analysis_dag_v08.py
[2023-08-21T05:18:19.911+0000] {processor.py:758} INFO - Processing file /opt/airflow/dags/tbf_analysis_dag_v08.py for tasks to queue
[2023-08-21T05:18:19.913+0000] {logging_mixin.py:117} INFO - [2023-08-21T05:18:19.912+0000] {dagbag.py:525} INFO - Filling up the DagBag from /opt/airflow/dags/tbf_analysis_dag_v08.py
[2023-08-21T05:18:20.059+0000] {processor.py:768} INFO - DAG(s) dict_keys(['tbf_analysis_dag_v08']) retrieved from /opt/airflow/dags/tbf_analysis_dag_v08.py
[2023-08-21T05:18:20.079+0000] {logging_mixin.py:117} INFO - [2023-08-21T05:18:20.079+0000] {dag.py:2573} INFO - Sync 1 DAGs
[2023-08-21T05:18:20.094+0000] {logging_mixin.py:117} INFO - [2023-08-21T05:18:20.094+0000] {dag.py:3328} INFO - Setting next_dagrun for tbf_analysis_dag_v08 to 2023-08-21T00:00:00+00:00, run_after=2023-08-21T00:00:00+00:00
[2023-08-21T05:18:20.105+0000] {processor.py:178} INFO - Processing /opt/airflow/dags/tbf_analysis_dag_v08.py took 0.202 seconds
[2023-08-21T05:18:50.240+0000] {processor.py:156} INFO - Started process (PID=303) to work on /opt/airflow/dags/tbf_analysis_dag_v08.py
[2023-08-21T05:18:50.241+0000] {processor.py:758} INFO - Processing file /opt/airflow/dags/tbf_analysis_dag_v08.py for tasks to queue
[2023-08-21T05:18:50.242+0000] {logging_mixin.py:117} INFO - [2023-08-21T05:18:50.242+0000] {dagbag.py:525} INFO - Filling up the DagBag from /opt/airflow/dags/tbf_analysis_dag_v08.py
[2023-08-21T05:18:50.357+0000] {processor.py:768} INFO - DAG(s) dict_keys(['tbf_analysis_dag_v08']) retrieved from /opt/airflow/dags/tbf_analysis_dag_v08.py
[2023-08-21T05:18:50.375+0000] {logging_mixin.py:117} INFO - [2023-08-21T05:18:50.375+0000] {dag.py:2573} INFO - Sync 1 DAGs
[2023-08-21T05:18:50.389+0000] {logging_mixin.py:117} INFO - [2023-08-21T05:18:50.388+0000] {dag.py:3328} INFO - Setting next_dagrun for tbf_analysis_dag_v08 to 2023-08-21T00:00:00+00:00, run_after=2023-08-21T00:00:00+00:00
[2023-08-21T05:18:50.399+0000] {processor.py:178} INFO - Processing /opt/airflow/dags/tbf_analysis_dag_v08.py took 0.162 seconds
[2023-08-21T05:19:20.801+0000] {processor.py:156} INFO - Started process (PID=331) to work on /opt/airflow/dags/tbf_analysis_dag_v08.py
[2023-08-21T05:19:20.803+0000] {processor.py:758} INFO - Processing file /opt/airflow/dags/tbf_analysis_dag_v08.py for tasks to queue
[2023-08-21T05:19:20.804+0000] {logging_mixin.py:117} INFO - [2023-08-21T05:19:20.804+0000] {dagbag.py:525} INFO - Filling up the DagBag from /opt/airflow/dags/tbf_analysis_dag_v08.py
[2023-08-21T05:19:20.926+0000] {processor.py:768} INFO - DAG(s) dict_keys(['tbf_analysis_dag_v08']) retrieved from /opt/airflow/dags/tbf_analysis_dag_v08.py
[2023-08-21T05:19:20.945+0000] {logging_mixin.py:117} INFO - [2023-08-21T05:19:20.945+0000] {dag.py:2573} INFO - Sync 1 DAGs
[2023-08-21T05:19:20.958+0000] {logging_mixin.py:117} INFO - [2023-08-21T05:19:20.958+0000] {dag.py:3328} INFO - Setting next_dagrun for tbf_analysis_dag_v08 to 2023-08-21T00:00:00+00:00, run_after=2023-08-21T00:00:00+00:00
[2023-08-21T05:19:20.969+0000] {processor.py:178} INFO - Processing /opt/airflow/dags/tbf_analysis_dag_v08.py took 0.171 seconds
[2023-08-21T05:19:51.204+0000] {processor.py:156} INFO - Started process (PID=351) to work on /opt/airflow/dags/tbf_analysis_dag_v08.py
[2023-08-21T05:19:51.208+0000] {processor.py:758} INFO - Processing file /opt/airflow/dags/tbf_analysis_dag_v08.py for tasks to queue
[2023-08-21T05:19:51.210+0000] {logging_mixin.py:117} INFO - [2023-08-21T05:19:51.210+0000] {dagbag.py:525} INFO - Filling up the DagBag from /opt/airflow/dags/tbf_analysis_dag_v08.py
[2023-08-21T05:19:51.394+0000] {processor.py:768} INFO - DAG(s) dict_keys(['tbf_analysis_dag_v08']) retrieved from /opt/airflow/dags/tbf_analysis_dag_v08.py
[2023-08-21T05:19:51.418+0000] {logging_mixin.py:117} INFO - [2023-08-21T05:19:51.418+0000] {dag.py:2573} INFO - Sync 1 DAGs
[2023-08-21T05:19:51.433+0000] {logging_mixin.py:117} INFO - [2023-08-21T05:19:51.433+0000] {dag.py:3328} INFO - Setting next_dagrun for tbf_analysis_dag_v08 to 2023-08-21T00:00:00+00:00, run_after=2023-08-21T00:00:00+00:00
[2023-08-21T05:19:51.443+0000] {processor.py:178} INFO - Processing /opt/airflow/dags/tbf_analysis_dag_v08.py took 0.247 seconds
[2023-08-21T05:20:21.648+0000] {processor.py:156} INFO - Started process (PID=380) to work on /opt/airflow/dags/tbf_analysis_dag_v08.py
[2023-08-21T05:20:21.650+0000] {processor.py:758} INFO - Processing file /opt/airflow/dags/tbf_analysis_dag_v08.py for tasks to queue
[2023-08-21T05:20:21.652+0000] {logging_mixin.py:117} INFO - [2023-08-21T05:20:21.652+0000] {dagbag.py:525} INFO - Filling up the DagBag from /opt/airflow/dags/tbf_analysis_dag_v08.py
[2023-08-21T05:20:21.789+0000] {processor.py:768} INFO - DAG(s) dict_keys(['tbf_analysis_dag_v08']) retrieved from /opt/airflow/dags/tbf_analysis_dag_v08.py
[2023-08-21T05:20:21.809+0000] {logging_mixin.py:117} INFO - [2023-08-21T05:20:21.808+0000] {dag.py:2573} INFO - Sync 1 DAGs
[2023-08-21T05:20:21.822+0000] {logging_mixin.py:117} INFO - [2023-08-21T05:20:21.822+0000] {dag.py:3328} INFO - Setting next_dagrun for tbf_analysis_dag_v08 to 2023-08-21T00:00:00+00:00, run_after=2023-08-21T00:00:00+00:00
[2023-08-21T05:20:21.832+0000] {processor.py:178} INFO - Processing /opt/airflow/dags/tbf_analysis_dag_v08.py took 0.191 seconds
[2023-08-21T05:20:52.169+0000] {processor.py:156} INFO - Started process (PID=408) to work on /opt/airflow/dags/tbf_analysis_dag_v08.py
[2023-08-21T05:20:52.171+0000] {processor.py:758} INFO - Processing file /opt/airflow/dags/tbf_analysis_dag_v08.py for tasks to queue
[2023-08-21T05:20:52.171+0000] {logging_mixin.py:117} INFO - [2023-08-21T05:20:52.171+0000] {dagbag.py:525} INFO - Filling up the DagBag from /opt/airflow/dags/tbf_analysis_dag_v08.py
[2023-08-21T05:20:52.299+0000] {processor.py:768} INFO - DAG(s) dict_keys(['tbf_analysis_dag_v08']) retrieved from /opt/airflow/dags/tbf_analysis_dag_v08.py
[2023-08-21T05:20:52.317+0000] {logging_mixin.py:117} INFO - [2023-08-21T05:20:52.317+0000] {dag.py:2573} INFO - Sync 1 DAGs
[2023-08-21T05:20:52.332+0000] {logging_mixin.py:117} INFO - [2023-08-21T05:20:52.332+0000] {dag.py:3328} INFO - Setting next_dagrun for tbf_analysis_dag_v08 to 2023-08-21T00:00:00+00:00, run_after=2023-08-21T00:00:00+00:00
[2023-08-21T05:20:52.345+0000] {processor.py:178} INFO - Processing /opt/airflow/dags/tbf_analysis_dag_v08.py took 0.179 seconds
[2023-08-21T05:21:22.531+0000] {processor.py:156} INFO - Started process (PID=436) to work on /opt/airflow/dags/tbf_analysis_dag_v08.py
[2023-08-21T05:21:22.534+0000] {processor.py:758} INFO - Processing file /opt/airflow/dags/tbf_analysis_dag_v08.py for tasks to queue
[2023-08-21T05:21:22.535+0000] {logging_mixin.py:117} INFO - [2023-08-21T05:21:22.535+0000] {dagbag.py:525} INFO - Filling up the DagBag from /opt/airflow/dags/tbf_analysis_dag_v08.py
[2023-08-21T05:21:22.696+0000] {processor.py:768} INFO - DAG(s) dict_keys(['tbf_analysis_dag_v08']) retrieved from /opt/airflow/dags/tbf_analysis_dag_v08.py
[2023-08-21T05:21:22.717+0000] {logging_mixin.py:117} INFO - [2023-08-21T05:21:22.717+0000] {dag.py:2573} INFO - Sync 1 DAGs
[2023-08-21T05:21:22.732+0000] {logging_mixin.py:117} INFO - [2023-08-21T05:21:22.732+0000] {dag.py:3328} INFO - Setting next_dagrun for tbf_analysis_dag_v08 to 2023-08-21T00:00:00+00:00, run_after=2023-08-21T00:00:00+00:00
[2023-08-21T05:21:22.743+0000] {processor.py:178} INFO - Processing /opt/airflow/dags/tbf_analysis_dag_v08.py took 0.220 seconds
[2023-08-21T05:21:52.958+0000] {processor.py:156} INFO - Started process (PID=463) to work on /opt/airflow/dags/tbf_analysis_dag_v08.py
[2023-08-21T05:21:52.960+0000] {processor.py:758} INFO - Processing file /opt/airflow/dags/tbf_analysis_dag_v08.py for tasks to queue
[2023-08-21T05:21:52.961+0000] {logging_mixin.py:117} INFO - [2023-08-21T05:21:52.961+0000] {dagbag.py:525} INFO - Filling up the DagBag from /opt/airflow/dags/tbf_analysis_dag_v08.py
[2023-08-21T05:21:53.120+0000] {processor.py:768} INFO - DAG(s) dict_keys(['tbf_analysis_dag_v08']) retrieved from /opt/airflow/dags/tbf_analysis_dag_v08.py
[2023-08-21T05:21:53.141+0000] {logging_mixin.py:117} INFO - [2023-08-21T05:21:53.141+0000] {dag.py:2573} INFO - Sync 1 DAGs
[2023-08-21T05:21:53.158+0000] {logging_mixin.py:117} INFO - [2023-08-21T05:21:53.157+0000] {dag.py:3328} INFO - Setting next_dagrun for tbf_analysis_dag_v08 to 2023-08-21T00:00:00+00:00, run_after=2023-08-21T00:00:00+00:00
[2023-08-21T05:21:53.170+0000] {processor.py:178} INFO - Processing /opt/airflow/dags/tbf_analysis_dag_v08.py took 0.216 seconds
[2023-08-21T05:22:23.264+0000] {processor.py:156} INFO - Started process (PID=491) to work on /opt/airflow/dags/tbf_analysis_dag_v08.py
[2023-08-21T05:22:23.267+0000] {processor.py:758} INFO - Processing file /opt/airflow/dags/tbf_analysis_dag_v08.py for tasks to queue
[2023-08-21T05:22:23.269+0000] {logging_mixin.py:117} INFO - [2023-08-21T05:22:23.268+0000] {dagbag.py:525} INFO - Filling up the DagBag from /opt/airflow/dags/tbf_analysis_dag_v08.py
[2023-08-21T05:22:23.417+0000] {processor.py:768} INFO - DAG(s) dict_keys(['tbf_analysis_dag_v08']) retrieved from /opt/airflow/dags/tbf_analysis_dag_v08.py
[2023-08-21T05:22:23.436+0000] {logging_mixin.py:117} INFO - [2023-08-21T05:22:23.436+0000] {dag.py:2573} INFO - Sync 1 DAGs
[2023-08-21T05:22:23.450+0000] {logging_mixin.py:117} INFO - [2023-08-21T05:22:23.450+0000] {dag.py:3328} INFO - Setting next_dagrun for tbf_analysis_dag_v08 to 2023-08-21T00:00:00+00:00, run_after=2023-08-21T00:00:00+00:00
[2023-08-21T05:22:23.460+0000] {processor.py:178} INFO - Processing /opt/airflow/dags/tbf_analysis_dag_v08.py took 0.200 seconds
[2023-08-21T05:22:53.811+0000] {processor.py:156} INFO - Started process (PID=520) to work on /opt/airflow/dags/tbf_analysis_dag_v08.py
[2023-08-21T05:22:53.813+0000] {processor.py:758} INFO - Processing file /opt/airflow/dags/tbf_analysis_dag_v08.py for tasks to queue
[2023-08-21T05:22:53.814+0000] {logging_mixin.py:117} INFO - [2023-08-21T05:22:53.813+0000] {dagbag.py:525} INFO - Filling up the DagBag from /opt/airflow/dags/tbf_analysis_dag_v08.py
[2023-08-21T05:22:53.959+0000] {processor.py:768} INFO - DAG(s) dict_keys(['tbf_analysis_dag_v08']) retrieved from /opt/airflow/dags/tbf_analysis_dag_v08.py
[2023-08-21T05:22:53.981+0000] {logging_mixin.py:117} INFO - [2023-08-21T05:22:53.980+0000] {dag.py:2573} INFO - Sync 1 DAGs
[2023-08-21T05:22:53.997+0000] {logging_mixin.py:117} INFO - [2023-08-21T05:22:53.997+0000] {dag.py:3328} INFO - Setting next_dagrun for tbf_analysis_dag_v08 to 2023-08-21T00:00:00+00:00, run_after=2023-08-21T00:00:00+00:00
[2023-08-21T05:22:54.009+0000] {processor.py:178} INFO - Processing /opt/airflow/dags/tbf_analysis_dag_v08.py took 0.201 seconds
[2023-08-21T05:23:24.189+0000] {processor.py:156} INFO - Started process (PID=539) to work on /opt/airflow/dags/tbf_analysis_dag_v08.py
[2023-08-21T05:23:24.194+0000] {processor.py:758} INFO - Processing file /opt/airflow/dags/tbf_analysis_dag_v08.py for tasks to queue
[2023-08-21T05:23:24.195+0000] {logging_mixin.py:117} INFO - [2023-08-21T05:23:24.195+0000] {dagbag.py:525} INFO - Filling up the DagBag from /opt/airflow/dags/tbf_analysis_dag_v08.py
[2023-08-21T05:23:24.344+0000] {processor.py:768} INFO - DAG(s) dict_keys(['tbf_analysis_dag_v08']) retrieved from /opt/airflow/dags/tbf_analysis_dag_v08.py
[2023-08-21T05:23:24.364+0000] {logging_mixin.py:117} INFO - [2023-08-21T05:23:24.364+0000] {dag.py:2573} INFO - Sync 1 DAGs
[2023-08-21T05:23:24.379+0000] {logging_mixin.py:117} INFO - [2023-08-21T05:23:24.379+0000] {dag.py:3328} INFO - Setting next_dagrun for tbf_analysis_dag_v08 to 2023-08-21T00:00:00+00:00, run_after=2023-08-21T00:00:00+00:00
[2023-08-21T05:23:24.390+0000] {processor.py:178} INFO - Processing /opt/airflow/dags/tbf_analysis_dag_v08.py took 0.207 seconds
[2023-08-21T05:23:54.649+0000] {processor.py:156} INFO - Started process (PID=566) to work on /opt/airflow/dags/tbf_analysis_dag_v08.py
[2023-08-21T05:23:54.652+0000] {processor.py:758} INFO - Processing file /opt/airflow/dags/tbf_analysis_dag_v08.py for tasks to queue
[2023-08-21T05:23:54.654+0000] {logging_mixin.py:117} INFO - [2023-08-21T05:23:54.653+0000] {dagbag.py:525} INFO - Filling up the DagBag from /opt/airflow/dags/tbf_analysis_dag_v08.py
[2023-08-21T05:23:54.809+0000] {processor.py:768} INFO - DAG(s) dict_keys(['tbf_analysis_dag_v08']) retrieved from /opt/airflow/dags/tbf_analysis_dag_v08.py
[2023-08-21T05:23:54.829+0000] {logging_mixin.py:117} INFO - [2023-08-21T05:23:54.829+0000] {dag.py:2573} INFO - Sync 1 DAGs
[2023-08-21T05:23:54.845+0000] {logging_mixin.py:117} INFO - [2023-08-21T05:23:54.844+0000] {dag.py:3328} INFO - Setting next_dagrun for tbf_analysis_dag_v08 to 2023-08-21T00:00:00+00:00, run_after=2023-08-21T00:00:00+00:00
[2023-08-21T05:23:54.855+0000] {processor.py:178} INFO - Processing /opt/airflow/dags/tbf_analysis_dag_v08.py took 0.211 seconds
[2023-08-21T05:24:24.926+0000] {processor.py:156} INFO - Started process (PID=595) to work on /opt/airflow/dags/tbf_analysis_dag_v08.py
[2023-08-21T05:24:24.927+0000] {processor.py:758} INFO - Processing file /opt/airflow/dags/tbf_analysis_dag_v08.py for tasks to queue
[2023-08-21T05:24:24.927+0000] {logging_mixin.py:117} INFO - [2023-08-21T05:24:24.927+0000] {dagbag.py:525} INFO - Filling up the DagBag from /opt/airflow/dags/tbf_analysis_dag_v08.py
[2023-08-21T05:24:25.040+0000] {processor.py:768} INFO - DAG(s) dict_keys(['tbf_analysis_dag_v08']) retrieved from /opt/airflow/dags/tbf_analysis_dag_v08.py
[2023-08-21T05:24:25.058+0000] {logging_mixin.py:117} INFO - [2023-08-21T05:24:25.058+0000] {dag.py:2573} INFO - Sync 1 DAGs
[2023-08-21T05:24:25.070+0000] {logging_mixin.py:117} INFO - [2023-08-21T05:24:25.070+0000] {dag.py:3328} INFO - Setting next_dagrun for tbf_analysis_dag_v08 to 2023-08-21T00:00:00+00:00, run_after=2023-08-21T00:00:00+00:00
[2023-08-21T05:24:25.081+0000] {processor.py:178} INFO - Processing /opt/airflow/dags/tbf_analysis_dag_v08.py took 0.158 seconds
[2023-08-21T06:01:18.690+0000] {processor.py:156} INFO - Started process (PID=34) to work on /opt/airflow/dags/tbf_analysis_dag_v08.py
[2023-08-21T06:01:18.695+0000] {processor.py:758} INFO - Processing file /opt/airflow/dags/tbf_analysis_dag_v08.py for tasks to queue
[2023-08-21T06:01:18.702+0000] {logging_mixin.py:117} INFO - [2023-08-21T06:01:18.702+0000] {dagbag.py:525} INFO - Filling up the DagBag from /opt/airflow/dags/tbf_analysis_dag_v08.py
[2023-08-21T06:01:19.379+0000] {processor.py:768} INFO - DAG(s) dict_keys(['tbf_analysis_dag_v08']) retrieved from /opt/airflow/dags/tbf_analysis_dag_v08.py
[2023-08-21T06:01:19.421+0000] {logging_mixin.py:117} INFO - [2023-08-21T06:01:19.421+0000] {dag.py:2573} INFO - Sync 1 DAGs
[2023-08-21T06:01:19.436+0000] {logging_mixin.py:117} INFO - [2023-08-21T06:01:19.435+0000] {dag.py:3328} INFO - Setting next_dagrun for tbf_analysis_dag_v08 to 2023-08-21T00:00:00+00:00, run_after=2023-08-21T00:00:00+00:00
[2023-08-21T06:01:19.450+0000] {processor.py:178} INFO - Processing /opt/airflow/dags/tbf_analysis_dag_v08.py took 0.762 seconds
[2023-08-21T06:01:49.878+0000] {processor.py:156} INFO - Started process (PID=63) to work on /opt/airflow/dags/tbf_analysis_dag_v08.py
[2023-08-21T06:01:49.884+0000] {processor.py:758} INFO - Processing file /opt/airflow/dags/tbf_analysis_dag_v08.py for tasks to queue
[2023-08-21T06:01:49.889+0000] {logging_mixin.py:117} INFO - [2023-08-21T06:01:49.889+0000] {dagbag.py:525} INFO - Filling up the DagBag from /opt/airflow/dags/tbf_analysis_dag_v08.py
[2023-08-21T06:01:50.105+0000] {processor.py:768} INFO - DAG(s) dict_keys(['tbf_analysis_dag_v08']) retrieved from /opt/airflow/dags/tbf_analysis_dag_v08.py
[2023-08-21T06:01:50.129+0000] {logging_mixin.py:117} INFO - [2023-08-21T06:01:50.129+0000] {dag.py:2573} INFO - Sync 1 DAGs
[2023-08-21T06:01:50.144+0000] {logging_mixin.py:117} INFO - [2023-08-21T06:01:50.144+0000] {dag.py:3328} INFO - Setting next_dagrun for tbf_analysis_dag_v08 to 2023-08-21T00:00:00+00:00, run_after=2023-08-21T00:00:00+00:00
[2023-08-21T06:01:50.157+0000] {processor.py:178} INFO - Processing /opt/airflow/dags/tbf_analysis_dag_v08.py took 0.286 seconds
[2023-08-21T06:02:20.436+0000] {processor.py:156} INFO - Started process (PID=92) to work on /opt/airflow/dags/tbf_analysis_dag_v08.py
[2023-08-21T06:02:20.438+0000] {processor.py:758} INFO - Processing file /opt/airflow/dags/tbf_analysis_dag_v08.py for tasks to queue
[2023-08-21T06:02:20.439+0000] {logging_mixin.py:117} INFO - [2023-08-21T06:02:20.439+0000] {dagbag.py:525} INFO - Filling up the DagBag from /opt/airflow/dags/tbf_analysis_dag_v08.py
[2023-08-21T06:02:20.670+0000] {processor.py:768} INFO - DAG(s) dict_keys(['tbf_analysis_dag_v08']) retrieved from /opt/airflow/dags/tbf_analysis_dag_v08.py
[2023-08-21T06:02:20.699+0000] {logging_mixin.py:117} INFO - [2023-08-21T06:02:20.699+0000] {dag.py:2573} INFO - Sync 1 DAGs
[2023-08-21T06:02:20.718+0000] {logging_mixin.py:117} INFO - [2023-08-21T06:02:20.718+0000] {dag.py:3328} INFO - Setting next_dagrun for tbf_analysis_dag_v08 to 2023-08-21T00:00:00+00:00, run_after=2023-08-21T00:00:00+00:00
[2023-08-21T06:02:20.729+0000] {processor.py:178} INFO - Processing /opt/airflow/dags/tbf_analysis_dag_v08.py took 0.298 seconds
[2023-08-21T06:02:50.956+0000] {processor.py:156} INFO - Started process (PID=121) to work on /opt/airflow/dags/tbf_analysis_dag_v08.py
[2023-08-21T06:02:50.958+0000] {processor.py:758} INFO - Processing file /opt/airflow/dags/tbf_analysis_dag_v08.py for tasks to queue
[2023-08-21T06:02:50.959+0000] {logging_mixin.py:117} INFO - [2023-08-21T06:02:50.959+0000] {dagbag.py:525} INFO - Filling up the DagBag from /opt/airflow/dags/tbf_analysis_dag_v08.py
[2023-08-21T06:02:51.152+0000] {processor.py:768} INFO - DAG(s) dict_keys(['tbf_analysis_dag_v08']) retrieved from /opt/airflow/dags/tbf_analysis_dag_v08.py
[2023-08-21T06:02:51.176+0000] {logging_mixin.py:117} INFO - [2023-08-21T06:02:51.176+0000] {dag.py:2573} INFO - Sync 1 DAGs
[2023-08-21T06:02:51.192+0000] {logging_mixin.py:117} INFO - [2023-08-21T06:02:51.192+0000] {dag.py:3328} INFO - Setting next_dagrun for tbf_analysis_dag_v08 to 2023-08-21T00:00:00+00:00, run_after=2023-08-21T00:00:00+00:00
[2023-08-21T06:02:51.207+0000] {processor.py:178} INFO - Processing /opt/airflow/dags/tbf_analysis_dag_v08.py took 0.255 seconds
[2023-08-21T06:03:21.535+0000] {processor.py:156} INFO - Started process (PID=150) to work on /opt/airflow/dags/tbf_analysis_dag_v08.py
[2023-08-21T06:03:21.537+0000] {processor.py:758} INFO - Processing file /opt/airflow/dags/tbf_analysis_dag_v08.py for tasks to queue
[2023-08-21T06:03:21.539+0000] {logging_mixin.py:117} INFO - [2023-08-21T06:03:21.538+0000] {dagbag.py:525} INFO - Filling up the DagBag from /opt/airflow/dags/tbf_analysis_dag_v08.py
[2023-08-21T06:03:21.804+0000] {processor.py:768} INFO - DAG(s) dict_keys(['tbf_analysis_dag_v08']) retrieved from /opt/airflow/dags/tbf_analysis_dag_v08.py
[2023-08-21T06:03:21.837+0000] {logging_mixin.py:117} INFO - [2023-08-21T06:03:21.837+0000] {dag.py:2573} INFO - Sync 1 DAGs
[2023-08-21T06:03:21.876+0000] {logging_mixin.py:117} INFO - [2023-08-21T06:03:21.875+0000] {dag.py:3328} INFO - Setting next_dagrun for tbf_analysis_dag_v08 to 2023-08-21T00:00:00+00:00, run_after=2023-08-21T00:00:00+00:00
[2023-08-21T06:03:21.902+0000] {processor.py:178} INFO - Processing /opt/airflow/dags/tbf_analysis_dag_v08.py took 0.372 seconds
[2023-08-21T06:06:44.061+0000] {processor.py:156} INFO - Started process (PID=34) to work on /opt/airflow/dags/tbf_analysis_dag_v08.py
[2023-08-21T06:06:44.063+0000] {processor.py:758} INFO - Processing file /opt/airflow/dags/tbf_analysis_dag_v08.py for tasks to queue
[2023-08-21T06:06:44.064+0000] {logging_mixin.py:117} INFO - [2023-08-21T06:06:44.064+0000] {dagbag.py:525} INFO - Filling up the DagBag from /opt/airflow/dags/tbf_analysis_dag_v08.py
[2023-08-21T06:06:44.921+0000] {processor.py:768} INFO - DAG(s) dict_keys(['tbf_analysis_dag_v08']) retrieved from /opt/airflow/dags/tbf_analysis_dag_v08.py
[2023-08-21T06:06:44.994+0000] {logging_mixin.py:117} INFO - [2023-08-21T06:06:44.993+0000] {dag.py:2573} INFO - Sync 1 DAGs
[2023-08-21T06:06:45.017+0000] {logging_mixin.py:117} INFO - [2023-08-21T06:06:45.016+0000] {dag.py:3328} INFO - Setting next_dagrun for tbf_analysis_dag_v08 to 2023-08-21T00:00:00+00:00, run_after=2023-08-21T00:00:00+00:00
[2023-08-21T06:06:45.042+0000] {processor.py:178} INFO - Processing /opt/airflow/dags/tbf_analysis_dag_v08.py took 0.998 seconds
[2023-08-21T06:07:15.380+0000] {processor.py:156} INFO - Started process (PID=62) to work on /opt/airflow/dags/tbf_analysis_dag_v08.py
[2023-08-21T06:07:15.381+0000] {processor.py:758} INFO - Processing file /opt/airflow/dags/tbf_analysis_dag_v08.py for tasks to queue
[2023-08-21T06:07:15.382+0000] {logging_mixin.py:117} INFO - [2023-08-21T06:07:15.382+0000] {dagbag.py:525} INFO - Filling up the DagBag from /opt/airflow/dags/tbf_analysis_dag_v08.py
[2023-08-21T06:07:15.572+0000] {processor.py:768} INFO - DAG(s) dict_keys(['tbf_analysis_dag_v08']) retrieved from /opt/airflow/dags/tbf_analysis_dag_v08.py
[2023-08-21T06:07:15.593+0000] {logging_mixin.py:117} INFO - [2023-08-21T06:07:15.593+0000] {dag.py:2573} INFO - Sync 1 DAGs
[2023-08-21T06:07:15.609+0000] {logging_mixin.py:117} INFO - [2023-08-21T06:07:15.608+0000] {dag.py:3328} INFO - Setting next_dagrun for tbf_analysis_dag_v08 to 2023-08-21T00:00:00+00:00, run_after=2023-08-21T00:00:00+00:00
[2023-08-21T06:07:15.626+0000] {processor.py:178} INFO - Processing /opt/airflow/dags/tbf_analysis_dag_v08.py took 0.250 seconds
[2023-08-21T06:07:45.750+0000] {processor.py:156} INFO - Started process (PID=91) to work on /opt/airflow/dags/tbf_analysis_dag_v08.py
[2023-08-21T06:07:45.752+0000] {processor.py:758} INFO - Processing file /opt/airflow/dags/tbf_analysis_dag_v08.py for tasks to queue
[2023-08-21T06:07:45.753+0000] {logging_mixin.py:117} INFO - [2023-08-21T06:07:45.753+0000] {dagbag.py:525} INFO - Filling up the DagBag from /opt/airflow/dags/tbf_analysis_dag_v08.py
[2023-08-21T06:07:45.899+0000] {processor.py:768} INFO - DAG(s) dict_keys(['tbf_analysis_dag_v08']) retrieved from /opt/airflow/dags/tbf_analysis_dag_v08.py
[2023-08-21T06:07:45.920+0000] {logging_mixin.py:117} INFO - [2023-08-21T06:07:45.920+0000] {dag.py:2573} INFO - Sync 1 DAGs
[2023-08-21T06:07:45.935+0000] {logging_mixin.py:117} INFO - [2023-08-21T06:07:45.935+0000] {dag.py:3328} INFO - Setting next_dagrun for tbf_analysis_dag_v08 to 2023-08-21T00:00:00+00:00, run_after=2023-08-21T00:00:00+00:00
[2023-08-21T06:07:45.947+0000] {processor.py:178} INFO - Processing /opt/airflow/dags/tbf_analysis_dag_v08.py took 0.200 seconds
[2023-08-21T06:08:16.185+0000] {processor.py:156} INFO - Started process (PID=119) to work on /opt/airflow/dags/tbf_analysis_dag_v08.py
[2023-08-21T06:08:16.186+0000] {processor.py:758} INFO - Processing file /opt/airflow/dags/tbf_analysis_dag_v08.py for tasks to queue
[2023-08-21T06:08:16.187+0000] {logging_mixin.py:117} INFO - [2023-08-21T06:08:16.187+0000] {dagbag.py:525} INFO - Filling up the DagBag from /opt/airflow/dags/tbf_analysis_dag_v08.py
[2023-08-21T06:08:16.358+0000] {processor.py:768} INFO - DAG(s) dict_keys(['tbf_analysis_dag_v08']) retrieved from /opt/airflow/dags/tbf_analysis_dag_v08.py
[2023-08-21T06:08:16.379+0000] {logging_mixin.py:117} INFO - [2023-08-21T06:08:16.379+0000] {dag.py:2573} INFO - Sync 1 DAGs
[2023-08-21T06:08:16.394+0000] {logging_mixin.py:117} INFO - [2023-08-21T06:08:16.394+0000] {dag.py:3328} INFO - Setting next_dagrun for tbf_analysis_dag_v08 to 2023-08-21T00:00:00+00:00, run_after=2023-08-21T00:00:00+00:00
[2023-08-21T06:08:16.405+0000] {processor.py:178} INFO - Processing /opt/airflow/dags/tbf_analysis_dag_v08.py took 0.223 seconds
[2023-08-21T06:08:46.468+0000] {processor.py:156} INFO - Started process (PID=146) to work on /opt/airflow/dags/tbf_analysis_dag_v08.py
[2023-08-21T06:08:46.470+0000] {processor.py:758} INFO - Processing file /opt/airflow/dags/tbf_analysis_dag_v08.py for tasks to queue
[2023-08-21T06:08:46.470+0000] {logging_mixin.py:117} INFO - [2023-08-21T06:08:46.470+0000] {dagbag.py:525} INFO - Filling up the DagBag from /opt/airflow/dags/tbf_analysis_dag_v08.py
[2023-08-21T06:08:46.599+0000] {processor.py:768} INFO - DAG(s) dict_keys(['tbf_analysis_dag_v08']) retrieved from /opt/airflow/dags/tbf_analysis_dag_v08.py
[2023-08-21T06:08:46.622+0000] {logging_mixin.py:117} INFO - [2023-08-21T06:08:46.622+0000] {dag.py:2573} INFO - Sync 1 DAGs
[2023-08-21T06:08:46.636+0000] {logging_mixin.py:117} INFO - [2023-08-21T06:08:46.636+0000] {dag.py:3328} INFO - Setting next_dagrun for tbf_analysis_dag_v08 to 2023-08-21T00:00:00+00:00, run_after=2023-08-21T00:00:00+00:00
[2023-08-21T06:08:46.646+0000] {processor.py:178} INFO - Processing /opt/airflow/dags/tbf_analysis_dag_v08.py took 0.180 seconds
[2023-08-21T06:09:16.815+0000] {processor.py:156} INFO - Started process (PID=165) to work on /opt/airflow/dags/tbf_analysis_dag_v08.py
[2023-08-21T06:09:16.816+0000] {processor.py:758} INFO - Processing file /opt/airflow/dags/tbf_analysis_dag_v08.py for tasks to queue
[2023-08-21T06:09:16.818+0000] {logging_mixin.py:117} INFO - [2023-08-21T06:09:16.818+0000] {dagbag.py:525} INFO - Filling up the DagBag from /opt/airflow/dags/tbf_analysis_dag_v08.py
[2023-08-21T06:09:16.953+0000] {processor.py:768} INFO - DAG(s) dict_keys(['tbf_analysis_dag_v08']) retrieved from /opt/airflow/dags/tbf_analysis_dag_v08.py
[2023-08-21T06:09:16.978+0000] {logging_mixin.py:117} INFO - [2023-08-21T06:09:16.978+0000] {dag.py:2573} INFO - Sync 1 DAGs
[2023-08-21T06:09:16.992+0000] {logging_mixin.py:117} INFO - [2023-08-21T06:09:16.992+0000] {dag.py:3328} INFO - Setting next_dagrun for tbf_analysis_dag_v08 to 2023-08-21T00:00:00+00:00, run_after=2023-08-21T00:00:00+00:00
[2023-08-21T06:09:17.002+0000] {processor.py:178} INFO - Processing /opt/airflow/dags/tbf_analysis_dag_v08.py took 0.193 seconds
[2023-08-21T06:09:47.258+0000] {processor.py:156} INFO - Started process (PID=193) to work on /opt/airflow/dags/tbf_analysis_dag_v08.py
[2023-08-21T06:09:47.259+0000] {processor.py:758} INFO - Processing file /opt/airflow/dags/tbf_analysis_dag_v08.py for tasks to queue
[2023-08-21T06:09:47.260+0000] {logging_mixin.py:117} INFO - [2023-08-21T06:09:47.260+0000] {dagbag.py:525} INFO - Filling up the DagBag from /opt/airflow/dags/tbf_analysis_dag_v08.py
[2023-08-21T06:09:47.389+0000] {processor.py:768} INFO - DAG(s) dict_keys(['tbf_analysis_dag_v08']) retrieved from /opt/airflow/dags/tbf_analysis_dag_v08.py
[2023-08-21T06:09:47.411+0000] {logging_mixin.py:117} INFO - [2023-08-21T06:09:47.410+0000] {dag.py:2573} INFO - Sync 1 DAGs
[2023-08-21T06:09:47.426+0000] {logging_mixin.py:117} INFO - [2023-08-21T06:09:47.426+0000] {dag.py:3328} INFO - Setting next_dagrun for tbf_analysis_dag_v08 to 2023-08-21T00:00:00+00:00, run_after=2023-08-21T00:00:00+00:00
[2023-08-21T06:09:47.439+0000] {processor.py:178} INFO - Processing /opt/airflow/dags/tbf_analysis_dag_v08.py took 0.185 seconds
[2023-08-21T06:12:07.185+0000] {processor.py:156} INFO - Started process (PID=34) to work on /opt/airflow/dags/tbf_analysis_dag_v08.py
[2023-08-21T06:12:07.197+0000] {processor.py:758} INFO - Processing file /opt/airflow/dags/tbf_analysis_dag_v08.py for tasks to queue
[2023-08-21T06:12:07.198+0000] {logging_mixin.py:117} INFO - [2023-08-21T06:12:07.198+0000] {dagbag.py:525} INFO - Filling up the DagBag from /opt/airflow/dags/tbf_analysis_dag_v08.py
[2023-08-21T06:12:07.910+0000] {processor.py:768} INFO - DAG(s) dict_keys(['tbf_analysis_dag_v08']) retrieved from /opt/airflow/dags/tbf_analysis_dag_v08.py
[2023-08-21T06:12:07.953+0000] {logging_mixin.py:117} INFO - [2023-08-21T06:12:07.953+0000] {dag.py:2573} INFO - Sync 1 DAGs
[2023-08-21T06:12:07.978+0000] {logging_mixin.py:117} INFO - [2023-08-21T06:12:07.978+0000] {dag.py:3328} INFO - Setting next_dagrun for tbf_analysis_dag_v08 to 2023-08-21T00:00:00+00:00, run_after=2023-08-21T00:00:00+00:00
[2023-08-21T06:12:07.997+0000] {processor.py:178} INFO - Processing /opt/airflow/dags/tbf_analysis_dag_v08.py took 0.816 seconds
[2023-08-21T06:12:38.377+0000] {processor.py:156} INFO - Started process (PID=62) to work on /opt/airflow/dags/tbf_analysis_dag_v08.py
[2023-08-21T06:12:38.380+0000] {processor.py:758} INFO - Processing file /opt/airflow/dags/tbf_analysis_dag_v08.py for tasks to queue
[2023-08-21T06:12:38.381+0000] {logging_mixin.py:117} INFO - [2023-08-21T06:12:38.381+0000] {dagbag.py:525} INFO - Filling up the DagBag from /opt/airflow/dags/tbf_analysis_dag_v08.py
[2023-08-21T06:12:38.558+0000] {processor.py:768} INFO - DAG(s) dict_keys(['tbf_analysis_dag_v08']) retrieved from /opt/airflow/dags/tbf_analysis_dag_v08.py
[2023-08-21T06:12:38.582+0000] {logging_mixin.py:117} INFO - [2023-08-21T06:12:38.582+0000] {dag.py:2573} INFO - Sync 1 DAGs
[2023-08-21T06:12:38.599+0000] {logging_mixin.py:117} INFO - [2023-08-21T06:12:38.599+0000] {dag.py:3328} INFO - Setting next_dagrun for tbf_analysis_dag_v08 to 2023-08-21T00:00:00+00:00, run_after=2023-08-21T00:00:00+00:00
[2023-08-21T06:12:38.612+0000] {processor.py:178} INFO - Processing /opt/airflow/dags/tbf_analysis_dag_v08.py took 0.241 seconds
[2023-08-21T06:13:08.667+0000] {processor.py:156} INFO - Started process (PID=89) to work on /opt/airflow/dags/tbf_analysis_dag_v08.py
[2023-08-21T06:13:08.668+0000] {processor.py:758} INFO - Processing file /opt/airflow/dags/tbf_analysis_dag_v08.py for tasks to queue
[2023-08-21T06:13:08.669+0000] {logging_mixin.py:117} INFO - [2023-08-21T06:13:08.669+0000] {dagbag.py:525} INFO - Filling up the DagBag from /opt/airflow/dags/tbf_analysis_dag_v08.py
[2023-08-21T06:13:08.812+0000] {processor.py:768} INFO - DAG(s) dict_keys(['tbf_analysis_dag_v08']) retrieved from /opt/airflow/dags/tbf_analysis_dag_v08.py
[2023-08-21T06:13:08.846+0000] {logging_mixin.py:117} INFO - [2023-08-21T06:13:08.846+0000] {dag.py:2573} INFO - Sync 1 DAGs
[2023-08-21T06:13:08.863+0000] {logging_mixin.py:117} INFO - [2023-08-21T06:13:08.863+0000] {dag.py:3328} INFO - Setting next_dagrun for tbf_analysis_dag_v08 to 2023-08-21T00:00:00+00:00, run_after=2023-08-21T00:00:00+00:00
[2023-08-21T06:13:08.877+0000] {processor.py:178} INFO - Processing /opt/airflow/dags/tbf_analysis_dag_v08.py took 0.213 seconds
[2023-08-21T06:13:39.017+0000] {processor.py:156} INFO - Started process (PID=116) to work on /opt/airflow/dags/tbf_analysis_dag_v08.py
[2023-08-21T06:13:39.019+0000] {processor.py:758} INFO - Processing file /opt/airflow/dags/tbf_analysis_dag_v08.py for tasks to queue
[2023-08-21T06:13:39.021+0000] {logging_mixin.py:117} INFO - [2023-08-21T06:13:39.021+0000] {dagbag.py:525} INFO - Filling up the DagBag from /opt/airflow/dags/tbf_analysis_dag_v08.py
[2023-08-21T06:13:39.209+0000] {processor.py:768} INFO - DAG(s) dict_keys(['tbf_analysis_dag_v08']) retrieved from /opt/airflow/dags/tbf_analysis_dag_v08.py
[2023-08-21T06:13:39.229+0000] {logging_mixin.py:117} INFO - [2023-08-21T06:13:39.229+0000] {dag.py:2573} INFO - Sync 1 DAGs
[2023-08-21T06:13:39.246+0000] {logging_mixin.py:117} INFO - [2023-08-21T06:13:39.246+0000] {dag.py:3328} INFO - Setting next_dagrun for tbf_analysis_dag_v08 to 2023-08-21T00:00:00+00:00, run_after=2023-08-21T00:00:00+00:00
[2023-08-21T06:13:39.256+0000] {processor.py:178} INFO - Processing /opt/airflow/dags/tbf_analysis_dag_v08.py took 0.244 seconds
[2023-08-21T06:14:09.557+0000] {processor.py:156} INFO - Started process (PID=146) to work on /opt/airflow/dags/tbf_analysis_dag_v08.py
[2023-08-21T06:14:09.559+0000] {processor.py:758} INFO - Processing file /opt/airflow/dags/tbf_analysis_dag_v08.py for tasks to queue
[2023-08-21T06:14:09.561+0000] {logging_mixin.py:117} INFO - [2023-08-21T06:14:09.561+0000] {dagbag.py:525} INFO - Filling up the DagBag from /opt/airflow/dags/tbf_analysis_dag_v08.py
[2023-08-21T06:14:09.751+0000] {processor.py:768} INFO - DAG(s) dict_keys(['tbf_analysis_dag_v08']) retrieved from /opt/airflow/dags/tbf_analysis_dag_v08.py
[2023-08-21T06:14:09.781+0000] {logging_mixin.py:117} INFO - [2023-08-21T06:14:09.781+0000] {dag.py:2573} INFO - Sync 1 DAGs
[2023-08-21T06:14:09.813+0000] {logging_mixin.py:117} INFO - [2023-08-21T06:14:09.813+0000] {dag.py:3328} INFO - Setting next_dagrun for tbf_analysis_dag_v08 to 2023-08-21T00:00:00+00:00, run_after=2023-08-21T00:00:00+00:00
[2023-08-21T06:14:09.836+0000] {processor.py:178} INFO - Processing /opt/airflow/dags/tbf_analysis_dag_v08.py took 0.282 seconds
[2023-08-21T06:16:39.028+0000] {processor.py:156} INFO - Started process (PID=36) to work on /opt/airflow/dags/tbf_analysis_dag_v08.py
[2023-08-21T06:16:39.038+0000] {processor.py:758} INFO - Processing file /opt/airflow/dags/tbf_analysis_dag_v08.py for tasks to queue
[2023-08-21T06:16:39.040+0000] {logging_mixin.py:117} INFO - [2023-08-21T06:16:39.040+0000] {dagbag.py:525} INFO - Filling up the DagBag from /opt/airflow/dags/tbf_analysis_dag_v08.py
[2023-08-21T06:16:39.774+0000] {processor.py:768} INFO - DAG(s) dict_keys(['tbf_analysis_dag_v08']) retrieved from /opt/airflow/dags/tbf_analysis_dag_v08.py
[2023-08-21T06:16:39.818+0000] {logging_mixin.py:117} INFO - [2023-08-21T06:16:39.818+0000] {dag.py:2573} INFO - Sync 1 DAGs
[2023-08-21T06:16:39.837+0000] {logging_mixin.py:117} INFO - [2023-08-21T06:16:39.837+0000] {dag.py:3328} INFO - Setting next_dagrun for tbf_analysis_dag_v08 to 2023-08-21T00:00:00+00:00, run_after=2023-08-21T00:00:00+00:00
[2023-08-21T06:16:39.859+0000] {processor.py:178} INFO - Processing /opt/airflow/dags/tbf_analysis_dag_v08.py took 0.838 seconds
[2023-08-21T06:17:10.242+0000] {processor.py:156} INFO - Started process (PID=64) to work on /opt/airflow/dags/tbf_analysis_dag_v08.py
[2023-08-21T06:17:10.246+0000] {processor.py:758} INFO - Processing file /opt/airflow/dags/tbf_analysis_dag_v08.py for tasks to queue
[2023-08-21T06:17:10.248+0000] {logging_mixin.py:117} INFO - [2023-08-21T06:17:10.248+0000] {dagbag.py:525} INFO - Filling up the DagBag from /opt/airflow/dags/tbf_analysis_dag_v08.py
[2023-08-21T06:17:10.430+0000] {processor.py:768} INFO - DAG(s) dict_keys(['tbf_analysis_dag_v08']) retrieved from /opt/airflow/dags/tbf_analysis_dag_v08.py
[2023-08-21T06:17:10.455+0000] {logging_mixin.py:117} INFO - [2023-08-21T06:17:10.455+0000] {dag.py:2573} INFO - Sync 1 DAGs
[2023-08-21T06:17:10.472+0000] {logging_mixin.py:117} INFO - [2023-08-21T06:17:10.472+0000] {dag.py:3328} INFO - Setting next_dagrun for tbf_analysis_dag_v08 to 2023-08-21T00:00:00+00:00, run_after=2023-08-21T00:00:00+00:00
[2023-08-21T06:17:10.484+0000] {processor.py:178} INFO - Processing /opt/airflow/dags/tbf_analysis_dag_v08.py took 0.249 seconds
[2023-08-21T06:30:21.671+0000] {processor.py:156} INFO - Started process (PID=34) to work on /opt/airflow/dags/tbf_analysis_dag_v08.py
[2023-08-21T06:30:21.679+0000] {processor.py:758} INFO - Processing file /opt/airflow/dags/tbf_analysis_dag_v08.py for tasks to queue
[2023-08-21T06:30:21.680+0000] {logging_mixin.py:117} INFO - [2023-08-21T06:30:21.680+0000] {dagbag.py:525} INFO - Filling up the DagBag from /opt/airflow/dags/tbf_analysis_dag_v08.py
[2023-08-21T06:30:22.389+0000] {processor.py:768} INFO - DAG(s) dict_keys(['tbf_analysis_dag_v08']) retrieved from /opt/airflow/dags/tbf_analysis_dag_v08.py
[2023-08-21T06:30:22.467+0000] {logging_mixin.py:117} INFO - [2023-08-21T06:30:22.466+0000] {dag.py:2573} INFO - Sync 1 DAGs
[2023-08-21T06:30:22.495+0000] {logging_mixin.py:117} INFO - [2023-08-21T06:30:22.495+0000] {dag.py:3328} INFO - Setting next_dagrun for tbf_analysis_dag_v08 to 2023-08-21T00:00:00+00:00, run_after=2023-08-21T00:00:00+00:00
[2023-08-21T06:30:22.515+0000] {processor.py:178} INFO - Processing /opt/airflow/dags/tbf_analysis_dag_v08.py took 0.848 seconds
[2023-08-21T06:30:52.850+0000] {processor.py:156} INFO - Started process (PID=62) to work on /opt/airflow/dags/tbf_analysis_dag_v08.py
[2023-08-21T06:30:52.853+0000] {processor.py:758} INFO - Processing file /opt/airflow/dags/tbf_analysis_dag_v08.py for tasks to queue
[2023-08-21T06:30:52.855+0000] {logging_mixin.py:117} INFO - [2023-08-21T06:30:52.855+0000] {dagbag.py:525} INFO - Filling up the DagBag from /opt/airflow/dags/tbf_analysis_dag_v08.py
[2023-08-21T06:30:53.029+0000] {processor.py:768} INFO - DAG(s) dict_keys(['tbf_analysis_dag_v08']) retrieved from /opt/airflow/dags/tbf_analysis_dag_v08.py
[2023-08-21T06:30:53.063+0000] {logging_mixin.py:117} INFO - [2023-08-21T06:30:53.063+0000] {dag.py:2573} INFO - Sync 1 DAGs
[2023-08-21T06:30:53.079+0000] {logging_mixin.py:117} INFO - [2023-08-21T06:30:53.079+0000] {dag.py:3328} INFO - Setting next_dagrun for tbf_analysis_dag_v08 to 2023-08-21T00:00:00+00:00, run_after=2023-08-21T00:00:00+00:00
[2023-08-21T06:30:53.091+0000] {processor.py:178} INFO - Processing /opt/airflow/dags/tbf_analysis_dag_v08.py took 0.249 seconds
[2023-08-21T06:31:23.336+0000] {processor.py:156} INFO - Started process (PID=90) to work on /opt/airflow/dags/tbf_analysis_dag_v08.py
[2023-08-21T06:31:23.338+0000] {processor.py:758} INFO - Processing file /opt/airflow/dags/tbf_analysis_dag_v08.py for tasks to queue
[2023-08-21T06:31:23.339+0000] {logging_mixin.py:117} INFO - [2023-08-21T06:31:23.339+0000] {dagbag.py:525} INFO - Filling up the DagBag from /opt/airflow/dags/tbf_analysis_dag_v08.py
[2023-08-21T06:31:23.465+0000] {processor.py:768} INFO - DAG(s) dict_keys(['tbf_analysis_dag_v08']) retrieved from /opt/airflow/dags/tbf_analysis_dag_v08.py
[2023-08-21T06:31:23.485+0000] {logging_mixin.py:117} INFO - [2023-08-21T06:31:23.485+0000] {dag.py:2573} INFO - Sync 1 DAGs
[2023-08-21T06:31:23.501+0000] {logging_mixin.py:117} INFO - [2023-08-21T06:31:23.501+0000] {dag.py:3328} INFO - Setting next_dagrun for tbf_analysis_dag_v08 to 2023-08-21T00:00:00+00:00, run_after=2023-08-21T00:00:00+00:00
[2023-08-21T06:31:23.512+0000] {processor.py:178} INFO - Processing /opt/airflow/dags/tbf_analysis_dag_v08.py took 0.179 seconds
[2023-08-21T06:31:53.623+0000] {processor.py:156} INFO - Started process (PID=119) to work on /opt/airflow/dags/tbf_analysis_dag_v08.py
[2023-08-21T06:31:53.627+0000] {processor.py:758} INFO - Processing file /opt/airflow/dags/tbf_analysis_dag_v08.py for tasks to queue
[2023-08-21T06:31:53.628+0000] {logging_mixin.py:117} INFO - [2023-08-21T06:31:53.628+0000] {dagbag.py:525} INFO - Filling up the DagBag from /opt/airflow/dags/tbf_analysis_dag_v08.py
[2023-08-21T06:31:53.816+0000] {processor.py:768} INFO - DAG(s) dict_keys(['tbf_analysis_dag_v08']) retrieved from /opt/airflow/dags/tbf_analysis_dag_v08.py
[2023-08-21T06:31:53.839+0000] {logging_mixin.py:117} INFO - [2023-08-21T06:31:53.839+0000] {dag.py:2573} INFO - Sync 1 DAGs
[2023-08-21T06:31:53.856+0000] {logging_mixin.py:117} INFO - [2023-08-21T06:31:53.856+0000] {dag.py:3328} INFO - Setting next_dagrun for tbf_analysis_dag_v08 to 2023-08-21T00:00:00+00:00, run_after=2023-08-21T00:00:00+00:00
[2023-08-21T06:31:53.867+0000] {processor.py:178} INFO - Processing /opt/airflow/dags/tbf_analysis_dag_v08.py took 0.252 seconds
[2023-08-21T06:32:24.213+0000] {processor.py:156} INFO - Started process (PID=147) to work on /opt/airflow/dags/tbf_analysis_dag_v08.py
[2023-08-21T06:32:24.217+0000] {processor.py:758} INFO - Processing file /opt/airflow/dags/tbf_analysis_dag_v08.py for tasks to queue
[2023-08-21T06:32:24.219+0000] {logging_mixin.py:117} INFO - [2023-08-21T06:32:24.218+0000] {dagbag.py:525} INFO - Filling up the DagBag from /opt/airflow/dags/tbf_analysis_dag_v08.py
[2023-08-21T06:32:24.381+0000] {processor.py:768} INFO - DAG(s) dict_keys(['tbf_analysis_dag_v08']) retrieved from /opt/airflow/dags/tbf_analysis_dag_v08.py
[2023-08-21T06:32:24.403+0000] {logging_mixin.py:117} INFO - [2023-08-21T06:32:24.403+0000] {dag.py:2573} INFO - Sync 1 DAGs
[2023-08-21T06:32:24.419+0000] {logging_mixin.py:117} INFO - [2023-08-21T06:32:24.419+0000] {dag.py:3328} INFO - Setting next_dagrun for tbf_analysis_dag_v08 to 2023-08-21T00:00:00+00:00, run_after=2023-08-21T00:00:00+00:00
[2023-08-21T06:32:24.432+0000] {processor.py:178} INFO - Processing /opt/airflow/dags/tbf_analysis_dag_v08.py took 0.225 seconds
