[2023-08-21T01:33:06.705+0000] {processor.py:156} INFO - Started process (PID=35) to work on /opt/airflow/dags/tbf_analysis_dag_v06.py
[2023-08-21T01:33:06.706+0000] {processor.py:758} INFO - Processing file /opt/airflow/dags/tbf_analysis_dag_v06.py for tasks to queue
[2023-08-21T01:33:06.707+0000] {logging_mixin.py:117} INFO - [2023-08-21T01:33:06.707+0000] {dagbag.py:525} INFO - Filling up the DagBag from /opt/airflow/dags/tbf_analysis_dag_v06.py
[2023-08-21T01:33:07.443+0000] {processor.py:768} INFO - DAG(s) dict_keys(['tbf_analysis_dag_v06']) retrieved from /opt/airflow/dags/tbf_analysis_dag_v06.py
[2023-08-21T01:33:07.505+0000] {logging_mixin.py:117} INFO - [2023-08-21T01:33:07.505+0000] {dag.py:2573} INFO - Sync 1 DAGs
[2023-08-21T01:33:07.527+0000] {logging_mixin.py:117} INFO - [2023-08-21T01:33:07.527+0000] {dag.py:3328} INFO - Setting next_dagrun for tbf_analysis_dag_v06 to None, run_after=None
[2023-08-21T01:33:07.544+0000] {processor.py:178} INFO - Processing /opt/airflow/dags/tbf_analysis_dag_v06.py took 0.850 seconds
[2023-08-21T01:33:17.118+0000] {processor.py:156} INFO - Started process (PID=46) to work on /opt/airflow/dags/tbf_analysis_dag_v06.py
[2023-08-21T01:33:17.120+0000] {processor.py:758} INFO - Processing file /opt/airflow/dags/tbf_analysis_dag_v06.py for tasks to queue
[2023-08-21T01:33:17.122+0000] {logging_mixin.py:117} INFO - [2023-08-21T01:33:17.121+0000] {dagbag.py:525} INFO - Filling up the DagBag from /opt/airflow/dags/tbf_analysis_dag_v06.py
[2023-08-21T01:33:17.304+0000] {processor.py:768} INFO - DAG(s) dict_keys(['tbf_analysis_dag_v06']) retrieved from /opt/airflow/dags/tbf_analysis_dag_v06.py
[2023-08-21T01:33:17.417+0000] {processor.py:727} INFO - Executed failure callback for <TaskInstance: tbf_analysis_dag_v06.download_raw_data_task manual__2023-08-20T19:24:17.259158+00:00 [up_for_retry]> in state up_for_retry
[2023-08-21T01:33:17.422+0000] {logging_mixin.py:117} INFO - [2023-08-21T01:33:17.422+0000] {dag.py:2573} INFO - Sync 1 DAGs
[2023-08-21T01:33:17.433+0000] {logging_mixin.py:117} INFO - [2023-08-21T01:33:17.433+0000] {dag.py:3328} INFO - Setting next_dagrun for tbf_analysis_dag_v06 to None, run_after=None
[2023-08-21T01:33:17.442+0000] {processor.py:178} INFO - Processing /opt/airflow/dags/tbf_analysis_dag_v06.py took 0.334 seconds
[2023-08-21T01:33:27.190+0000] {processor.py:156} INFO - Started process (PID=57) to work on /opt/airflow/dags/tbf_analysis_dag_v06.py
[2023-08-21T01:33:27.192+0000] {processor.py:758} INFO - Processing file /opt/airflow/dags/tbf_analysis_dag_v06.py for tasks to queue
[2023-08-21T01:33:27.193+0000] {logging_mixin.py:117} INFO - [2023-08-21T01:33:27.193+0000] {dagbag.py:525} INFO - Filling up the DagBag from /opt/airflow/dags/tbf_analysis_dag_v06.py
[2023-08-21T01:33:27.343+0000] {processor.py:768} INFO - DAG(s) dict_keys(['tbf_analysis_dag_v06']) retrieved from /opt/airflow/dags/tbf_analysis_dag_v06.py
[2023-08-21T01:33:27.457+0000] {processor.py:727} INFO - Executed failure callback for <TaskInstance: tbf_analysis_dag_v06.download_raw_data_task scheduled__2023-08-20T00:00:00+00:00 [up_for_retry]> in state up_for_retry
[2023-08-21T01:33:27.463+0000] {processor.py:727} INFO - Executed failure callback for <TaskInstance: tbf_analysis_dag_v06.download_raw_data_task scheduled__2023-08-20T00:00:00+00:00 [failed]> in state failed
[2023-08-21T01:33:27.466+0000] {logging_mixin.py:117} INFO - [2023-08-21T01:33:27.466+0000] {dag.py:2573} INFO - Sync 1 DAGs
[2023-08-21T01:33:27.479+0000] {logging_mixin.py:117} INFO - [2023-08-21T01:33:27.478+0000] {dag.py:3328} INFO - Setting next_dagrun for tbf_analysis_dag_v06 to None, run_after=None
[2023-08-21T01:33:27.488+0000] {processor.py:178} INFO - Processing /opt/airflow/dags/tbf_analysis_dag_v06.py took 0.301 seconds
