[2023-08-22T01:00:51.173+0000] {processor.py:156} INFO - Started process (PID=35) to work on /opt/airflow/dags/tbf_analysis_dag_v11.py
[2023-08-22T01:00:51.175+0000] {processor.py:758} INFO - Processing file /opt/airflow/dags/tbf_analysis_dag_v11.py for tasks to queue
[2023-08-22T01:00:51.178+0000] {logging_mixin.py:117} INFO - [2023-08-22T01:00:51.177+0000] {dagbag.py:525} INFO - Filling up the DagBag from /opt/airflow/dags/tbf_analysis_dag_v11.py
[2023-08-22T01:00:51.911+0000] {processor.py:768} INFO - DAG(s) dict_keys(['tbf_analysis_dag_v11']) retrieved from /opt/airflow/dags/tbf_analysis_dag_v11.py
[2023-08-22T01:00:52.033+0000] {logging_mixin.py:117} INFO - [2023-08-22T01:00:52.033+0000] {manager.py:507} INFO - Created Permission View: can delete on DAG:tbf_analysis_dag_v11
[2023-08-22T01:00:52.042+0000] {logging_mixin.py:117} INFO - [2023-08-22T01:00:52.042+0000] {manager.py:507} INFO - Created Permission View: can read on DAG:tbf_analysis_dag_v11
[2023-08-22T01:00:52.047+0000] {logging_mixin.py:117} INFO - [2023-08-22T01:00:52.047+0000] {manager.py:507} INFO - Created Permission View: can edit on DAG:tbf_analysis_dag_v11
[2023-08-22T01:00:52.048+0000] {logging_mixin.py:117} INFO - [2023-08-22T01:00:52.048+0000] {dag.py:2573} INFO - Sync 1 DAGs
[2023-08-22T01:00:52.059+0000] {logging_mixin.py:117} INFO - [2023-08-22T01:00:52.058+0000] {dag.py:2594} INFO - Creating ORM DAG for tbf_analysis_dag_v11
[2023-08-22T01:00:52.069+0000] {logging_mixin.py:117} INFO - [2023-08-22T01:00:52.069+0000] {dag.py:3328} INFO - Setting next_dagrun for tbf_analysis_dag_v11 to 2023-08-22T00:00:00+00:00, run_after=2023-08-22T00:00:00+00:00
[2023-08-22T01:00:52.085+0000] {processor.py:178} INFO - Processing /opt/airflow/dags/tbf_analysis_dag_v11.py took 0.915 seconds
[2023-08-22T01:01:22.671+0000] {processor.py:156} INFO - Started process (PID=65) to work on /opt/airflow/dags/tbf_analysis_dag_v11.py
[2023-08-22T01:01:22.673+0000] {processor.py:758} INFO - Processing file /opt/airflow/dags/tbf_analysis_dag_v11.py for tasks to queue
[2023-08-22T01:01:22.674+0000] {logging_mixin.py:117} INFO - [2023-08-22T01:01:22.674+0000] {dagbag.py:525} INFO - Filling up the DagBag from /opt/airflow/dags/tbf_analysis_dag_v11.py
[2023-08-22T01:01:22.846+0000] {processor.py:768} INFO - DAG(s) dict_keys(['tbf_analysis_dag_v11']) retrieved from /opt/airflow/dags/tbf_analysis_dag_v11.py
[2023-08-22T01:01:22.868+0000] {logging_mixin.py:117} INFO - [2023-08-22T01:01:22.867+0000] {dag.py:2573} INFO - Sync 1 DAGs
[2023-08-22T01:01:22.883+0000] {logging_mixin.py:117} INFO - [2023-08-22T01:01:22.883+0000] {dag.py:3328} INFO - Setting next_dagrun for tbf_analysis_dag_v11 to 2023-08-22T00:00:00+00:00, run_after=2023-08-22T00:00:00+00:00
[2023-08-22T01:01:22.894+0000] {processor.py:178} INFO - Processing /opt/airflow/dags/tbf_analysis_dag_v11.py took 0.227 seconds
[2023-08-22T01:01:53.008+0000] {processor.py:156} INFO - Started process (PID=94) to work on /opt/airflow/dags/tbf_analysis_dag_v11.py
[2023-08-22T01:01:53.012+0000] {processor.py:758} INFO - Processing file /opt/airflow/dags/tbf_analysis_dag_v11.py for tasks to queue
[2023-08-22T01:01:53.013+0000] {logging_mixin.py:117} INFO - [2023-08-22T01:01:53.013+0000] {dagbag.py:525} INFO - Filling up the DagBag from /opt/airflow/dags/tbf_analysis_dag_v11.py
[2023-08-22T01:01:53.138+0000] {processor.py:768} INFO - DAG(s) dict_keys(['tbf_analysis_dag_v11']) retrieved from /opt/airflow/dags/tbf_analysis_dag_v11.py
[2023-08-22T01:01:53.158+0000] {logging_mixin.py:117} INFO - [2023-08-22T01:01:53.158+0000] {dag.py:2573} INFO - Sync 1 DAGs
[2023-08-22T01:01:53.173+0000] {logging_mixin.py:117} INFO - [2023-08-22T01:01:53.173+0000] {dag.py:3328} INFO - Setting next_dagrun for tbf_analysis_dag_v11 to 2023-08-22T00:00:00+00:00, run_after=2023-08-22T00:00:00+00:00
[2023-08-22T01:01:53.184+0000] {processor.py:178} INFO - Processing /opt/airflow/dags/tbf_analysis_dag_v11.py took 0.183 seconds
[2023-08-22T01:02:23.410+0000] {processor.py:156} INFO - Started process (PID=133) to work on /opt/airflow/dags/tbf_analysis_dag_v11.py
[2023-08-22T01:02:23.411+0000] {processor.py:758} INFO - Processing file /opt/airflow/dags/tbf_analysis_dag_v11.py for tasks to queue
[2023-08-22T01:02:23.412+0000] {logging_mixin.py:117} INFO - [2023-08-22T01:02:23.412+0000] {dagbag.py:525} INFO - Filling up the DagBag from /opt/airflow/dags/tbf_analysis_dag_v11.py
[2023-08-22T01:02:23.645+0000] {processor.py:768} INFO - DAG(s) dict_keys(['tbf_analysis_dag_v11']) retrieved from /opt/airflow/dags/tbf_analysis_dag_v11.py
[2023-08-22T01:02:23.696+0000] {logging_mixin.py:117} INFO - [2023-08-22T01:02:23.695+0000] {dag.py:2573} INFO - Sync 1 DAGs
[2023-08-22T01:02:23.717+0000] {logging_mixin.py:117} INFO - [2023-08-22T01:02:23.717+0000] {dag.py:3328} INFO - Setting next_dagrun for tbf_analysis_dag_v11 to None, run_after=None
[2023-08-22T01:02:23.732+0000] {processor.py:178} INFO - Processing /opt/airflow/dags/tbf_analysis_dag_v11.py took 0.326 seconds
[2023-08-22T01:02:54.044+0000] {processor.py:156} INFO - Started process (PID=160) to work on /opt/airflow/dags/tbf_analysis_dag_v11.py
[2023-08-22T01:02:54.048+0000] {processor.py:758} INFO - Processing file /opt/airflow/dags/tbf_analysis_dag_v11.py for tasks to queue
[2023-08-22T01:02:54.050+0000] {logging_mixin.py:117} INFO - [2023-08-22T01:02:54.049+0000] {dagbag.py:525} INFO - Filling up the DagBag from /opt/airflow/dags/tbf_analysis_dag_v11.py
[2023-08-22T01:02:54.584+0000] {processor.py:768} INFO - DAG(s) dict_keys(['tbf_analysis_dag_v11']) retrieved from /opt/airflow/dags/tbf_analysis_dag_v11.py
[2023-08-22T01:02:54.651+0000] {logging_mixin.py:117} INFO - [2023-08-22T01:02:54.651+0000] {dag.py:2573} INFO - Sync 1 DAGs
[2023-08-22T01:02:54.698+0000] {logging_mixin.py:117} INFO - [2023-08-22T01:02:54.698+0000] {dag.py:3328} INFO - Setting next_dagrun for tbf_analysis_dag_v11 to None, run_after=None
[2023-08-22T01:02:54.734+0000] {processor.py:178} INFO - Processing /opt/airflow/dags/tbf_analysis_dag_v11.py took 0.700 seconds
[2023-08-22T01:03:24.882+0000] {processor.py:156} INFO - Started process (PID=179) to work on /opt/airflow/dags/tbf_analysis_dag_v11.py
[2023-08-22T01:03:24.885+0000] {processor.py:758} INFO - Processing file /opt/airflow/dags/tbf_analysis_dag_v11.py for tasks to queue
[2023-08-22T01:03:24.886+0000] {logging_mixin.py:117} INFO - [2023-08-22T01:03:24.886+0000] {dagbag.py:525} INFO - Filling up the DagBag from /opt/airflow/dags/tbf_analysis_dag_v11.py
[2023-08-22T01:03:25.091+0000] {processor.py:768} INFO - DAG(s) dict_keys(['tbf_analysis_dag_v11']) retrieved from /opt/airflow/dags/tbf_analysis_dag_v11.py
[2023-08-22T01:03:25.120+0000] {logging_mixin.py:117} INFO - [2023-08-22T01:03:25.120+0000] {dag.py:2573} INFO - Sync 1 DAGs
[2023-08-22T01:03:25.138+0000] {logging_mixin.py:117} INFO - [2023-08-22T01:03:25.138+0000] {dag.py:3328} INFO - Setting next_dagrun for tbf_analysis_dag_v11 to None, run_after=None
[2023-08-22T01:03:25.152+0000] {processor.py:178} INFO - Processing /opt/airflow/dags/tbf_analysis_dag_v11.py took 0.274 seconds
[2023-08-22T01:03:55.264+0000] {processor.py:156} INFO - Started process (PID=206) to work on /opt/airflow/dags/tbf_analysis_dag_v11.py
[2023-08-22T01:03:55.267+0000] {processor.py:758} INFO - Processing file /opt/airflow/dags/tbf_analysis_dag_v11.py for tasks to queue
[2023-08-22T01:03:55.268+0000] {logging_mixin.py:117} INFO - [2023-08-22T01:03:55.268+0000] {dagbag.py:525} INFO - Filling up the DagBag from /opt/airflow/dags/tbf_analysis_dag_v11.py
[2023-08-22T01:03:55.466+0000] {processor.py:768} INFO - DAG(s) dict_keys(['tbf_analysis_dag_v11']) retrieved from /opt/airflow/dags/tbf_analysis_dag_v11.py
[2023-08-22T01:03:55.495+0000] {logging_mixin.py:117} INFO - [2023-08-22T01:03:55.494+0000] {dag.py:2573} INFO - Sync 1 DAGs
[2023-08-22T01:03:55.513+0000] {logging_mixin.py:117} INFO - [2023-08-22T01:03:55.513+0000] {dag.py:3328} INFO - Setting next_dagrun for tbf_analysis_dag_v11 to None, run_after=None
[2023-08-22T01:03:55.526+0000] {processor.py:178} INFO - Processing /opt/airflow/dags/tbf_analysis_dag_v11.py took 0.265 seconds
[2023-08-22T01:04:25.716+0000] {processor.py:156} INFO - Started process (PID=234) to work on /opt/airflow/dags/tbf_analysis_dag_v11.py
[2023-08-22T01:04:25.719+0000] {processor.py:758} INFO - Processing file /opt/airflow/dags/tbf_analysis_dag_v11.py for tasks to queue
[2023-08-22T01:04:25.720+0000] {logging_mixin.py:117} INFO - [2023-08-22T01:04:25.720+0000] {dagbag.py:525} INFO - Filling up the DagBag from /opt/airflow/dags/tbf_analysis_dag_v11.py
[2023-08-22T01:04:25.893+0000] {processor.py:768} INFO - DAG(s) dict_keys(['tbf_analysis_dag_v11']) retrieved from /opt/airflow/dags/tbf_analysis_dag_v11.py
[2023-08-22T01:04:25.918+0000] {logging_mixin.py:117} INFO - [2023-08-22T01:04:25.917+0000] {dag.py:2573} INFO - Sync 1 DAGs
[2023-08-22T01:04:25.936+0000] {logging_mixin.py:117} INFO - [2023-08-22T01:04:25.936+0000] {dag.py:3328} INFO - Setting next_dagrun for tbf_analysis_dag_v11 to None, run_after=None
[2023-08-22T01:04:25.951+0000] {processor.py:178} INFO - Processing /opt/airflow/dags/tbf_analysis_dag_v11.py took 0.240 seconds
[2023-08-22T01:04:56.175+0000] {processor.py:156} INFO - Started process (PID=262) to work on /opt/airflow/dags/tbf_analysis_dag_v11.py
[2023-08-22T01:04:56.178+0000] {processor.py:758} INFO - Processing file /opt/airflow/dags/tbf_analysis_dag_v11.py for tasks to queue
[2023-08-22T01:04:56.179+0000] {logging_mixin.py:117} INFO - [2023-08-22T01:04:56.179+0000] {dagbag.py:525} INFO - Filling up the DagBag from /opt/airflow/dags/tbf_analysis_dag_v11.py
[2023-08-22T01:04:56.324+0000] {processor.py:768} INFO - DAG(s) dict_keys(['tbf_analysis_dag_v11']) retrieved from /opt/airflow/dags/tbf_analysis_dag_v11.py
[2023-08-22T01:04:56.346+0000] {logging_mixin.py:117} INFO - [2023-08-22T01:04:56.345+0000] {dag.py:2573} INFO - Sync 1 DAGs
[2023-08-22T01:04:56.361+0000] {logging_mixin.py:117} INFO - [2023-08-22T01:04:56.361+0000] {dag.py:3328} INFO - Setting next_dagrun for tbf_analysis_dag_v11 to None, run_after=None
[2023-08-22T01:04:56.371+0000] {processor.py:178} INFO - Processing /opt/airflow/dags/tbf_analysis_dag_v11.py took 0.200 seconds
[2023-08-22T01:05:26.489+0000] {processor.py:156} INFO - Started process (PID=290) to work on /opt/airflow/dags/tbf_analysis_dag_v11.py
[2023-08-22T01:05:26.493+0000] {processor.py:758} INFO - Processing file /opt/airflow/dags/tbf_analysis_dag_v11.py for tasks to queue
[2023-08-22T01:05:26.495+0000] {logging_mixin.py:117} INFO - [2023-08-22T01:05:26.495+0000] {dagbag.py:525} INFO - Filling up the DagBag from /opt/airflow/dags/tbf_analysis_dag_v11.py
[2023-08-22T01:05:26.681+0000] {processor.py:768} INFO - DAG(s) dict_keys(['tbf_analysis_dag_v11']) retrieved from /opt/airflow/dags/tbf_analysis_dag_v11.py
[2023-08-22T01:05:26.704+0000] {logging_mixin.py:117} INFO - [2023-08-22T01:05:26.704+0000] {dag.py:2573} INFO - Sync 1 DAGs
[2023-08-22T01:05:26.721+0000] {logging_mixin.py:117} INFO - [2023-08-22T01:05:26.721+0000] {dag.py:3328} INFO - Setting next_dagrun for tbf_analysis_dag_v11 to None, run_after=None
[2023-08-22T01:05:26.733+0000] {processor.py:178} INFO - Processing /opt/airflow/dags/tbf_analysis_dag_v11.py took 0.252 seconds
[2023-08-22T01:05:56.847+0000] {processor.py:156} INFO - Started process (PID=319) to work on /opt/airflow/dags/tbf_analysis_dag_v11.py
[2023-08-22T01:05:56.849+0000] {processor.py:758} INFO - Processing file /opt/airflow/dags/tbf_analysis_dag_v11.py for tasks to queue
[2023-08-22T01:05:56.849+0000] {logging_mixin.py:117} INFO - [2023-08-22T01:05:56.849+0000] {dagbag.py:525} INFO - Filling up the DagBag from /opt/airflow/dags/tbf_analysis_dag_v11.py
[2023-08-22T01:05:57.025+0000] {processor.py:768} INFO - DAG(s) dict_keys(['tbf_analysis_dag_v11']) retrieved from /opt/airflow/dags/tbf_analysis_dag_v11.py
[2023-08-22T01:05:57.050+0000] {logging_mixin.py:117} INFO - [2023-08-22T01:05:57.050+0000] {dag.py:2573} INFO - Sync 1 DAGs
[2023-08-22T01:05:57.071+0000] {logging_mixin.py:117} INFO - [2023-08-22T01:05:57.071+0000] {dag.py:3328} INFO - Setting next_dagrun for tbf_analysis_dag_v11 to None, run_after=None
[2023-08-22T01:05:57.086+0000] {processor.py:178} INFO - Processing /opt/airflow/dags/tbf_analysis_dag_v11.py took 0.242 seconds
[2023-08-22T01:06:27.229+0000] {processor.py:156} INFO - Started process (PID=338) to work on /opt/airflow/dags/tbf_analysis_dag_v11.py
[2023-08-22T01:06:27.232+0000] {processor.py:758} INFO - Processing file /opt/airflow/dags/tbf_analysis_dag_v11.py for tasks to queue
[2023-08-22T01:06:27.234+0000] {logging_mixin.py:117} INFO - [2023-08-22T01:06:27.234+0000] {dagbag.py:525} INFO - Filling up the DagBag from /opt/airflow/dags/tbf_analysis_dag_v11.py
[2023-08-22T01:06:27.416+0000] {processor.py:768} INFO - DAG(s) dict_keys(['tbf_analysis_dag_v11']) retrieved from /opt/airflow/dags/tbf_analysis_dag_v11.py
[2023-08-22T01:06:27.439+0000] {logging_mixin.py:117} INFO - [2023-08-22T01:06:27.438+0000] {dag.py:2573} INFO - Sync 1 DAGs
[2023-08-22T01:06:27.454+0000] {logging_mixin.py:117} INFO - [2023-08-22T01:06:27.454+0000] {dag.py:3328} INFO - Setting next_dagrun for tbf_analysis_dag_v11 to None, run_after=None
[2023-08-22T01:06:27.465+0000] {processor.py:178} INFO - Processing /opt/airflow/dags/tbf_analysis_dag_v11.py took 0.243 seconds
[2023-08-22T01:06:57.640+0000] {processor.py:156} INFO - Started process (PID=364) to work on /opt/airflow/dags/tbf_analysis_dag_v11.py
[2023-08-22T01:06:57.644+0000] {processor.py:758} INFO - Processing file /opt/airflow/dags/tbf_analysis_dag_v11.py for tasks to queue
[2023-08-22T01:06:57.645+0000] {logging_mixin.py:117} INFO - [2023-08-22T01:06:57.645+0000] {dagbag.py:525} INFO - Filling up the DagBag from /opt/airflow/dags/tbf_analysis_dag_v11.py
[2023-08-22T01:06:57.770+0000] {processor.py:768} INFO - DAG(s) dict_keys(['tbf_analysis_dag_v11']) retrieved from /opt/airflow/dags/tbf_analysis_dag_v11.py
[2023-08-22T01:06:57.790+0000] {logging_mixin.py:117} INFO - [2023-08-22T01:06:57.790+0000] {dag.py:2573} INFO - Sync 1 DAGs
[2023-08-22T01:06:57.803+0000] {logging_mixin.py:117} INFO - [2023-08-22T01:06:57.803+0000] {dag.py:3328} INFO - Setting next_dagrun for tbf_analysis_dag_v11 to None, run_after=None
[2023-08-22T01:06:57.813+0000] {processor.py:178} INFO - Processing /opt/airflow/dags/tbf_analysis_dag_v11.py took 0.181 seconds
[2023-08-22T01:07:27.924+0000] {processor.py:156} INFO - Started process (PID=392) to work on /opt/airflow/dags/tbf_analysis_dag_v11.py
[2023-08-22T01:07:27.928+0000] {processor.py:758} INFO - Processing file /opt/airflow/dags/tbf_analysis_dag_v11.py for tasks to queue
[2023-08-22T01:07:27.930+0000] {logging_mixin.py:117} INFO - [2023-08-22T01:07:27.930+0000] {dagbag.py:525} INFO - Filling up the DagBag from /opt/airflow/dags/tbf_analysis_dag_v11.py
[2023-08-22T01:07:28.089+0000] {processor.py:768} INFO - DAG(s) dict_keys(['tbf_analysis_dag_v11']) retrieved from /opt/airflow/dags/tbf_analysis_dag_v11.py
[2023-08-22T01:07:28.109+0000] {logging_mixin.py:117} INFO - [2023-08-22T01:07:28.109+0000] {dag.py:2573} INFO - Sync 1 DAGs
[2023-08-22T01:07:28.124+0000] {logging_mixin.py:117} INFO - [2023-08-22T01:07:28.124+0000] {dag.py:3328} INFO - Setting next_dagrun for tbf_analysis_dag_v11 to None, run_after=None
[2023-08-22T01:07:28.135+0000] {processor.py:178} INFO - Processing /opt/airflow/dags/tbf_analysis_dag_v11.py took 0.217 seconds
[2023-08-22T01:07:58.304+0000] {processor.py:156} INFO - Started process (PID=420) to work on /opt/airflow/dags/tbf_analysis_dag_v11.py
[2023-08-22T01:07:58.308+0000] {processor.py:758} INFO - Processing file /opt/airflow/dags/tbf_analysis_dag_v11.py for tasks to queue
[2023-08-22T01:07:58.310+0000] {logging_mixin.py:117} INFO - [2023-08-22T01:07:58.309+0000] {dagbag.py:525} INFO - Filling up the DagBag from /opt/airflow/dags/tbf_analysis_dag_v11.py
[2023-08-22T01:07:58.459+0000] {processor.py:768} INFO - DAG(s) dict_keys(['tbf_analysis_dag_v11']) retrieved from /opt/airflow/dags/tbf_analysis_dag_v11.py
[2023-08-22T01:07:58.477+0000] {logging_mixin.py:117} INFO - [2023-08-22T01:07:58.477+0000] {dag.py:2573} INFO - Sync 1 DAGs
[2023-08-22T01:07:58.491+0000] {logging_mixin.py:117} INFO - [2023-08-22T01:07:58.491+0000] {dag.py:3328} INFO - Setting next_dagrun for tbf_analysis_dag_v11 to None, run_after=None
[2023-08-22T01:07:58.502+0000] {processor.py:178} INFO - Processing /opt/airflow/dags/tbf_analysis_dag_v11.py took 0.204 seconds
[2023-08-22T01:08:28.652+0000] {processor.py:156} INFO - Started process (PID=448) to work on /opt/airflow/dags/tbf_analysis_dag_v11.py
[2023-08-22T01:08:28.654+0000] {processor.py:758} INFO - Processing file /opt/airflow/dags/tbf_analysis_dag_v11.py for tasks to queue
[2023-08-22T01:08:28.656+0000] {logging_mixin.py:117} INFO - [2023-08-22T01:08:28.655+0000] {dagbag.py:525} INFO - Filling up the DagBag from /opt/airflow/dags/tbf_analysis_dag_v11.py
[2023-08-22T01:08:28.799+0000] {processor.py:768} INFO - DAG(s) dict_keys(['tbf_analysis_dag_v11']) retrieved from /opt/airflow/dags/tbf_analysis_dag_v11.py
[2023-08-22T01:08:28.822+0000] {logging_mixin.py:117} INFO - [2023-08-22T01:08:28.821+0000] {dag.py:2573} INFO - Sync 1 DAGs
[2023-08-22T01:08:28.837+0000] {logging_mixin.py:117} INFO - [2023-08-22T01:08:28.837+0000] {dag.py:3328} INFO - Setting next_dagrun for tbf_analysis_dag_v11 to None, run_after=None
[2023-08-22T01:08:28.849+0000] {processor.py:178} INFO - Processing /opt/airflow/dags/tbf_analysis_dag_v11.py took 0.202 seconds
[2023-08-22T01:08:59.030+0000] {processor.py:156} INFO - Started process (PID=475) to work on /opt/airflow/dags/tbf_analysis_dag_v11.py
[2023-08-22T01:08:59.032+0000] {processor.py:758} INFO - Processing file /opt/airflow/dags/tbf_analysis_dag_v11.py for tasks to queue
[2023-08-22T01:08:59.034+0000] {logging_mixin.py:117} INFO - [2023-08-22T01:08:59.033+0000] {dagbag.py:525} INFO - Filling up the DagBag from /opt/airflow/dags/tbf_analysis_dag_v11.py
[2023-08-22T01:08:59.226+0000] {processor.py:768} INFO - DAG(s) dict_keys(['tbf_analysis_dag_v11']) retrieved from /opt/airflow/dags/tbf_analysis_dag_v11.py
[2023-08-22T01:08:59.264+0000] {logging_mixin.py:117} INFO - [2023-08-22T01:08:59.263+0000] {dag.py:2573} INFO - Sync 1 DAGs
[2023-08-22T01:08:59.284+0000] {logging_mixin.py:117} INFO - [2023-08-22T01:08:59.283+0000] {dag.py:3328} INFO - Setting next_dagrun for tbf_analysis_dag_v11 to None, run_after=None
[2023-08-22T01:08:59.298+0000] {processor.py:178} INFO - Processing /opt/airflow/dags/tbf_analysis_dag_v11.py took 0.272 seconds
[2023-08-22T01:09:29.502+0000] {processor.py:156} INFO - Started process (PID=505) to work on /opt/airflow/dags/tbf_analysis_dag_v11.py
[2023-08-22T01:09:29.504+0000] {processor.py:758} INFO - Processing file /opt/airflow/dags/tbf_analysis_dag_v11.py for tasks to queue
[2023-08-22T01:09:29.505+0000] {logging_mixin.py:117} INFO - [2023-08-22T01:09:29.505+0000] {dagbag.py:525} INFO - Filling up the DagBag from /opt/airflow/dags/tbf_analysis_dag_v11.py
[2023-08-22T01:09:29.703+0000] {processor.py:768} INFO - DAG(s) dict_keys(['tbf_analysis_dag_v11']) retrieved from /opt/airflow/dags/tbf_analysis_dag_v11.py
[2023-08-22T01:09:29.739+0000] {logging_mixin.py:117} INFO - [2023-08-22T01:09:29.739+0000] {dag.py:2573} INFO - Sync 1 DAGs
[2023-08-22T01:09:29.766+0000] {logging_mixin.py:117} INFO - [2023-08-22T01:09:29.766+0000] {dag.py:3328} INFO - Setting next_dagrun for tbf_analysis_dag_v11 to None, run_after=None
[2023-08-22T01:09:29.784+0000] {processor.py:178} INFO - Processing /opt/airflow/dags/tbf_analysis_dag_v11.py took 0.289 seconds
[2023-08-22T01:09:59.867+0000] {processor.py:156} INFO - Started process (PID=525) to work on /opt/airflow/dags/tbf_analysis_dag_v11.py
[2023-08-22T01:09:59.870+0000] {processor.py:758} INFO - Processing file /opt/airflow/dags/tbf_analysis_dag_v11.py for tasks to queue
[2023-08-22T01:09:59.872+0000] {logging_mixin.py:117} INFO - [2023-08-22T01:09:59.871+0000] {dagbag.py:525} INFO - Filling up the DagBag from /opt/airflow/dags/tbf_analysis_dag_v11.py
[2023-08-22T01:10:00.018+0000] {processor.py:768} INFO - DAG(s) dict_keys(['tbf_analysis_dag_v11']) retrieved from /opt/airflow/dags/tbf_analysis_dag_v11.py
[2023-08-22T01:10:00.041+0000] {logging_mixin.py:117} INFO - [2023-08-22T01:10:00.041+0000] {dag.py:2573} INFO - Sync 1 DAGs
[2023-08-22T01:10:00.059+0000] {logging_mixin.py:117} INFO - [2023-08-22T01:10:00.059+0000] {dag.py:3328} INFO - Setting next_dagrun for tbf_analysis_dag_v11 to None, run_after=None
[2023-08-22T01:10:00.075+0000] {processor.py:178} INFO - Processing /opt/airflow/dags/tbf_analysis_dag_v11.py took 0.213 seconds
[2023-08-22T01:10:30.192+0000] {processor.py:156} INFO - Started process (PID=553) to work on /opt/airflow/dags/tbf_analysis_dag_v11.py
[2023-08-22T01:10:30.196+0000] {processor.py:758} INFO - Processing file /opt/airflow/dags/tbf_analysis_dag_v11.py for tasks to queue
[2023-08-22T01:10:30.198+0000] {logging_mixin.py:117} INFO - [2023-08-22T01:10:30.197+0000] {dagbag.py:525} INFO - Filling up the DagBag from /opt/airflow/dags/tbf_analysis_dag_v11.py
[2023-08-22T01:10:30.360+0000] {processor.py:768} INFO - DAG(s) dict_keys(['tbf_analysis_dag_v11']) retrieved from /opt/airflow/dags/tbf_analysis_dag_v11.py
[2023-08-22T01:10:30.385+0000] {logging_mixin.py:117} INFO - [2023-08-22T01:10:30.385+0000] {dag.py:2573} INFO - Sync 1 DAGs
[2023-08-22T01:10:30.401+0000] {logging_mixin.py:117} INFO - [2023-08-22T01:10:30.401+0000] {dag.py:3328} INFO - Setting next_dagrun for tbf_analysis_dag_v11 to None, run_after=None
[2023-08-22T01:10:30.414+0000] {processor.py:178} INFO - Processing /opt/airflow/dags/tbf_analysis_dag_v11.py took 0.228 seconds
[2023-08-22T01:11:00.519+0000] {processor.py:156} INFO - Started process (PID=581) to work on /opt/airflow/dags/tbf_analysis_dag_v11.py
[2023-08-22T01:11:00.520+0000] {processor.py:758} INFO - Processing file /opt/airflow/dags/tbf_analysis_dag_v11.py for tasks to queue
[2023-08-22T01:11:00.521+0000] {logging_mixin.py:117} INFO - [2023-08-22T01:11:00.521+0000] {dagbag.py:525} INFO - Filling up the DagBag from /opt/airflow/dags/tbf_analysis_dag_v11.py
[2023-08-22T01:11:00.655+0000] {processor.py:768} INFO - DAG(s) dict_keys(['tbf_analysis_dag_v11']) retrieved from /opt/airflow/dags/tbf_analysis_dag_v11.py
[2023-08-22T01:11:00.675+0000] {logging_mixin.py:117} INFO - [2023-08-22T01:11:00.675+0000] {dag.py:2573} INFO - Sync 1 DAGs
[2023-08-22T01:11:00.690+0000] {logging_mixin.py:117} INFO - [2023-08-22T01:11:00.690+0000] {dag.py:3328} INFO - Setting next_dagrun for tbf_analysis_dag_v11 to None, run_after=None
[2023-08-22T01:11:00.702+0000] {processor.py:178} INFO - Processing /opt/airflow/dags/tbf_analysis_dag_v11.py took 0.186 seconds
[2023-08-22T01:11:30.892+0000] {processor.py:156} INFO - Started process (PID=609) to work on /opt/airflow/dags/tbf_analysis_dag_v11.py
[2023-08-22T01:11:30.893+0000] {processor.py:758} INFO - Processing file /opt/airflow/dags/tbf_analysis_dag_v11.py for tasks to queue
[2023-08-22T01:11:30.894+0000] {logging_mixin.py:117} INFO - [2023-08-22T01:11:30.894+0000] {dagbag.py:525} INFO - Filling up the DagBag from /opt/airflow/dags/tbf_analysis_dag_v11.py
[2023-08-22T01:11:31.048+0000] {processor.py:768} INFO - DAG(s) dict_keys(['tbf_analysis_dag_v11']) retrieved from /opt/airflow/dags/tbf_analysis_dag_v11.py
[2023-08-22T01:11:31.072+0000] {logging_mixin.py:117} INFO - [2023-08-22T01:11:31.072+0000] {dag.py:2573} INFO - Sync 1 DAGs
[2023-08-22T01:11:31.088+0000] {logging_mixin.py:117} INFO - [2023-08-22T01:11:31.088+0000] {dag.py:3328} INFO - Setting next_dagrun for tbf_analysis_dag_v11 to None, run_after=None
[2023-08-22T01:11:31.102+0000] {processor.py:178} INFO - Processing /opt/airflow/dags/tbf_analysis_dag_v11.py took 0.213 seconds
[2023-08-22T01:12:01.162+0000] {processor.py:156} INFO - Started process (PID=638) to work on /opt/airflow/dags/tbf_analysis_dag_v11.py
[2023-08-22T01:12:01.163+0000] {processor.py:758} INFO - Processing file /opt/airflow/dags/tbf_analysis_dag_v11.py for tasks to queue
[2023-08-22T01:12:01.164+0000] {logging_mixin.py:117} INFO - [2023-08-22T01:12:01.164+0000] {dagbag.py:525} INFO - Filling up the DagBag from /opt/airflow/dags/tbf_analysis_dag_v11.py
[2023-08-22T01:12:01.290+0000] {processor.py:768} INFO - DAG(s) dict_keys(['tbf_analysis_dag_v11']) retrieved from /opt/airflow/dags/tbf_analysis_dag_v11.py
[2023-08-22T01:12:01.313+0000] {logging_mixin.py:117} INFO - [2023-08-22T01:12:01.313+0000] {dag.py:2573} INFO - Sync 1 DAGs
[2023-08-22T01:12:01.332+0000] {logging_mixin.py:117} INFO - [2023-08-22T01:12:01.332+0000] {dag.py:3328} INFO - Setting next_dagrun for tbf_analysis_dag_v11 to None, run_after=None
[2023-08-22T01:12:01.346+0000] {processor.py:178} INFO - Processing /opt/airflow/dags/tbf_analysis_dag_v11.py took 0.187 seconds
[2023-08-22T01:12:31.568+0000] {processor.py:156} INFO - Started process (PID=666) to work on /opt/airflow/dags/tbf_analysis_dag_v11.py
[2023-08-22T01:12:31.570+0000] {processor.py:758} INFO - Processing file /opt/airflow/dags/tbf_analysis_dag_v11.py for tasks to queue
[2023-08-22T01:12:31.571+0000] {logging_mixin.py:117} INFO - [2023-08-22T01:12:31.571+0000] {dagbag.py:525} INFO - Filling up the DagBag from /opt/airflow/dags/tbf_analysis_dag_v11.py
[2023-08-22T01:12:31.759+0000] {processor.py:768} INFO - DAG(s) dict_keys(['tbf_analysis_dag_v11']) retrieved from /opt/airflow/dags/tbf_analysis_dag_v11.py
[2023-08-22T01:12:31.791+0000] {logging_mixin.py:117} INFO - [2023-08-22T01:12:31.791+0000] {dag.py:2573} INFO - Sync 1 DAGs
[2023-08-22T01:12:31.813+0000] {logging_mixin.py:117} INFO - [2023-08-22T01:12:31.813+0000] {dag.py:3328} INFO - Setting next_dagrun for tbf_analysis_dag_v11 to None, run_after=None
[2023-08-22T01:12:31.825+0000] {processor.py:178} INFO - Processing /opt/airflow/dags/tbf_analysis_dag_v11.py took 0.264 seconds
[2023-08-22T01:13:01.875+0000] {processor.py:156} INFO - Started process (PID=685) to work on /opt/airflow/dags/tbf_analysis_dag_v11.py
[2023-08-22T01:13:01.877+0000] {processor.py:758} INFO - Processing file /opt/airflow/dags/tbf_analysis_dag_v11.py for tasks to queue
[2023-08-22T01:13:01.878+0000] {logging_mixin.py:117} INFO - [2023-08-22T01:13:01.878+0000] {dagbag.py:525} INFO - Filling up the DagBag from /opt/airflow/dags/tbf_analysis_dag_v11.py
[2023-08-22T01:13:02.045+0000] {processor.py:768} INFO - DAG(s) dict_keys(['tbf_analysis_dag_v11']) retrieved from /opt/airflow/dags/tbf_analysis_dag_v11.py
[2023-08-22T01:13:02.070+0000] {logging_mixin.py:117} INFO - [2023-08-22T01:13:02.069+0000] {dag.py:2573} INFO - Sync 1 DAGs
[2023-08-22T01:13:02.085+0000] {logging_mixin.py:117} INFO - [2023-08-22T01:13:02.085+0000] {dag.py:3328} INFO - Setting next_dagrun for tbf_analysis_dag_v11 to None, run_after=None
[2023-08-22T01:13:02.097+0000] {processor.py:178} INFO - Processing /opt/airflow/dags/tbf_analysis_dag_v11.py took 0.227 seconds
[2023-08-22T01:13:32.398+0000] {processor.py:156} INFO - Started process (PID=713) to work on /opt/airflow/dags/tbf_analysis_dag_v11.py
[2023-08-22T01:13:32.400+0000] {processor.py:758} INFO - Processing file /opt/airflow/dags/tbf_analysis_dag_v11.py for tasks to queue
[2023-08-22T01:13:32.401+0000] {logging_mixin.py:117} INFO - [2023-08-22T01:13:32.401+0000] {dagbag.py:525} INFO - Filling up the DagBag from /opt/airflow/dags/tbf_analysis_dag_v11.py
[2023-08-22T01:13:32.584+0000] {processor.py:768} INFO - DAG(s) dict_keys(['tbf_analysis_dag_v11']) retrieved from /opt/airflow/dags/tbf_analysis_dag_v11.py
[2023-08-22T01:13:32.608+0000] {logging_mixin.py:117} INFO - [2023-08-22T01:13:32.608+0000] {dag.py:2573} INFO - Sync 1 DAGs
[2023-08-22T01:13:32.624+0000] {logging_mixin.py:117} INFO - [2023-08-22T01:13:32.624+0000] {dag.py:3328} INFO - Setting next_dagrun for tbf_analysis_dag_v11 to None, run_after=None
[2023-08-22T01:13:32.634+0000] {processor.py:178} INFO - Processing /opt/airflow/dags/tbf_analysis_dag_v11.py took 0.242 seconds
[2023-08-22T01:14:02.721+0000] {processor.py:156} INFO - Started process (PID=741) to work on /opt/airflow/dags/tbf_analysis_dag_v11.py
[2023-08-22T01:14:02.724+0000] {processor.py:758} INFO - Processing file /opt/airflow/dags/tbf_analysis_dag_v11.py for tasks to queue
[2023-08-22T01:14:02.726+0000] {logging_mixin.py:117} INFO - [2023-08-22T01:14:02.726+0000] {dagbag.py:525} INFO - Filling up the DagBag from /opt/airflow/dags/tbf_analysis_dag_v11.py
[2023-08-22T01:14:02.879+0000] {processor.py:768} INFO - DAG(s) dict_keys(['tbf_analysis_dag_v11']) retrieved from /opt/airflow/dags/tbf_analysis_dag_v11.py
[2023-08-22T01:14:02.901+0000] {logging_mixin.py:117} INFO - [2023-08-22T01:14:02.901+0000] {dag.py:2573} INFO - Sync 1 DAGs
[2023-08-22T01:14:02.918+0000] {logging_mixin.py:117} INFO - [2023-08-22T01:14:02.918+0000] {dag.py:3328} INFO - Setting next_dagrun for tbf_analysis_dag_v11 to None, run_after=None
[2023-08-22T01:14:02.929+0000] {processor.py:178} INFO - Processing /opt/airflow/dags/tbf_analysis_dag_v11.py took 0.214 seconds
[2023-08-22T01:14:33.150+0000] {processor.py:156} INFO - Started process (PID=768) to work on /opt/airflow/dags/tbf_analysis_dag_v11.py
[2023-08-22T01:14:33.152+0000] {processor.py:758} INFO - Processing file /opt/airflow/dags/tbf_analysis_dag_v11.py for tasks to queue
[2023-08-22T01:14:33.154+0000] {logging_mixin.py:117} INFO - [2023-08-22T01:14:33.153+0000] {dagbag.py:525} INFO - Filling up the DagBag from /opt/airflow/dags/tbf_analysis_dag_v11.py
[2023-08-22T01:14:33.333+0000] {processor.py:768} INFO - DAG(s) dict_keys(['tbf_analysis_dag_v11']) retrieved from /opt/airflow/dags/tbf_analysis_dag_v11.py
[2023-08-22T01:14:33.356+0000] {logging_mixin.py:117} INFO - [2023-08-22T01:14:33.356+0000] {dag.py:2573} INFO - Sync 1 DAGs
[2023-08-22T01:14:33.373+0000] {logging_mixin.py:117} INFO - [2023-08-22T01:14:33.373+0000] {dag.py:3328} INFO - Setting next_dagrun for tbf_analysis_dag_v11 to None, run_after=None
[2023-08-22T01:14:33.385+0000] {processor.py:178} INFO - Processing /opt/airflow/dags/tbf_analysis_dag_v11.py took 0.238 seconds
[2023-08-22T01:15:03.503+0000] {processor.py:156} INFO - Started process (PID=795) to work on /opt/airflow/dags/tbf_analysis_dag_v11.py
[2023-08-22T01:15:03.508+0000] {processor.py:758} INFO - Processing file /opt/airflow/dags/tbf_analysis_dag_v11.py for tasks to queue
[2023-08-22T01:15:03.511+0000] {logging_mixin.py:117} INFO - [2023-08-22T01:15:03.510+0000] {dagbag.py:525} INFO - Filling up the DagBag from /opt/airflow/dags/tbf_analysis_dag_v11.py
[2023-08-22T01:15:03.680+0000] {processor.py:768} INFO - DAG(s) dict_keys(['tbf_analysis_dag_v11']) retrieved from /opt/airflow/dags/tbf_analysis_dag_v11.py
[2023-08-22T01:15:03.701+0000] {logging_mixin.py:117} INFO - [2023-08-22T01:15:03.701+0000] {dag.py:2573} INFO - Sync 1 DAGs
[2023-08-22T01:15:03.717+0000] {logging_mixin.py:117} INFO - [2023-08-22T01:15:03.717+0000] {dag.py:3328} INFO - Setting next_dagrun for tbf_analysis_dag_v11 to None, run_after=None
[2023-08-22T01:15:03.729+0000] {processor.py:178} INFO - Processing /opt/airflow/dags/tbf_analysis_dag_v11.py took 0.235 seconds
[2023-08-22T01:15:33.877+0000] {processor.py:156} INFO - Started process (PID=823) to work on /opt/airflow/dags/tbf_analysis_dag_v11.py
[2023-08-22T01:15:33.881+0000] {processor.py:758} INFO - Processing file /opt/airflow/dags/tbf_analysis_dag_v11.py for tasks to queue
[2023-08-22T01:15:33.883+0000] {logging_mixin.py:117} INFO - [2023-08-22T01:15:33.883+0000] {dagbag.py:525} INFO - Filling up the DagBag from /opt/airflow/dags/tbf_analysis_dag_v11.py
[2023-08-22T01:15:34.022+0000] {processor.py:768} INFO - DAG(s) dict_keys(['tbf_analysis_dag_v11']) retrieved from /opt/airflow/dags/tbf_analysis_dag_v11.py
[2023-08-22T01:15:34.041+0000] {logging_mixin.py:117} INFO - [2023-08-22T01:15:34.041+0000] {dag.py:2573} INFO - Sync 1 DAGs
[2023-08-22T01:15:34.056+0000] {logging_mixin.py:117} INFO - [2023-08-22T01:15:34.056+0000] {dag.py:3328} INFO - Setting next_dagrun for tbf_analysis_dag_v11 to None, run_after=None
[2023-08-22T01:15:34.066+0000] {processor.py:178} INFO - Processing /opt/airflow/dags/tbf_analysis_dag_v11.py took 0.196 seconds
[2023-08-22T01:16:04.371+0000] {processor.py:156} INFO - Started process (PID=850) to work on /opt/airflow/dags/tbf_analysis_dag_v11.py
[2023-08-22T01:16:04.373+0000] {processor.py:758} INFO - Processing file /opt/airflow/dags/tbf_analysis_dag_v11.py for tasks to queue
[2023-08-22T01:16:04.375+0000] {logging_mixin.py:117} INFO - [2023-08-22T01:16:04.375+0000] {dagbag.py:525} INFO - Filling up the DagBag from /opt/airflow/dags/tbf_analysis_dag_v11.py
[2023-08-22T01:16:04.531+0000] {processor.py:768} INFO - DAG(s) dict_keys(['tbf_analysis_dag_v11']) retrieved from /opt/airflow/dags/tbf_analysis_dag_v11.py
[2023-08-22T01:16:04.554+0000] {logging_mixin.py:117} INFO - [2023-08-22T01:16:04.554+0000] {dag.py:2573} INFO - Sync 1 DAGs
[2023-08-22T01:16:04.569+0000] {logging_mixin.py:117} INFO - [2023-08-22T01:16:04.569+0000] {dag.py:3328} INFO - Setting next_dagrun for tbf_analysis_dag_v11 to None, run_after=None
[2023-08-22T01:16:04.580+0000] {processor.py:178} INFO - Processing /opt/airflow/dags/tbf_analysis_dag_v11.py took 0.214 seconds
[2023-08-22T01:16:34.742+0000] {processor.py:156} INFO - Started process (PID=868) to work on /opt/airflow/dags/tbf_analysis_dag_v11.py
[2023-08-22T01:16:34.745+0000] {processor.py:758} INFO - Processing file /opt/airflow/dags/tbf_analysis_dag_v11.py for tasks to queue
[2023-08-22T01:16:34.749+0000] {logging_mixin.py:117} INFO - [2023-08-22T01:16:34.748+0000] {dagbag.py:525} INFO - Filling up the DagBag from /opt/airflow/dags/tbf_analysis_dag_v11.py
[2023-08-22T01:16:34.881+0000] {processor.py:768} INFO - DAG(s) dict_keys(['tbf_analysis_dag_v11']) retrieved from /opt/airflow/dags/tbf_analysis_dag_v11.py
[2023-08-22T01:16:34.900+0000] {logging_mixin.py:117} INFO - [2023-08-22T01:16:34.900+0000] {dag.py:2573} INFO - Sync 1 DAGs
[2023-08-22T01:16:34.916+0000] {logging_mixin.py:117} INFO - [2023-08-22T01:16:34.916+0000] {dag.py:3328} INFO - Setting next_dagrun for tbf_analysis_dag_v11 to None, run_after=None
[2023-08-22T01:16:34.926+0000] {processor.py:178} INFO - Processing /opt/airflow/dags/tbf_analysis_dag_v11.py took 0.191 seconds
[2023-08-22T01:17:05.186+0000] {processor.py:156} INFO - Started process (PID=896) to work on /opt/airflow/dags/tbf_analysis_dag_v11.py
[2023-08-22T01:17:05.188+0000] {processor.py:758} INFO - Processing file /opt/airflow/dags/tbf_analysis_dag_v11.py for tasks to queue
[2023-08-22T01:17:05.189+0000] {logging_mixin.py:117} INFO - [2023-08-22T01:17:05.189+0000] {dagbag.py:525} INFO - Filling up the DagBag from /opt/airflow/dags/tbf_analysis_dag_v11.py
[2023-08-22T01:17:05.416+0000] {processor.py:768} INFO - DAG(s) dict_keys(['tbf_analysis_dag_v11']) retrieved from /opt/airflow/dags/tbf_analysis_dag_v11.py
[2023-08-22T01:17:05.442+0000] {logging_mixin.py:117} INFO - [2023-08-22T01:17:05.441+0000] {dag.py:2573} INFO - Sync 1 DAGs
[2023-08-22T01:17:05.459+0000] {logging_mixin.py:117} INFO - [2023-08-22T01:17:05.459+0000] {dag.py:3328} INFO - Setting next_dagrun for tbf_analysis_dag_v11 to None, run_after=None
[2023-08-22T01:17:05.472+0000] {processor.py:178} INFO - Processing /opt/airflow/dags/tbf_analysis_dag_v11.py took 0.290 seconds
[2023-08-22T01:17:35.676+0000] {processor.py:156} INFO - Started process (PID=924) to work on /opt/airflow/dags/tbf_analysis_dag_v11.py
[2023-08-22T01:17:35.678+0000] {processor.py:758} INFO - Processing file /opt/airflow/dags/tbf_analysis_dag_v11.py for tasks to queue
[2023-08-22T01:17:35.679+0000] {logging_mixin.py:117} INFO - [2023-08-22T01:17:35.679+0000] {dagbag.py:525} INFO - Filling up the DagBag from /opt/airflow/dags/tbf_analysis_dag_v11.py
[2023-08-22T01:17:35.813+0000] {processor.py:768} INFO - DAG(s) dict_keys(['tbf_analysis_dag_v11']) retrieved from /opt/airflow/dags/tbf_analysis_dag_v11.py
[2023-08-22T01:17:35.835+0000] {logging_mixin.py:117} INFO - [2023-08-22T01:17:35.835+0000] {dag.py:2573} INFO - Sync 1 DAGs
[2023-08-22T01:17:35.850+0000] {logging_mixin.py:117} INFO - [2023-08-22T01:17:35.850+0000] {dag.py:3328} INFO - Setting next_dagrun for tbf_analysis_dag_v11 to None, run_after=None
[2023-08-22T01:17:35.862+0000] {processor.py:178} INFO - Processing /opt/airflow/dags/tbf_analysis_dag_v11.py took 0.190 seconds
[2023-08-22T01:18:06.076+0000] {processor.py:156} INFO - Started process (PID=952) to work on /opt/airflow/dags/tbf_analysis_dag_v11.py
[2023-08-22T01:18:06.079+0000] {processor.py:758} INFO - Processing file /opt/airflow/dags/tbf_analysis_dag_v11.py for tasks to queue
[2023-08-22T01:18:06.080+0000] {logging_mixin.py:117} INFO - [2023-08-22T01:18:06.080+0000] {dagbag.py:525} INFO - Filling up the DagBag from /opt/airflow/dags/tbf_analysis_dag_v11.py
[2023-08-22T01:18:06.248+0000] {processor.py:768} INFO - DAG(s) dict_keys(['tbf_analysis_dag_v11']) retrieved from /opt/airflow/dags/tbf_analysis_dag_v11.py
[2023-08-22T01:18:06.271+0000] {logging_mixin.py:117} INFO - [2023-08-22T01:18:06.271+0000] {dag.py:2573} INFO - Sync 1 DAGs
[2023-08-22T01:18:06.286+0000] {logging_mixin.py:117} INFO - [2023-08-22T01:18:06.286+0000] {dag.py:3328} INFO - Setting next_dagrun for tbf_analysis_dag_v11 to None, run_after=None
[2023-08-22T01:18:06.298+0000] {processor.py:178} INFO - Processing /opt/airflow/dags/tbf_analysis_dag_v11.py took 0.230 seconds
[2023-08-22T01:18:36.586+0000] {processor.py:156} INFO - Started process (PID=979) to work on /opt/airflow/dags/tbf_analysis_dag_v11.py
[2023-08-22T01:18:36.589+0000] {processor.py:758} INFO - Processing file /opt/airflow/dags/tbf_analysis_dag_v11.py for tasks to queue
[2023-08-22T01:18:36.591+0000] {logging_mixin.py:117} INFO - [2023-08-22T01:18:36.591+0000] {dagbag.py:525} INFO - Filling up the DagBag from /opt/airflow/dags/tbf_analysis_dag_v11.py
[2023-08-22T01:18:36.716+0000] {processor.py:768} INFO - DAG(s) dict_keys(['tbf_analysis_dag_v11']) retrieved from /opt/airflow/dags/tbf_analysis_dag_v11.py
[2023-08-22T01:18:36.736+0000] {logging_mixin.py:117} INFO - [2023-08-22T01:18:36.735+0000] {dag.py:2573} INFO - Sync 1 DAGs
[2023-08-22T01:18:36.749+0000] {logging_mixin.py:117} INFO - [2023-08-22T01:18:36.749+0000] {dag.py:3328} INFO - Setting next_dagrun for tbf_analysis_dag_v11 to None, run_after=None
[2023-08-22T01:18:36.760+0000] {processor.py:178} INFO - Processing /opt/airflow/dags/tbf_analysis_dag_v11.py took 0.180 seconds
[2023-08-22T01:19:06.866+0000] {processor.py:156} INFO - Started process (PID=1007) to work on /opt/airflow/dags/tbf_analysis_dag_v11.py
[2023-08-22T01:19:06.870+0000] {processor.py:758} INFO - Processing file /opt/airflow/dags/tbf_analysis_dag_v11.py for tasks to queue
[2023-08-22T01:19:06.872+0000] {logging_mixin.py:117} INFO - [2023-08-22T01:19:06.872+0000] {dagbag.py:525} INFO - Filling up the DagBag from /opt/airflow/dags/tbf_analysis_dag_v11.py
[2023-08-22T01:19:07.035+0000] {processor.py:768} INFO - DAG(s) dict_keys(['tbf_analysis_dag_v11']) retrieved from /opt/airflow/dags/tbf_analysis_dag_v11.py
[2023-08-22T01:19:07.058+0000] {logging_mixin.py:117} INFO - [2023-08-22T01:19:07.058+0000] {dag.py:2573} INFO - Sync 1 DAGs
[2023-08-22T01:19:07.074+0000] {logging_mixin.py:117} INFO - [2023-08-22T01:19:07.074+0000] {dag.py:3328} INFO - Setting next_dagrun for tbf_analysis_dag_v11 to None, run_after=None
[2023-08-22T01:19:07.084+0000] {processor.py:178} INFO - Processing /opt/airflow/dags/tbf_analysis_dag_v11.py took 0.228 seconds
[2023-08-22T01:19:37.333+0000] {processor.py:156} INFO - Started process (PID=1033) to work on /opt/airflow/dags/tbf_analysis_dag_v11.py
[2023-08-22T01:19:37.337+0000] {processor.py:758} INFO - Processing file /opt/airflow/dags/tbf_analysis_dag_v11.py for tasks to queue
[2023-08-22T01:19:37.338+0000] {logging_mixin.py:117} INFO - [2023-08-22T01:19:37.338+0000] {dagbag.py:525} INFO - Filling up the DagBag from /opt/airflow/dags/tbf_analysis_dag_v11.py
[2023-08-22T01:19:37.463+0000] {processor.py:768} INFO - DAG(s) dict_keys(['tbf_analysis_dag_v11']) retrieved from /opt/airflow/dags/tbf_analysis_dag_v11.py
[2023-08-22T01:19:37.482+0000] {logging_mixin.py:117} INFO - [2023-08-22T01:19:37.482+0000] {dag.py:2573} INFO - Sync 1 DAGs
[2023-08-22T01:19:37.496+0000] {logging_mixin.py:117} INFO - [2023-08-22T01:19:37.496+0000] {dag.py:3328} INFO - Setting next_dagrun for tbf_analysis_dag_v11 to None, run_after=None
[2023-08-22T01:19:37.506+0000] {processor.py:178} INFO - Processing /opt/airflow/dags/tbf_analysis_dag_v11.py took 0.179 seconds
[2023-08-22T01:20:07.726+0000] {processor.py:156} INFO - Started process (PID=1052) to work on /opt/airflow/dags/tbf_analysis_dag_v11.py
[2023-08-22T01:20:07.729+0000] {processor.py:758} INFO - Processing file /opt/airflow/dags/tbf_analysis_dag_v11.py for tasks to queue
[2023-08-22T01:20:07.731+0000] {logging_mixin.py:117} INFO - [2023-08-22T01:20:07.731+0000] {dagbag.py:525} INFO - Filling up the DagBag from /opt/airflow/dags/tbf_analysis_dag_v11.py
[2023-08-22T01:20:07.898+0000] {processor.py:768} INFO - DAG(s) dict_keys(['tbf_analysis_dag_v11']) retrieved from /opt/airflow/dags/tbf_analysis_dag_v11.py
[2023-08-22T01:20:07.922+0000] {logging_mixin.py:117} INFO - [2023-08-22T01:20:07.922+0000] {dag.py:2573} INFO - Sync 1 DAGs
[2023-08-22T01:20:07.939+0000] {logging_mixin.py:117} INFO - [2023-08-22T01:20:07.939+0000] {dag.py:3328} INFO - Setting next_dagrun for tbf_analysis_dag_v11 to None, run_after=None
[2023-08-22T01:20:07.951+0000] {processor.py:178} INFO - Processing /opt/airflow/dags/tbf_analysis_dag_v11.py took 0.232 seconds
[2023-08-22T01:20:38.032+0000] {processor.py:156} INFO - Started process (PID=1081) to work on /opt/airflow/dags/tbf_analysis_dag_v11.py
[2023-08-22T01:20:38.035+0000] {processor.py:758} INFO - Processing file /opt/airflow/dags/tbf_analysis_dag_v11.py for tasks to queue
[2023-08-22T01:20:38.036+0000] {logging_mixin.py:117} INFO - [2023-08-22T01:20:38.036+0000] {dagbag.py:525} INFO - Filling up the DagBag from /opt/airflow/dags/tbf_analysis_dag_v11.py
[2023-08-22T01:20:38.193+0000] {processor.py:768} INFO - DAG(s) dict_keys(['tbf_analysis_dag_v11']) retrieved from /opt/airflow/dags/tbf_analysis_dag_v11.py
[2023-08-22T01:20:38.217+0000] {logging_mixin.py:117} INFO - [2023-08-22T01:20:38.217+0000] {dag.py:2573} INFO - Sync 1 DAGs
[2023-08-22T01:20:38.233+0000] {logging_mixin.py:117} INFO - [2023-08-22T01:20:38.233+0000] {dag.py:3328} INFO - Setting next_dagrun for tbf_analysis_dag_v11 to None, run_after=None
[2023-08-22T01:20:38.244+0000] {processor.py:178} INFO - Processing /opt/airflow/dags/tbf_analysis_dag_v11.py took 0.218 seconds
[2023-08-22T01:21:08.630+0000] {processor.py:156} INFO - Started process (PID=1109) to work on /opt/airflow/dags/tbf_analysis_dag_v11.py
[2023-08-22T01:21:08.632+0000] {processor.py:758} INFO - Processing file /opt/airflow/dags/tbf_analysis_dag_v11.py for tasks to queue
[2023-08-22T01:21:08.634+0000] {logging_mixin.py:117} INFO - [2023-08-22T01:21:08.634+0000] {dagbag.py:525} INFO - Filling up the DagBag from /opt/airflow/dags/tbf_analysis_dag_v11.py
[2023-08-22T01:21:08.773+0000] {processor.py:768} INFO - DAG(s) dict_keys(['tbf_analysis_dag_v11']) retrieved from /opt/airflow/dags/tbf_analysis_dag_v11.py
[2023-08-22T01:21:08.794+0000] {logging_mixin.py:117} INFO - [2023-08-22T01:21:08.794+0000] {dag.py:2573} INFO - Sync 1 DAGs
[2023-08-22T01:21:08.810+0000] {logging_mixin.py:117} INFO - [2023-08-22T01:21:08.810+0000] {dag.py:3328} INFO - Setting next_dagrun for tbf_analysis_dag_v11 to None, run_after=None
[2023-08-22T01:21:08.821+0000] {processor.py:178} INFO - Processing /opt/airflow/dags/tbf_analysis_dag_v11.py took 0.193 seconds
[2023-08-22T01:21:38.915+0000] {processor.py:156} INFO - Started process (PID=1137) to work on /opt/airflow/dags/tbf_analysis_dag_v11.py
[2023-08-22T01:21:38.920+0000] {processor.py:758} INFO - Processing file /opt/airflow/dags/tbf_analysis_dag_v11.py for tasks to queue
[2023-08-22T01:21:38.922+0000] {logging_mixin.py:117} INFO - [2023-08-22T01:21:38.922+0000] {dagbag.py:525} INFO - Filling up the DagBag from /opt/airflow/dags/tbf_analysis_dag_v11.py
[2023-08-22T01:21:39.065+0000] {processor.py:768} INFO - DAG(s) dict_keys(['tbf_analysis_dag_v11']) retrieved from /opt/airflow/dags/tbf_analysis_dag_v11.py
[2023-08-22T01:21:39.090+0000] {logging_mixin.py:117} INFO - [2023-08-22T01:21:39.090+0000] {dag.py:2573} INFO - Sync 1 DAGs
[2023-08-22T01:21:39.142+0000] {logging_mixin.py:117} INFO - [2023-08-22T01:21:39.141+0000] {dag.py:3328} INFO - Setting next_dagrun for tbf_analysis_dag_v11 to None, run_after=None
[2023-08-22T01:21:39.169+0000] {processor.py:178} INFO - Processing /opt/airflow/dags/tbf_analysis_dag_v11.py took 0.262 seconds
[2023-08-22T01:22:09.513+0000] {processor.py:156} INFO - Started process (PID=1165) to work on /opt/airflow/dags/tbf_analysis_dag_v11.py
[2023-08-22T01:22:09.516+0000] {processor.py:758} INFO - Processing file /opt/airflow/dags/tbf_analysis_dag_v11.py for tasks to queue
[2023-08-22T01:22:09.518+0000] {logging_mixin.py:117} INFO - [2023-08-22T01:22:09.518+0000] {dagbag.py:525} INFO - Filling up the DagBag from /opt/airflow/dags/tbf_analysis_dag_v11.py
[2023-08-22T01:22:09.649+0000] {processor.py:768} INFO - DAG(s) dict_keys(['tbf_analysis_dag_v11']) retrieved from /opt/airflow/dags/tbf_analysis_dag_v11.py
[2023-08-22T01:22:09.670+0000] {logging_mixin.py:117} INFO - [2023-08-22T01:22:09.670+0000] {dag.py:2573} INFO - Sync 1 DAGs
[2023-08-22T01:22:09.685+0000] {logging_mixin.py:117} INFO - [2023-08-22T01:22:09.685+0000] {dag.py:3328} INFO - Setting next_dagrun for tbf_analysis_dag_v11 to None, run_after=None
[2023-08-22T01:22:09.696+0000] {processor.py:178} INFO - Processing /opt/airflow/dags/tbf_analysis_dag_v11.py took 0.188 seconds
[2023-08-22T01:22:39.878+0000] {processor.py:156} INFO - Started process (PID=1193) to work on /opt/airflow/dags/tbf_analysis_dag_v11.py
[2023-08-22T01:22:39.881+0000] {processor.py:758} INFO - Processing file /opt/airflow/dags/tbf_analysis_dag_v11.py for tasks to queue
[2023-08-22T01:22:39.883+0000] {logging_mixin.py:117} INFO - [2023-08-22T01:22:39.883+0000] {dagbag.py:525} INFO - Filling up the DagBag from /opt/airflow/dags/tbf_analysis_dag_v11.py
[2023-08-22T01:22:40.041+0000] {processor.py:768} INFO - DAG(s) dict_keys(['tbf_analysis_dag_v11']) retrieved from /opt/airflow/dags/tbf_analysis_dag_v11.py
[2023-08-22T01:22:40.062+0000] {logging_mixin.py:117} INFO - [2023-08-22T01:22:40.062+0000] {dag.py:2573} INFO - Sync 1 DAGs
[2023-08-22T01:22:40.078+0000] {logging_mixin.py:117} INFO - [2023-08-22T01:22:40.078+0000] {dag.py:3328} INFO - Setting next_dagrun for tbf_analysis_dag_v11 to None, run_after=None
[2023-08-22T01:22:40.089+0000] {processor.py:178} INFO - Processing /opt/airflow/dags/tbf_analysis_dag_v11.py took 0.216 seconds
[2023-08-22T01:43:26.893+0000] {processor.py:156} INFO - Started process (PID=34) to work on /opt/airflow/dags/tbf_analysis_dag_v11.py
[2023-08-22T01:43:26.901+0000] {processor.py:758} INFO - Processing file /opt/airflow/dags/tbf_analysis_dag_v11.py for tasks to queue
[2023-08-22T01:43:26.904+0000] {logging_mixin.py:117} INFO - [2023-08-22T01:43:26.904+0000] {dagbag.py:525} INFO - Filling up the DagBag from /opt/airflow/dags/tbf_analysis_dag_v11.py
[2023-08-22T01:43:27.716+0000] {processor.py:768} INFO - DAG(s) dict_keys(['tbf_analysis_dag_v11']) retrieved from /opt/airflow/dags/tbf_analysis_dag_v11.py
[2023-08-22T01:43:27.770+0000] {logging_mixin.py:117} INFO - [2023-08-22T01:43:27.770+0000] {dag.py:2573} INFO - Sync 1 DAGs
[2023-08-22T01:43:27.790+0000] {logging_mixin.py:117} INFO - [2023-08-22T01:43:27.790+0000] {dag.py:3328} INFO - Setting next_dagrun for tbf_analysis_dag_v11 to None, run_after=None
[2023-08-22T01:43:27.811+0000] {processor.py:178} INFO - Processing /opt/airflow/dags/tbf_analysis_dag_v11.py took 0.922 seconds
[2023-08-22T01:43:37.371+0000] {processor.py:156} INFO - Started process (PID=44) to work on /opt/airflow/dags/tbf_analysis_dag_v11.py
[2023-08-22T01:43:37.372+0000] {processor.py:758} INFO - Processing file /opt/airflow/dags/tbf_analysis_dag_v11.py for tasks to queue
[2023-08-22T01:43:37.373+0000] {logging_mixin.py:117} INFO - [2023-08-22T01:43:37.373+0000] {dagbag.py:525} INFO - Filling up the DagBag from /opt/airflow/dags/tbf_analysis_dag_v11.py
[2023-08-22T01:43:37.493+0000] {processor.py:768} INFO - DAG(s) dict_keys(['tbf_analysis_dag_v11']) retrieved from /opt/airflow/dags/tbf_analysis_dag_v11.py
[2023-08-22T01:43:37.590+0000] {processor.py:727} INFO - Executed failure callback for <TaskInstance: tbf_analysis_dag_v11.download_raw_data_task scheduled__2023-08-22T00:00:00+00:00 [up_for_retry]> in state up_for_retry
[2023-08-22T01:43:37.593+0000] {logging_mixin.py:117} INFO - [2023-08-22T01:43:37.593+0000] {dag.py:2573} INFO - Sync 1 DAGs
[2023-08-22T01:43:37.604+0000] {logging_mixin.py:117} INFO - [2023-08-22T01:43:37.604+0000] {dag.py:3328} INFO - Setting next_dagrun for tbf_analysis_dag_v11 to None, run_after=None
[2023-08-22T01:43:37.613+0000] {processor.py:178} INFO - Processing /opt/airflow/dags/tbf_analysis_dag_v11.py took 0.244 seconds
[2023-08-22T01:43:47.434+0000] {processor.py:156} INFO - Started process (PID=54) to work on /opt/airflow/dags/tbf_analysis_dag_v11.py
[2023-08-22T01:43:47.435+0000] {processor.py:758} INFO - Processing file /opt/airflow/dags/tbf_analysis_dag_v11.py for tasks to queue
[2023-08-22T01:43:47.436+0000] {logging_mixin.py:117} INFO - [2023-08-22T01:43:47.436+0000] {dagbag.py:525} INFO - Filling up the DagBag from /opt/airflow/dags/tbf_analysis_dag_v11.py
[2023-08-22T01:43:47.562+0000] {processor.py:768} INFO - DAG(s) dict_keys(['tbf_analysis_dag_v11']) retrieved from /opt/airflow/dags/tbf_analysis_dag_v11.py
[2023-08-22T01:43:47.659+0000] {processor.py:727} INFO - Executed failure callback for <TaskInstance: tbf_analysis_dag_v11.download_raw_data_task manual__2023-08-22T01:02:02.564786+00:00 [up_for_retry]> in state up_for_retry
[2023-08-22T01:43:47.667+0000] {processor.py:727} INFO - Executed failure callback for <TaskInstance: tbf_analysis_dag_v11.download_raw_data_task manual__2023-08-22T01:02:02.564786+00:00 [failed]> in state failed
[2023-08-22T01:43:47.671+0000] {logging_mixin.py:117} INFO - [2023-08-22T01:43:47.671+0000] {dag.py:2573} INFO - Sync 1 DAGs
[2023-08-22T01:43:47.682+0000] {logging_mixin.py:117} INFO - [2023-08-22T01:43:47.682+0000] {dag.py:3328} INFO - Setting next_dagrun for tbf_analysis_dag_v11 to None, run_after=None
[2023-08-22T01:43:47.692+0000] {processor.py:178} INFO - Processing /opt/airflow/dags/tbf_analysis_dag_v11.py took 0.260 seconds
