[2023-08-22T15:15:24.773+0000] {processor.py:156} INFO - Started process (PID=34) to work on /opt/airflow/dags/tbf_analysis_dag_v13.py
[2023-08-22T15:15:24.774+0000] {processor.py:758} INFO - Processing file /opt/airflow/dags/tbf_analysis_dag_v13.py for tasks to queue
[2023-08-22T15:15:24.775+0000] {logging_mixin.py:117} INFO - [2023-08-22T15:15:24.775+0000] {dagbag.py:525} INFO - Filling up the DagBag from /opt/airflow/dags/tbf_analysis_dag_v13.py
[2023-08-22T15:15:25.490+0000] {processor.py:768} INFO - DAG(s) dict_keys(['tbf_analysis_dag_v13']) retrieved from /opt/airflow/dags/tbf_analysis_dag_v13.py
[2023-08-22T15:15:25.631+0000] {logging_mixin.py:117} INFO - [2023-08-22T15:15:25.631+0000] {manager.py:507} INFO - Created Permission View: can read on DAG:tbf_analysis_dag_v13
[2023-08-22T15:15:25.638+0000] {logging_mixin.py:117} INFO - [2023-08-22T15:15:25.638+0000] {manager.py:507} INFO - Created Permission View: can delete on DAG:tbf_analysis_dag_v13
[2023-08-22T15:15:25.643+0000] {logging_mixin.py:117} INFO - [2023-08-22T15:15:25.642+0000] {manager.py:507} INFO - Created Permission View: can edit on DAG:tbf_analysis_dag_v13
[2023-08-22T15:15:25.643+0000] {logging_mixin.py:117} INFO - [2023-08-22T15:15:25.643+0000] {dag.py:2573} INFO - Sync 1 DAGs
[2023-08-22T15:15:25.653+0000] {logging_mixin.py:117} INFO - [2023-08-22T15:15:25.653+0000] {dag.py:2594} INFO - Creating ORM DAG for tbf_analysis_dag_v13
[2023-08-22T15:15:25.662+0000] {logging_mixin.py:117} INFO - [2023-08-22T15:15:25.662+0000] {dag.py:3328} INFO - Setting next_dagrun for tbf_analysis_dag_v13 to 2023-08-22T00:00:00+00:00, run_after=2023-08-22T00:00:00+00:00
[2023-08-22T15:15:25.684+0000] {processor.py:178} INFO - Processing /opt/airflow/dags/tbf_analysis_dag_v13.py took 0.914 seconds
[2023-08-22T15:15:56.186+0000] {processor.py:156} INFO - Started process (PID=63) to work on /opt/airflow/dags/tbf_analysis_dag_v13.py
[2023-08-22T15:15:56.188+0000] {processor.py:758} INFO - Processing file /opt/airflow/dags/tbf_analysis_dag_v13.py for tasks to queue
[2023-08-22T15:15:56.188+0000] {logging_mixin.py:117} INFO - [2023-08-22T15:15:56.188+0000] {dagbag.py:525} INFO - Filling up the DagBag from /opt/airflow/dags/tbf_analysis_dag_v13.py
[2023-08-22T15:15:56.325+0000] {processor.py:768} INFO - DAG(s) dict_keys(['tbf_analysis_dag_v13']) retrieved from /opt/airflow/dags/tbf_analysis_dag_v13.py
[2023-08-22T15:15:56.344+0000] {logging_mixin.py:117} INFO - [2023-08-22T15:15:56.344+0000] {dag.py:2573} INFO - Sync 1 DAGs
[2023-08-22T15:15:56.358+0000] {logging_mixin.py:117} INFO - [2023-08-22T15:15:56.358+0000] {dag.py:3328} INFO - Setting next_dagrun for tbf_analysis_dag_v13 to 2023-08-22T00:00:00+00:00, run_after=2023-08-22T00:00:00+00:00
[2023-08-22T15:15:56.368+0000] {processor.py:178} INFO - Processing /opt/airflow/dags/tbf_analysis_dag_v13.py took 0.185 seconds
[2023-08-22T15:16:26.541+0000] {processor.py:156} INFO - Started process (PID=99) to work on /opt/airflow/dags/tbf_analysis_dag_v13.py
[2023-08-22T15:16:26.543+0000] {processor.py:758} INFO - Processing file /opt/airflow/dags/tbf_analysis_dag_v13.py for tasks to queue
[2023-08-22T15:16:26.544+0000] {logging_mixin.py:117} INFO - [2023-08-22T15:16:26.544+0000] {dagbag.py:525} INFO - Filling up the DagBag from /opt/airflow/dags/tbf_analysis_dag_v13.py
[2023-08-22T15:16:26.851+0000] {processor.py:768} INFO - DAG(s) dict_keys(['tbf_analysis_dag_v13']) retrieved from /opt/airflow/dags/tbf_analysis_dag_v13.py
[2023-08-22T15:16:26.885+0000] {logging_mixin.py:117} INFO - [2023-08-22T15:16:26.885+0000] {dag.py:2573} INFO - Sync 1 DAGs
[2023-08-22T15:16:26.908+0000] {logging_mixin.py:117} INFO - [2023-08-22T15:16:26.907+0000] {dag.py:3328} INFO - Setting next_dagrun for tbf_analysis_dag_v13 to None, run_after=None
[2023-08-22T15:16:26.925+0000] {processor.py:178} INFO - Processing /opt/airflow/dags/tbf_analysis_dag_v13.py took 0.390 seconds
[2023-08-22T15:16:57.115+0000] {processor.py:156} INFO - Started process (PID=127) to work on /opt/airflow/dags/tbf_analysis_dag_v13.py
[2023-08-22T15:16:57.120+0000] {processor.py:758} INFO - Processing file /opt/airflow/dags/tbf_analysis_dag_v13.py for tasks to queue
[2023-08-22T15:16:57.130+0000] {logging_mixin.py:117} INFO - [2023-08-22T15:16:57.130+0000] {dagbag.py:525} INFO - Filling up the DagBag from /opt/airflow/dags/tbf_analysis_dag_v13.py
[2023-08-22T15:16:57.597+0000] {processor.py:768} INFO - DAG(s) dict_keys(['tbf_analysis_dag_v13']) retrieved from /opt/airflow/dags/tbf_analysis_dag_v13.py
[2023-08-22T15:16:57.653+0000] {logging_mixin.py:117} INFO - [2023-08-22T15:16:57.652+0000] {dag.py:2573} INFO - Sync 1 DAGs
[2023-08-22T15:16:57.682+0000] {logging_mixin.py:117} INFO - [2023-08-22T15:16:57.682+0000] {dag.py:3328} INFO - Setting next_dagrun for tbf_analysis_dag_v13 to None, run_after=None
[2023-08-22T15:16:57.701+0000] {processor.py:178} INFO - Processing /opt/airflow/dags/tbf_analysis_dag_v13.py took 0.601 seconds
[2023-08-22T15:17:27.969+0000] {processor.py:156} INFO - Started process (PID=146) to work on /opt/airflow/dags/tbf_analysis_dag_v13.py
[2023-08-22T15:17:27.971+0000] {processor.py:758} INFO - Processing file /opt/airflow/dags/tbf_analysis_dag_v13.py for tasks to queue
[2023-08-22T15:17:27.972+0000] {logging_mixin.py:117} INFO - [2023-08-22T15:17:27.972+0000] {dagbag.py:525} INFO - Filling up the DagBag from /opt/airflow/dags/tbf_analysis_dag_v13.py
[2023-08-22T15:17:28.233+0000] {processor.py:768} INFO - DAG(s) dict_keys(['tbf_analysis_dag_v13']) retrieved from /opt/airflow/dags/tbf_analysis_dag_v13.py
[2023-08-22T15:17:28.269+0000] {logging_mixin.py:117} INFO - [2023-08-22T15:17:28.269+0000] {dag.py:2573} INFO - Sync 1 DAGs
[2023-08-22T15:17:28.313+0000] {logging_mixin.py:117} INFO - [2023-08-22T15:17:28.313+0000] {dag.py:3328} INFO - Setting next_dagrun for tbf_analysis_dag_v13 to None, run_after=None
[2023-08-22T15:17:28.335+0000] {processor.py:178} INFO - Processing /opt/airflow/dags/tbf_analysis_dag_v13.py took 0.370 seconds
[2023-08-22T15:17:58.502+0000] {processor.py:156} INFO - Started process (PID=174) to work on /opt/airflow/dags/tbf_analysis_dag_v13.py
[2023-08-22T15:17:58.505+0000] {processor.py:758} INFO - Processing file /opt/airflow/dags/tbf_analysis_dag_v13.py for tasks to queue
[2023-08-22T15:17:58.508+0000] {logging_mixin.py:117} INFO - [2023-08-22T15:17:58.507+0000] {dagbag.py:525} INFO - Filling up the DagBag from /opt/airflow/dags/tbf_analysis_dag_v13.py
[2023-08-22T15:17:58.961+0000] {processor.py:768} INFO - DAG(s) dict_keys(['tbf_analysis_dag_v13']) retrieved from /opt/airflow/dags/tbf_analysis_dag_v13.py
[2023-08-22T15:17:59.019+0000] {logging_mixin.py:117} INFO - [2023-08-22T15:17:59.018+0000] {dag.py:2573} INFO - Sync 1 DAGs
[2023-08-22T15:17:59.049+0000] {logging_mixin.py:117} INFO - [2023-08-22T15:17:59.049+0000] {dag.py:3328} INFO - Setting next_dagrun for tbf_analysis_dag_v13 to None, run_after=None
[2023-08-22T15:17:59.069+0000] {processor.py:178} INFO - Processing /opt/airflow/dags/tbf_analysis_dag_v13.py took 0.573 seconds
[2023-08-22T15:18:29.528+0000] {processor.py:156} INFO - Started process (PID=201) to work on /opt/airflow/dags/tbf_analysis_dag_v13.py
[2023-08-22T15:18:29.531+0000] {processor.py:758} INFO - Processing file /opt/airflow/dags/tbf_analysis_dag_v13.py for tasks to queue
[2023-08-22T15:18:29.536+0000] {logging_mixin.py:117} INFO - [2023-08-22T15:18:29.535+0000] {dagbag.py:525} INFO - Filling up the DagBag from /opt/airflow/dags/tbf_analysis_dag_v13.py
[2023-08-22T15:18:30.217+0000] {processor.py:768} INFO - DAG(s) dict_keys(['tbf_analysis_dag_v13']) retrieved from /opt/airflow/dags/tbf_analysis_dag_v13.py
[2023-08-22T15:18:30.291+0000] {logging_mixin.py:117} INFO - [2023-08-22T15:18:30.291+0000] {dag.py:2573} INFO - Sync 1 DAGs
[2023-08-22T15:18:30.323+0000] {logging_mixin.py:117} INFO - [2023-08-22T15:18:30.323+0000] {dag.py:3328} INFO - Setting next_dagrun for tbf_analysis_dag_v13 to None, run_after=None
[2023-08-22T15:18:30.342+0000] {processor.py:178} INFO - Processing /opt/airflow/dags/tbf_analysis_dag_v13.py took 0.828 seconds
[2023-08-22T15:19:00.603+0000] {processor.py:156} INFO - Started process (PID=229) to work on /opt/airflow/dags/tbf_analysis_dag_v13.py
[2023-08-22T15:19:00.608+0000] {processor.py:758} INFO - Processing file /opt/airflow/dags/tbf_analysis_dag_v13.py for tasks to queue
[2023-08-22T15:19:00.610+0000] {logging_mixin.py:117} INFO - [2023-08-22T15:19:00.610+0000] {dagbag.py:525} INFO - Filling up the DagBag from /opt/airflow/dags/tbf_analysis_dag_v13.py
[2023-08-22T15:19:00.839+0000] {processor.py:768} INFO - DAG(s) dict_keys(['tbf_analysis_dag_v13']) retrieved from /opt/airflow/dags/tbf_analysis_dag_v13.py
[2023-08-22T15:19:00.863+0000] {logging_mixin.py:117} INFO - [2023-08-22T15:19:00.863+0000] {dag.py:2573} INFO - Sync 1 DAGs
[2023-08-22T15:19:00.880+0000] {logging_mixin.py:117} INFO - [2023-08-22T15:19:00.880+0000] {dag.py:3328} INFO - Setting next_dagrun for tbf_analysis_dag_v13 to None, run_after=None
[2023-08-22T15:19:00.893+0000] {processor.py:178} INFO - Processing /opt/airflow/dags/tbf_analysis_dag_v13.py took 0.297 seconds
[2023-08-22T15:19:31.036+0000] {processor.py:156} INFO - Started process (PID=259) to work on /opt/airflow/dags/tbf_analysis_dag_v13.py
[2023-08-22T15:19:31.037+0000] {processor.py:758} INFO - Processing file /opt/airflow/dags/tbf_analysis_dag_v13.py for tasks to queue
[2023-08-22T15:19:31.038+0000] {logging_mixin.py:117} INFO - [2023-08-22T15:19:31.038+0000] {dagbag.py:525} INFO - Filling up the DagBag from /opt/airflow/dags/tbf_analysis_dag_v13.py
[2023-08-22T15:19:31.241+0000] {processor.py:768} INFO - DAG(s) dict_keys(['tbf_analysis_dag_v13']) retrieved from /opt/airflow/dags/tbf_analysis_dag_v13.py
[2023-08-22T15:19:31.265+0000] {logging_mixin.py:117} INFO - [2023-08-22T15:19:31.265+0000] {dag.py:2573} INFO - Sync 1 DAGs
[2023-08-22T15:19:31.287+0000] {logging_mixin.py:117} INFO - [2023-08-22T15:19:31.287+0000] {dag.py:3328} INFO - Setting next_dagrun for tbf_analysis_dag_v13 to None, run_after=None
[2023-08-22T15:19:31.300+0000] {processor.py:178} INFO - Processing /opt/airflow/dags/tbf_analysis_dag_v13.py took 0.267 seconds
[2023-08-22T15:20:01.550+0000] {processor.py:156} INFO - Started process (PID=278) to work on /opt/airflow/dags/tbf_analysis_dag_v13.py
[2023-08-22T15:20:01.554+0000] {processor.py:758} INFO - Processing file /opt/airflow/dags/tbf_analysis_dag_v13.py for tasks to queue
[2023-08-22T15:20:01.556+0000] {logging_mixin.py:117} INFO - [2023-08-22T15:20:01.556+0000] {dagbag.py:525} INFO - Filling up the DagBag from /opt/airflow/dags/tbf_analysis_dag_v13.py
[2023-08-22T15:20:01.796+0000] {processor.py:768} INFO - DAG(s) dict_keys(['tbf_analysis_dag_v13']) retrieved from /opt/airflow/dags/tbf_analysis_dag_v13.py
[2023-08-22T15:20:01.825+0000] {logging_mixin.py:117} INFO - [2023-08-22T15:20:01.825+0000] {dag.py:2573} INFO - Sync 1 DAGs
[2023-08-22T15:20:01.847+0000] {logging_mixin.py:117} INFO - [2023-08-22T15:20:01.846+0000] {dag.py:3328} INFO - Setting next_dagrun for tbf_analysis_dag_v13 to None, run_after=None
[2023-08-22T15:20:01.861+0000] {processor.py:178} INFO - Processing /opt/airflow/dags/tbf_analysis_dag_v13.py took 0.321 seconds
[2023-08-22T15:20:32.098+0000] {processor.py:156} INFO - Started process (PID=306) to work on /opt/airflow/dags/tbf_analysis_dag_v13.py
[2023-08-22T15:20:32.100+0000] {processor.py:758} INFO - Processing file /opt/airflow/dags/tbf_analysis_dag_v13.py for tasks to queue
[2023-08-22T15:20:32.101+0000] {logging_mixin.py:117} INFO - [2023-08-22T15:20:32.101+0000] {dagbag.py:525} INFO - Filling up the DagBag from /opt/airflow/dags/tbf_analysis_dag_v13.py
[2023-08-22T15:20:32.240+0000] {processor.py:768} INFO - DAG(s) dict_keys(['tbf_analysis_dag_v13']) retrieved from /opt/airflow/dags/tbf_analysis_dag_v13.py
[2023-08-22T15:20:32.264+0000] {logging_mixin.py:117} INFO - [2023-08-22T15:20:32.264+0000] {dag.py:2573} INFO - Sync 1 DAGs
[2023-08-22T15:20:32.278+0000] {logging_mixin.py:117} INFO - [2023-08-22T15:20:32.278+0000] {dag.py:3328} INFO - Setting next_dagrun for tbf_analysis_dag_v13 to None, run_after=None
[2023-08-22T15:20:32.288+0000] {processor.py:178} INFO - Processing /opt/airflow/dags/tbf_analysis_dag_v13.py took 0.192 seconds
[2023-08-22T15:21:02.440+0000] {processor.py:156} INFO - Started process (PID=334) to work on /opt/airflow/dags/tbf_analysis_dag_v13.py
[2023-08-22T15:21:02.443+0000] {processor.py:758} INFO - Processing file /opt/airflow/dags/tbf_analysis_dag_v13.py for tasks to queue
[2023-08-22T15:21:02.446+0000] {logging_mixin.py:117} INFO - [2023-08-22T15:21:02.445+0000] {dagbag.py:525} INFO - Filling up the DagBag from /opt/airflow/dags/tbf_analysis_dag_v13.py
[2023-08-22T15:21:02.632+0000] {processor.py:768} INFO - DAG(s) dict_keys(['tbf_analysis_dag_v13']) retrieved from /opt/airflow/dags/tbf_analysis_dag_v13.py
[2023-08-22T15:21:02.657+0000] {logging_mixin.py:117} INFO - [2023-08-22T15:21:02.657+0000] {dag.py:2573} INFO - Sync 1 DAGs
[2023-08-22T15:21:02.674+0000] {logging_mixin.py:117} INFO - [2023-08-22T15:21:02.674+0000] {dag.py:3328} INFO - Setting next_dagrun for tbf_analysis_dag_v13 to None, run_after=None
[2023-08-22T15:21:02.686+0000] {processor.py:178} INFO - Processing /opt/airflow/dags/tbf_analysis_dag_v13.py took 0.255 seconds
[2023-08-22T15:21:32.951+0000] {processor.py:156} INFO - Started process (PID=363) to work on /opt/airflow/dags/tbf_analysis_dag_v13.py
[2023-08-22T15:21:32.953+0000] {processor.py:758} INFO - Processing file /opt/airflow/dags/tbf_analysis_dag_v13.py for tasks to queue
[2023-08-22T15:21:32.954+0000] {logging_mixin.py:117} INFO - [2023-08-22T15:21:32.954+0000] {dagbag.py:525} INFO - Filling up the DagBag from /opt/airflow/dags/tbf_analysis_dag_v13.py
[2023-08-22T15:21:33.094+0000] {processor.py:768} INFO - DAG(s) dict_keys(['tbf_analysis_dag_v13']) retrieved from /opt/airflow/dags/tbf_analysis_dag_v13.py
[2023-08-22T15:21:33.114+0000] {logging_mixin.py:117} INFO - [2023-08-22T15:21:33.114+0000] {dag.py:2573} INFO - Sync 1 DAGs
[2023-08-22T15:21:33.128+0000] {logging_mixin.py:117} INFO - [2023-08-22T15:21:33.128+0000] {dag.py:3328} INFO - Setting next_dagrun for tbf_analysis_dag_v13 to None, run_after=None
[2023-08-22T15:21:33.138+0000] {processor.py:178} INFO - Processing /opt/airflow/dags/tbf_analysis_dag_v13.py took 0.193 seconds
[2023-08-22T15:22:03.218+0000] {processor.py:156} INFO - Started process (PID=391) to work on /opt/airflow/dags/tbf_analysis_dag_v13.py
[2023-08-22T15:22:03.220+0000] {processor.py:758} INFO - Processing file /opt/airflow/dags/tbf_analysis_dag_v13.py for tasks to queue
[2023-08-22T15:22:03.221+0000] {logging_mixin.py:117} INFO - [2023-08-22T15:22:03.221+0000] {dagbag.py:525} INFO - Filling up the DagBag from /opt/airflow/dags/tbf_analysis_dag_v13.py
[2023-08-22T15:22:03.336+0000] {processor.py:768} INFO - DAG(s) dict_keys(['tbf_analysis_dag_v13']) retrieved from /opt/airflow/dags/tbf_analysis_dag_v13.py
[2023-08-22T15:22:03.355+0000] {logging_mixin.py:117} INFO - [2023-08-22T15:22:03.355+0000] {dag.py:2573} INFO - Sync 1 DAGs
[2023-08-22T15:22:03.369+0000] {logging_mixin.py:117} INFO - [2023-08-22T15:22:03.369+0000] {dag.py:3328} INFO - Setting next_dagrun for tbf_analysis_dag_v13 to None, run_after=None
[2023-08-22T15:22:03.379+0000] {processor.py:178} INFO - Processing /opt/airflow/dags/tbf_analysis_dag_v13.py took 0.164 seconds
[2023-08-22T15:22:33.548+0000] {processor.py:156} INFO - Started process (PID=418) to work on /opt/airflow/dags/tbf_analysis_dag_v13.py
[2023-08-22T15:22:33.551+0000] {processor.py:758} INFO - Processing file /opt/airflow/dags/tbf_analysis_dag_v13.py for tasks to queue
[2023-08-22T15:22:33.553+0000] {logging_mixin.py:117} INFO - [2023-08-22T15:22:33.553+0000] {dagbag.py:525} INFO - Filling up the DagBag from /opt/airflow/dags/tbf_analysis_dag_v13.py
[2023-08-22T15:22:33.680+0000] {processor.py:768} INFO - DAG(s) dict_keys(['tbf_analysis_dag_v13']) retrieved from /opt/airflow/dags/tbf_analysis_dag_v13.py
[2023-08-22T15:22:33.699+0000] {logging_mixin.py:117} INFO - [2023-08-22T15:22:33.699+0000] {dag.py:2573} INFO - Sync 1 DAGs
[2023-08-22T15:22:33.713+0000] {logging_mixin.py:117} INFO - [2023-08-22T15:22:33.713+0000] {dag.py:3328} INFO - Setting next_dagrun for tbf_analysis_dag_v13 to None, run_after=None
[2023-08-22T15:22:33.723+0000] {processor.py:178} INFO - Processing /opt/airflow/dags/tbf_analysis_dag_v13.py took 0.182 seconds
[2023-08-22T15:23:03.968+0000] {processor.py:156} INFO - Started process (PID=445) to work on /opt/airflow/dags/tbf_analysis_dag_v13.py
[2023-08-22T15:23:03.969+0000] {processor.py:758} INFO - Processing file /opt/airflow/dags/tbf_analysis_dag_v13.py for tasks to queue
[2023-08-22T15:23:03.970+0000] {logging_mixin.py:117} INFO - [2023-08-22T15:23:03.969+0000] {dagbag.py:525} INFO - Filling up the DagBag from /opt/airflow/dags/tbf_analysis_dag_v13.py
[2023-08-22T15:23:04.096+0000] {processor.py:768} INFO - DAG(s) dict_keys(['tbf_analysis_dag_v13']) retrieved from /opt/airflow/dags/tbf_analysis_dag_v13.py
[2023-08-22T15:23:04.117+0000] {logging_mixin.py:117} INFO - [2023-08-22T15:23:04.117+0000] {dag.py:2573} INFO - Sync 1 DAGs
[2023-08-22T15:23:04.136+0000] {logging_mixin.py:117} INFO - [2023-08-22T15:23:04.135+0000] {dag.py:3328} INFO - Setting next_dagrun for tbf_analysis_dag_v13 to None, run_after=None
[2023-08-22T15:23:04.149+0000] {processor.py:178} INFO - Processing /opt/airflow/dags/tbf_analysis_dag_v13.py took 0.184 seconds
[2023-08-22T15:23:34.323+0000] {processor.py:156} INFO - Started process (PID=463) to work on /opt/airflow/dags/tbf_analysis_dag_v13.py
[2023-08-22T15:23:34.327+0000] {processor.py:758} INFO - Processing file /opt/airflow/dags/tbf_analysis_dag_v13.py for tasks to queue
[2023-08-22T15:23:34.328+0000] {logging_mixin.py:117} INFO - [2023-08-22T15:23:34.328+0000] {dagbag.py:525} INFO - Filling up the DagBag from /opt/airflow/dags/tbf_analysis_dag_v13.py
[2023-08-22T15:23:34.461+0000] {processor.py:768} INFO - DAG(s) dict_keys(['tbf_analysis_dag_v13']) retrieved from /opt/airflow/dags/tbf_analysis_dag_v13.py
[2023-08-22T15:23:34.480+0000] {logging_mixin.py:117} INFO - [2023-08-22T15:23:34.480+0000] {dag.py:2573} INFO - Sync 1 DAGs
[2023-08-22T15:23:34.494+0000] {logging_mixin.py:117} INFO - [2023-08-22T15:23:34.494+0000] {dag.py:3328} INFO - Setting next_dagrun for tbf_analysis_dag_v13 to None, run_after=None
[2023-08-22T15:23:34.504+0000] {processor.py:178} INFO - Processing /opt/airflow/dags/tbf_analysis_dag_v13.py took 0.187 seconds
