[2023-08-22T00:23:26.405+0000] {processor.py:156} INFO - Started process (PID=33) to work on /opt/airflow/dags/tbf_analysis_dag_v10.py
[2023-08-22T00:23:26.406+0000] {processor.py:758} INFO - Processing file /opt/airflow/dags/tbf_analysis_dag_v10.py for tasks to queue
[2023-08-22T00:23:26.407+0000] {logging_mixin.py:117} INFO - [2023-08-22T00:23:26.407+0000] {dagbag.py:525} INFO - Filling up the DagBag from /opt/airflow/dags/tbf_analysis_dag_v10.py
[2023-08-22T00:23:27.059+0000] {processor.py:768} INFO - DAG(s) dict_keys(['tbf_analysis_dag_v10']) retrieved from /opt/airflow/dags/tbf_analysis_dag_v10.py
[2023-08-22T00:23:27.188+0000] {logging_mixin.py:117} INFO - [2023-08-22T00:23:27.188+0000] {manager.py:507} INFO - Created Permission View: can read on DAG:tbf_analysis_dag_v10
[2023-08-22T00:23:27.194+0000] {logging_mixin.py:117} INFO - [2023-08-22T00:23:27.194+0000] {manager.py:507} INFO - Created Permission View: can delete on DAG:tbf_analysis_dag_v10
[2023-08-22T00:23:27.199+0000] {logging_mixin.py:117} INFO - [2023-08-22T00:23:27.199+0000] {manager.py:507} INFO - Created Permission View: can edit on DAG:tbf_analysis_dag_v10
[2023-08-22T00:23:27.199+0000] {logging_mixin.py:117} INFO - [2023-08-22T00:23:27.199+0000] {dag.py:2573} INFO - Sync 1 DAGs
[2023-08-22T00:23:27.207+0000] {logging_mixin.py:117} INFO - [2023-08-22T00:23:27.207+0000] {dag.py:2594} INFO - Creating ORM DAG for tbf_analysis_dag_v10
[2023-08-22T00:23:27.219+0000] {logging_mixin.py:117} INFO - [2023-08-22T00:23:27.219+0000] {dag.py:3328} INFO - Setting next_dagrun for tbf_analysis_dag_v10 to 2023-08-22T00:00:00+00:00, run_after=2023-08-22T00:00:00+00:00
[2023-08-22T00:23:27.235+0000] {processor.py:178} INFO - Processing /opt/airflow/dags/tbf_analysis_dag_v10.py took 0.834 seconds
[2023-08-22T00:23:57.790+0000] {processor.py:156} INFO - Started process (PID=64) to work on /opt/airflow/dags/tbf_analysis_dag_v10.py
[2023-08-22T00:23:57.791+0000] {processor.py:758} INFO - Processing file /opt/airflow/dags/tbf_analysis_dag_v10.py for tasks to queue
[2023-08-22T00:23:57.792+0000] {logging_mixin.py:117} INFO - [2023-08-22T00:23:57.792+0000] {dagbag.py:525} INFO - Filling up the DagBag from /opt/airflow/dags/tbf_analysis_dag_v10.py
[2023-08-22T00:23:57.978+0000] {processor.py:768} INFO - DAG(s) dict_keys(['tbf_analysis_dag_v10']) retrieved from /opt/airflow/dags/tbf_analysis_dag_v10.py
[2023-08-22T00:23:57.999+0000] {logging_mixin.py:117} INFO - [2023-08-22T00:23:57.999+0000] {dag.py:2573} INFO - Sync 1 DAGs
[2023-08-22T00:23:58.015+0000] {logging_mixin.py:117} INFO - [2023-08-22T00:23:58.015+0000] {dag.py:3328} INFO - Setting next_dagrun for tbf_analysis_dag_v10 to 2023-08-22T00:00:00+00:00, run_after=2023-08-22T00:00:00+00:00
[2023-08-22T00:23:58.025+0000] {processor.py:178} INFO - Processing /opt/airflow/dags/tbf_analysis_dag_v10.py took 0.239 seconds
[2023-08-22T00:24:28.064+0000] {processor.py:156} INFO - Started process (PID=93) to work on /opt/airflow/dags/tbf_analysis_dag_v10.py
[2023-08-22T00:24:28.066+0000] {processor.py:758} INFO - Processing file /opt/airflow/dags/tbf_analysis_dag_v10.py for tasks to queue
[2023-08-22T00:24:28.067+0000] {logging_mixin.py:117} INFO - [2023-08-22T00:24:28.067+0000] {dagbag.py:525} INFO - Filling up the DagBag from /opt/airflow/dags/tbf_analysis_dag_v10.py
[2023-08-22T00:24:28.213+0000] {processor.py:768} INFO - DAG(s) dict_keys(['tbf_analysis_dag_v10']) retrieved from /opt/airflow/dags/tbf_analysis_dag_v10.py
[2023-08-22T00:24:28.234+0000] {logging_mixin.py:117} INFO - [2023-08-22T00:24:28.234+0000] {dag.py:2573} INFO - Sync 1 DAGs
[2023-08-22T00:24:28.250+0000] {logging_mixin.py:117} INFO - [2023-08-22T00:24:28.250+0000] {dag.py:3328} INFO - Setting next_dagrun for tbf_analysis_dag_v10 to 2023-08-22T00:00:00+00:00, run_after=2023-08-22T00:00:00+00:00
[2023-08-22T00:24:28.261+0000] {processor.py:178} INFO - Processing /opt/airflow/dags/tbf_analysis_dag_v10.py took 0.201 seconds
[2023-08-22T00:24:58.470+0000] {processor.py:156} INFO - Started process (PID=121) to work on /opt/airflow/dags/tbf_analysis_dag_v10.py
[2023-08-22T00:24:58.472+0000] {processor.py:758} INFO - Processing file /opt/airflow/dags/tbf_analysis_dag_v10.py for tasks to queue
[2023-08-22T00:24:58.473+0000] {logging_mixin.py:117} INFO - [2023-08-22T00:24:58.473+0000] {dagbag.py:525} INFO - Filling up the DagBag from /opt/airflow/dags/tbf_analysis_dag_v10.py
[2023-08-22T00:24:58.588+0000] {processor.py:768} INFO - DAG(s) dict_keys(['tbf_analysis_dag_v10']) retrieved from /opt/airflow/dags/tbf_analysis_dag_v10.py
[2023-08-22T00:24:58.606+0000] {logging_mixin.py:117} INFO - [2023-08-22T00:24:58.606+0000] {dag.py:2573} INFO - Sync 1 DAGs
[2023-08-22T00:24:58.620+0000] {logging_mixin.py:117} INFO - [2023-08-22T00:24:58.620+0000] {dag.py:3328} INFO - Setting next_dagrun for tbf_analysis_dag_v10 to 2023-08-22T00:00:00+00:00, run_after=2023-08-22T00:00:00+00:00
[2023-08-22T00:24:58.631+0000] {processor.py:178} INFO - Processing /opt/airflow/dags/tbf_analysis_dag_v10.py took 0.164 seconds
[2023-08-22T00:25:28.777+0000] {processor.py:156} INFO - Started process (PID=149) to work on /opt/airflow/dags/tbf_analysis_dag_v10.py
[2023-08-22T00:25:28.779+0000] {processor.py:758} INFO - Processing file /opt/airflow/dags/tbf_analysis_dag_v10.py for tasks to queue
[2023-08-22T00:25:28.780+0000] {logging_mixin.py:117} INFO - [2023-08-22T00:25:28.780+0000] {dagbag.py:525} INFO - Filling up the DagBag from /opt/airflow/dags/tbf_analysis_dag_v10.py
[2023-08-22T00:25:28.943+0000] {processor.py:768} INFO - DAG(s) dict_keys(['tbf_analysis_dag_v10']) retrieved from /opt/airflow/dags/tbf_analysis_dag_v10.py
[2023-08-22T00:25:28.966+0000] {logging_mixin.py:117} INFO - [2023-08-22T00:25:28.965+0000] {dag.py:2573} INFO - Sync 1 DAGs
[2023-08-22T00:25:28.981+0000] {logging_mixin.py:117} INFO - [2023-08-22T00:25:28.981+0000] {dag.py:3328} INFO - Setting next_dagrun for tbf_analysis_dag_v10 to 2023-08-22T00:00:00+00:00, run_after=2023-08-22T00:00:00+00:00
[2023-08-22T00:25:28.992+0000] {processor.py:178} INFO - Processing /opt/airflow/dags/tbf_analysis_dag_v10.py took 0.219 seconds
[2023-08-22T00:25:59.172+0000] {processor.py:156} INFO - Started process (PID=168) to work on /opt/airflow/dags/tbf_analysis_dag_v10.py
[2023-08-22T00:25:59.173+0000] {processor.py:758} INFO - Processing file /opt/airflow/dags/tbf_analysis_dag_v10.py for tasks to queue
[2023-08-22T00:25:59.174+0000] {logging_mixin.py:117} INFO - [2023-08-22T00:25:59.174+0000] {dagbag.py:525} INFO - Filling up the DagBag from /opt/airflow/dags/tbf_analysis_dag_v10.py
[2023-08-22T00:25:59.290+0000] {processor.py:768} INFO - DAG(s) dict_keys(['tbf_analysis_dag_v10']) retrieved from /opt/airflow/dags/tbf_analysis_dag_v10.py
[2023-08-22T00:25:59.309+0000] {logging_mixin.py:117} INFO - [2023-08-22T00:25:59.308+0000] {dag.py:2573} INFO - Sync 1 DAGs
[2023-08-22T00:25:59.321+0000] {logging_mixin.py:117} INFO - [2023-08-22T00:25:59.321+0000] {dag.py:3328} INFO - Setting next_dagrun for tbf_analysis_dag_v10 to 2023-08-22T00:00:00+00:00, run_after=2023-08-22T00:00:00+00:00
[2023-08-22T00:25:59.331+0000] {processor.py:178} INFO - Processing /opt/airflow/dags/tbf_analysis_dag_v10.py took 0.162 seconds
[2023-08-22T00:26:29.569+0000] {processor.py:156} INFO - Started process (PID=200) to work on /opt/airflow/dags/tbf_analysis_dag_v10.py
[2023-08-22T00:26:29.572+0000] {processor.py:758} INFO - Processing file /opt/airflow/dags/tbf_analysis_dag_v10.py for tasks to queue
[2023-08-22T00:26:29.573+0000] {logging_mixin.py:117} INFO - [2023-08-22T00:26:29.573+0000] {dagbag.py:525} INFO - Filling up the DagBag from /opt/airflow/dags/tbf_analysis_dag_v10.py
[2023-08-22T00:26:29.818+0000] {processor.py:768} INFO - DAG(s) dict_keys(['tbf_analysis_dag_v10']) retrieved from /opt/airflow/dags/tbf_analysis_dag_v10.py
[2023-08-22T00:26:29.859+0000] {logging_mixin.py:117} INFO - [2023-08-22T00:26:29.859+0000] {dag.py:2573} INFO - Sync 1 DAGs
[2023-08-22T00:26:29.896+0000] {logging_mixin.py:117} INFO - [2023-08-22T00:26:29.896+0000] {dag.py:3328} INFO - Setting next_dagrun for tbf_analysis_dag_v10 to None, run_after=None
[2023-08-22T00:26:29.909+0000] {processor.py:178} INFO - Processing /opt/airflow/dags/tbf_analysis_dag_v10.py took 0.345 seconds
[2023-08-22T00:27:00.163+0000] {processor.py:156} INFO - Started process (PID=228) to work on /opt/airflow/dags/tbf_analysis_dag_v10.py
[2023-08-22T00:27:00.166+0000] {processor.py:758} INFO - Processing file /opt/airflow/dags/tbf_analysis_dag_v10.py for tasks to queue
[2023-08-22T00:27:00.168+0000] {logging_mixin.py:117} INFO - [2023-08-22T00:27:00.167+0000] {dagbag.py:525} INFO - Filling up the DagBag from /opt/airflow/dags/tbf_analysis_dag_v10.py
[2023-08-22T00:27:00.336+0000] {processor.py:768} INFO - DAG(s) dict_keys(['tbf_analysis_dag_v10']) retrieved from /opt/airflow/dags/tbf_analysis_dag_v10.py
[2023-08-22T00:27:00.358+0000] {logging_mixin.py:117} INFO - [2023-08-22T00:27:00.358+0000] {dag.py:2573} INFO - Sync 1 DAGs
[2023-08-22T00:27:00.374+0000] {logging_mixin.py:117} INFO - [2023-08-22T00:27:00.373+0000] {dag.py:3328} INFO - Setting next_dagrun for tbf_analysis_dag_v10 to None, run_after=None
[2023-08-22T00:27:00.386+0000] {processor.py:178} INFO - Processing /opt/airflow/dags/tbf_analysis_dag_v10.py took 0.229 seconds
[2023-08-22T00:27:30.505+0000] {processor.py:156} INFO - Started process (PID=255) to work on /opt/airflow/dags/tbf_analysis_dag_v10.py
[2023-08-22T00:27:30.506+0000] {processor.py:758} INFO - Processing file /opt/airflow/dags/tbf_analysis_dag_v10.py for tasks to queue
[2023-08-22T00:27:30.507+0000] {logging_mixin.py:117} INFO - [2023-08-22T00:27:30.507+0000] {dagbag.py:525} INFO - Filling up the DagBag from /opt/airflow/dags/tbf_analysis_dag_v10.py
[2023-08-22T00:27:30.639+0000] {processor.py:768} INFO - DAG(s) dict_keys(['tbf_analysis_dag_v10']) retrieved from /opt/airflow/dags/tbf_analysis_dag_v10.py
[2023-08-22T00:27:30.657+0000] {logging_mixin.py:117} INFO - [2023-08-22T00:27:30.657+0000] {dag.py:2573} INFO - Sync 1 DAGs
[2023-08-22T00:27:30.671+0000] {logging_mixin.py:117} INFO - [2023-08-22T00:27:30.671+0000] {dag.py:3328} INFO - Setting next_dagrun for tbf_analysis_dag_v10 to None, run_after=None
[2023-08-22T00:27:30.681+0000] {processor.py:178} INFO - Processing /opt/airflow/dags/tbf_analysis_dag_v10.py took 0.180 seconds
[2023-08-22T00:28:00.901+0000] {processor.py:156} INFO - Started process (PID=282) to work on /opt/airflow/dags/tbf_analysis_dag_v10.py
[2023-08-22T00:28:00.903+0000] {processor.py:758} INFO - Processing file /opt/airflow/dags/tbf_analysis_dag_v10.py for tasks to queue
[2023-08-22T00:28:00.904+0000] {logging_mixin.py:117} INFO - [2023-08-22T00:28:00.904+0000] {dagbag.py:525} INFO - Filling up the DagBag from /opt/airflow/dags/tbf_analysis_dag_v10.py
[2023-08-22T00:28:01.044+0000] {processor.py:768} INFO - DAG(s) dict_keys(['tbf_analysis_dag_v10']) retrieved from /opt/airflow/dags/tbf_analysis_dag_v10.py
[2023-08-22T00:28:01.065+0000] {logging_mixin.py:117} INFO - [2023-08-22T00:28:01.065+0000] {dag.py:2573} INFO - Sync 1 DAGs
[2023-08-22T00:28:01.080+0000] {logging_mixin.py:117} INFO - [2023-08-22T00:28:01.080+0000] {dag.py:3328} INFO - Setting next_dagrun for tbf_analysis_dag_v10 to None, run_after=None
[2023-08-22T00:28:01.090+0000] {processor.py:178} INFO - Processing /opt/airflow/dags/tbf_analysis_dag_v10.py took 0.192 seconds
[2023-08-22T00:28:31.290+0000] {processor.py:156} INFO - Started process (PID=309) to work on /opt/airflow/dags/tbf_analysis_dag_v10.py
[2023-08-22T00:28:31.292+0000] {processor.py:758} INFO - Processing file /opt/airflow/dags/tbf_analysis_dag_v10.py for tasks to queue
[2023-08-22T00:28:31.294+0000] {logging_mixin.py:117} INFO - [2023-08-22T00:28:31.294+0000] {dagbag.py:525} INFO - Filling up the DagBag from /opt/airflow/dags/tbf_analysis_dag_v10.py
[2023-08-22T00:28:31.420+0000] {processor.py:768} INFO - DAG(s) dict_keys(['tbf_analysis_dag_v10']) retrieved from /opt/airflow/dags/tbf_analysis_dag_v10.py
[2023-08-22T00:28:31.438+0000] {logging_mixin.py:117} INFO - [2023-08-22T00:28:31.437+0000] {dag.py:2573} INFO - Sync 1 DAGs
[2023-08-22T00:28:31.451+0000] {logging_mixin.py:117} INFO - [2023-08-22T00:28:31.451+0000] {dag.py:3328} INFO - Setting next_dagrun for tbf_analysis_dag_v10 to None, run_after=None
[2023-08-22T00:28:31.461+0000] {processor.py:178} INFO - Processing /opt/airflow/dags/tbf_analysis_dag_v10.py took 0.175 seconds
[2023-08-22T00:29:01.643+0000] {processor.py:156} INFO - Started process (PID=337) to work on /opt/airflow/dags/tbf_analysis_dag_v10.py
[2023-08-22T00:29:01.645+0000] {processor.py:758} INFO - Processing file /opt/airflow/dags/tbf_analysis_dag_v10.py for tasks to queue
[2023-08-22T00:29:01.646+0000] {logging_mixin.py:117} INFO - [2023-08-22T00:29:01.645+0000] {dagbag.py:525} INFO - Filling up the DagBag from /opt/airflow/dags/tbf_analysis_dag_v10.py
[2023-08-22T00:29:01.765+0000] {processor.py:768} INFO - DAG(s) dict_keys(['tbf_analysis_dag_v10']) retrieved from /opt/airflow/dags/tbf_analysis_dag_v10.py
[2023-08-22T00:29:01.790+0000] {logging_mixin.py:117} INFO - [2023-08-22T00:29:01.790+0000] {dag.py:2573} INFO - Sync 1 DAGs
[2023-08-22T00:29:01.803+0000] {logging_mixin.py:117} INFO - [2023-08-22T00:29:01.803+0000] {dag.py:3328} INFO - Setting next_dagrun for tbf_analysis_dag_v10 to None, run_after=None
[2023-08-22T00:29:01.815+0000] {processor.py:178} INFO - Processing /opt/airflow/dags/tbf_analysis_dag_v10.py took 0.174 seconds
[2023-08-22T00:29:32.104+0000] {processor.py:156} INFO - Started process (PID=355) to work on /opt/airflow/dags/tbf_analysis_dag_v10.py
[2023-08-22T00:29:32.107+0000] {processor.py:758} INFO - Processing file /opt/airflow/dags/tbf_analysis_dag_v10.py for tasks to queue
[2023-08-22T00:29:32.109+0000] {logging_mixin.py:117} INFO - [2023-08-22T00:29:32.109+0000] {dagbag.py:525} INFO - Filling up the DagBag from /opt/airflow/dags/tbf_analysis_dag_v10.py
[2023-08-22T00:29:32.269+0000] {processor.py:768} INFO - DAG(s) dict_keys(['tbf_analysis_dag_v10']) retrieved from /opt/airflow/dags/tbf_analysis_dag_v10.py
[2023-08-22T00:29:32.289+0000] {logging_mixin.py:117} INFO - [2023-08-22T00:29:32.289+0000] {dag.py:2573} INFO - Sync 1 DAGs
[2023-08-22T00:29:32.304+0000] {logging_mixin.py:117} INFO - [2023-08-22T00:29:32.303+0000] {dag.py:3328} INFO - Setting next_dagrun for tbf_analysis_dag_v10 to None, run_after=None
[2023-08-22T00:29:32.314+0000] {processor.py:178} INFO - Processing /opt/airflow/dags/tbf_analysis_dag_v10.py took 0.215 seconds
[2023-08-22T00:30:02.536+0000] {processor.py:156} INFO - Started process (PID=383) to work on /opt/airflow/dags/tbf_analysis_dag_v10.py
[2023-08-22T00:30:02.539+0000] {processor.py:758} INFO - Processing file /opt/airflow/dags/tbf_analysis_dag_v10.py for tasks to queue
[2023-08-22T00:30:02.541+0000] {logging_mixin.py:117} INFO - [2023-08-22T00:30:02.540+0000] {dagbag.py:525} INFO - Filling up the DagBag from /opt/airflow/dags/tbf_analysis_dag_v10.py
[2023-08-22T00:30:02.669+0000] {processor.py:768} INFO - DAG(s) dict_keys(['tbf_analysis_dag_v10']) retrieved from /opt/airflow/dags/tbf_analysis_dag_v10.py
[2023-08-22T00:30:02.691+0000] {logging_mixin.py:117} INFO - [2023-08-22T00:30:02.691+0000] {dag.py:2573} INFO - Sync 1 DAGs
[2023-08-22T00:30:02.708+0000] {logging_mixin.py:117} INFO - [2023-08-22T00:30:02.708+0000] {dag.py:3328} INFO - Setting next_dagrun for tbf_analysis_dag_v10 to None, run_after=None
[2023-08-22T00:30:02.719+0000] {processor.py:178} INFO - Processing /opt/airflow/dags/tbf_analysis_dag_v10.py took 0.188 seconds
[2023-08-22T00:30:32.906+0000] {processor.py:156} INFO - Started process (PID=412) to work on /opt/airflow/dags/tbf_analysis_dag_v10.py
[2023-08-22T00:30:32.908+0000] {processor.py:758} INFO - Processing file /opt/airflow/dags/tbf_analysis_dag_v10.py for tasks to queue
[2023-08-22T00:30:32.909+0000] {logging_mixin.py:117} INFO - [2023-08-22T00:30:32.909+0000] {dagbag.py:525} INFO - Filling up the DagBag from /opt/airflow/dags/tbf_analysis_dag_v10.py
[2023-08-22T00:30:33.040+0000] {processor.py:768} INFO - DAG(s) dict_keys(['tbf_analysis_dag_v10']) retrieved from /opt/airflow/dags/tbf_analysis_dag_v10.py
[2023-08-22T00:30:33.058+0000] {logging_mixin.py:117} INFO - [2023-08-22T00:30:33.058+0000] {dag.py:2573} INFO - Sync 1 DAGs
[2023-08-22T00:30:33.072+0000] {logging_mixin.py:117} INFO - [2023-08-22T00:30:33.072+0000] {dag.py:3328} INFO - Setting next_dagrun for tbf_analysis_dag_v10 to None, run_after=None
[2023-08-22T00:30:33.083+0000] {processor.py:178} INFO - Processing /opt/airflow/dags/tbf_analysis_dag_v10.py took 0.181 seconds
[2023-08-22T00:31:03.382+0000] {processor.py:156} INFO - Started process (PID=439) to work on /opt/airflow/dags/tbf_analysis_dag_v10.py
[2023-08-22T00:31:03.384+0000] {processor.py:758} INFO - Processing file /opt/airflow/dags/tbf_analysis_dag_v10.py for tasks to queue
[2023-08-22T00:31:03.385+0000] {logging_mixin.py:117} INFO - [2023-08-22T00:31:03.385+0000] {dagbag.py:525} INFO - Filling up the DagBag from /opt/airflow/dags/tbf_analysis_dag_v10.py
[2023-08-22T00:31:03.536+0000] {processor.py:768} INFO - DAG(s) dict_keys(['tbf_analysis_dag_v10']) retrieved from /opt/airflow/dags/tbf_analysis_dag_v10.py
[2023-08-22T00:31:03.561+0000] {logging_mixin.py:117} INFO - [2023-08-22T00:31:03.561+0000] {dag.py:2573} INFO - Sync 1 DAGs
[2023-08-22T00:31:03.585+0000] {logging_mixin.py:117} INFO - [2023-08-22T00:31:03.585+0000] {dag.py:3328} INFO - Setting next_dagrun for tbf_analysis_dag_v10 to None, run_after=None
[2023-08-22T00:31:03.597+0000] {processor.py:178} INFO - Processing /opt/airflow/dags/tbf_analysis_dag_v10.py took 0.220 seconds
[2023-08-22T00:31:33.810+0000] {processor.py:156} INFO - Started process (PID=465) to work on /opt/airflow/dags/tbf_analysis_dag_v10.py
[2023-08-22T00:31:33.813+0000] {processor.py:758} INFO - Processing file /opt/airflow/dags/tbf_analysis_dag_v10.py for tasks to queue
[2023-08-22T00:31:33.815+0000] {logging_mixin.py:117} INFO - [2023-08-22T00:31:33.815+0000] {dagbag.py:525} INFO - Filling up the DagBag from /opt/airflow/dags/tbf_analysis_dag_v10.py
[2023-08-22T00:31:33.946+0000] {processor.py:768} INFO - DAG(s) dict_keys(['tbf_analysis_dag_v10']) retrieved from /opt/airflow/dags/tbf_analysis_dag_v10.py
[2023-08-22T00:31:33.964+0000] {logging_mixin.py:117} INFO - [2023-08-22T00:31:33.963+0000] {dag.py:2573} INFO - Sync 1 DAGs
[2023-08-22T00:31:33.977+0000] {logging_mixin.py:117} INFO - [2023-08-22T00:31:33.977+0000] {dag.py:3328} INFO - Setting next_dagrun for tbf_analysis_dag_v10 to None, run_after=None
[2023-08-22T00:31:33.987+0000] {processor.py:178} INFO - Processing /opt/airflow/dags/tbf_analysis_dag_v10.py took 0.183 seconds
[2023-08-22T00:32:04.193+0000] {processor.py:156} INFO - Started process (PID=495) to work on /opt/airflow/dags/tbf_analysis_dag_v10.py
[2023-08-22T00:32:04.197+0000] {processor.py:758} INFO - Processing file /opt/airflow/dags/tbf_analysis_dag_v10.py for tasks to queue
[2023-08-22T00:32:04.201+0000] {logging_mixin.py:117} INFO - [2023-08-22T00:32:04.200+0000] {dagbag.py:525} INFO - Filling up the DagBag from /opt/airflow/dags/tbf_analysis_dag_v10.py
[2023-08-22T00:32:04.360+0000] {processor.py:768} INFO - DAG(s) dict_keys(['tbf_analysis_dag_v10']) retrieved from /opt/airflow/dags/tbf_analysis_dag_v10.py
[2023-08-22T00:32:04.404+0000] {logging_mixin.py:117} INFO - [2023-08-22T00:32:04.403+0000] {dag.py:2573} INFO - Sync 1 DAGs
[2023-08-22T00:32:04.422+0000] {logging_mixin.py:117} INFO - [2023-08-22T00:32:04.422+0000] {dag.py:3328} INFO - Setting next_dagrun for tbf_analysis_dag_v10 to None, run_after=None
[2023-08-22T00:32:04.435+0000] {processor.py:178} INFO - Processing /opt/airflow/dags/tbf_analysis_dag_v10.py took 0.249 seconds
[2023-08-22T00:32:34.600+0000] {processor.py:156} INFO - Started process (PID=524) to work on /opt/airflow/dags/tbf_analysis_dag_v10.py
[2023-08-22T00:32:34.603+0000] {processor.py:758} INFO - Processing file /opt/airflow/dags/tbf_analysis_dag_v10.py for tasks to queue
[2023-08-22T00:32:34.604+0000] {logging_mixin.py:117} INFO - [2023-08-22T00:32:34.604+0000] {dagbag.py:525} INFO - Filling up the DagBag from /opt/airflow/dags/tbf_analysis_dag_v10.py
[2023-08-22T00:32:34.738+0000] {processor.py:768} INFO - DAG(s) dict_keys(['tbf_analysis_dag_v10']) retrieved from /opt/airflow/dags/tbf_analysis_dag_v10.py
[2023-08-22T00:32:34.757+0000] {logging_mixin.py:117} INFO - [2023-08-22T00:32:34.757+0000] {dag.py:2573} INFO - Sync 1 DAGs
[2023-08-22T00:32:34.771+0000] {logging_mixin.py:117} INFO - [2023-08-22T00:32:34.771+0000] {dag.py:3328} INFO - Setting next_dagrun for tbf_analysis_dag_v10 to None, run_after=None
[2023-08-22T00:32:34.781+0000] {processor.py:178} INFO - Processing /opt/airflow/dags/tbf_analysis_dag_v10.py took 0.184 seconds
[2023-08-22T00:33:05.087+0000] {processor.py:156} INFO - Started process (PID=543) to work on /opt/airflow/dags/tbf_analysis_dag_v10.py
[2023-08-22T00:33:05.088+0000] {processor.py:758} INFO - Processing file /opt/airflow/dags/tbf_analysis_dag_v10.py for tasks to queue
[2023-08-22T00:33:05.090+0000] {logging_mixin.py:117} INFO - [2023-08-22T00:33:05.090+0000] {dagbag.py:525} INFO - Filling up the DagBag from /opt/airflow/dags/tbf_analysis_dag_v10.py
[2023-08-22T00:33:05.335+0000] {processor.py:768} INFO - DAG(s) dict_keys(['tbf_analysis_dag_v10']) retrieved from /opt/airflow/dags/tbf_analysis_dag_v10.py
[2023-08-22T00:33:05.367+0000] {logging_mixin.py:117} INFO - [2023-08-22T00:33:05.366+0000] {dag.py:2573} INFO - Sync 1 DAGs
[2023-08-22T00:33:05.385+0000] {logging_mixin.py:117} INFO - [2023-08-22T00:33:05.385+0000] {dag.py:3328} INFO - Setting next_dagrun for tbf_analysis_dag_v10 to None, run_after=None
[2023-08-22T00:33:05.398+0000] {processor.py:178} INFO - Processing /opt/airflow/dags/tbf_analysis_dag_v10.py took 0.315 seconds
[2023-08-22T00:33:35.627+0000] {processor.py:156} INFO - Started process (PID=569) to work on /opt/airflow/dags/tbf_analysis_dag_v10.py
[2023-08-22T00:33:35.630+0000] {processor.py:758} INFO - Processing file /opt/airflow/dags/tbf_analysis_dag_v10.py for tasks to queue
[2023-08-22T00:33:35.631+0000] {logging_mixin.py:117} INFO - [2023-08-22T00:33:35.631+0000] {dagbag.py:525} INFO - Filling up the DagBag from /opt/airflow/dags/tbf_analysis_dag_v10.py
[2023-08-22T00:33:35.873+0000] {processor.py:768} INFO - DAG(s) dict_keys(['tbf_analysis_dag_v10']) retrieved from /opt/airflow/dags/tbf_analysis_dag_v10.py
[2023-08-22T00:33:35.899+0000] {logging_mixin.py:117} INFO - [2023-08-22T00:33:35.899+0000] {dag.py:2573} INFO - Sync 1 DAGs
[2023-08-22T00:33:35.919+0000] {logging_mixin.py:117} INFO - [2023-08-22T00:33:35.918+0000] {dag.py:3328} INFO - Setting next_dagrun for tbf_analysis_dag_v10 to None, run_after=None
[2023-08-22T00:33:35.940+0000] {processor.py:178} INFO - Processing /opt/airflow/dags/tbf_analysis_dag_v10.py took 0.320 seconds
[2023-08-22T00:34:06.127+0000] {processor.py:156} INFO - Started process (PID=598) to work on /opt/airflow/dags/tbf_analysis_dag_v10.py
[2023-08-22T00:34:06.128+0000] {processor.py:758} INFO - Processing file /opt/airflow/dags/tbf_analysis_dag_v10.py for tasks to queue
[2023-08-22T00:34:06.129+0000] {logging_mixin.py:117} INFO - [2023-08-22T00:34:06.129+0000] {dagbag.py:525} INFO - Filling up the DagBag from /opt/airflow/dags/tbf_analysis_dag_v10.py
[2023-08-22T00:34:06.302+0000] {processor.py:768} INFO - DAG(s) dict_keys(['tbf_analysis_dag_v10']) retrieved from /opt/airflow/dags/tbf_analysis_dag_v10.py
[2023-08-22T00:34:06.326+0000] {logging_mixin.py:117} INFO - [2023-08-22T00:34:06.326+0000] {dag.py:2573} INFO - Sync 1 DAGs
[2023-08-22T00:34:06.343+0000] {logging_mixin.py:117} INFO - [2023-08-22T00:34:06.342+0000] {dag.py:3328} INFO - Setting next_dagrun for tbf_analysis_dag_v10 to None, run_after=None
[2023-08-22T00:34:06.355+0000] {processor.py:178} INFO - Processing /opt/airflow/dags/tbf_analysis_dag_v10.py took 0.232 seconds
[2023-08-22T00:34:36.526+0000] {processor.py:156} INFO - Started process (PID=627) to work on /opt/airflow/dags/tbf_analysis_dag_v10.py
[2023-08-22T00:34:36.529+0000] {processor.py:758} INFO - Processing file /opt/airflow/dags/tbf_analysis_dag_v10.py for tasks to queue
[2023-08-22T00:34:36.530+0000] {logging_mixin.py:117} INFO - [2023-08-22T00:34:36.530+0000] {dagbag.py:525} INFO - Filling up the DagBag from /opt/airflow/dags/tbf_analysis_dag_v10.py
[2023-08-22T00:34:36.724+0000] {processor.py:768} INFO - DAG(s) dict_keys(['tbf_analysis_dag_v10']) retrieved from /opt/airflow/dags/tbf_analysis_dag_v10.py
[2023-08-22T00:34:36.746+0000] {logging_mixin.py:117} INFO - [2023-08-22T00:34:36.746+0000] {dag.py:2573} INFO - Sync 1 DAGs
[2023-08-22T00:34:36.761+0000] {logging_mixin.py:117} INFO - [2023-08-22T00:34:36.761+0000] {dag.py:3328} INFO - Setting next_dagrun for tbf_analysis_dag_v10 to None, run_after=None
[2023-08-22T00:34:36.772+0000] {processor.py:178} INFO - Processing /opt/airflow/dags/tbf_analysis_dag_v10.py took 0.252 seconds
[2023-08-22T00:35:07.043+0000] {processor.py:156} INFO - Started process (PID=656) to work on /opt/airflow/dags/tbf_analysis_dag_v10.py
[2023-08-22T00:35:07.046+0000] {processor.py:758} INFO - Processing file /opt/airflow/dags/tbf_analysis_dag_v10.py for tasks to queue
[2023-08-22T00:35:07.048+0000] {logging_mixin.py:117} INFO - [2023-08-22T00:35:07.047+0000] {dagbag.py:525} INFO - Filling up the DagBag from /opt/airflow/dags/tbf_analysis_dag_v10.py
[2023-08-22T00:35:07.220+0000] {processor.py:768} INFO - DAG(s) dict_keys(['tbf_analysis_dag_v10']) retrieved from /opt/airflow/dags/tbf_analysis_dag_v10.py
[2023-08-22T00:35:07.243+0000] {logging_mixin.py:117} INFO - [2023-08-22T00:35:07.243+0000] {dag.py:2573} INFO - Sync 1 DAGs
[2023-08-22T00:35:07.259+0000] {logging_mixin.py:117} INFO - [2023-08-22T00:35:07.259+0000] {dag.py:3328} INFO - Setting next_dagrun for tbf_analysis_dag_v10 to None, run_after=None
[2023-08-22T00:35:07.270+0000] {processor.py:178} INFO - Processing /opt/airflow/dags/tbf_analysis_dag_v10.py took 0.234 seconds
[2023-08-22T00:35:37.491+0000] {processor.py:156} INFO - Started process (PID=684) to work on /opt/airflow/dags/tbf_analysis_dag_v10.py
[2023-08-22T00:35:37.494+0000] {processor.py:758} INFO - Processing file /opt/airflow/dags/tbf_analysis_dag_v10.py for tasks to queue
[2023-08-22T00:35:37.496+0000] {logging_mixin.py:117} INFO - [2023-08-22T00:35:37.496+0000] {dagbag.py:525} INFO - Filling up the DagBag from /opt/airflow/dags/tbf_analysis_dag_v10.py
[2023-08-22T00:35:37.685+0000] {processor.py:768} INFO - DAG(s) dict_keys(['tbf_analysis_dag_v10']) retrieved from /opt/airflow/dags/tbf_analysis_dag_v10.py
[2023-08-22T00:35:37.710+0000] {logging_mixin.py:117} INFO - [2023-08-22T00:35:37.710+0000] {dag.py:2573} INFO - Sync 1 DAGs
[2023-08-22T00:35:37.727+0000] {logging_mixin.py:117} INFO - [2023-08-22T00:35:37.727+0000] {dag.py:3328} INFO - Setting next_dagrun for tbf_analysis_dag_v10 to None, run_after=None
[2023-08-22T00:35:37.740+0000] {processor.py:178} INFO - Processing /opt/airflow/dags/tbf_analysis_dag_v10.py took 0.253 seconds
[2023-08-22T00:36:07.980+0000] {processor.py:156} INFO - Started process (PID=703) to work on /opt/airflow/dags/tbf_analysis_dag_v10.py
[2023-08-22T00:36:07.987+0000] {processor.py:758} INFO - Processing file /opt/airflow/dags/tbf_analysis_dag_v10.py for tasks to queue
[2023-08-22T00:36:07.989+0000] {logging_mixin.py:117} INFO - [2023-08-22T00:36:07.989+0000] {dagbag.py:525} INFO - Filling up the DagBag from /opt/airflow/dags/tbf_analysis_dag_v10.py
[2023-08-22T00:36:08.283+0000] {processor.py:768} INFO - DAG(s) dict_keys(['tbf_analysis_dag_v10']) retrieved from /opt/airflow/dags/tbf_analysis_dag_v10.py
[2023-08-22T00:36:08.314+0000] {logging_mixin.py:117} INFO - [2023-08-22T00:36:08.314+0000] {dag.py:2573} INFO - Sync 1 DAGs
[2023-08-22T00:36:08.336+0000] {logging_mixin.py:117} INFO - [2023-08-22T00:36:08.336+0000] {dag.py:3328} INFO - Setting next_dagrun for tbf_analysis_dag_v10 to None, run_after=None
[2023-08-22T00:36:08.360+0000] {processor.py:178} INFO - Processing /opt/airflow/dags/tbf_analysis_dag_v10.py took 0.386 seconds
[2023-08-22T00:36:38.601+0000] {processor.py:156} INFO - Started process (PID=729) to work on /opt/airflow/dags/tbf_analysis_dag_v10.py
[2023-08-22T00:36:38.604+0000] {processor.py:758} INFO - Processing file /opt/airflow/dags/tbf_analysis_dag_v10.py for tasks to queue
[2023-08-22T00:36:38.606+0000] {logging_mixin.py:117} INFO - [2023-08-22T00:36:38.605+0000] {dagbag.py:525} INFO - Filling up the DagBag from /opt/airflow/dags/tbf_analysis_dag_v10.py
[2023-08-22T00:36:38.847+0000] {processor.py:768} INFO - DAG(s) dict_keys(['tbf_analysis_dag_v10']) retrieved from /opt/airflow/dags/tbf_analysis_dag_v10.py
[2023-08-22T00:36:38.878+0000] {logging_mixin.py:117} INFO - [2023-08-22T00:36:38.878+0000] {dag.py:2573} INFO - Sync 1 DAGs
[2023-08-22T00:36:38.896+0000] {logging_mixin.py:117} INFO - [2023-08-22T00:36:38.896+0000] {dag.py:3328} INFO - Setting next_dagrun for tbf_analysis_dag_v10 to None, run_after=None
[2023-08-22T00:36:38.909+0000] {processor.py:178} INFO - Processing /opt/airflow/dags/tbf_analysis_dag_v10.py took 0.321 seconds
[2023-08-22T00:37:09.065+0000] {processor.py:156} INFO - Started process (PID=758) to work on /opt/airflow/dags/tbf_analysis_dag_v10.py
[2023-08-22T00:37:09.069+0000] {processor.py:758} INFO - Processing file /opt/airflow/dags/tbf_analysis_dag_v10.py for tasks to queue
[2023-08-22T00:37:09.071+0000] {logging_mixin.py:117} INFO - [2023-08-22T00:37:09.071+0000] {dagbag.py:525} INFO - Filling up the DagBag from /opt/airflow/dags/tbf_analysis_dag_v10.py
[2023-08-22T00:37:09.314+0000] {processor.py:768} INFO - DAG(s) dict_keys(['tbf_analysis_dag_v10']) retrieved from /opt/airflow/dags/tbf_analysis_dag_v10.py
[2023-08-22T00:37:09.350+0000] {logging_mixin.py:117} INFO - [2023-08-22T00:37:09.350+0000] {dag.py:2573} INFO - Sync 1 DAGs
[2023-08-22T00:37:09.378+0000] {logging_mixin.py:117} INFO - [2023-08-22T00:37:09.378+0000] {dag.py:3328} INFO - Setting next_dagrun for tbf_analysis_dag_v10 to None, run_after=None
[2023-08-22T00:37:09.396+0000] {processor.py:178} INFO - Processing /opt/airflow/dags/tbf_analysis_dag_v10.py took 0.336 seconds
[2023-08-22T00:37:39.727+0000] {processor.py:156} INFO - Started process (PID=788) to work on /opt/airflow/dags/tbf_analysis_dag_v10.py
[2023-08-22T00:37:39.734+0000] {processor.py:758} INFO - Processing file /opt/airflow/dags/tbf_analysis_dag_v10.py for tasks to queue
[2023-08-22T00:37:39.737+0000] {logging_mixin.py:117} INFO - [2023-08-22T00:37:39.737+0000] {dagbag.py:525} INFO - Filling up the DagBag from /opt/airflow/dags/tbf_analysis_dag_v10.py
[2023-08-22T00:37:39.908+0000] {processor.py:768} INFO - DAG(s) dict_keys(['tbf_analysis_dag_v10']) retrieved from /opt/airflow/dags/tbf_analysis_dag_v10.py
[2023-08-22T00:37:39.930+0000] {logging_mixin.py:117} INFO - [2023-08-22T00:37:39.929+0000] {dag.py:2573} INFO - Sync 1 DAGs
[2023-08-22T00:37:39.945+0000] {logging_mixin.py:117} INFO - [2023-08-22T00:37:39.944+0000] {dag.py:3328} INFO - Setting next_dagrun for tbf_analysis_dag_v10 to None, run_after=None
[2023-08-22T00:37:39.956+0000] {processor.py:178} INFO - Processing /opt/airflow/dags/tbf_analysis_dag_v10.py took 0.250 seconds
[2023-08-22T00:38:10.186+0000] {processor.py:156} INFO - Started process (PID=816) to work on /opt/airflow/dags/tbf_analysis_dag_v10.py
[2023-08-22T00:38:10.191+0000] {processor.py:758} INFO - Processing file /opt/airflow/dags/tbf_analysis_dag_v10.py for tasks to queue
[2023-08-22T00:38:10.193+0000] {logging_mixin.py:117} INFO - [2023-08-22T00:38:10.193+0000] {dagbag.py:525} INFO - Filling up the DagBag from /opt/airflow/dags/tbf_analysis_dag_v10.py
[2023-08-22T00:38:10.383+0000] {processor.py:768} INFO - DAG(s) dict_keys(['tbf_analysis_dag_v10']) retrieved from /opt/airflow/dags/tbf_analysis_dag_v10.py
[2023-08-22T00:38:10.411+0000] {logging_mixin.py:117} INFO - [2023-08-22T00:38:10.411+0000] {dag.py:2573} INFO - Sync 1 DAGs
[2023-08-22T00:38:10.430+0000] {logging_mixin.py:117} INFO - [2023-08-22T00:38:10.430+0000] {dag.py:3328} INFO - Setting next_dagrun for tbf_analysis_dag_v10 to None, run_after=None
[2023-08-22T00:38:10.449+0000] {processor.py:178} INFO - Processing /opt/airflow/dags/tbf_analysis_dag_v10.py took 0.268 seconds
[2023-08-22T00:38:40.742+0000] {processor.py:156} INFO - Started process (PID=845) to work on /opt/airflow/dags/tbf_analysis_dag_v10.py
[2023-08-22T00:38:40.745+0000] {processor.py:758} INFO - Processing file /opt/airflow/dags/tbf_analysis_dag_v10.py for tasks to queue
[2023-08-22T00:38:40.746+0000] {logging_mixin.py:117} INFO - [2023-08-22T00:38:40.746+0000] {dagbag.py:525} INFO - Filling up the DagBag from /opt/airflow/dags/tbf_analysis_dag_v10.py
[2023-08-22T00:38:40.927+0000] {processor.py:768} INFO - DAG(s) dict_keys(['tbf_analysis_dag_v10']) retrieved from /opt/airflow/dags/tbf_analysis_dag_v10.py
[2023-08-22T00:38:40.973+0000] {logging_mixin.py:117} INFO - [2023-08-22T00:38:40.973+0000] {dag.py:2573} INFO - Sync 1 DAGs
[2023-08-22T00:38:41.001+0000] {logging_mixin.py:117} INFO - [2023-08-22T00:38:41.001+0000] {dag.py:3328} INFO - Setting next_dagrun for tbf_analysis_dag_v10 to None, run_after=None
[2023-08-22T00:38:41.017+0000] {processor.py:178} INFO - Processing /opt/airflow/dags/tbf_analysis_dag_v10.py took 0.282 seconds
[2023-08-22T00:39:11.291+0000] {processor.py:156} INFO - Started process (PID=865) to work on /opt/airflow/dags/tbf_analysis_dag_v10.py
[2023-08-22T00:39:11.295+0000] {processor.py:758} INFO - Processing file /opt/airflow/dags/tbf_analysis_dag_v10.py for tasks to queue
[2023-08-22T00:39:11.296+0000] {logging_mixin.py:117} INFO - [2023-08-22T00:39:11.296+0000] {dagbag.py:525} INFO - Filling up the DagBag from /opt/airflow/dags/tbf_analysis_dag_v10.py
[2023-08-22T00:39:11.545+0000] {processor.py:768} INFO - DAG(s) dict_keys(['tbf_analysis_dag_v10']) retrieved from /opt/airflow/dags/tbf_analysis_dag_v10.py
[2023-08-22T00:39:11.574+0000] {logging_mixin.py:117} INFO - [2023-08-22T00:39:11.573+0000] {dag.py:2573} INFO - Sync 1 DAGs
[2023-08-22T00:39:11.592+0000] {logging_mixin.py:117} INFO - [2023-08-22T00:39:11.592+0000] {dag.py:3328} INFO - Setting next_dagrun for tbf_analysis_dag_v10 to None, run_after=None
[2023-08-22T00:39:11.604+0000] {processor.py:178} INFO - Processing /opt/airflow/dags/tbf_analysis_dag_v10.py took 0.317 seconds
[2023-08-22T00:39:41.822+0000] {processor.py:156} INFO - Started process (PID=892) to work on /opt/airflow/dags/tbf_analysis_dag_v10.py
[2023-08-22T00:39:41.824+0000] {processor.py:758} INFO - Processing file /opt/airflow/dags/tbf_analysis_dag_v10.py for tasks to queue
[2023-08-22T00:39:41.826+0000] {logging_mixin.py:117} INFO - [2023-08-22T00:39:41.825+0000] {dagbag.py:525} INFO - Filling up the DagBag from /opt/airflow/dags/tbf_analysis_dag_v10.py
[2023-08-22T00:39:42.047+0000] {processor.py:768} INFO - DAG(s) dict_keys(['tbf_analysis_dag_v10']) retrieved from /opt/airflow/dags/tbf_analysis_dag_v10.py
[2023-08-22T00:39:42.072+0000] {logging_mixin.py:117} INFO - [2023-08-22T00:39:42.072+0000] {dag.py:2573} INFO - Sync 1 DAGs
[2023-08-22T00:39:42.095+0000] {logging_mixin.py:117} INFO - [2023-08-22T00:39:42.095+0000] {dag.py:3328} INFO - Setting next_dagrun for tbf_analysis_dag_v10 to None, run_after=None
[2023-08-22T00:39:42.116+0000] {processor.py:178} INFO - Processing /opt/airflow/dags/tbf_analysis_dag_v10.py took 0.298 seconds
[2023-08-22T00:40:12.284+0000] {processor.py:156} INFO - Started process (PID=921) to work on /opt/airflow/dags/tbf_analysis_dag_v10.py
[2023-08-22T00:40:12.286+0000] {processor.py:758} INFO - Processing file /opt/airflow/dags/tbf_analysis_dag_v10.py for tasks to queue
[2023-08-22T00:40:12.287+0000] {logging_mixin.py:117} INFO - [2023-08-22T00:40:12.287+0000] {dagbag.py:525} INFO - Filling up the DagBag from /opt/airflow/dags/tbf_analysis_dag_v10.py
[2023-08-22T00:40:12.450+0000] {processor.py:768} INFO - DAG(s) dict_keys(['tbf_analysis_dag_v10']) retrieved from /opt/airflow/dags/tbf_analysis_dag_v10.py
[2023-08-22T00:40:12.474+0000] {logging_mixin.py:117} INFO - [2023-08-22T00:40:12.474+0000] {dag.py:2573} INFO - Sync 1 DAGs
[2023-08-22T00:40:12.492+0000] {logging_mixin.py:117} INFO - [2023-08-22T00:40:12.491+0000] {dag.py:3328} INFO - Setting next_dagrun for tbf_analysis_dag_v10 to None, run_after=None
[2023-08-22T00:40:12.502+0000] {processor.py:178} INFO - Processing /opt/airflow/dags/tbf_analysis_dag_v10.py took 0.224 seconds
[2023-08-22T00:40:42.671+0000] {processor.py:156} INFO - Started process (PID=948) to work on /opt/airflow/dags/tbf_analysis_dag_v10.py
[2023-08-22T00:40:42.674+0000] {processor.py:758} INFO - Processing file /opt/airflow/dags/tbf_analysis_dag_v10.py for tasks to queue
[2023-08-22T00:40:42.674+0000] {logging_mixin.py:117} INFO - [2023-08-22T00:40:42.674+0000] {dagbag.py:525} INFO - Filling up the DagBag from /opt/airflow/dags/tbf_analysis_dag_v10.py
[2023-08-22T00:40:42.845+0000] {processor.py:768} INFO - DAG(s) dict_keys(['tbf_analysis_dag_v10']) retrieved from /opt/airflow/dags/tbf_analysis_dag_v10.py
[2023-08-22T00:40:42.874+0000] {logging_mixin.py:117} INFO - [2023-08-22T00:40:42.874+0000] {dag.py:2573} INFO - Sync 1 DAGs
[2023-08-22T00:40:42.893+0000] {logging_mixin.py:117} INFO - [2023-08-22T00:40:42.893+0000] {dag.py:3328} INFO - Setting next_dagrun for tbf_analysis_dag_v10 to None, run_after=None
[2023-08-22T00:40:42.905+0000] {processor.py:178} INFO - Processing /opt/airflow/dags/tbf_analysis_dag_v10.py took 0.237 seconds
[2023-08-22T00:41:13.118+0000] {processor.py:156} INFO - Started process (PID=977) to work on /opt/airflow/dags/tbf_analysis_dag_v10.py
[2023-08-22T00:41:13.120+0000] {processor.py:758} INFO - Processing file /opt/airflow/dags/tbf_analysis_dag_v10.py for tasks to queue
[2023-08-22T00:41:13.121+0000] {logging_mixin.py:117} INFO - [2023-08-22T00:41:13.121+0000] {dagbag.py:525} INFO - Filling up the DagBag from /opt/airflow/dags/tbf_analysis_dag_v10.py
[2023-08-22T00:41:13.248+0000] {processor.py:768} INFO - DAG(s) dict_keys(['tbf_analysis_dag_v10']) retrieved from /opt/airflow/dags/tbf_analysis_dag_v10.py
[2023-08-22T00:41:13.268+0000] {logging_mixin.py:117} INFO - [2023-08-22T00:41:13.268+0000] {dag.py:2573} INFO - Sync 1 DAGs
[2023-08-22T00:41:13.291+0000] {logging_mixin.py:117} INFO - [2023-08-22T00:41:13.291+0000] {dag.py:3328} INFO - Setting next_dagrun for tbf_analysis_dag_v10 to None, run_after=None
[2023-08-22T00:41:13.303+0000] {processor.py:178} INFO - Processing /opt/airflow/dags/tbf_analysis_dag_v10.py took 0.188 seconds
[2023-08-22T00:41:43.377+0000] {processor.py:156} INFO - Started process (PID=1004) to work on /opt/airflow/dags/tbf_analysis_dag_v10.py
[2023-08-22T00:41:43.380+0000] {processor.py:758} INFO - Processing file /opt/airflow/dags/tbf_analysis_dag_v10.py for tasks to queue
[2023-08-22T00:41:43.382+0000] {logging_mixin.py:117} INFO - [2023-08-22T00:41:43.382+0000] {dagbag.py:525} INFO - Filling up the DagBag from /opt/airflow/dags/tbf_analysis_dag_v10.py
[2023-08-22T00:41:43.546+0000] {processor.py:768} INFO - DAG(s) dict_keys(['tbf_analysis_dag_v10']) retrieved from /opt/airflow/dags/tbf_analysis_dag_v10.py
[2023-08-22T00:41:43.567+0000] {logging_mixin.py:117} INFO - [2023-08-22T00:41:43.567+0000] {dag.py:2573} INFO - Sync 1 DAGs
[2023-08-22T00:41:43.583+0000] {logging_mixin.py:117} INFO - [2023-08-22T00:41:43.583+0000] {dag.py:3328} INFO - Setting next_dagrun for tbf_analysis_dag_v10 to None, run_after=None
[2023-08-22T00:41:43.594+0000] {processor.py:178} INFO - Processing /opt/airflow/dags/tbf_analysis_dag_v10.py took 0.226 seconds
[2023-08-22T00:42:13.829+0000] {processor.py:156} INFO - Started process (PID=1031) to work on /opt/airflow/dags/tbf_analysis_dag_v10.py
[2023-08-22T00:42:13.831+0000] {processor.py:758} INFO - Processing file /opt/airflow/dags/tbf_analysis_dag_v10.py for tasks to queue
[2023-08-22T00:42:13.832+0000] {logging_mixin.py:117} INFO - [2023-08-22T00:42:13.832+0000] {dagbag.py:525} INFO - Filling up the DagBag from /opt/airflow/dags/tbf_analysis_dag_v10.py
[2023-08-22T00:42:14.015+0000] {processor.py:768} INFO - DAG(s) dict_keys(['tbf_analysis_dag_v10']) retrieved from /opt/airflow/dags/tbf_analysis_dag_v10.py
[2023-08-22T00:42:14.040+0000] {logging_mixin.py:117} INFO - [2023-08-22T00:42:14.040+0000] {dag.py:2573} INFO - Sync 1 DAGs
[2023-08-22T00:42:14.061+0000] {logging_mixin.py:117} INFO - [2023-08-22T00:42:14.061+0000] {dag.py:3328} INFO - Setting next_dagrun for tbf_analysis_dag_v10 to None, run_after=None
[2023-08-22T00:42:14.072+0000] {processor.py:178} INFO - Processing /opt/airflow/dags/tbf_analysis_dag_v10.py took 0.245 seconds
[2023-08-22T00:42:44.319+0000] {processor.py:156} INFO - Started process (PID=1051) to work on /opt/airflow/dags/tbf_analysis_dag_v10.py
[2023-08-22T00:42:44.321+0000] {processor.py:758} INFO - Processing file /opt/airflow/dags/tbf_analysis_dag_v10.py for tasks to queue
[2023-08-22T00:42:44.323+0000] {logging_mixin.py:117} INFO - [2023-08-22T00:42:44.323+0000] {dagbag.py:525} INFO - Filling up the DagBag from /opt/airflow/dags/tbf_analysis_dag_v10.py
[2023-08-22T00:42:44.530+0000] {processor.py:768} INFO - DAG(s) dict_keys(['tbf_analysis_dag_v10']) retrieved from /opt/airflow/dags/tbf_analysis_dag_v10.py
[2023-08-22T00:42:44.560+0000] {logging_mixin.py:117} INFO - [2023-08-22T00:42:44.560+0000] {dag.py:2573} INFO - Sync 1 DAGs
[2023-08-22T00:42:44.586+0000] {logging_mixin.py:117} INFO - [2023-08-22T00:42:44.585+0000] {dag.py:3328} INFO - Setting next_dagrun for tbf_analysis_dag_v10 to None, run_after=None
[2023-08-22T00:42:44.606+0000] {processor.py:178} INFO - Processing /opt/airflow/dags/tbf_analysis_dag_v10.py took 0.293 seconds
[2023-08-22T00:43:14.895+0000] {processor.py:156} INFO - Started process (PID=1079) to work on /opt/airflow/dags/tbf_analysis_dag_v10.py
[2023-08-22T00:43:14.897+0000] {processor.py:758} INFO - Processing file /opt/airflow/dags/tbf_analysis_dag_v10.py for tasks to queue
[2023-08-22T00:43:14.899+0000] {logging_mixin.py:117} INFO - [2023-08-22T00:43:14.899+0000] {dagbag.py:525} INFO - Filling up the DagBag from /opt/airflow/dags/tbf_analysis_dag_v10.py
[2023-08-22T00:43:15.076+0000] {processor.py:768} INFO - DAG(s) dict_keys(['tbf_analysis_dag_v10']) retrieved from /opt/airflow/dags/tbf_analysis_dag_v10.py
[2023-08-22T00:43:15.102+0000] {logging_mixin.py:117} INFO - [2023-08-22T00:43:15.102+0000] {dag.py:2573} INFO - Sync 1 DAGs
[2023-08-22T00:43:15.119+0000] {logging_mixin.py:117} INFO - [2023-08-22T00:43:15.119+0000] {dag.py:3328} INFO - Setting next_dagrun for tbf_analysis_dag_v10 to None, run_after=None
[2023-08-22T00:43:15.132+0000] {processor.py:178} INFO - Processing /opt/airflow/dags/tbf_analysis_dag_v10.py took 0.242 seconds
[2023-08-22T00:43:45.429+0000] {processor.py:156} INFO - Started process (PID=1107) to work on /opt/airflow/dags/tbf_analysis_dag_v10.py
[2023-08-22T00:43:45.433+0000] {processor.py:758} INFO - Processing file /opt/airflow/dags/tbf_analysis_dag_v10.py for tasks to queue
[2023-08-22T00:43:45.434+0000] {logging_mixin.py:117} INFO - [2023-08-22T00:43:45.434+0000] {dagbag.py:525} INFO - Filling up the DagBag from /opt/airflow/dags/tbf_analysis_dag_v10.py
[2023-08-22T00:43:45.604+0000] {processor.py:768} INFO - DAG(s) dict_keys(['tbf_analysis_dag_v10']) retrieved from /opt/airflow/dags/tbf_analysis_dag_v10.py
[2023-08-22T00:43:45.636+0000] {logging_mixin.py:117} INFO - [2023-08-22T00:43:45.636+0000] {dag.py:2573} INFO - Sync 1 DAGs
[2023-08-22T00:43:45.657+0000] {logging_mixin.py:117} INFO - [2023-08-22T00:43:45.656+0000] {dag.py:3328} INFO - Setting next_dagrun for tbf_analysis_dag_v10 to None, run_after=None
[2023-08-22T00:43:45.670+0000] {processor.py:178} INFO - Processing /opt/airflow/dags/tbf_analysis_dag_v10.py took 0.250 seconds
[2023-08-22T00:44:15.714+0000] {processor.py:156} INFO - Started process (PID=1135) to work on /opt/airflow/dags/tbf_analysis_dag_v10.py
[2023-08-22T00:44:15.717+0000] {processor.py:758} INFO - Processing file /opt/airflow/dags/tbf_analysis_dag_v10.py for tasks to queue
[2023-08-22T00:44:15.718+0000] {logging_mixin.py:117} INFO - [2023-08-22T00:44:15.718+0000] {dagbag.py:525} INFO - Filling up the DagBag from /opt/airflow/dags/tbf_analysis_dag_v10.py
[2023-08-22T00:44:15.889+0000] {processor.py:768} INFO - DAG(s) dict_keys(['tbf_analysis_dag_v10']) retrieved from /opt/airflow/dags/tbf_analysis_dag_v10.py
[2023-08-22T00:44:15.914+0000] {logging_mixin.py:117} INFO - [2023-08-22T00:44:15.914+0000] {dag.py:2573} INFO - Sync 1 DAGs
[2023-08-22T00:44:15.931+0000] {logging_mixin.py:117} INFO - [2023-08-22T00:44:15.931+0000] {dag.py:3328} INFO - Setting next_dagrun for tbf_analysis_dag_v10 to None, run_after=None
[2023-08-22T00:44:15.944+0000] {processor.py:178} INFO - Processing /opt/airflow/dags/tbf_analysis_dag_v10.py took 0.234 seconds
[2023-08-22T00:44:46.273+0000] {processor.py:156} INFO - Started process (PID=1163) to work on /opt/airflow/dags/tbf_analysis_dag_v10.py
[2023-08-22T00:44:46.277+0000] {processor.py:758} INFO - Processing file /opt/airflow/dags/tbf_analysis_dag_v10.py for tasks to queue
[2023-08-22T00:44:46.278+0000] {logging_mixin.py:117} INFO - [2023-08-22T00:44:46.278+0000] {dagbag.py:525} INFO - Filling up the DagBag from /opt/airflow/dags/tbf_analysis_dag_v10.py
[2023-08-22T00:44:46.493+0000] {processor.py:768} INFO - DAG(s) dict_keys(['tbf_analysis_dag_v10']) retrieved from /opt/airflow/dags/tbf_analysis_dag_v10.py
[2023-08-22T00:44:46.518+0000] {logging_mixin.py:117} INFO - [2023-08-22T00:44:46.517+0000] {dag.py:2573} INFO - Sync 1 DAGs
[2023-08-22T00:44:46.536+0000] {logging_mixin.py:117} INFO - [2023-08-22T00:44:46.536+0000] {dag.py:3328} INFO - Setting next_dagrun for tbf_analysis_dag_v10 to None, run_after=None
[2023-08-22T00:44:46.550+0000] {processor.py:178} INFO - Processing /opt/airflow/dags/tbf_analysis_dag_v10.py took 0.284 seconds
[2023-08-22T00:45:16.750+0000] {processor.py:156} INFO - Started process (PID=1191) to work on /opt/airflow/dags/tbf_analysis_dag_v10.py
[2023-08-22T00:45:16.753+0000] {processor.py:758} INFO - Processing file /opt/airflow/dags/tbf_analysis_dag_v10.py for tasks to queue
[2023-08-22T00:45:16.754+0000] {logging_mixin.py:117} INFO - [2023-08-22T00:45:16.754+0000] {dagbag.py:525} INFO - Filling up the DagBag from /opt/airflow/dags/tbf_analysis_dag_v10.py
[2023-08-22T00:45:16.932+0000] {processor.py:768} INFO - DAG(s) dict_keys(['tbf_analysis_dag_v10']) retrieved from /opt/airflow/dags/tbf_analysis_dag_v10.py
[2023-08-22T00:45:16.958+0000] {logging_mixin.py:117} INFO - [2023-08-22T00:45:16.958+0000] {dag.py:2573} INFO - Sync 1 DAGs
[2023-08-22T00:45:16.974+0000] {logging_mixin.py:117} INFO - [2023-08-22T00:45:16.974+0000] {dag.py:3328} INFO - Setting next_dagrun for tbf_analysis_dag_v10 to None, run_after=None
[2023-08-22T00:45:16.988+0000] {processor.py:178} INFO - Processing /opt/airflow/dags/tbf_analysis_dag_v10.py took 0.241 seconds
[2023-08-22T00:45:47.297+0000] {processor.py:156} INFO - Started process (PID=1219) to work on /opt/airflow/dags/tbf_analysis_dag_v10.py
[2023-08-22T00:45:47.298+0000] {processor.py:758} INFO - Processing file /opt/airflow/dags/tbf_analysis_dag_v10.py for tasks to queue
[2023-08-22T00:45:47.300+0000] {logging_mixin.py:117} INFO - [2023-08-22T00:45:47.300+0000] {dagbag.py:525} INFO - Filling up the DagBag from /opt/airflow/dags/tbf_analysis_dag_v10.py
[2023-08-22T00:45:47.527+0000] {processor.py:768} INFO - DAG(s) dict_keys(['tbf_analysis_dag_v10']) retrieved from /opt/airflow/dags/tbf_analysis_dag_v10.py
[2023-08-22T00:45:47.574+0000] {logging_mixin.py:117} INFO - [2023-08-22T00:45:47.573+0000] {dag.py:2573} INFO - Sync 1 DAGs
[2023-08-22T00:45:47.605+0000] {logging_mixin.py:117} INFO - [2023-08-22T00:45:47.605+0000] {dag.py:3328} INFO - Setting next_dagrun for tbf_analysis_dag_v10 to None, run_after=None
[2023-08-22T00:45:47.620+0000] {processor.py:178} INFO - Processing /opt/airflow/dags/tbf_analysis_dag_v10.py took 0.330 seconds
[2023-08-22T00:46:17.849+0000] {processor.py:156} INFO - Started process (PID=1237) to work on /opt/airflow/dags/tbf_analysis_dag_v10.py
[2023-08-22T00:46:17.851+0000] {processor.py:758} INFO - Processing file /opt/airflow/dags/tbf_analysis_dag_v10.py for tasks to queue
[2023-08-22T00:46:17.852+0000] {logging_mixin.py:117} INFO - [2023-08-22T00:46:17.852+0000] {dagbag.py:525} INFO - Filling up the DagBag from /opt/airflow/dags/tbf_analysis_dag_v10.py
[2023-08-22T00:46:18.032+0000] {processor.py:768} INFO - DAG(s) dict_keys(['tbf_analysis_dag_v10']) retrieved from /opt/airflow/dags/tbf_analysis_dag_v10.py
[2023-08-22T00:46:18.070+0000] {logging_mixin.py:117} INFO - [2023-08-22T00:46:18.069+0000] {dag.py:2573} INFO - Sync 1 DAGs
[2023-08-22T00:46:18.086+0000] {logging_mixin.py:117} INFO - [2023-08-22T00:46:18.086+0000] {dag.py:3328} INFO - Setting next_dagrun for tbf_analysis_dag_v10 to None, run_after=None
[2023-08-22T00:46:18.099+0000] {processor.py:178} INFO - Processing /opt/airflow/dags/tbf_analysis_dag_v10.py took 0.254 seconds
[2023-08-22T00:46:48.375+0000] {processor.py:156} INFO - Started process (PID=1264) to work on /opt/airflow/dags/tbf_analysis_dag_v10.py
[2023-08-22T00:46:48.381+0000] {processor.py:758} INFO - Processing file /opt/airflow/dags/tbf_analysis_dag_v10.py for tasks to queue
[2023-08-22T00:46:48.383+0000] {logging_mixin.py:117} INFO - [2023-08-22T00:46:48.382+0000] {dagbag.py:525} INFO - Filling up the DagBag from /opt/airflow/dags/tbf_analysis_dag_v10.py
[2023-08-22T00:46:48.590+0000] {processor.py:768} INFO - DAG(s) dict_keys(['tbf_analysis_dag_v10']) retrieved from /opt/airflow/dags/tbf_analysis_dag_v10.py
[2023-08-22T00:46:48.624+0000] {logging_mixin.py:117} INFO - [2023-08-22T00:46:48.623+0000] {dag.py:2573} INFO - Sync 1 DAGs
[2023-08-22T00:46:48.657+0000] {logging_mixin.py:117} INFO - [2023-08-22T00:46:48.657+0000] {dag.py:3328} INFO - Setting next_dagrun for tbf_analysis_dag_v10 to None, run_after=None
[2023-08-22T00:46:48.677+0000] {processor.py:178} INFO - Processing /opt/airflow/dags/tbf_analysis_dag_v10.py took 0.310 seconds
[2023-08-22T00:47:18.967+0000] {processor.py:156} INFO - Started process (PID=1292) to work on /opt/airflow/dags/tbf_analysis_dag_v10.py
[2023-08-22T00:47:18.971+0000] {processor.py:758} INFO - Processing file /opt/airflow/dags/tbf_analysis_dag_v10.py for tasks to queue
[2023-08-22T00:47:18.973+0000] {logging_mixin.py:117} INFO - [2023-08-22T00:47:18.973+0000] {dagbag.py:525} INFO - Filling up the DagBag from /opt/airflow/dags/tbf_analysis_dag_v10.py
[2023-08-22T00:47:19.153+0000] {processor.py:768} INFO - DAG(s) dict_keys(['tbf_analysis_dag_v10']) retrieved from /opt/airflow/dags/tbf_analysis_dag_v10.py
[2023-08-22T00:47:19.173+0000] {logging_mixin.py:117} INFO - [2023-08-22T00:47:19.173+0000] {dag.py:2573} INFO - Sync 1 DAGs
[2023-08-22T00:47:19.187+0000] {logging_mixin.py:117} INFO - [2023-08-22T00:47:19.187+0000] {dag.py:3328} INFO - Setting next_dagrun for tbf_analysis_dag_v10 to None, run_after=None
[2023-08-22T00:47:19.198+0000] {processor.py:178} INFO - Processing /opt/airflow/dags/tbf_analysis_dag_v10.py took 0.239 seconds
[2023-08-22T00:47:49.449+0000] {processor.py:156} INFO - Started process (PID=1320) to work on /opt/airflow/dags/tbf_analysis_dag_v10.py
[2023-08-22T00:47:49.452+0000] {processor.py:758} INFO - Processing file /opt/airflow/dags/tbf_analysis_dag_v10.py for tasks to queue
[2023-08-22T00:47:49.454+0000] {logging_mixin.py:117} INFO - [2023-08-22T00:47:49.454+0000] {dagbag.py:525} INFO - Filling up the DagBag from /opt/airflow/dags/tbf_analysis_dag_v10.py
[2023-08-22T00:47:49.638+0000] {processor.py:768} INFO - DAG(s) dict_keys(['tbf_analysis_dag_v10']) retrieved from /opt/airflow/dags/tbf_analysis_dag_v10.py
[2023-08-22T00:47:49.664+0000] {logging_mixin.py:117} INFO - [2023-08-22T00:47:49.663+0000] {dag.py:2573} INFO - Sync 1 DAGs
[2023-08-22T00:47:49.689+0000] {logging_mixin.py:117} INFO - [2023-08-22T00:47:49.689+0000] {dag.py:3328} INFO - Setting next_dagrun for tbf_analysis_dag_v10 to None, run_after=None
[2023-08-22T00:47:49.704+0000] {processor.py:178} INFO - Processing /opt/airflow/dags/tbf_analysis_dag_v10.py took 0.265 seconds
[2023-08-22T00:48:19.923+0000] {processor.py:156} INFO - Started process (PID=1347) to work on /opt/airflow/dags/tbf_analysis_dag_v10.py
[2023-08-22T00:48:19.926+0000] {processor.py:758} INFO - Processing file /opt/airflow/dags/tbf_analysis_dag_v10.py for tasks to queue
[2023-08-22T00:48:19.927+0000] {logging_mixin.py:117} INFO - [2023-08-22T00:48:19.927+0000] {dagbag.py:525} INFO - Filling up the DagBag from /opt/airflow/dags/tbf_analysis_dag_v10.py
[2023-08-22T00:48:20.085+0000] {processor.py:768} INFO - DAG(s) dict_keys(['tbf_analysis_dag_v10']) retrieved from /opt/airflow/dags/tbf_analysis_dag_v10.py
[2023-08-22T00:48:20.108+0000] {logging_mixin.py:117} INFO - [2023-08-22T00:48:20.108+0000] {dag.py:2573} INFO - Sync 1 DAGs
[2023-08-22T00:48:20.124+0000] {logging_mixin.py:117} INFO - [2023-08-22T00:48:20.124+0000] {dag.py:3328} INFO - Setting next_dagrun for tbf_analysis_dag_v10 to None, run_after=None
[2023-08-22T00:48:20.135+0000] {processor.py:178} INFO - Processing /opt/airflow/dags/tbf_analysis_dag_v10.py took 0.216 seconds
[2023-08-22T01:01:01.428+0000] {processor.py:156} INFO - Started process (PID=46) to work on /opt/airflow/dags/tbf_analysis_dag_v10.py
[2023-08-22T01:01:01.430+0000] {processor.py:758} INFO - Processing file /opt/airflow/dags/tbf_analysis_dag_v10.py for tasks to queue
[2023-08-22T01:01:01.431+0000] {logging_mixin.py:117} INFO - [2023-08-22T01:01:01.431+0000] {dagbag.py:525} INFO - Filling up the DagBag from /opt/airflow/dags/tbf_analysis_dag_v10.py
[2023-08-22T01:01:01.432+0000] {processor.py:770} WARNING - No viable dags retrieved from /opt/airflow/dags/tbf_analysis_dag_v10.py
[2023-08-22T01:01:01.476+0000] {processor.py:727} INFO - Executed failure callback for <TaskInstance: tbf_analysis_dag_v10.download_raw_data_task manual__2023-08-22T00:36:41.813735+00:00 [up_for_retry]> in state up_for_retry
[2023-08-22T01:01:01.477+0000] {processor.py:178} INFO - Processing /opt/airflow/dags/tbf_analysis_dag_v10.py took 0.052 seconds
