[2023-08-21T20:45:19.891+0000] {taskinstance.py:1165} INFO - Dependencies all met for <TaskInstance: tbf_analysis_dag_v09.transfer_to_GCS_task scheduled__2023-08-21T00:00:00+00:00 [queued]>
[2023-08-21T20:45:19.909+0000] {taskinstance.py:1165} INFO - Dependencies all met for <TaskInstance: tbf_analysis_dag_v09.transfer_to_GCS_task scheduled__2023-08-21T00:00:00+00:00 [queued]>
[2023-08-21T20:45:19.912+0000] {taskinstance.py:1362} INFO - 
--------------------------------------------------------------------------------
[2023-08-21T20:45:19.913+0000] {taskinstance.py:1363} INFO - Starting attempt 1 of 2
[2023-08-21T20:45:19.914+0000] {taskinstance.py:1364} INFO - 
--------------------------------------------------------------------------------
[2023-08-21T20:45:19.927+0000] {taskinstance.py:1383} INFO - Executing <Task(BashOperator): transfer_to_GCS_task> on 2023-08-21 00:00:00+00:00
[2023-08-21T20:45:19.943+0000] {standard_task_runner.py:54} INFO - Started process 388 to run task
[2023-08-21T20:45:19.953+0000] {standard_task_runner.py:82} INFO - Running: ['***', 'tasks', 'run', 'tbf_analysis_dag_v09', 'transfer_to_GCS_task', 'scheduled__2023-08-21T00:00:00+00:00', '--job-id', '62', '--raw', '--subdir', 'DAGS_FOLDER/tbf_analysis_dag_v09.py', '--cfg-path', '/tmp/tmp4p64_2t7']
[2023-08-21T20:45:19.959+0000] {standard_task_runner.py:83} INFO - Job 62: Subtask transfer_to_GCS_task
[2023-08-21T20:45:19.960+0000] {dagbag.py:525} INFO - Filling up the DagBag from /opt/***/dags/tbf_analysis_dag_v09.py
[2023-08-21T20:45:20.144+0000] {warnings.py:110} WARNING - /home/***/.local/lib/python3.7/site-packages/***/configuration.py:545: DeprecationWarning: The sql_alchemy_conn option in [core] has been moved to the sql_alchemy_conn option in [database] - the old setting has been used, but please update your config.
  option = self._get_environment_variables(deprecated_key, deprecated_section, key, section)

[2023-08-21T20:45:20.245+0000] {task_command.py:384} INFO - Running <TaskInstance: tbf_analysis_dag_v09.transfer_to_GCS_task scheduled__2023-08-21T00:00:00+00:00 [running]> on host 7e2c898f6e79
[2023-08-21T20:45:20.350+0000] {taskinstance.py:1592} INFO - Exporting the following env vars:
AIRFLOW_CTX_DAG_OWNER=***
AIRFLOW_CTX_DAG_ID=tbf_analysis_dag_v09
AIRFLOW_CTX_TASK_ID=transfer_to_GCS_task
AIRFLOW_CTX_EXECUTION_DATE=2023-08-21T00:00:00+00:00
AIRFLOW_CTX_TRY_NUMBER=1
AIRFLOW_CTX_DAG_RUN_ID=scheduled__2023-08-21T00:00:00+00:00
[2023-08-21T20:45:20.352+0000] {subprocess.py:63} INFO - Tmp dir root location: 
 /tmp
[2023-08-21T20:45:20.353+0000] {subprocess.py:75} INFO - Running command: ['/bin/bash', '-c', 'bash /opt/***/transfer_to_GCS/gcloud_setup_local.sh tbf-analysis-terraform_trans-border-freights-394419']
[2023-08-21T20:45:20.378+0000] {subprocess.py:86} INFO - Output:
[2023-08-21T20:45:22.238+0000] {subprocess.py:93} INFO - Copying file:///opt/***/transfer_to_GCS/02a_transform_consolidate.py...
[2023-08-21T20:45:22.245+0000] {subprocess.py:93} INFO - / [0 files][    0.0 B/  6.8 KiB]                                                / [1 files][  6.8 KiB/  6.8 KiB]
[2023-08-21T20:45:22.245+0000] {subprocess.py:93} INFO - Operation completed over 1 objects/6.8 KiB.
[2023-08-21T20:45:23.603+0000] {subprocess.py:93} INFO - Copying file:///opt/***/transfer_to_GCS/02b_transform_joinwithmetadata.py...
[2023-08-21T20:45:23.621+0000] {subprocess.py:93} INFO - / [0 files][    0.0 B/  6.3 KiB]                                                / [1 files][  6.3 KiB/  6.3 KiB]
[2023-08-21T20:45:23.621+0000] {subprocess.py:93} INFO - Operation completed over 1 objects/6.3 KiB.
[2023-08-21T20:45:25.248+0000] {subprocess.py:93} INFO - Copying file:///opt/***/transfer_to_GCS/TransBorderCodes.xls...
[2023-08-21T20:45:25.253+0000] {subprocess.py:93} INFO - / [0 files][    0.0 B/ 80.5 KiB]                                                / [1 files][ 80.5 KiB/ 80.5 KiB]
[2023-08-21T20:45:25.254+0000] {subprocess.py:93} INFO - Operation completed over 1 objects/80.5 KiB.
[2023-08-21T20:45:25.439+0000] {subprocess.py:97} INFO - Command exited with return code 0
[2023-08-21T20:45:25.463+0000] {taskinstance.py:1406} INFO - Marking task as SUCCESS. dag_id=tbf_analysis_dag_v09, task_id=transfer_to_GCS_task, execution_date=20230821T000000, start_date=20230821T204519, end_date=20230821T204525
[2023-08-21T20:45:25.498+0000] {local_task_job.py:164} INFO - Task exited with return code 0
[2023-08-21T20:45:25.518+0000] {local_task_job.py:273} INFO - 0 downstream tasks scheduled from follow-on schedule check
