[2023-08-23T16:25:39.992+0000] {taskinstance.py:1165} INFO - Dependencies all met for <TaskInstance: tbf_analysis_dag_v15.authenticate_service_acct_task scheduled__2023-08-23T00:00:00+00:00 [queued]>
[2023-08-23T16:25:39.998+0000] {taskinstance.py:1165} INFO - Dependencies all met for <TaskInstance: tbf_analysis_dag_v15.authenticate_service_acct_task scheduled__2023-08-23T00:00:00+00:00 [queued]>
[2023-08-23T16:25:39.999+0000] {taskinstance.py:1362} INFO - 
--------------------------------------------------------------------------------
[2023-08-23T16:25:39.999+0000] {taskinstance.py:1363} INFO - Starting attempt 1 of 2
[2023-08-23T16:25:40.000+0000] {taskinstance.py:1364} INFO - 
--------------------------------------------------------------------------------
[2023-08-23T16:25:40.018+0000] {taskinstance.py:1383} INFO - Executing <Task(BashOperator): authenticate_service_acct_task> on 2023-08-23 00:00:00+00:00
[2023-08-23T16:25:40.024+0000] {standard_task_runner.py:54} INFO - Started process 83 to run task
[2023-08-23T16:25:40.029+0000] {standard_task_runner.py:82} INFO - Running: ['***', 'tasks', 'run', 'tbf_analysis_dag_v15', 'authenticate_service_acct_task', 'scheduled__2023-08-23T00:00:00+00:00', '--job-id', '4', '--raw', '--subdir', 'DAGS_FOLDER/tbf_analysis_dag_v15.py', '--cfg-path', '/tmp/tmpwmusnog_']
[2023-08-23T16:25:40.031+0000] {standard_task_runner.py:83} INFO - Job 4: Subtask authenticate_service_acct_task
[2023-08-23T16:25:40.032+0000] {dagbag.py:525} INFO - Filling up the DagBag from /opt/***/dags/tbf_analysis_dag_v15.py
[2023-08-23T16:25:40.153+0000] {warnings.py:110} WARNING - /home/***/.local/lib/python3.7/site-packages/***/configuration.py:545: DeprecationWarning: The sql_alchemy_conn option in [core] has been moved to the sql_alchemy_conn option in [database] - the old setting has been used, but please update your config.
  option = self._get_environment_variables(deprecated_key, deprecated_section, key, section)

[2023-08-23T16:25:40.214+0000] {task_command.py:384} INFO - Running <TaskInstance: tbf_analysis_dag_v15.authenticate_service_acct_task scheduled__2023-08-23T00:00:00+00:00 [running]> on host 6cd4c2af8145
[2023-08-23T16:25:40.327+0000] {taskinstance.py:1592} INFO - Exporting the following env vars:
AIRFLOW_CTX_DAG_OWNER=***
AIRFLOW_CTX_DAG_ID=tbf_analysis_dag_v15
AIRFLOW_CTX_TASK_ID=authenticate_service_acct_task
AIRFLOW_CTX_EXECUTION_DATE=2023-08-23T00:00:00+00:00
AIRFLOW_CTX_TRY_NUMBER=1
AIRFLOW_CTX_DAG_RUN_ID=scheduled__2023-08-23T00:00:00+00:00
[2023-08-23T16:25:40.330+0000] {subprocess.py:63} INFO - Tmp dir root location: 
 /tmp
[2023-08-23T16:25:40.337+0000] {subprocess.py:75} INFO - Running command: ['/bin/bash', '-c', 'echo starting_gcloud_auth; gcloud auth activate-service-account terraform@trans-border-freights-394419.iam.gserviceaccount.com --key-file /.google/credentials/google_credentials.json; echo ending_gcloud_auth']
[2023-08-23T16:25:40.387+0000] {subprocess.py:86} INFO - Output:
[2023-08-23T16:25:40.394+0000] {subprocess.py:93} INFO - starting_gcloud_auth
[2023-08-23T16:25:41.595+0000] {subprocess.py:93} INFO - Activated service account credentials for: [terraform@trans-border-freights-394419.iam.gserviceaccount.com]
[2023-08-23T16:25:41.841+0000] {subprocess.py:93} INFO - ending_gcloud_auth
[2023-08-23T16:25:41.842+0000] {subprocess.py:97} INFO - Command exited with return code 0
[2023-08-23T16:25:41.868+0000] {taskinstance.py:1406} INFO - Marking task as SUCCESS. dag_id=tbf_analysis_dag_v15, task_id=authenticate_service_acct_task, execution_date=20230823T000000, start_date=20230823T162539, end_date=20230823T162541
[2023-08-23T16:25:41.908+0000] {local_task_job.py:164} INFO - Task exited with return code 0
[2023-08-23T16:25:41.948+0000] {local_task_job.py:273} INFO - 1 downstream tasks scheduled from follow-on schedule check
