[2023-08-28T16:10:58.784+0000] {processor.py:157} INFO - Started process (PID=482) to work on /opt/airflow/dags/tbf_analysis_dag_final.py
[2023-08-28T16:10:58.786+0000] {processor.py:829} INFO - Processing file /opt/airflow/dags/tbf_analysis_dag_final.py for tasks to queue
[2023-08-28T16:10:58.787+0000] {logging_mixin.py:151} INFO - [2023-08-28T16:10:58.787+0000] {dagbag.py:539} INFO - Filling up the DagBag from /opt/airflow/dags/tbf_analysis_dag_final.py
[2023-08-28T16:10:58.813+0000] {processor.py:839} INFO - DAG(s) dict_keys(['tbf_analysis_dag_final']) retrieved from /opt/airflow/dags/tbf_analysis_dag_final.py
[2023-08-28T16:10:58.918+0000] {logging_mixin.py:151} INFO - [2023-08-28T16:10:58.918+0000] {dag.py:2907} INFO - Sync 1 DAGs
[2023-08-28T16:10:58.929+0000] {logging_mixin.py:151} INFO - [2023-08-28T16:10:58.929+0000] {dag.py:3677} INFO - Setting next_dagrun for tbf_analysis_dag_final to None, run_after=None
[2023-08-28T16:10:58.941+0000] {processor.py:179} INFO - Processing /opt/airflow/dags/tbf_analysis_dag_final.py took 0.162 seconds
[2023-08-28T16:11:29.147+0000] {processor.py:157} INFO - Started process (PID=507) to work on /opt/airflow/dags/tbf_analysis_dag_final.py
[2023-08-28T16:11:29.151+0000] {processor.py:829} INFO - Processing file /opt/airflow/dags/tbf_analysis_dag_final.py for tasks to queue
[2023-08-28T16:11:29.155+0000] {logging_mixin.py:151} INFO - [2023-08-28T16:11:29.154+0000] {dagbag.py:539} INFO - Filling up the DagBag from /opt/airflow/dags/tbf_analysis_dag_final.py
[2023-08-28T16:11:29.189+0000] {processor.py:839} INFO - DAG(s) dict_keys(['tbf_analysis_dag_final']) retrieved from /opt/airflow/dags/tbf_analysis_dag_final.py
[2023-08-28T16:11:29.214+0000] {logging_mixin.py:151} INFO - [2023-08-28T16:11:29.214+0000] {dag.py:2907} INFO - Sync 1 DAGs
[2023-08-28T16:11:29.228+0000] {logging_mixin.py:151} INFO - [2023-08-28T16:11:29.228+0000] {dag.py:3677} INFO - Setting next_dagrun for tbf_analysis_dag_final to None, run_after=None
[2023-08-28T16:11:29.239+0000] {processor.py:179} INFO - Processing /opt/airflow/dags/tbf_analysis_dag_final.py took 0.097 seconds
[2023-08-28T16:11:59.629+0000] {processor.py:157} INFO - Started process (PID=532) to work on /opt/airflow/dags/tbf_analysis_dag_final.py
[2023-08-28T16:11:59.632+0000] {processor.py:829} INFO - Processing file /opt/airflow/dags/tbf_analysis_dag_final.py for tasks to queue
[2023-08-28T16:11:59.634+0000] {logging_mixin.py:151} INFO - [2023-08-28T16:11:59.633+0000] {dagbag.py:539} INFO - Filling up the DagBag from /opt/airflow/dags/tbf_analysis_dag_final.py
[2023-08-28T16:11:59.654+0000] {processor.py:839} INFO - DAG(s) dict_keys(['tbf_analysis_dag_final']) retrieved from /opt/airflow/dags/tbf_analysis_dag_final.py
[2023-08-28T16:11:59.680+0000] {logging_mixin.py:151} INFO - [2023-08-28T16:11:59.680+0000] {dag.py:2907} INFO - Sync 1 DAGs
[2023-08-28T16:11:59.699+0000] {logging_mixin.py:151} INFO - [2023-08-28T16:11:59.699+0000] {dag.py:3677} INFO - Setting next_dagrun for tbf_analysis_dag_final to None, run_after=None
[2023-08-28T16:11:59.710+0000] {processor.py:179} INFO - Processing /opt/airflow/dags/tbf_analysis_dag_final.py took 0.091 seconds
[2023-08-28T16:12:29.991+0000] {processor.py:157} INFO - Started process (PID=556) to work on /opt/airflow/dags/tbf_analysis_dag_final.py
[2023-08-28T16:12:29.993+0000] {processor.py:829} INFO - Processing file /opt/airflow/dags/tbf_analysis_dag_final.py for tasks to queue
[2023-08-28T16:12:29.994+0000] {logging_mixin.py:151} INFO - [2023-08-28T16:12:29.994+0000] {dagbag.py:539} INFO - Filling up the DagBag from /opt/airflow/dags/tbf_analysis_dag_final.py
[2023-08-28T16:12:30.009+0000] {processor.py:839} INFO - DAG(s) dict_keys(['tbf_analysis_dag_final']) retrieved from /opt/airflow/dags/tbf_analysis_dag_final.py
[2023-08-28T16:12:30.029+0000] {logging_mixin.py:151} INFO - [2023-08-28T16:12:30.029+0000] {dag.py:2907} INFO - Sync 1 DAGs
[2023-08-28T16:12:30.043+0000] {logging_mixin.py:151} INFO - [2023-08-28T16:12:30.043+0000] {dag.py:3677} INFO - Setting next_dagrun for tbf_analysis_dag_final to None, run_after=None
[2023-08-28T16:12:30.055+0000] {processor.py:179} INFO - Processing /opt/airflow/dags/tbf_analysis_dag_final.py took 0.067 seconds
[2023-08-28T16:13:00.381+0000] {processor.py:157} INFO - Started process (PID=573) to work on /opt/airflow/dags/tbf_analysis_dag_final.py
[2023-08-28T16:13:00.382+0000] {processor.py:829} INFO - Processing file /opt/airflow/dags/tbf_analysis_dag_final.py for tasks to queue
[2023-08-28T16:13:00.384+0000] {logging_mixin.py:151} INFO - [2023-08-28T16:13:00.383+0000] {dagbag.py:539} INFO - Filling up the DagBag from /opt/airflow/dags/tbf_analysis_dag_final.py
[2023-08-28T16:13:00.403+0000] {processor.py:839} INFO - DAG(s) dict_keys(['tbf_analysis_dag_final']) retrieved from /opt/airflow/dags/tbf_analysis_dag_final.py
[2023-08-28T16:13:00.428+0000] {logging_mixin.py:151} INFO - [2023-08-28T16:13:00.428+0000] {dag.py:2907} INFO - Sync 1 DAGs
[2023-08-28T16:13:00.452+0000] {logging_mixin.py:151} INFO - [2023-08-28T16:13:00.451+0000] {dag.py:3677} INFO - Setting next_dagrun for tbf_analysis_dag_final to None, run_after=None
[2023-08-28T16:13:00.463+0000] {processor.py:179} INFO - Processing /opt/airflow/dags/tbf_analysis_dag_final.py took 0.087 seconds
[2023-08-28T16:13:30.754+0000] {processor.py:157} INFO - Started process (PID=598) to work on /opt/airflow/dags/tbf_analysis_dag_final.py
[2023-08-28T16:13:30.757+0000] {processor.py:829} INFO - Processing file /opt/airflow/dags/tbf_analysis_dag_final.py for tasks to queue
[2023-08-28T16:13:30.760+0000] {logging_mixin.py:151} INFO - [2023-08-28T16:13:30.759+0000] {dagbag.py:539} INFO - Filling up the DagBag from /opt/airflow/dags/tbf_analysis_dag_final.py
[2023-08-28T16:13:30.808+0000] {processor.py:839} INFO - DAG(s) dict_keys(['tbf_analysis_dag_final']) retrieved from /opt/airflow/dags/tbf_analysis_dag_final.py
[2023-08-28T16:13:30.839+0000] {logging_mixin.py:151} INFO - [2023-08-28T16:13:30.839+0000] {dag.py:2907} INFO - Sync 1 DAGs
[2023-08-28T16:13:30.855+0000] {logging_mixin.py:151} INFO - [2023-08-28T16:13:30.855+0000] {dag.py:3677} INFO - Setting next_dagrun for tbf_analysis_dag_final to None, run_after=None
[2023-08-28T16:13:30.876+0000] {processor.py:179} INFO - Processing /opt/airflow/dags/tbf_analysis_dag_final.py took 0.127 seconds
[2023-08-28T16:14:01.114+0000] {processor.py:157} INFO - Started process (PID=621) to work on /opt/airflow/dags/tbf_analysis_dag_final.py
[2023-08-28T16:14:01.117+0000] {processor.py:829} INFO - Processing file /opt/airflow/dags/tbf_analysis_dag_final.py for tasks to queue
[2023-08-28T16:14:01.119+0000] {logging_mixin.py:151} INFO - [2023-08-28T16:14:01.119+0000] {dagbag.py:539} INFO - Filling up the DagBag from /opt/airflow/dags/tbf_analysis_dag_final.py
[2023-08-28T16:14:01.160+0000] {processor.py:839} INFO - DAG(s) dict_keys(['tbf_analysis_dag_final']) retrieved from /opt/airflow/dags/tbf_analysis_dag_final.py
[2023-08-28T16:14:01.192+0000] {logging_mixin.py:151} INFO - [2023-08-28T16:14:01.192+0000] {dag.py:2907} INFO - Sync 1 DAGs
[2023-08-28T16:14:01.208+0000] {logging_mixin.py:151} INFO - [2023-08-28T16:14:01.208+0000] {dag.py:3677} INFO - Setting next_dagrun for tbf_analysis_dag_final to None, run_after=None
[2023-08-28T16:14:01.219+0000] {processor.py:179} INFO - Processing /opt/airflow/dags/tbf_analysis_dag_final.py took 0.112 seconds
[2023-08-28T16:14:31.501+0000] {processor.py:157} INFO - Started process (PID=645) to work on /opt/airflow/dags/tbf_analysis_dag_final.py
[2023-08-28T16:14:31.504+0000] {processor.py:829} INFO - Processing file /opt/airflow/dags/tbf_analysis_dag_final.py for tasks to queue
[2023-08-28T16:14:31.505+0000] {logging_mixin.py:151} INFO - [2023-08-28T16:14:31.505+0000] {dagbag.py:539} INFO - Filling up the DagBag from /opt/airflow/dags/tbf_analysis_dag_final.py
[2023-08-28T16:14:31.526+0000] {processor.py:839} INFO - DAG(s) dict_keys(['tbf_analysis_dag_final']) retrieved from /opt/airflow/dags/tbf_analysis_dag_final.py
[2023-08-28T16:14:31.554+0000] {logging_mixin.py:151} INFO - [2023-08-28T16:14:31.554+0000] {dag.py:2907} INFO - Sync 1 DAGs
[2023-08-28T16:14:31.572+0000] {logging_mixin.py:151} INFO - [2023-08-28T16:14:31.572+0000] {dag.py:3677} INFO - Setting next_dagrun for tbf_analysis_dag_final to None, run_after=None
[2023-08-28T16:14:31.587+0000] {processor.py:179} INFO - Processing /opt/airflow/dags/tbf_analysis_dag_final.py took 0.090 seconds
[2023-08-28T16:15:01.898+0000] {processor.py:157} INFO - Started process (PID=661) to work on /opt/airflow/dags/tbf_analysis_dag_final.py
[2023-08-28T16:15:01.903+0000] {processor.py:829} INFO - Processing file /opt/airflow/dags/tbf_analysis_dag_final.py for tasks to queue
[2023-08-28T16:15:01.907+0000] {logging_mixin.py:151} INFO - [2023-08-28T16:15:01.906+0000] {dagbag.py:539} INFO - Filling up the DagBag from /opt/airflow/dags/tbf_analysis_dag_final.py
[2023-08-28T16:15:01.957+0000] {processor.py:839} INFO - DAG(s) dict_keys(['tbf_analysis_dag_final']) retrieved from /opt/airflow/dags/tbf_analysis_dag_final.py
[2023-08-28T16:15:01.992+0000] {logging_mixin.py:151} INFO - [2023-08-28T16:15:01.992+0000] {dag.py:2907} INFO - Sync 1 DAGs
[2023-08-28T16:15:02.009+0000] {logging_mixin.py:151} INFO - [2023-08-28T16:15:02.009+0000] {dag.py:3677} INFO - Setting next_dagrun for tbf_analysis_dag_final to None, run_after=None
[2023-08-28T16:15:02.023+0000] {processor.py:179} INFO - Processing /opt/airflow/dags/tbf_analysis_dag_final.py took 0.142 seconds
[2023-08-28T16:15:32.283+0000] {processor.py:157} INFO - Started process (PID=687) to work on /opt/airflow/dags/tbf_analysis_dag_final.py
[2023-08-28T16:15:32.286+0000] {processor.py:829} INFO - Processing file /opt/airflow/dags/tbf_analysis_dag_final.py for tasks to queue
[2023-08-28T16:15:32.288+0000] {logging_mixin.py:151} INFO - [2023-08-28T16:15:32.287+0000] {dagbag.py:539} INFO - Filling up the DagBag from /opt/airflow/dags/tbf_analysis_dag_final.py
[2023-08-28T16:15:32.314+0000] {processor.py:839} INFO - DAG(s) dict_keys(['tbf_analysis_dag_final']) retrieved from /opt/airflow/dags/tbf_analysis_dag_final.py
[2023-08-28T16:15:32.342+0000] {logging_mixin.py:151} INFO - [2023-08-28T16:15:32.342+0000] {dag.py:2907} INFO - Sync 1 DAGs
[2023-08-28T16:15:32.370+0000] {logging_mixin.py:151} INFO - [2023-08-28T16:15:32.370+0000] {dag.py:3677} INFO - Setting next_dagrun for tbf_analysis_dag_final to None, run_after=None
[2023-08-28T16:15:32.399+0000] {processor.py:179} INFO - Processing /opt/airflow/dags/tbf_analysis_dag_final.py took 0.122 seconds
[2023-08-28T16:16:02.660+0000] {processor.py:157} INFO - Started process (PID=712) to work on /opt/airflow/dags/tbf_analysis_dag_final.py
[2023-08-28T16:16:02.661+0000] {processor.py:829} INFO - Processing file /opt/airflow/dags/tbf_analysis_dag_final.py for tasks to queue
[2023-08-28T16:16:02.663+0000] {logging_mixin.py:151} INFO - [2023-08-28T16:16:02.663+0000] {dagbag.py:539} INFO - Filling up the DagBag from /opt/airflow/dags/tbf_analysis_dag_final.py
[2023-08-28T16:16:02.696+0000] {processor.py:839} INFO - DAG(s) dict_keys(['tbf_analysis_dag_final']) retrieved from /opt/airflow/dags/tbf_analysis_dag_final.py
[2023-08-28T16:16:02.725+0000] {logging_mixin.py:151} INFO - [2023-08-28T16:16:02.724+0000] {dag.py:2907} INFO - Sync 1 DAGs
[2023-08-28T16:16:02.739+0000] {logging_mixin.py:151} INFO - [2023-08-28T16:16:02.739+0000] {dag.py:3677} INFO - Setting next_dagrun for tbf_analysis_dag_final to None, run_after=None
[2023-08-28T16:16:02.750+0000] {processor.py:179} INFO - Processing /opt/airflow/dags/tbf_analysis_dag_final.py took 0.096 seconds
[2023-08-28T16:16:33.016+0000] {processor.py:157} INFO - Started process (PID=737) to work on /opt/airflow/dags/tbf_analysis_dag_final.py
[2023-08-28T16:16:33.018+0000] {processor.py:829} INFO - Processing file /opt/airflow/dags/tbf_analysis_dag_final.py for tasks to queue
[2023-08-28T16:16:33.020+0000] {logging_mixin.py:151} INFO - [2023-08-28T16:16:33.019+0000] {dagbag.py:539} INFO - Filling up the DagBag from /opt/airflow/dags/tbf_analysis_dag_final.py
[2023-08-28T16:16:33.040+0000] {processor.py:839} INFO - DAG(s) dict_keys(['tbf_analysis_dag_final']) retrieved from /opt/airflow/dags/tbf_analysis_dag_final.py
[2023-08-28T16:16:33.068+0000] {logging_mixin.py:151} INFO - [2023-08-28T16:16:33.068+0000] {dag.py:2907} INFO - Sync 1 DAGs
[2023-08-28T16:16:33.086+0000] {logging_mixin.py:151} INFO - [2023-08-28T16:16:33.086+0000] {dag.py:3677} INFO - Setting next_dagrun for tbf_analysis_dag_final to None, run_after=None
[2023-08-28T16:16:33.100+0000] {processor.py:179} INFO - Processing /opt/airflow/dags/tbf_analysis_dag_final.py took 0.088 seconds
[2023-08-28T16:17:03.298+0000] {processor.py:157} INFO - Started process (PID=754) to work on /opt/airflow/dags/tbf_analysis_dag_final.py
[2023-08-28T16:17:03.300+0000] {processor.py:829} INFO - Processing file /opt/airflow/dags/tbf_analysis_dag_final.py for tasks to queue
[2023-08-28T16:17:03.302+0000] {logging_mixin.py:151} INFO - [2023-08-28T16:17:03.302+0000] {dagbag.py:539} INFO - Filling up the DagBag from /opt/airflow/dags/tbf_analysis_dag_final.py
[2023-08-28T16:17:03.326+0000] {processor.py:839} INFO - DAG(s) dict_keys(['tbf_analysis_dag_final']) retrieved from /opt/airflow/dags/tbf_analysis_dag_final.py
[2023-08-28T16:17:03.353+0000] {logging_mixin.py:151} INFO - [2023-08-28T16:17:03.353+0000] {dag.py:2907} INFO - Sync 1 DAGs
[2023-08-28T16:17:03.384+0000] {logging_mixin.py:151} INFO - [2023-08-28T16:17:03.384+0000] {dag.py:3677} INFO - Setting next_dagrun for tbf_analysis_dag_final to None, run_after=None
[2023-08-28T16:17:03.397+0000] {processor.py:179} INFO - Processing /opt/airflow/dags/tbf_analysis_dag_final.py took 0.105 seconds
[2023-08-28T16:17:33.634+0000] {processor.py:157} INFO - Started process (PID=779) to work on /opt/airflow/dags/tbf_analysis_dag_final.py
[2023-08-28T16:17:33.636+0000] {processor.py:829} INFO - Processing file /opt/airflow/dags/tbf_analysis_dag_final.py for tasks to queue
[2023-08-28T16:17:33.637+0000] {logging_mixin.py:151} INFO - [2023-08-28T16:17:33.637+0000] {dagbag.py:539} INFO - Filling up the DagBag from /opt/airflow/dags/tbf_analysis_dag_final.py
[2023-08-28T16:17:33.657+0000] {processor.py:839} INFO - DAG(s) dict_keys(['tbf_analysis_dag_final']) retrieved from /opt/airflow/dags/tbf_analysis_dag_final.py
[2023-08-28T16:17:33.680+0000] {logging_mixin.py:151} INFO - [2023-08-28T16:17:33.680+0000] {dag.py:2907} INFO - Sync 1 DAGs
[2023-08-28T16:17:33.694+0000] {logging_mixin.py:151} INFO - [2023-08-28T16:17:33.694+0000] {dag.py:3677} INFO - Setting next_dagrun for tbf_analysis_dag_final to None, run_after=None
[2023-08-28T16:17:33.706+0000] {processor.py:179} INFO - Processing /opt/airflow/dags/tbf_analysis_dag_final.py took 0.076 seconds
[2023-08-28T16:18:03.923+0000] {processor.py:157} INFO - Started process (PID=803) to work on /opt/airflow/dags/tbf_analysis_dag_final.py
[2023-08-28T16:18:03.926+0000] {processor.py:829} INFO - Processing file /opt/airflow/dags/tbf_analysis_dag_final.py for tasks to queue
[2023-08-28T16:18:03.928+0000] {logging_mixin.py:151} INFO - [2023-08-28T16:18:03.927+0000] {dagbag.py:539} INFO - Filling up the DagBag from /opt/airflow/dags/tbf_analysis_dag_final.py
[2023-08-28T16:18:03.949+0000] {processor.py:839} INFO - DAG(s) dict_keys(['tbf_analysis_dag_final']) retrieved from /opt/airflow/dags/tbf_analysis_dag_final.py
[2023-08-28T16:18:03.976+0000] {logging_mixin.py:151} INFO - [2023-08-28T16:18:03.976+0000] {dag.py:2907} INFO - Sync 1 DAGs
[2023-08-28T16:18:03.992+0000] {logging_mixin.py:151} INFO - [2023-08-28T16:18:03.991+0000] {dag.py:3677} INFO - Setting next_dagrun for tbf_analysis_dag_final to None, run_after=None
[2023-08-28T16:18:04.006+0000] {processor.py:179} INFO - Processing /opt/airflow/dags/tbf_analysis_dag_final.py took 0.088 seconds
[2023-08-28T16:18:34.317+0000] {processor.py:157} INFO - Started process (PID=820) to work on /opt/airflow/dags/tbf_analysis_dag_final.py
[2023-08-28T16:18:34.321+0000] {processor.py:829} INFO - Processing file /opt/airflow/dags/tbf_analysis_dag_final.py for tasks to queue
[2023-08-28T16:18:34.324+0000] {logging_mixin.py:151} INFO - [2023-08-28T16:18:34.323+0000] {dagbag.py:539} INFO - Filling up the DagBag from /opt/airflow/dags/tbf_analysis_dag_final.py
[2023-08-28T16:18:34.354+0000] {processor.py:839} INFO - DAG(s) dict_keys(['tbf_analysis_dag_final']) retrieved from /opt/airflow/dags/tbf_analysis_dag_final.py
[2023-08-28T16:18:34.421+0000] {logging_mixin.py:151} INFO - [2023-08-28T16:18:34.421+0000] {dag.py:2907} INFO - Sync 1 DAGs
[2023-08-28T16:18:34.455+0000] {logging_mixin.py:151} INFO - [2023-08-28T16:18:34.455+0000] {dag.py:3677} INFO - Setting next_dagrun for tbf_analysis_dag_final to None, run_after=None
[2023-08-28T16:18:34.469+0000] {processor.py:179} INFO - Processing /opt/airflow/dags/tbf_analysis_dag_final.py took 0.163 seconds
[2023-08-28T16:19:04.531+0000] {processor.py:157} INFO - Started process (PID=846) to work on /opt/airflow/dags/tbf_analysis_dag_final.py
[2023-08-28T16:19:04.534+0000] {processor.py:829} INFO - Processing file /opt/airflow/dags/tbf_analysis_dag_final.py for tasks to queue
[2023-08-28T16:19:04.535+0000] {logging_mixin.py:151} INFO - [2023-08-28T16:19:04.535+0000] {dagbag.py:539} INFO - Filling up the DagBag from /opt/airflow/dags/tbf_analysis_dag_final.py
[2023-08-28T16:19:04.557+0000] {processor.py:839} INFO - DAG(s) dict_keys(['tbf_analysis_dag_final']) retrieved from /opt/airflow/dags/tbf_analysis_dag_final.py
[2023-08-28T16:19:04.598+0000] {logging_mixin.py:151} INFO - [2023-08-28T16:19:04.598+0000] {dag.py:2907} INFO - Sync 1 DAGs
[2023-08-28T16:19:04.613+0000] {logging_mixin.py:151} INFO - [2023-08-28T16:19:04.613+0000] {dag.py:3677} INFO - Setting next_dagrun for tbf_analysis_dag_final to None, run_after=None
[2023-08-28T16:19:04.623+0000] {processor.py:179} INFO - Processing /opt/airflow/dags/tbf_analysis_dag_final.py took 0.096 seconds
[2023-08-28T16:19:34.924+0000] {processor.py:157} INFO - Started process (PID=871) to work on /opt/airflow/dags/tbf_analysis_dag_final.py
[2023-08-28T16:19:34.926+0000] {processor.py:829} INFO - Processing file /opt/airflow/dags/tbf_analysis_dag_final.py for tasks to queue
[2023-08-28T16:19:34.928+0000] {logging_mixin.py:151} INFO - [2023-08-28T16:19:34.928+0000] {dagbag.py:539} INFO - Filling up the DagBag from /opt/airflow/dags/tbf_analysis_dag_final.py
[2023-08-28T16:19:34.951+0000] {processor.py:839} INFO - DAG(s) dict_keys(['tbf_analysis_dag_final']) retrieved from /opt/airflow/dags/tbf_analysis_dag_final.py
[2023-08-28T16:19:34.976+0000] {logging_mixin.py:151} INFO - [2023-08-28T16:19:34.976+0000] {dag.py:2907} INFO - Sync 1 DAGs
[2023-08-28T16:19:34.990+0000] {logging_mixin.py:151} INFO - [2023-08-28T16:19:34.990+0000] {dag.py:3677} INFO - Setting next_dagrun for tbf_analysis_dag_final to None, run_after=None
[2023-08-28T16:19:35.002+0000] {processor.py:179} INFO - Processing /opt/airflow/dags/tbf_analysis_dag_final.py took 0.082 seconds
[2023-08-28T16:20:05.305+0000] {processor.py:157} INFO - Started process (PID=895) to work on /opt/airflow/dags/tbf_analysis_dag_final.py
[2023-08-28T16:20:05.307+0000] {processor.py:829} INFO - Processing file /opt/airflow/dags/tbf_analysis_dag_final.py for tasks to queue
[2023-08-28T16:20:05.309+0000] {logging_mixin.py:151} INFO - [2023-08-28T16:20:05.309+0000] {dagbag.py:539} INFO - Filling up the DagBag from /opt/airflow/dags/tbf_analysis_dag_final.py
[2023-08-28T16:20:05.368+0000] {processor.py:839} INFO - DAG(s) dict_keys(['tbf_analysis_dag_final']) retrieved from /opt/airflow/dags/tbf_analysis_dag_final.py
[2023-08-28T16:20:05.398+0000] {logging_mixin.py:151} INFO - [2023-08-28T16:20:05.398+0000] {dag.py:2907} INFO - Sync 1 DAGs
[2023-08-28T16:20:05.416+0000] {logging_mixin.py:151} INFO - [2023-08-28T16:20:05.416+0000] {dag.py:3677} INFO - Setting next_dagrun for tbf_analysis_dag_final to None, run_after=None
[2023-08-28T16:20:05.429+0000] {processor.py:179} INFO - Processing /opt/airflow/dags/tbf_analysis_dag_final.py took 0.134 seconds
[2023-08-28T16:20:35.613+0000] {processor.py:157} INFO - Started process (PID=912) to work on /opt/airflow/dags/tbf_analysis_dag_final.py
[2023-08-28T16:20:35.615+0000] {processor.py:829} INFO - Processing file /opt/airflow/dags/tbf_analysis_dag_final.py for tasks to queue
[2023-08-28T16:20:35.617+0000] {logging_mixin.py:151} INFO - [2023-08-28T16:20:35.616+0000] {dagbag.py:539} INFO - Filling up the DagBag from /opt/airflow/dags/tbf_analysis_dag_final.py
[2023-08-28T16:20:35.662+0000] {processor.py:839} INFO - DAG(s) dict_keys(['tbf_analysis_dag_final']) retrieved from /opt/airflow/dags/tbf_analysis_dag_final.py
[2023-08-28T16:20:35.691+0000] {logging_mixin.py:151} INFO - [2023-08-28T16:20:35.691+0000] {dag.py:2907} INFO - Sync 1 DAGs
[2023-08-28T16:20:35.709+0000] {logging_mixin.py:151} INFO - [2023-08-28T16:20:35.709+0000] {dag.py:3677} INFO - Setting next_dagrun for tbf_analysis_dag_final to None, run_after=None
[2023-08-28T16:20:35.721+0000] {processor.py:179} INFO - Processing /opt/airflow/dags/tbf_analysis_dag_final.py took 0.113 seconds
[2023-08-28T16:21:05.989+0000] {processor.py:157} INFO - Started process (PID=937) to work on /opt/airflow/dags/tbf_analysis_dag_final.py
[2023-08-28T16:21:05.991+0000] {processor.py:829} INFO - Processing file /opt/airflow/dags/tbf_analysis_dag_final.py for tasks to queue
[2023-08-28T16:21:05.993+0000] {logging_mixin.py:151} INFO - [2023-08-28T16:21:05.992+0000] {dagbag.py:539} INFO - Filling up the DagBag from /opt/airflow/dags/tbf_analysis_dag_final.py
[2023-08-28T16:21:06.012+0000] {processor.py:839} INFO - DAG(s) dict_keys(['tbf_analysis_dag_final']) retrieved from /opt/airflow/dags/tbf_analysis_dag_final.py
[2023-08-28T16:21:06.042+0000] {logging_mixin.py:151} INFO - [2023-08-28T16:21:06.042+0000] {dag.py:2907} INFO - Sync 1 DAGs
[2023-08-28T16:21:06.056+0000] {logging_mixin.py:151} INFO - [2023-08-28T16:21:06.056+0000] {dag.py:3677} INFO - Setting next_dagrun for tbf_analysis_dag_final to None, run_after=None
[2023-08-28T16:21:06.066+0000] {processor.py:179} INFO - Processing /opt/airflow/dags/tbf_analysis_dag_final.py took 0.080 seconds
[2023-08-28T16:21:36.310+0000] {processor.py:157} INFO - Started process (PID=962) to work on /opt/airflow/dags/tbf_analysis_dag_final.py
[2023-08-28T16:21:36.316+0000] {processor.py:829} INFO - Processing file /opt/airflow/dags/tbf_analysis_dag_final.py for tasks to queue
[2023-08-28T16:21:36.318+0000] {logging_mixin.py:151} INFO - [2023-08-28T16:21:36.318+0000] {dagbag.py:539} INFO - Filling up the DagBag from /opt/airflow/dags/tbf_analysis_dag_final.py
[2023-08-28T16:21:36.341+0000] {processor.py:839} INFO - DAG(s) dict_keys(['tbf_analysis_dag_final']) retrieved from /opt/airflow/dags/tbf_analysis_dag_final.py
[2023-08-28T16:21:36.372+0000] {logging_mixin.py:151} INFO - [2023-08-28T16:21:36.372+0000] {dag.py:2907} INFO - Sync 1 DAGs
[2023-08-28T16:21:36.402+0000] {logging_mixin.py:151} INFO - [2023-08-28T16:21:36.402+0000] {dag.py:3677} INFO - Setting next_dagrun for tbf_analysis_dag_final to None, run_after=None
[2023-08-28T16:21:36.426+0000] {processor.py:179} INFO - Processing /opt/airflow/dags/tbf_analysis_dag_final.py took 0.131 seconds
[2023-08-28T16:22:06.694+0000] {processor.py:157} INFO - Started process (PID=987) to work on /opt/airflow/dags/tbf_analysis_dag_final.py
[2023-08-28T16:22:06.696+0000] {processor.py:829} INFO - Processing file /opt/airflow/dags/tbf_analysis_dag_final.py for tasks to queue
[2023-08-28T16:22:06.698+0000] {logging_mixin.py:151} INFO - [2023-08-28T16:22:06.697+0000] {dagbag.py:539} INFO - Filling up the DagBag from /opt/airflow/dags/tbf_analysis_dag_final.py
[2023-08-28T16:22:06.720+0000] {processor.py:839} INFO - DAG(s) dict_keys(['tbf_analysis_dag_final']) retrieved from /opt/airflow/dags/tbf_analysis_dag_final.py
[2023-08-28T16:22:06.768+0000] {logging_mixin.py:151} INFO - [2023-08-28T16:22:06.768+0000] {dag.py:2907} INFO - Sync 1 DAGs
[2023-08-28T16:22:06.784+0000] {logging_mixin.py:151} INFO - [2023-08-28T16:22:06.784+0000] {dag.py:3677} INFO - Setting next_dagrun for tbf_analysis_dag_final to None, run_after=None
[2023-08-28T16:22:06.795+0000] {processor.py:179} INFO - Processing /opt/airflow/dags/tbf_analysis_dag_final.py took 0.106 seconds
[2023-08-28T16:22:37.113+0000] {processor.py:157} INFO - Started process (PID=1005) to work on /opt/airflow/dags/tbf_analysis_dag_final.py
[2023-08-28T16:22:37.115+0000] {processor.py:829} INFO - Processing file /opt/airflow/dags/tbf_analysis_dag_final.py for tasks to queue
[2023-08-28T16:22:37.117+0000] {logging_mixin.py:151} INFO - [2023-08-28T16:22:37.117+0000] {dagbag.py:539} INFO - Filling up the DagBag from /opt/airflow/dags/tbf_analysis_dag_final.py
[2023-08-28T16:22:37.135+0000] {processor.py:839} INFO - DAG(s) dict_keys(['tbf_analysis_dag_final']) retrieved from /opt/airflow/dags/tbf_analysis_dag_final.py
[2023-08-28T16:22:37.157+0000] {logging_mixin.py:151} INFO - [2023-08-28T16:22:37.157+0000] {dag.py:2907} INFO - Sync 1 DAGs
[2023-08-28T16:22:37.172+0000] {logging_mixin.py:151} INFO - [2023-08-28T16:22:37.172+0000] {dag.py:3677} INFO - Setting next_dagrun for tbf_analysis_dag_final to None, run_after=None
[2023-08-28T16:22:37.183+0000] {processor.py:179} INFO - Processing /opt/airflow/dags/tbf_analysis_dag_final.py took 0.074 seconds
[2023-08-28T16:23:07.509+0000] {processor.py:157} INFO - Started process (PID=1030) to work on /opt/airflow/dags/tbf_analysis_dag_final.py
[2023-08-28T16:23:07.511+0000] {processor.py:829} INFO - Processing file /opt/airflow/dags/tbf_analysis_dag_final.py for tasks to queue
[2023-08-28T16:23:07.512+0000] {logging_mixin.py:151} INFO - [2023-08-28T16:23:07.512+0000] {dagbag.py:539} INFO - Filling up the DagBag from /opt/airflow/dags/tbf_analysis_dag_final.py
[2023-08-28T16:23:07.538+0000] {processor.py:839} INFO - DAG(s) dict_keys(['tbf_analysis_dag_final']) retrieved from /opt/airflow/dags/tbf_analysis_dag_final.py
[2023-08-28T16:23:07.572+0000] {logging_mixin.py:151} INFO - [2023-08-28T16:23:07.572+0000] {dag.py:2907} INFO - Sync 1 DAGs
[2023-08-28T16:23:07.592+0000] {logging_mixin.py:151} INFO - [2023-08-28T16:23:07.592+0000] {dag.py:3677} INFO - Setting next_dagrun for tbf_analysis_dag_final to None, run_after=None
[2023-08-28T16:23:07.602+0000] {processor.py:179} INFO - Processing /opt/airflow/dags/tbf_analysis_dag_final.py took 0.098 seconds
[2023-08-28T16:23:37.860+0000] {processor.py:157} INFO - Started process (PID=1055) to work on /opt/airflow/dags/tbf_analysis_dag_final.py
[2023-08-28T16:23:37.863+0000] {processor.py:829} INFO - Processing file /opt/airflow/dags/tbf_analysis_dag_final.py for tasks to queue
[2023-08-28T16:23:37.865+0000] {logging_mixin.py:151} INFO - [2023-08-28T16:23:37.864+0000] {dagbag.py:539} INFO - Filling up the DagBag from /opt/airflow/dags/tbf_analysis_dag_final.py
[2023-08-28T16:23:37.889+0000] {processor.py:839} INFO - DAG(s) dict_keys(['tbf_analysis_dag_final']) retrieved from /opt/airflow/dags/tbf_analysis_dag_final.py
[2023-08-28T16:23:37.914+0000] {logging_mixin.py:151} INFO - [2023-08-28T16:23:37.913+0000] {dag.py:2907} INFO - Sync 1 DAGs
[2023-08-28T16:23:37.928+0000] {logging_mixin.py:151} INFO - [2023-08-28T16:23:37.928+0000] {dag.py:3677} INFO - Setting next_dagrun for tbf_analysis_dag_final to None, run_after=None
[2023-08-28T16:23:37.938+0000] {processor.py:179} INFO - Processing /opt/airflow/dags/tbf_analysis_dag_final.py took 0.084 seconds
[2023-08-28T16:24:08.299+0000] {processor.py:157} INFO - Started process (PID=1081) to work on /opt/airflow/dags/tbf_analysis_dag_final.py
[2023-08-28T16:24:08.301+0000] {processor.py:829} INFO - Processing file /opt/airflow/dags/tbf_analysis_dag_final.py for tasks to queue
[2023-08-28T16:24:08.303+0000] {logging_mixin.py:151} INFO - [2023-08-28T16:24:08.302+0000] {dagbag.py:539} INFO - Filling up the DagBag from /opt/airflow/dags/tbf_analysis_dag_final.py
[2023-08-28T16:24:08.325+0000] {processor.py:839} INFO - DAG(s) dict_keys(['tbf_analysis_dag_final']) retrieved from /opt/airflow/dags/tbf_analysis_dag_final.py
[2023-08-28T16:24:08.384+0000] {logging_mixin.py:151} INFO - [2023-08-28T16:24:08.383+0000] {dag.py:2907} INFO - Sync 1 DAGs
[2023-08-28T16:24:08.411+0000] {logging_mixin.py:151} INFO - [2023-08-28T16:24:08.411+0000] {dag.py:3677} INFO - Setting next_dagrun for tbf_analysis_dag_final to None, run_after=None
[2023-08-28T16:24:08.441+0000] {processor.py:179} INFO - Processing /opt/airflow/dags/tbf_analysis_dag_final.py took 0.146 seconds
[2023-08-28T16:24:38.696+0000] {processor.py:157} INFO - Started process (PID=1099) to work on /opt/airflow/dags/tbf_analysis_dag_final.py
[2023-08-28T16:24:38.702+0000] {processor.py:829} INFO - Processing file /opt/airflow/dags/tbf_analysis_dag_final.py for tasks to queue
[2023-08-28T16:24:38.705+0000] {logging_mixin.py:151} INFO - [2023-08-28T16:24:38.704+0000] {dagbag.py:539} INFO - Filling up the DagBag from /opt/airflow/dags/tbf_analysis_dag_final.py
[2023-08-28T16:24:38.729+0000] {processor.py:839} INFO - DAG(s) dict_keys(['tbf_analysis_dag_final']) retrieved from /opt/airflow/dags/tbf_analysis_dag_final.py
[2023-08-28T16:24:38.753+0000] {logging_mixin.py:151} INFO - [2023-08-28T16:24:38.753+0000] {dag.py:2907} INFO - Sync 1 DAGs
[2023-08-28T16:24:38.768+0000] {logging_mixin.py:151} INFO - [2023-08-28T16:24:38.768+0000] {dag.py:3677} INFO - Setting next_dagrun for tbf_analysis_dag_final to None, run_after=None
[2023-08-28T16:24:38.780+0000] {processor.py:179} INFO - Processing /opt/airflow/dags/tbf_analysis_dag_final.py took 0.094 seconds
[2023-08-28T16:25:09.181+0000] {processor.py:157} INFO - Started process (PID=1124) to work on /opt/airflow/dags/tbf_analysis_dag_final.py
[2023-08-28T16:25:09.185+0000] {processor.py:829} INFO - Processing file /opt/airflow/dags/tbf_analysis_dag_final.py for tasks to queue
[2023-08-28T16:25:09.188+0000] {logging_mixin.py:151} INFO - [2023-08-28T16:25:09.187+0000] {dagbag.py:539} INFO - Filling up the DagBag from /opt/airflow/dags/tbf_analysis_dag_final.py
[2023-08-28T16:25:09.222+0000] {processor.py:839} INFO - DAG(s) dict_keys(['tbf_analysis_dag_final']) retrieved from /opt/airflow/dags/tbf_analysis_dag_final.py
[2023-08-28T16:25:09.275+0000] {logging_mixin.py:151} INFO - [2023-08-28T16:25:09.275+0000] {dag.py:2907} INFO - Sync 1 DAGs
[2023-08-28T16:25:09.323+0000] {logging_mixin.py:151} INFO - [2023-08-28T16:25:09.323+0000] {dag.py:3677} INFO - Setting next_dagrun for tbf_analysis_dag_final to None, run_after=None
[2023-08-28T16:25:09.344+0000] {processor.py:179} INFO - Processing /opt/airflow/dags/tbf_analysis_dag_final.py took 0.172 seconds
[2023-08-28T16:25:39.754+0000] {processor.py:157} INFO - Started process (PID=1147) to work on /opt/airflow/dags/tbf_analysis_dag_final.py
[2023-08-28T16:25:39.759+0000] {processor.py:829} INFO - Processing file /opt/airflow/dags/tbf_analysis_dag_final.py for tasks to queue
[2023-08-28T16:25:39.762+0000] {logging_mixin.py:151} INFO - [2023-08-28T16:25:39.761+0000] {dagbag.py:539} INFO - Filling up the DagBag from /opt/airflow/dags/tbf_analysis_dag_final.py
[2023-08-28T16:25:39.826+0000] {processor.py:839} INFO - DAG(s) dict_keys(['tbf_analysis_dag_final']) retrieved from /opt/airflow/dags/tbf_analysis_dag_final.py
[2023-08-28T16:25:39.891+0000] {logging_mixin.py:151} INFO - [2023-08-28T16:25:39.891+0000] {dag.py:2907} INFO - Sync 1 DAGs
[2023-08-28T16:25:39.943+0000] {logging_mixin.py:151} INFO - [2023-08-28T16:25:39.943+0000] {dag.py:3677} INFO - Setting next_dagrun for tbf_analysis_dag_final to None, run_after=None
[2023-08-28T16:25:39.990+0000] {processor.py:179} INFO - Processing /opt/airflow/dags/tbf_analysis_dag_final.py took 0.253 seconds
[2023-08-28T16:26:10.155+0000] {processor.py:157} INFO - Started process (PID=1164) to work on /opt/airflow/dags/tbf_analysis_dag_final.py
[2023-08-28T16:26:10.168+0000] {processor.py:829} INFO - Processing file /opt/airflow/dags/tbf_analysis_dag_final.py for tasks to queue
[2023-08-28T16:26:10.171+0000] {logging_mixin.py:151} INFO - [2023-08-28T16:26:10.170+0000] {dagbag.py:539} INFO - Filling up the DagBag from /opt/airflow/dags/tbf_analysis_dag_final.py
[2023-08-28T16:26:10.224+0000] {processor.py:839} INFO - DAG(s) dict_keys(['tbf_analysis_dag_final']) retrieved from /opt/airflow/dags/tbf_analysis_dag_final.py
[2023-08-28T16:26:10.292+0000] {logging_mixin.py:151} INFO - [2023-08-28T16:26:10.292+0000] {dag.py:2907} INFO - Sync 1 DAGs
[2023-08-28T16:26:10.319+0000] {logging_mixin.py:151} INFO - [2023-08-28T16:26:10.319+0000] {dag.py:3677} INFO - Setting next_dagrun for tbf_analysis_dag_final to None, run_after=None
[2023-08-28T16:26:10.333+0000] {processor.py:179} INFO - Processing /opt/airflow/dags/tbf_analysis_dag_final.py took 0.188 seconds
[2023-08-28T16:26:40.728+0000] {processor.py:157} INFO - Started process (PID=1190) to work on /opt/airflow/dags/tbf_analysis_dag_final.py
[2023-08-28T16:26:40.732+0000] {processor.py:829} INFO - Processing file /opt/airflow/dags/tbf_analysis_dag_final.py for tasks to queue
[2023-08-28T16:26:40.734+0000] {logging_mixin.py:151} INFO - [2023-08-28T16:26:40.733+0000] {dagbag.py:539} INFO - Filling up the DagBag from /opt/airflow/dags/tbf_analysis_dag_final.py
[2023-08-28T16:26:40.763+0000] {processor.py:839} INFO - DAG(s) dict_keys(['tbf_analysis_dag_final']) retrieved from /opt/airflow/dags/tbf_analysis_dag_final.py
[2023-08-28T16:26:40.815+0000] {logging_mixin.py:151} INFO - [2023-08-28T16:26:40.815+0000] {dag.py:2907} INFO - Sync 1 DAGs
[2023-08-28T16:26:40.844+0000] {logging_mixin.py:151} INFO - [2023-08-28T16:26:40.844+0000] {dag.py:3677} INFO - Setting next_dagrun for tbf_analysis_dag_final to None, run_after=None
[2023-08-28T16:26:40.862+0000] {processor.py:179} INFO - Processing /opt/airflow/dags/tbf_analysis_dag_final.py took 0.144 seconds
[2023-08-28T16:27:11.088+0000] {processor.py:157} INFO - Started process (PID=1214) to work on /opt/airflow/dags/tbf_analysis_dag_final.py
[2023-08-28T16:27:11.092+0000] {processor.py:829} INFO - Processing file /opt/airflow/dags/tbf_analysis_dag_final.py for tasks to queue
[2023-08-28T16:27:11.097+0000] {logging_mixin.py:151} INFO - [2023-08-28T16:27:11.095+0000] {dagbag.py:539} INFO - Filling up the DagBag from /opt/airflow/dags/tbf_analysis_dag_final.py
[2023-08-28T16:27:11.171+0000] {processor.py:839} INFO - DAG(s) dict_keys(['tbf_analysis_dag_final']) retrieved from /opt/airflow/dags/tbf_analysis_dag_final.py
[2023-08-28T16:27:11.241+0000] {logging_mixin.py:151} INFO - [2023-08-28T16:27:11.241+0000] {dag.py:2907} INFO - Sync 1 DAGs
[2023-08-28T16:27:11.290+0000] {logging_mixin.py:151} INFO - [2023-08-28T16:27:11.290+0000] {dag.py:3677} INFO - Setting next_dagrun for tbf_analysis_dag_final to None, run_after=None
[2023-08-28T16:27:11.317+0000] {processor.py:179} INFO - Processing /opt/airflow/dags/tbf_analysis_dag_final.py took 0.268 seconds
[2023-08-28T16:27:41.456+0000] {processor.py:157} INFO - Started process (PID=1230) to work on /opt/airflow/dags/tbf_analysis_dag_final.py
[2023-08-28T16:27:41.460+0000] {processor.py:829} INFO - Processing file /opt/airflow/dags/tbf_analysis_dag_final.py for tasks to queue
[2023-08-28T16:27:41.463+0000] {logging_mixin.py:151} INFO - [2023-08-28T16:27:41.462+0000] {dagbag.py:539} INFO - Filling up the DagBag from /opt/airflow/dags/tbf_analysis_dag_final.py
[2023-08-28T16:27:41.516+0000] {processor.py:839} INFO - DAG(s) dict_keys(['tbf_analysis_dag_final']) retrieved from /opt/airflow/dags/tbf_analysis_dag_final.py
[2023-08-28T16:27:41.580+0000] {logging_mixin.py:151} INFO - [2023-08-28T16:27:41.579+0000] {dag.py:2907} INFO - Sync 1 DAGs
[2023-08-28T16:27:41.620+0000] {logging_mixin.py:151} INFO - [2023-08-28T16:27:41.620+0000] {dag.py:3677} INFO - Setting next_dagrun for tbf_analysis_dag_final to None, run_after=None
[2023-08-28T16:27:41.637+0000] {processor.py:179} INFO - Processing /opt/airflow/dags/tbf_analysis_dag_final.py took 0.189 seconds
[2023-08-28T16:28:11.954+0000] {processor.py:157} INFO - Started process (PID=1256) to work on /opt/airflow/dags/tbf_analysis_dag_final.py
[2023-08-28T16:28:11.957+0000] {processor.py:829} INFO - Processing file /opt/airflow/dags/tbf_analysis_dag_final.py for tasks to queue
[2023-08-28T16:28:11.958+0000] {logging_mixin.py:151} INFO - [2023-08-28T16:28:11.958+0000] {dagbag.py:539} INFO - Filling up the DagBag from /opt/airflow/dags/tbf_analysis_dag_final.py
[2023-08-28T16:28:11.981+0000] {processor.py:839} INFO - DAG(s) dict_keys(['tbf_analysis_dag_final']) retrieved from /opt/airflow/dags/tbf_analysis_dag_final.py
[2023-08-28T16:28:12.017+0000] {logging_mixin.py:151} INFO - [2023-08-28T16:28:12.017+0000] {dag.py:2907} INFO - Sync 1 DAGs
[2023-08-28T16:28:12.034+0000] {logging_mixin.py:151} INFO - [2023-08-28T16:28:12.034+0000] {dag.py:3677} INFO - Setting next_dagrun for tbf_analysis_dag_final to None, run_after=None
[2023-08-28T16:28:12.048+0000] {processor.py:179} INFO - Processing /opt/airflow/dags/tbf_analysis_dag_final.py took 0.098 seconds
[2023-08-28T16:28:42.363+0000] {processor.py:157} INFO - Started process (PID=1281) to work on /opt/airflow/dags/tbf_analysis_dag_final.py
[2023-08-28T16:28:42.366+0000] {processor.py:829} INFO - Processing file /opt/airflow/dags/tbf_analysis_dag_final.py for tasks to queue
[2023-08-28T16:28:42.368+0000] {logging_mixin.py:151} INFO - [2023-08-28T16:28:42.367+0000] {dagbag.py:539} INFO - Filling up the DagBag from /opt/airflow/dags/tbf_analysis_dag_final.py
[2023-08-28T16:28:42.431+0000] {processor.py:839} INFO - DAG(s) dict_keys(['tbf_analysis_dag_final']) retrieved from /opt/airflow/dags/tbf_analysis_dag_final.py
[2023-08-28T16:28:42.489+0000] {logging_mixin.py:151} INFO - [2023-08-28T16:28:42.489+0000] {dag.py:2907} INFO - Sync 1 DAGs
[2023-08-28T16:28:42.517+0000] {logging_mixin.py:151} INFO - [2023-08-28T16:28:42.516+0000] {dag.py:3677} INFO - Setting next_dagrun for tbf_analysis_dag_final to None, run_after=None
[2023-08-28T16:28:42.547+0000] {processor.py:179} INFO - Processing /opt/airflow/dags/tbf_analysis_dag_final.py took 0.192 seconds
[2023-08-28T16:29:13.012+0000] {processor.py:157} INFO - Started process (PID=1298) to work on /opt/airflow/dags/tbf_analysis_dag_final.py
[2023-08-28T16:29:13.016+0000] {processor.py:829} INFO - Processing file /opt/airflow/dags/tbf_analysis_dag_final.py for tasks to queue
[2023-08-28T16:29:13.019+0000] {logging_mixin.py:151} INFO - [2023-08-28T16:29:13.018+0000] {dagbag.py:539} INFO - Filling up the DagBag from /opt/airflow/dags/tbf_analysis_dag_final.py
[2023-08-28T16:29:13.095+0000] {processor.py:839} INFO - DAG(s) dict_keys(['tbf_analysis_dag_final']) retrieved from /opt/airflow/dags/tbf_analysis_dag_final.py
[2023-08-28T16:29:13.192+0000] {logging_mixin.py:151} INFO - [2023-08-28T16:29:13.191+0000] {dag.py:2907} INFO - Sync 1 DAGs
[2023-08-28T16:29:13.234+0000] {logging_mixin.py:151} INFO - [2023-08-28T16:29:13.234+0000] {dag.py:3677} INFO - Setting next_dagrun for tbf_analysis_dag_final to None, run_after=None
[2023-08-28T16:29:13.286+0000] {processor.py:179} INFO - Processing /opt/airflow/dags/tbf_analysis_dag_final.py took 0.299 seconds
[2023-08-28T16:29:43.424+0000] {processor.py:157} INFO - Started process (PID=1323) to work on /opt/airflow/dags/tbf_analysis_dag_final.py
[2023-08-28T16:29:43.438+0000] {processor.py:829} INFO - Processing file /opt/airflow/dags/tbf_analysis_dag_final.py for tasks to queue
[2023-08-28T16:29:43.440+0000] {logging_mixin.py:151} INFO - [2023-08-28T16:29:43.439+0000] {dagbag.py:539} INFO - Filling up the DagBag from /opt/airflow/dags/tbf_analysis_dag_final.py
[2023-08-28T16:29:43.484+0000] {processor.py:839} INFO - DAG(s) dict_keys(['tbf_analysis_dag_final']) retrieved from /opt/airflow/dags/tbf_analysis_dag_final.py
[2023-08-28T16:29:43.539+0000] {logging_mixin.py:151} INFO - [2023-08-28T16:29:43.539+0000] {dag.py:2907} INFO - Sync 1 DAGs
[2023-08-28T16:29:43.566+0000] {logging_mixin.py:151} INFO - [2023-08-28T16:29:43.566+0000] {dag.py:3677} INFO - Setting next_dagrun for tbf_analysis_dag_final to None, run_after=None
[2023-08-28T16:29:43.583+0000] {processor.py:179} INFO - Processing /opt/airflow/dags/tbf_analysis_dag_final.py took 0.172 seconds
[2023-08-28T16:30:13.947+0000] {processor.py:157} INFO - Started process (PID=1347) to work on /opt/airflow/dags/tbf_analysis_dag_final.py
[2023-08-28T16:30:13.950+0000] {processor.py:829} INFO - Processing file /opt/airflow/dags/tbf_analysis_dag_final.py for tasks to queue
[2023-08-28T16:30:13.952+0000] {logging_mixin.py:151} INFO - [2023-08-28T16:30:13.952+0000] {dagbag.py:539} INFO - Filling up the DagBag from /opt/airflow/dags/tbf_analysis_dag_final.py
[2023-08-28T16:30:13.992+0000] {processor.py:839} INFO - DAG(s) dict_keys(['tbf_analysis_dag_final']) retrieved from /opt/airflow/dags/tbf_analysis_dag_final.py
[2023-08-28T16:30:14.024+0000] {logging_mixin.py:151} INFO - [2023-08-28T16:30:14.024+0000] {dag.py:2907} INFO - Sync 1 DAGs
[2023-08-28T16:30:14.040+0000] {logging_mixin.py:151} INFO - [2023-08-28T16:30:14.040+0000] {dag.py:3677} INFO - Setting next_dagrun for tbf_analysis_dag_final to None, run_after=None
[2023-08-28T16:30:14.051+0000] {processor.py:179} INFO - Processing /opt/airflow/dags/tbf_analysis_dag_final.py took 0.112 seconds
[2023-08-28T16:30:44.237+0000] {processor.py:157} INFO - Started process (PID=1363) to work on /opt/airflow/dags/tbf_analysis_dag_final.py
[2023-08-28T16:30:44.239+0000] {processor.py:829} INFO - Processing file /opt/airflow/dags/tbf_analysis_dag_final.py for tasks to queue
[2023-08-28T16:30:44.240+0000] {logging_mixin.py:151} INFO - [2023-08-28T16:30:44.240+0000] {dagbag.py:539} INFO - Filling up the DagBag from /opt/airflow/dags/tbf_analysis_dag_final.py
[2023-08-28T16:30:44.278+0000] {processor.py:839} INFO - DAG(s) dict_keys(['tbf_analysis_dag_final']) retrieved from /opt/airflow/dags/tbf_analysis_dag_final.py
[2023-08-28T16:30:44.320+0000] {logging_mixin.py:151} INFO - [2023-08-28T16:30:44.320+0000] {dag.py:2907} INFO - Sync 1 DAGs
[2023-08-28T16:30:44.342+0000] {logging_mixin.py:151} INFO - [2023-08-28T16:30:44.342+0000] {dag.py:3677} INFO - Setting next_dagrun for tbf_analysis_dag_final to None, run_after=None
[2023-08-28T16:30:44.354+0000] {processor.py:179} INFO - Processing /opt/airflow/dags/tbf_analysis_dag_final.py took 0.123 seconds
[2023-08-28T16:31:14.638+0000] {processor.py:157} INFO - Started process (PID=1387) to work on /opt/airflow/dags/tbf_analysis_dag_final.py
[2023-08-28T16:31:14.641+0000] {processor.py:829} INFO - Processing file /opt/airflow/dags/tbf_analysis_dag_final.py for tasks to queue
[2023-08-28T16:31:14.642+0000] {logging_mixin.py:151} INFO - [2023-08-28T16:31:14.642+0000] {dagbag.py:539} INFO - Filling up the DagBag from /opt/airflow/dags/tbf_analysis_dag_final.py
[2023-08-28T16:31:14.664+0000] {processor.py:839} INFO - DAG(s) dict_keys(['tbf_analysis_dag_final']) retrieved from /opt/airflow/dags/tbf_analysis_dag_final.py
[2023-08-28T16:31:14.693+0000] {logging_mixin.py:151} INFO - [2023-08-28T16:31:14.693+0000] {dag.py:2907} INFO - Sync 1 DAGs
[2023-08-28T16:31:14.709+0000] {logging_mixin.py:151} INFO - [2023-08-28T16:31:14.709+0000] {dag.py:3677} INFO - Setting next_dagrun for tbf_analysis_dag_final to None, run_after=None
[2023-08-28T16:31:14.722+0000] {processor.py:179} INFO - Processing /opt/airflow/dags/tbf_analysis_dag_final.py took 0.088 seconds
[2023-08-28T16:31:44.956+0000] {processor.py:157} INFO - Started process (PID=1412) to work on /opt/airflow/dags/tbf_analysis_dag_final.py
[2023-08-28T16:31:44.960+0000] {processor.py:829} INFO - Processing file /opt/airflow/dags/tbf_analysis_dag_final.py for tasks to queue
[2023-08-28T16:31:44.961+0000] {logging_mixin.py:151} INFO - [2023-08-28T16:31:44.961+0000] {dagbag.py:539} INFO - Filling up the DagBag from /opt/airflow/dags/tbf_analysis_dag_final.py
[2023-08-28T16:31:44.982+0000] {processor.py:839} INFO - DAG(s) dict_keys(['tbf_analysis_dag_final']) retrieved from /opt/airflow/dags/tbf_analysis_dag_final.py
[2023-08-28T16:31:45.027+0000] {logging_mixin.py:151} INFO - [2023-08-28T16:31:45.026+0000] {dag.py:2907} INFO - Sync 1 DAGs
[2023-08-28T16:31:45.053+0000] {logging_mixin.py:151} INFO - [2023-08-28T16:31:45.053+0000] {dag.py:3677} INFO - Setting next_dagrun for tbf_analysis_dag_final to None, run_after=None
[2023-08-28T16:31:45.066+0000] {processor.py:179} INFO - Processing /opt/airflow/dags/tbf_analysis_dag_final.py took 0.115 seconds
[2023-08-28T16:32:15.231+0000] {processor.py:157} INFO - Started process (PID=1429) to work on /opt/airflow/dags/tbf_analysis_dag_final.py
[2023-08-28T16:32:15.235+0000] {processor.py:829} INFO - Processing file /opt/airflow/dags/tbf_analysis_dag_final.py for tasks to queue
[2023-08-28T16:32:15.237+0000] {logging_mixin.py:151} INFO - [2023-08-28T16:32:15.236+0000] {dagbag.py:539} INFO - Filling up the DagBag from /opt/airflow/dags/tbf_analysis_dag_final.py
[2023-08-28T16:32:15.280+0000] {processor.py:839} INFO - DAG(s) dict_keys(['tbf_analysis_dag_final']) retrieved from /opt/airflow/dags/tbf_analysis_dag_final.py
[2023-08-28T16:32:15.328+0000] {logging_mixin.py:151} INFO - [2023-08-28T16:32:15.328+0000] {dag.py:2907} INFO - Sync 1 DAGs
[2023-08-28T16:32:15.349+0000] {logging_mixin.py:151} INFO - [2023-08-28T16:32:15.349+0000] {dag.py:3677} INFO - Setting next_dagrun for tbf_analysis_dag_final to None, run_after=None
[2023-08-28T16:32:15.365+0000] {processor.py:179} INFO - Processing /opt/airflow/dags/tbf_analysis_dag_final.py took 0.139 seconds
[2023-08-28T16:32:45.568+0000] {processor.py:157} INFO - Started process (PID=1455) to work on /opt/airflow/dags/tbf_analysis_dag_final.py
[2023-08-28T16:32:45.570+0000] {processor.py:829} INFO - Processing file /opt/airflow/dags/tbf_analysis_dag_final.py for tasks to queue
[2023-08-28T16:32:45.572+0000] {logging_mixin.py:151} INFO - [2023-08-28T16:32:45.571+0000] {dagbag.py:539} INFO - Filling up the DagBag from /opt/airflow/dags/tbf_analysis_dag_final.py
[2023-08-28T16:32:45.594+0000] {processor.py:839} INFO - DAG(s) dict_keys(['tbf_analysis_dag_final']) retrieved from /opt/airflow/dags/tbf_analysis_dag_final.py
[2023-08-28T16:32:45.620+0000] {logging_mixin.py:151} INFO - [2023-08-28T16:32:45.620+0000] {dag.py:2907} INFO - Sync 1 DAGs
[2023-08-28T16:32:45.637+0000] {logging_mixin.py:151} INFO - [2023-08-28T16:32:45.637+0000] {dag.py:3677} INFO - Setting next_dagrun for tbf_analysis_dag_final to None, run_after=None
[2023-08-28T16:32:45.649+0000] {processor.py:179} INFO - Processing /opt/airflow/dags/tbf_analysis_dag_final.py took 0.086 seconds
[2023-08-28T16:33:15.812+0000] {processor.py:157} INFO - Started process (PID=1480) to work on /opt/airflow/dags/tbf_analysis_dag_final.py
[2023-08-28T16:33:15.814+0000] {processor.py:829} INFO - Processing file /opt/airflow/dags/tbf_analysis_dag_final.py for tasks to queue
[2023-08-28T16:33:15.816+0000] {logging_mixin.py:151} INFO - [2023-08-28T16:33:15.815+0000] {dagbag.py:539} INFO - Filling up the DagBag from /opt/airflow/dags/tbf_analysis_dag_final.py
[2023-08-28T16:33:15.839+0000] {processor.py:839} INFO - DAG(s) dict_keys(['tbf_analysis_dag_final']) retrieved from /opt/airflow/dags/tbf_analysis_dag_final.py
[2023-08-28T16:33:15.866+0000] {logging_mixin.py:151} INFO - [2023-08-28T16:33:15.866+0000] {dag.py:2907} INFO - Sync 1 DAGs
[2023-08-28T16:33:15.882+0000] {logging_mixin.py:151} INFO - [2023-08-28T16:33:15.882+0000] {dag.py:3677} INFO - Setting next_dagrun for tbf_analysis_dag_final to None, run_after=None
[2023-08-28T16:33:16.084+0000] {processor.py:179} INFO - Processing /opt/airflow/dags/tbf_analysis_dag_final.py took 0.276 seconds
[2023-08-28T16:33:46.311+0000] {processor.py:157} INFO - Started process (PID=1504) to work on /opt/airflow/dags/tbf_analysis_dag_final.py
[2023-08-28T16:33:46.313+0000] {processor.py:829} INFO - Processing file /opt/airflow/dags/tbf_analysis_dag_final.py for tasks to queue
[2023-08-28T16:33:46.314+0000] {logging_mixin.py:151} INFO - [2023-08-28T16:33:46.314+0000] {dagbag.py:539} INFO - Filling up the DagBag from /opt/airflow/dags/tbf_analysis_dag_final.py
[2023-08-28T16:33:46.337+0000] {processor.py:839} INFO - DAG(s) dict_keys(['tbf_analysis_dag_final']) retrieved from /opt/airflow/dags/tbf_analysis_dag_final.py
[2023-08-28T16:33:46.383+0000] {logging_mixin.py:151} INFO - [2023-08-28T16:33:46.383+0000] {dag.py:2907} INFO - Sync 1 DAGs
[2023-08-28T16:33:46.400+0000] {logging_mixin.py:151} INFO - [2023-08-28T16:33:46.400+0000] {dag.py:3677} INFO - Setting next_dagrun for tbf_analysis_dag_final to None, run_after=None
[2023-08-28T16:33:46.414+0000] {processor.py:179} INFO - Processing /opt/airflow/dags/tbf_analysis_dag_final.py took 0.108 seconds
[2023-08-28T16:34:16.610+0000] {processor.py:157} INFO - Started process (PID=1520) to work on /opt/airflow/dags/tbf_analysis_dag_final.py
[2023-08-28T16:34:16.615+0000] {processor.py:829} INFO - Processing file /opt/airflow/dags/tbf_analysis_dag_final.py for tasks to queue
[2023-08-28T16:34:16.617+0000] {logging_mixin.py:151} INFO - [2023-08-28T16:34:16.616+0000] {dagbag.py:539} INFO - Filling up the DagBag from /opt/airflow/dags/tbf_analysis_dag_final.py
[2023-08-28T16:34:16.686+0000] {processor.py:839} INFO - DAG(s) dict_keys(['tbf_analysis_dag_final']) retrieved from /opt/airflow/dags/tbf_analysis_dag_final.py
[2023-08-28T16:34:16.727+0000] {logging_mixin.py:151} INFO - [2023-08-28T16:34:16.727+0000] {dag.py:2907} INFO - Sync 1 DAGs
[2023-08-28T16:34:16.751+0000] {logging_mixin.py:151} INFO - [2023-08-28T16:34:16.751+0000] {dag.py:3677} INFO - Setting next_dagrun for tbf_analysis_dag_final to None, run_after=None
[2023-08-28T16:34:16.763+0000] {processor.py:179} INFO - Processing /opt/airflow/dags/tbf_analysis_dag_final.py took 0.160 seconds
[2023-08-28T16:34:47.005+0000] {processor.py:157} INFO - Started process (PID=1545) to work on /opt/airflow/dags/tbf_analysis_dag_final.py
[2023-08-28T16:34:47.008+0000] {processor.py:829} INFO - Processing file /opt/airflow/dags/tbf_analysis_dag_final.py for tasks to queue
[2023-08-28T16:34:47.010+0000] {logging_mixin.py:151} INFO - [2023-08-28T16:34:47.009+0000] {dagbag.py:539} INFO - Filling up the DagBag from /opt/airflow/dags/tbf_analysis_dag_final.py
[2023-08-28T16:34:47.058+0000] {processor.py:839} INFO - DAG(s) dict_keys(['tbf_analysis_dag_final']) retrieved from /opt/airflow/dags/tbf_analysis_dag_final.py
[2023-08-28T16:34:47.087+0000] {logging_mixin.py:151} INFO - [2023-08-28T16:34:47.087+0000] {dag.py:2907} INFO - Sync 1 DAGs
[2023-08-28T16:34:47.106+0000] {logging_mixin.py:151} INFO - [2023-08-28T16:34:47.106+0000] {dag.py:3677} INFO - Setting next_dagrun for tbf_analysis_dag_final to None, run_after=None
[2023-08-28T16:34:47.119+0000] {processor.py:179} INFO - Processing /opt/airflow/dags/tbf_analysis_dag_final.py took 0.117 seconds
[2023-08-28T16:35:17.393+0000] {processor.py:157} INFO - Started process (PID=1570) to work on /opt/airflow/dags/tbf_analysis_dag_final.py
[2023-08-28T16:35:17.398+0000] {processor.py:829} INFO - Processing file /opt/airflow/dags/tbf_analysis_dag_final.py for tasks to queue
[2023-08-28T16:35:17.401+0000] {logging_mixin.py:151} INFO - [2023-08-28T16:35:17.400+0000] {dagbag.py:539} INFO - Filling up the DagBag from /opt/airflow/dags/tbf_analysis_dag_final.py
[2023-08-28T16:35:17.459+0000] {processor.py:839} INFO - DAG(s) dict_keys(['tbf_analysis_dag_final']) retrieved from /opt/airflow/dags/tbf_analysis_dag_final.py
[2023-08-28T16:35:17.482+0000] {logging_mixin.py:151} INFO - [2023-08-28T16:35:17.482+0000] {dag.py:2907} INFO - Sync 1 DAGs
[2023-08-28T16:35:17.496+0000] {logging_mixin.py:151} INFO - [2023-08-28T16:35:17.496+0000] {dag.py:3677} INFO - Setting next_dagrun for tbf_analysis_dag_final to None, run_after=None
[2023-08-28T16:35:17.507+0000] {processor.py:179} INFO - Processing /opt/airflow/dags/tbf_analysis_dag_final.py took 0.123 seconds
[2023-08-28T16:35:47.772+0000] {processor.py:157} INFO - Started process (PID=1587) to work on /opt/airflow/dags/tbf_analysis_dag_final.py
[2023-08-28T16:35:47.792+0000] {processor.py:829} INFO - Processing file /opt/airflow/dags/tbf_analysis_dag_final.py for tasks to queue
[2023-08-28T16:35:47.795+0000] {logging_mixin.py:151} INFO - [2023-08-28T16:35:47.794+0000] {dagbag.py:539} INFO - Filling up the DagBag from /opt/airflow/dags/tbf_analysis_dag_final.py
[2023-08-28T16:35:47.824+0000] {processor.py:839} INFO - DAG(s) dict_keys(['tbf_analysis_dag_final']) retrieved from /opt/airflow/dags/tbf_analysis_dag_final.py
[2023-08-28T16:35:47.859+0000] {logging_mixin.py:151} INFO - [2023-08-28T16:35:47.858+0000] {dag.py:2907} INFO - Sync 1 DAGs
[2023-08-28T16:35:47.880+0000] {logging_mixin.py:151} INFO - [2023-08-28T16:35:47.880+0000] {dag.py:3677} INFO - Setting next_dagrun for tbf_analysis_dag_final to None, run_after=None
[2023-08-28T16:35:47.893+0000] {processor.py:179} INFO - Processing /opt/airflow/dags/tbf_analysis_dag_final.py took 0.136 seconds
[2023-08-28T16:36:18.039+0000] {processor.py:157} INFO - Started process (PID=1612) to work on /opt/airflow/dags/tbf_analysis_dag_final.py
[2023-08-28T16:36:18.043+0000] {processor.py:829} INFO - Processing file /opt/airflow/dags/tbf_analysis_dag_final.py for tasks to queue
[2023-08-28T16:36:18.046+0000] {logging_mixin.py:151} INFO - [2023-08-28T16:36:18.045+0000] {dagbag.py:539} INFO - Filling up the DagBag from /opt/airflow/dags/tbf_analysis_dag_final.py
[2023-08-28T16:36:18.069+0000] {processor.py:839} INFO - DAG(s) dict_keys(['tbf_analysis_dag_final']) retrieved from /opt/airflow/dags/tbf_analysis_dag_final.py
[2023-08-28T16:36:18.092+0000] {logging_mixin.py:151} INFO - [2023-08-28T16:36:18.092+0000] {dag.py:2907} INFO - Sync 1 DAGs
[2023-08-28T16:36:18.106+0000] {logging_mixin.py:151} INFO - [2023-08-28T16:36:18.106+0000] {dag.py:3677} INFO - Setting next_dagrun for tbf_analysis_dag_final to None, run_after=None
[2023-08-28T16:36:18.117+0000] {processor.py:179} INFO - Processing /opt/airflow/dags/tbf_analysis_dag_final.py took 0.086 seconds
[2023-08-28T16:36:48.487+0000] {processor.py:157} INFO - Started process (PID=1636) to work on /opt/airflow/dags/tbf_analysis_dag_final.py
[2023-08-28T16:36:48.491+0000] {processor.py:829} INFO - Processing file /opt/airflow/dags/tbf_analysis_dag_final.py for tasks to queue
[2023-08-28T16:36:48.493+0000] {logging_mixin.py:151} INFO - [2023-08-28T16:36:48.493+0000] {dagbag.py:539} INFO - Filling up the DagBag from /opt/airflow/dags/tbf_analysis_dag_final.py
[2023-08-28T16:36:48.514+0000] {processor.py:839} INFO - DAG(s) dict_keys(['tbf_analysis_dag_final']) retrieved from /opt/airflow/dags/tbf_analysis_dag_final.py
[2023-08-28T16:36:48.534+0000] {logging_mixin.py:151} INFO - [2023-08-28T16:36:48.534+0000] {dag.py:2907} INFO - Sync 1 DAGs
[2023-08-28T16:36:48.546+0000] {logging_mixin.py:151} INFO - [2023-08-28T16:36:48.546+0000] {dag.py:3677} INFO - Setting next_dagrun for tbf_analysis_dag_final to None, run_after=None
[2023-08-28T16:36:48.556+0000] {processor.py:179} INFO - Processing /opt/airflow/dags/tbf_analysis_dag_final.py took 0.075 seconds
[2023-08-28T16:37:18.888+0000] {processor.py:157} INFO - Started process (PID=1661) to work on /opt/airflow/dags/tbf_analysis_dag_final.py
[2023-08-28T16:37:18.891+0000] {processor.py:829} INFO - Processing file /opt/airflow/dags/tbf_analysis_dag_final.py for tasks to queue
[2023-08-28T16:37:18.892+0000] {logging_mixin.py:151} INFO - [2023-08-28T16:37:18.892+0000] {dagbag.py:539} INFO - Filling up the DagBag from /opt/airflow/dags/tbf_analysis_dag_final.py
[2023-08-28T16:37:18.913+0000] {processor.py:839} INFO - DAG(s) dict_keys(['tbf_analysis_dag_final']) retrieved from /opt/airflow/dags/tbf_analysis_dag_final.py
[2023-08-28T16:37:18.935+0000] {logging_mixin.py:151} INFO - [2023-08-28T16:37:18.935+0000] {dag.py:2907} INFO - Sync 1 DAGs
[2023-08-28T16:37:18.950+0000] {logging_mixin.py:151} INFO - [2023-08-28T16:37:18.950+0000] {dag.py:3677} INFO - Setting next_dagrun for tbf_analysis_dag_final to None, run_after=None
[2023-08-28T16:37:18.962+0000] {processor.py:179} INFO - Processing /opt/airflow/dags/tbf_analysis_dag_final.py took 0.081 seconds
[2023-08-28T16:37:49.256+0000] {processor.py:157} INFO - Started process (PID=1678) to work on /opt/airflow/dags/tbf_analysis_dag_final.py
[2023-08-28T16:37:49.259+0000] {processor.py:829} INFO - Processing file /opt/airflow/dags/tbf_analysis_dag_final.py for tasks to queue
[2023-08-28T16:37:49.261+0000] {logging_mixin.py:151} INFO - [2023-08-28T16:37:49.260+0000] {dagbag.py:539} INFO - Filling up the DagBag from /opt/airflow/dags/tbf_analysis_dag_final.py
[2023-08-28T16:37:49.283+0000] {processor.py:839} INFO - DAG(s) dict_keys(['tbf_analysis_dag_final']) retrieved from /opt/airflow/dags/tbf_analysis_dag_final.py
[2023-08-28T16:37:49.311+0000] {logging_mixin.py:151} INFO - [2023-08-28T16:37:49.311+0000] {dag.py:2907} INFO - Sync 1 DAGs
[2023-08-28T16:37:49.327+0000] {logging_mixin.py:151} INFO - [2023-08-28T16:37:49.327+0000] {dag.py:3677} INFO - Setting next_dagrun for tbf_analysis_dag_final to None, run_after=None
[2023-08-28T16:37:49.489+0000] {processor.py:179} INFO - Processing /opt/airflow/dags/tbf_analysis_dag_final.py took 0.240 seconds
[2023-08-28T16:38:19.592+0000] {processor.py:157} INFO - Started process (PID=1702) to work on /opt/airflow/dags/tbf_analysis_dag_final.py
[2023-08-28T16:38:19.596+0000] {processor.py:829} INFO - Processing file /opt/airflow/dags/tbf_analysis_dag_final.py for tasks to queue
[2023-08-28T16:38:19.598+0000] {logging_mixin.py:151} INFO - [2023-08-28T16:38:19.597+0000] {dagbag.py:539} INFO - Filling up the DagBag from /opt/airflow/dags/tbf_analysis_dag_final.py
[2023-08-28T16:38:19.621+0000] {processor.py:839} INFO - DAG(s) dict_keys(['tbf_analysis_dag_final']) retrieved from /opt/airflow/dags/tbf_analysis_dag_final.py
[2023-08-28T16:38:19.645+0000] {logging_mixin.py:151} INFO - [2023-08-28T16:38:19.645+0000] {dag.py:2907} INFO - Sync 1 DAGs
[2023-08-28T16:38:19.660+0000] {logging_mixin.py:151} INFO - [2023-08-28T16:38:19.660+0000] {dag.py:3677} INFO - Setting next_dagrun for tbf_analysis_dag_final to None, run_after=None
[2023-08-28T16:38:19.671+0000] {processor.py:179} INFO - Processing /opt/airflow/dags/tbf_analysis_dag_final.py took 0.086 seconds
[2023-08-28T16:38:49.941+0000] {processor.py:157} INFO - Started process (PID=1727) to work on /opt/airflow/dags/tbf_analysis_dag_final.py
[2023-08-28T16:38:49.944+0000] {processor.py:829} INFO - Processing file /opt/airflow/dags/tbf_analysis_dag_final.py for tasks to queue
[2023-08-28T16:38:49.946+0000] {logging_mixin.py:151} INFO - [2023-08-28T16:38:49.945+0000] {dagbag.py:539} INFO - Filling up the DagBag from /opt/airflow/dags/tbf_analysis_dag_final.py
[2023-08-28T16:38:49.972+0000] {processor.py:839} INFO - DAG(s) dict_keys(['tbf_analysis_dag_final']) retrieved from /opt/airflow/dags/tbf_analysis_dag_final.py
[2023-08-28T16:38:49.998+0000] {logging_mixin.py:151} INFO - [2023-08-28T16:38:49.998+0000] {dag.py:2907} INFO - Sync 1 DAGs
[2023-08-28T16:38:50.013+0000] {logging_mixin.py:151} INFO - [2023-08-28T16:38:50.013+0000] {dag.py:3677} INFO - Setting next_dagrun for tbf_analysis_dag_final to None, run_after=None
[2023-08-28T16:38:50.025+0000] {processor.py:179} INFO - Processing /opt/airflow/dags/tbf_analysis_dag_final.py took 0.089 seconds
