[2023-08-28T05:41:51.453+0000] {processor.py:157} INFO - Started process (PID=30) to work on /opt/airflow/dags/tbf_analysis_dag_v20.py
[2023-08-28T05:41:51.455+0000] {processor.py:829} INFO - Processing file /opt/airflow/dags/tbf_analysis_dag_v20.py for tasks to queue
[2023-08-28T05:41:51.457+0000] {logging_mixin.py:151} INFO - [2023-08-28T05:41:51.456+0000] {dagbag.py:539} INFO - Filling up the DagBag from /opt/airflow/dags/tbf_analysis_dag_v20.py
[2023-08-28T05:41:51.485+0000] {processor.py:839} INFO - DAG(s) dict_keys(['tbf_analysis_dag_v20']) retrieved from /opt/airflow/dags/tbf_analysis_dag_v20.py
[2023-08-28T05:41:51.632+0000] {logging_mixin.py:151} INFO - [2023-08-28T05:41:51.632+0000] {manager.py:501} INFO - Created Permission View: can edit on DAG:tbf_analysis_dag_v20
[2023-08-28T05:41:51.646+0000] {logging_mixin.py:151} INFO - [2023-08-28T05:41:51.646+0000] {manager.py:501} INFO - Created Permission View: can delete on DAG:tbf_analysis_dag_v20
[2023-08-28T05:41:51.654+0000] {logging_mixin.py:151} INFO - [2023-08-28T05:41:51.653+0000] {manager.py:501} INFO - Created Permission View: can read on DAG:tbf_analysis_dag_v20
[2023-08-28T05:41:51.666+0000] {logging_mixin.py:151} INFO - [2023-08-28T05:41:51.666+0000] {dag.py:2907} INFO - Sync 1 DAGs
[2023-08-28T05:41:51.683+0000] {logging_mixin.py:151} INFO - [2023-08-28T05:41:51.683+0000] {dag.py:2929} INFO - Creating ORM DAG for tbf_analysis_dag_v20
[2023-08-28T05:41:51.690+0000] {logging_mixin.py:151} INFO - [2023-08-28T05:41:51.690+0000] {dag.py:3677} INFO - Setting next_dagrun for tbf_analysis_dag_v20 to 2023-08-28T00:00:00+00:00, run_after=2023-08-28T00:00:00+00:00
[2023-08-28T05:41:51.709+0000] {processor.py:179} INFO - Processing /opt/airflow/dags/tbf_analysis_dag_v20.py took 0.259 seconds
[2023-08-28T05:42:21.960+0000] {processor.py:157} INFO - Started process (PID=55) to work on /opt/airflow/dags/tbf_analysis_dag_v20.py
[2023-08-28T05:42:21.961+0000] {processor.py:829} INFO - Processing file /opt/airflow/dags/tbf_analysis_dag_v20.py for tasks to queue
[2023-08-28T05:42:21.966+0000] {logging_mixin.py:151} INFO - [2023-08-28T05:42:21.965+0000] {dagbag.py:539} INFO - Filling up the DagBag from /opt/airflow/dags/tbf_analysis_dag_v20.py
[2023-08-28T05:42:21.992+0000] {processor.py:839} INFO - DAG(s) dict_keys(['tbf_analysis_dag_v20']) retrieved from /opt/airflow/dags/tbf_analysis_dag_v20.py
[2023-08-28T05:42:22.034+0000] {logging_mixin.py:151} INFO - [2023-08-28T05:42:22.033+0000] {dag.py:2907} INFO - Sync 1 DAGs
[2023-08-28T05:42:22.052+0000] {logging_mixin.py:151} INFO - [2023-08-28T05:42:22.052+0000] {dag.py:3677} INFO - Setting next_dagrun for tbf_analysis_dag_v20 to 2023-08-28T00:00:00+00:00, run_after=2023-08-28T00:00:00+00:00
[2023-08-28T05:42:22.064+0000] {processor.py:179} INFO - Processing /opt/airflow/dags/tbf_analysis_dag_v20.py took 0.110 seconds
[2023-08-28T05:42:52.165+0000] {processor.py:157} INFO - Started process (PID=88) to work on /opt/airflow/dags/tbf_analysis_dag_v20.py
[2023-08-28T05:42:52.166+0000] {processor.py:829} INFO - Processing file /opt/airflow/dags/tbf_analysis_dag_v20.py for tasks to queue
[2023-08-28T05:42:52.170+0000] {logging_mixin.py:151} INFO - [2023-08-28T05:42:52.170+0000] {dagbag.py:539} INFO - Filling up the DagBag from /opt/airflow/dags/tbf_analysis_dag_v20.py
[2023-08-28T05:42:52.190+0000] {processor.py:839} INFO - DAG(s) dict_keys(['tbf_analysis_dag_v20']) retrieved from /opt/airflow/dags/tbf_analysis_dag_v20.py
[2023-08-28T05:42:52.217+0000] {logging_mixin.py:151} INFO - [2023-08-28T05:42:52.217+0000] {dag.py:2907} INFO - Sync 1 DAGs
[2023-08-28T05:42:52.236+0000] {logging_mixin.py:151} INFO - [2023-08-28T05:42:52.236+0000] {dag.py:3677} INFO - Setting next_dagrun for tbf_analysis_dag_v20 to None, run_after=None
[2023-08-28T05:42:52.248+0000] {processor.py:179} INFO - Processing /opt/airflow/dags/tbf_analysis_dag_v20.py took 0.087 seconds
[2023-08-28T05:43:22.547+0000] {processor.py:157} INFO - Started process (PID=104) to work on /opt/airflow/dags/tbf_analysis_dag_v20.py
[2023-08-28T05:43:22.549+0000] {processor.py:829} INFO - Processing file /opt/airflow/dags/tbf_analysis_dag_v20.py for tasks to queue
[2023-08-28T05:43:22.555+0000] {logging_mixin.py:151} INFO - [2023-08-28T05:43:22.554+0000] {dagbag.py:539} INFO - Filling up the DagBag from /opt/airflow/dags/tbf_analysis_dag_v20.py
[2023-08-28T05:43:22.573+0000] {processor.py:839} INFO - DAG(s) dict_keys(['tbf_analysis_dag_v20']) retrieved from /opt/airflow/dags/tbf_analysis_dag_v20.py
[2023-08-28T05:43:22.598+0000] {logging_mixin.py:151} INFO - [2023-08-28T05:43:22.598+0000] {dag.py:2907} INFO - Sync 1 DAGs
[2023-08-28T05:43:22.615+0000] {logging_mixin.py:151} INFO - [2023-08-28T05:43:22.615+0000] {dag.py:3677} INFO - Setting next_dagrun for tbf_analysis_dag_v20 to None, run_after=None
[2023-08-28T05:43:22.626+0000] {processor.py:179} INFO - Processing /opt/airflow/dags/tbf_analysis_dag_v20.py took 0.086 seconds
[2023-08-28T05:43:52.836+0000] {processor.py:157} INFO - Started process (PID=129) to work on /opt/airflow/dags/tbf_analysis_dag_v20.py
[2023-08-28T05:43:52.837+0000] {processor.py:829} INFO - Processing file /opt/airflow/dags/tbf_analysis_dag_v20.py for tasks to queue
[2023-08-28T05:43:52.842+0000] {logging_mixin.py:151} INFO - [2023-08-28T05:43:52.841+0000] {dagbag.py:539} INFO - Filling up the DagBag from /opt/airflow/dags/tbf_analysis_dag_v20.py
[2023-08-28T05:43:52.875+0000] {processor.py:839} INFO - DAG(s) dict_keys(['tbf_analysis_dag_v20']) retrieved from /opt/airflow/dags/tbf_analysis_dag_v20.py
[2023-08-28T05:43:52.912+0000] {logging_mixin.py:151} INFO - [2023-08-28T05:43:52.912+0000] {dag.py:2907} INFO - Sync 1 DAGs
[2023-08-28T05:43:52.928+0000] {logging_mixin.py:151} INFO - [2023-08-28T05:43:52.928+0000] {dag.py:3677} INFO - Setting next_dagrun for tbf_analysis_dag_v20 to None, run_after=None
[2023-08-28T05:43:52.940+0000] {processor.py:179} INFO - Processing /opt/airflow/dags/tbf_analysis_dag_v20.py took 0.110 seconds
[2023-08-28T05:44:23.157+0000] {processor.py:157} INFO - Started process (PID=155) to work on /opt/airflow/dags/tbf_analysis_dag_v20.py
[2023-08-28T05:44:23.158+0000] {processor.py:829} INFO - Processing file /opt/airflow/dags/tbf_analysis_dag_v20.py for tasks to queue
[2023-08-28T05:44:23.162+0000] {logging_mixin.py:151} INFO - [2023-08-28T05:44:23.161+0000] {dagbag.py:539} INFO - Filling up the DagBag from /opt/airflow/dags/tbf_analysis_dag_v20.py
[2023-08-28T05:44:23.178+0000] {processor.py:839} INFO - DAG(s) dict_keys(['tbf_analysis_dag_v20']) retrieved from /opt/airflow/dags/tbf_analysis_dag_v20.py
[2023-08-28T05:44:23.203+0000] {logging_mixin.py:151} INFO - [2023-08-28T05:44:23.203+0000] {dag.py:2907} INFO - Sync 1 DAGs
[2023-08-28T05:44:23.219+0000] {logging_mixin.py:151} INFO - [2023-08-28T05:44:23.219+0000] {dag.py:3677} INFO - Setting next_dagrun for tbf_analysis_dag_v20 to None, run_after=None
[2023-08-28T05:44:23.231+0000] {processor.py:179} INFO - Processing /opt/airflow/dags/tbf_analysis_dag_v20.py took 0.078 seconds
[2023-08-28T05:44:53.553+0000] {processor.py:157} INFO - Started process (PID=181) to work on /opt/airflow/dags/tbf_analysis_dag_v20.py
[2023-08-28T05:44:53.555+0000] {processor.py:829} INFO - Processing file /opt/airflow/dags/tbf_analysis_dag_v20.py for tasks to queue
[2023-08-28T05:44:53.564+0000] {logging_mixin.py:151} INFO - [2023-08-28T05:44:53.563+0000] {dagbag.py:539} INFO - Filling up the DagBag from /opt/airflow/dags/tbf_analysis_dag_v20.py
[2023-08-28T05:44:53.592+0000] {processor.py:839} INFO - DAG(s) dict_keys(['tbf_analysis_dag_v20']) retrieved from /opt/airflow/dags/tbf_analysis_dag_v20.py
[2023-08-28T05:44:53.661+0000] {logging_mixin.py:151} INFO - [2023-08-28T05:44:53.661+0000] {dag.py:2907} INFO - Sync 1 DAGs
[2023-08-28T05:44:53.689+0000] {logging_mixin.py:151} INFO - [2023-08-28T05:44:53.689+0000] {dag.py:3677} INFO - Setting next_dagrun for tbf_analysis_dag_v20 to None, run_after=None
[2023-08-28T05:44:53.705+0000] {processor.py:179} INFO - Processing /opt/airflow/dags/tbf_analysis_dag_v20.py took 0.158 seconds
[2023-08-28T05:45:23.871+0000] {processor.py:157} INFO - Started process (PID=197) to work on /opt/airflow/dags/tbf_analysis_dag_v20.py
[2023-08-28T05:45:23.874+0000] {processor.py:829} INFO - Processing file /opt/airflow/dags/tbf_analysis_dag_v20.py for tasks to queue
[2023-08-28T05:45:23.878+0000] {logging_mixin.py:151} INFO - [2023-08-28T05:45:23.877+0000] {dagbag.py:539} INFO - Filling up the DagBag from /opt/airflow/dags/tbf_analysis_dag_v20.py
[2023-08-28T05:45:23.897+0000] {processor.py:839} INFO - DAG(s) dict_keys(['tbf_analysis_dag_v20']) retrieved from /opt/airflow/dags/tbf_analysis_dag_v20.py
[2023-08-28T05:45:23.940+0000] {logging_mixin.py:151} INFO - [2023-08-28T05:45:23.940+0000] {dag.py:2907} INFO - Sync 1 DAGs
[2023-08-28T05:45:23.964+0000] {logging_mixin.py:151} INFO - [2023-08-28T05:45:23.964+0000] {dag.py:3677} INFO - Setting next_dagrun for tbf_analysis_dag_v20 to None, run_after=None
[2023-08-28T05:45:23.976+0000] {processor.py:179} INFO - Processing /opt/airflow/dags/tbf_analysis_dag_v20.py took 0.110 seconds
[2023-08-28T05:45:54.180+0000] {processor.py:157} INFO - Started process (PID=220) to work on /opt/airflow/dags/tbf_analysis_dag_v20.py
[2023-08-28T05:45:54.182+0000] {processor.py:829} INFO - Processing file /opt/airflow/dags/tbf_analysis_dag_v20.py for tasks to queue
[2023-08-28T05:45:54.186+0000] {logging_mixin.py:151} INFO - [2023-08-28T05:45:54.185+0000] {dagbag.py:539} INFO - Filling up the DagBag from /opt/airflow/dags/tbf_analysis_dag_v20.py
[2023-08-28T05:45:54.203+0000] {processor.py:839} INFO - DAG(s) dict_keys(['tbf_analysis_dag_v20']) retrieved from /opt/airflow/dags/tbf_analysis_dag_v20.py
[2023-08-28T05:45:54.226+0000] {logging_mixin.py:151} INFO - [2023-08-28T05:45:54.226+0000] {dag.py:2907} INFO - Sync 1 DAGs
[2023-08-28T05:45:54.241+0000] {logging_mixin.py:151} INFO - [2023-08-28T05:45:54.241+0000] {dag.py:3677} INFO - Setting next_dagrun for tbf_analysis_dag_v20 to None, run_after=None
[2023-08-28T05:45:54.252+0000] {processor.py:179} INFO - Processing /opt/airflow/dags/tbf_analysis_dag_v20.py took 0.077 seconds
[2023-08-28T05:46:24.542+0000] {processor.py:157} INFO - Started process (PID=246) to work on /opt/airflow/dags/tbf_analysis_dag_v20.py
[2023-08-28T05:46:24.544+0000] {processor.py:829} INFO - Processing file /opt/airflow/dags/tbf_analysis_dag_v20.py for tasks to queue
[2023-08-28T05:46:24.548+0000] {logging_mixin.py:151} INFO - [2023-08-28T05:46:24.547+0000] {dagbag.py:539} INFO - Filling up the DagBag from /opt/airflow/dags/tbf_analysis_dag_v20.py
[2023-08-28T05:46:24.566+0000] {processor.py:839} INFO - DAG(s) dict_keys(['tbf_analysis_dag_v20']) retrieved from /opt/airflow/dags/tbf_analysis_dag_v20.py
[2023-08-28T05:46:24.589+0000] {logging_mixin.py:151} INFO - [2023-08-28T05:46:24.589+0000] {dag.py:2907} INFO - Sync 1 DAGs
[2023-08-28T05:46:24.603+0000] {logging_mixin.py:151} INFO - [2023-08-28T05:46:24.603+0000] {dag.py:3677} INFO - Setting next_dagrun for tbf_analysis_dag_v20 to None, run_after=None
[2023-08-28T05:46:24.614+0000] {processor.py:179} INFO - Processing /opt/airflow/dags/tbf_analysis_dag_v20.py took 0.076 seconds
[2023-08-28T05:46:54.988+0000] {processor.py:157} INFO - Started process (PID=271) to work on /opt/airflow/dags/tbf_analysis_dag_v20.py
[2023-08-28T05:46:54.990+0000] {processor.py:829} INFO - Processing file /opt/airflow/dags/tbf_analysis_dag_v20.py for tasks to queue
[2023-08-28T05:46:54.992+0000] {logging_mixin.py:151} INFO - [2023-08-28T05:46:54.992+0000] {dagbag.py:539} INFO - Filling up the DagBag from /opt/airflow/dags/tbf_analysis_dag_v20.py
[2023-08-28T05:46:55.008+0000] {processor.py:839} INFO - DAG(s) dict_keys(['tbf_analysis_dag_v20']) retrieved from /opt/airflow/dags/tbf_analysis_dag_v20.py
[2023-08-28T05:46:55.031+0000] {logging_mixin.py:151} INFO - [2023-08-28T05:46:55.031+0000] {dag.py:2907} INFO - Sync 1 DAGs
[2023-08-28T05:46:55.046+0000] {logging_mixin.py:151} INFO - [2023-08-28T05:46:55.046+0000] {dag.py:3677} INFO - Setting next_dagrun for tbf_analysis_dag_v20 to None, run_after=None
[2023-08-28T05:46:55.057+0000] {processor.py:179} INFO - Processing /opt/airflow/dags/tbf_analysis_dag_v20.py took 0.072 seconds
[2023-08-28T05:47:25.406+0000] {processor.py:157} INFO - Started process (PID=287) to work on /opt/airflow/dags/tbf_analysis_dag_v20.py
[2023-08-28T05:47:25.408+0000] {processor.py:829} INFO - Processing file /opt/airflow/dags/tbf_analysis_dag_v20.py for tasks to queue
[2023-08-28T05:47:25.423+0000] {logging_mixin.py:151} INFO - [2023-08-28T05:47:25.422+0000] {dagbag.py:539} INFO - Filling up the DagBag from /opt/airflow/dags/tbf_analysis_dag_v20.py
[2023-08-28T05:47:25.449+0000] {processor.py:839} INFO - DAG(s) dict_keys(['tbf_analysis_dag_v20']) retrieved from /opt/airflow/dags/tbf_analysis_dag_v20.py
[2023-08-28T05:47:25.479+0000] {logging_mixin.py:151} INFO - [2023-08-28T05:47:25.479+0000] {dag.py:2907} INFO - Sync 1 DAGs
[2023-08-28T05:47:25.497+0000] {logging_mixin.py:151} INFO - [2023-08-28T05:47:25.497+0000] {dag.py:3677} INFO - Setting next_dagrun for tbf_analysis_dag_v20 to None, run_after=None
[2023-08-28T05:47:25.509+0000] {processor.py:179} INFO - Processing /opt/airflow/dags/tbf_analysis_dag_v20.py took 0.112 seconds
[2023-08-28T05:47:55.774+0000] {processor.py:157} INFO - Started process (PID=312) to work on /opt/airflow/dags/tbf_analysis_dag_v20.py
[2023-08-28T05:47:55.777+0000] {processor.py:829} INFO - Processing file /opt/airflow/dags/tbf_analysis_dag_v20.py for tasks to queue
[2023-08-28T05:47:55.783+0000] {logging_mixin.py:151} INFO - [2023-08-28T05:47:55.782+0000] {dagbag.py:539} INFO - Filling up the DagBag from /opt/airflow/dags/tbf_analysis_dag_v20.py
[2023-08-28T05:47:55.803+0000] {processor.py:839} INFO - DAG(s) dict_keys(['tbf_analysis_dag_v20']) retrieved from /opt/airflow/dags/tbf_analysis_dag_v20.py
[2023-08-28T05:47:55.827+0000] {logging_mixin.py:151} INFO - [2023-08-28T05:47:55.827+0000] {dag.py:2907} INFO - Sync 1 DAGs
[2023-08-28T05:47:55.842+0000] {logging_mixin.py:151} INFO - [2023-08-28T05:47:55.842+0000] {dag.py:3677} INFO - Setting next_dagrun for tbf_analysis_dag_v20 to None, run_after=None
[2023-08-28T05:47:55.853+0000] {processor.py:179} INFO - Processing /opt/airflow/dags/tbf_analysis_dag_v20.py took 0.087 seconds
[2023-08-28T05:48:26.146+0000] {processor.py:157} INFO - Started process (PID=338) to work on /opt/airflow/dags/tbf_analysis_dag_v20.py
[2023-08-28T05:48:26.148+0000] {processor.py:829} INFO - Processing file /opt/airflow/dags/tbf_analysis_dag_v20.py for tasks to queue
[2023-08-28T05:48:26.153+0000] {logging_mixin.py:151} INFO - [2023-08-28T05:48:26.152+0000] {dagbag.py:539} INFO - Filling up the DagBag from /opt/airflow/dags/tbf_analysis_dag_v20.py
[2023-08-28T05:48:26.185+0000] {processor.py:839} INFO - DAG(s) dict_keys(['tbf_analysis_dag_v20']) retrieved from /opt/airflow/dags/tbf_analysis_dag_v20.py
[2023-08-28T05:48:26.230+0000] {logging_mixin.py:151} INFO - [2023-08-28T05:48:26.230+0000] {dag.py:2907} INFO - Sync 1 DAGs
[2023-08-28T05:48:26.249+0000] {logging_mixin.py:151} INFO - [2023-08-28T05:48:26.249+0000] {dag.py:3677} INFO - Setting next_dagrun for tbf_analysis_dag_v20 to None, run_after=None
[2023-08-28T05:48:26.269+0000] {processor.py:179} INFO - Processing /opt/airflow/dags/tbf_analysis_dag_v20.py took 0.128 seconds
[2023-08-28T05:48:56.552+0000] {processor.py:157} INFO - Started process (PID=363) to work on /opt/airflow/dags/tbf_analysis_dag_v20.py
[2023-08-28T05:48:56.554+0000] {processor.py:829} INFO - Processing file /opt/airflow/dags/tbf_analysis_dag_v20.py for tasks to queue
[2023-08-28T05:48:56.557+0000] {logging_mixin.py:151} INFO - [2023-08-28T05:48:56.557+0000] {dagbag.py:539} INFO - Filling up the DagBag from /opt/airflow/dags/tbf_analysis_dag_v20.py
[2023-08-28T05:48:56.576+0000] {processor.py:839} INFO - DAG(s) dict_keys(['tbf_analysis_dag_v20']) retrieved from /opt/airflow/dags/tbf_analysis_dag_v20.py
[2023-08-28T05:48:56.612+0000] {logging_mixin.py:151} INFO - [2023-08-28T05:48:56.612+0000] {dag.py:2907} INFO - Sync 1 DAGs
[2023-08-28T05:48:56.633+0000] {logging_mixin.py:151} INFO - [2023-08-28T05:48:56.633+0000] {dag.py:3677} INFO - Setting next_dagrun for tbf_analysis_dag_v20 to None, run_after=None
[2023-08-28T05:48:56.646+0000] {processor.py:179} INFO - Processing /opt/airflow/dags/tbf_analysis_dag_v20.py took 0.097 seconds
[2023-08-28T05:49:26.979+0000] {processor.py:157} INFO - Started process (PID=380) to work on /opt/airflow/dags/tbf_analysis_dag_v20.py
[2023-08-28T05:49:26.980+0000] {processor.py:829} INFO - Processing file /opt/airflow/dags/tbf_analysis_dag_v20.py for tasks to queue
[2023-08-28T05:49:26.984+0000] {logging_mixin.py:151} INFO - [2023-08-28T05:49:26.984+0000] {dagbag.py:539} INFO - Filling up the DagBag from /opt/airflow/dags/tbf_analysis_dag_v20.py
[2023-08-28T05:49:27.010+0000] {processor.py:839} INFO - DAG(s) dict_keys(['tbf_analysis_dag_v20']) retrieved from /opt/airflow/dags/tbf_analysis_dag_v20.py
[2023-08-28T05:49:27.043+0000] {logging_mixin.py:151} INFO - [2023-08-28T05:49:27.043+0000] {dag.py:2907} INFO - Sync 1 DAGs
[2023-08-28T05:49:27.060+0000] {logging_mixin.py:151} INFO - [2023-08-28T05:49:27.060+0000] {dag.py:3677} INFO - Setting next_dagrun for tbf_analysis_dag_v20 to None, run_after=None
[2023-08-28T05:49:27.071+0000] {processor.py:179} INFO - Processing /opt/airflow/dags/tbf_analysis_dag_v20.py took 0.097 seconds
[2023-08-28T05:49:57.369+0000] {processor.py:157} INFO - Started process (PID=405) to work on /opt/airflow/dags/tbf_analysis_dag_v20.py
[2023-08-28T05:49:57.371+0000] {processor.py:829} INFO - Processing file /opt/airflow/dags/tbf_analysis_dag_v20.py for tasks to queue
[2023-08-28T05:49:57.375+0000] {logging_mixin.py:151} INFO - [2023-08-28T05:49:57.374+0000] {dagbag.py:539} INFO - Filling up the DagBag from /opt/airflow/dags/tbf_analysis_dag_v20.py
[2023-08-28T05:49:57.393+0000] {processor.py:839} INFO - DAG(s) dict_keys(['tbf_analysis_dag_v20']) retrieved from /opt/airflow/dags/tbf_analysis_dag_v20.py
[2023-08-28T05:49:57.417+0000] {logging_mixin.py:151} INFO - [2023-08-28T05:49:57.417+0000] {dag.py:2907} INFO - Sync 1 DAGs
[2023-08-28T05:49:57.433+0000] {logging_mixin.py:151} INFO - [2023-08-28T05:49:57.433+0000] {dag.py:3677} INFO - Setting next_dagrun for tbf_analysis_dag_v20 to None, run_after=None
[2023-08-28T05:49:57.443+0000] {processor.py:179} INFO - Processing /opt/airflow/dags/tbf_analysis_dag_v20.py took 0.078 seconds
[2023-08-28T05:50:27.696+0000] {processor.py:157} INFO - Started process (PID=431) to work on /opt/airflow/dags/tbf_analysis_dag_v20.py
[2023-08-28T05:50:27.697+0000] {processor.py:829} INFO - Processing file /opt/airflow/dags/tbf_analysis_dag_v20.py for tasks to queue
[2023-08-28T05:50:27.701+0000] {logging_mixin.py:151} INFO - [2023-08-28T05:50:27.700+0000] {dagbag.py:539} INFO - Filling up the DagBag from /opt/airflow/dags/tbf_analysis_dag_v20.py
[2023-08-28T05:50:27.715+0000] {processor.py:839} INFO - DAG(s) dict_keys(['tbf_analysis_dag_v20']) retrieved from /opt/airflow/dags/tbf_analysis_dag_v20.py
[2023-08-28T05:50:27.736+0000] {logging_mixin.py:151} INFO - [2023-08-28T05:50:27.736+0000] {dag.py:2907} INFO - Sync 1 DAGs
[2023-08-28T05:50:27.748+0000] {logging_mixin.py:151} INFO - [2023-08-28T05:50:27.748+0000] {dag.py:3677} INFO - Setting next_dagrun for tbf_analysis_dag_v20 to None, run_after=None
[2023-08-28T05:50:27.757+0000] {processor.py:179} INFO - Processing /opt/airflow/dags/tbf_analysis_dag_v20.py took 0.065 seconds
[2023-08-28T05:50:58.026+0000] {processor.py:157} INFO - Started process (PID=455) to work on /opt/airflow/dags/tbf_analysis_dag_v20.py
[2023-08-28T05:50:58.028+0000] {processor.py:829} INFO - Processing file /opt/airflow/dags/tbf_analysis_dag_v20.py for tasks to queue
[2023-08-28T05:50:58.032+0000] {logging_mixin.py:151} INFO - [2023-08-28T05:50:58.031+0000] {dagbag.py:539} INFO - Filling up the DagBag from /opt/airflow/dags/tbf_analysis_dag_v20.py
[2023-08-28T05:50:58.050+0000] {processor.py:839} INFO - DAG(s) dict_keys(['tbf_analysis_dag_v20']) retrieved from /opt/airflow/dags/tbf_analysis_dag_v20.py
[2023-08-28T05:50:58.079+0000] {logging_mixin.py:151} INFO - [2023-08-28T05:50:58.079+0000] {dag.py:2907} INFO - Sync 1 DAGs
[2023-08-28T05:50:58.098+0000] {logging_mixin.py:151} INFO - [2023-08-28T05:50:58.098+0000] {dag.py:3677} INFO - Setting next_dagrun for tbf_analysis_dag_v20 to None, run_after=None
[2023-08-28T05:50:58.111+0000] {processor.py:179} INFO - Processing /opt/airflow/dags/tbf_analysis_dag_v20.py took 0.104 seconds
[2023-08-28T05:51:28.322+0000] {processor.py:157} INFO - Started process (PID=473) to work on /opt/airflow/dags/tbf_analysis_dag_v20.py
[2023-08-28T05:51:28.324+0000] {processor.py:829} INFO - Processing file /opt/airflow/dags/tbf_analysis_dag_v20.py for tasks to queue
[2023-08-28T05:51:28.331+0000] {logging_mixin.py:151} INFO - [2023-08-28T05:51:28.330+0000] {dagbag.py:539} INFO - Filling up the DagBag from /opt/airflow/dags/tbf_analysis_dag_v20.py
[2023-08-28T05:51:28.372+0000] {processor.py:839} INFO - DAG(s) dict_keys(['tbf_analysis_dag_v20']) retrieved from /opt/airflow/dags/tbf_analysis_dag_v20.py
[2023-08-28T05:51:28.413+0000] {logging_mixin.py:151} INFO - [2023-08-28T05:51:28.413+0000] {dag.py:2907} INFO - Sync 1 DAGs
[2023-08-28T05:51:28.434+0000] {logging_mixin.py:151} INFO - [2023-08-28T05:51:28.433+0000] {dag.py:3677} INFO - Setting next_dagrun for tbf_analysis_dag_v20 to None, run_after=None
[2023-08-28T05:51:28.445+0000] {processor.py:179} INFO - Processing /opt/airflow/dags/tbf_analysis_dag_v20.py took 0.131 seconds
[2023-08-28T05:51:58.726+0000] {processor.py:157} INFO - Started process (PID=498) to work on /opt/airflow/dags/tbf_analysis_dag_v20.py
[2023-08-28T05:51:58.727+0000] {processor.py:829} INFO - Processing file /opt/airflow/dags/tbf_analysis_dag_v20.py for tasks to queue
[2023-08-28T05:51:58.736+0000] {logging_mixin.py:151} INFO - [2023-08-28T05:51:58.734+0000] {dagbag.py:539} INFO - Filling up the DagBag from /opt/airflow/dags/tbf_analysis_dag_v20.py
[2023-08-28T05:51:58.765+0000] {processor.py:839} INFO - DAG(s) dict_keys(['tbf_analysis_dag_v20']) retrieved from /opt/airflow/dags/tbf_analysis_dag_v20.py
[2023-08-28T05:51:58.793+0000] {logging_mixin.py:151} INFO - [2023-08-28T05:51:58.793+0000] {dag.py:2907} INFO - Sync 1 DAGs
[2023-08-28T05:51:58.810+0000] {logging_mixin.py:151} INFO - [2023-08-28T05:51:58.810+0000] {dag.py:3677} INFO - Setting next_dagrun for tbf_analysis_dag_v20 to None, run_after=None
[2023-08-28T05:51:58.821+0000] {processor.py:179} INFO - Processing /opt/airflow/dags/tbf_analysis_dag_v20.py took 0.105 seconds
[2023-08-28T05:52:28.963+0000] {processor.py:157} INFO - Started process (PID=523) to work on /opt/airflow/dags/tbf_analysis_dag_v20.py
[2023-08-28T05:52:28.966+0000] {processor.py:829} INFO - Processing file /opt/airflow/dags/tbf_analysis_dag_v20.py for tasks to queue
[2023-08-28T05:52:28.970+0000] {logging_mixin.py:151} INFO - [2023-08-28T05:52:28.970+0000] {dagbag.py:539} INFO - Filling up the DagBag from /opt/airflow/dags/tbf_analysis_dag_v20.py
[2023-08-28T05:52:28.989+0000] {processor.py:839} INFO - DAG(s) dict_keys(['tbf_analysis_dag_v20']) retrieved from /opt/airflow/dags/tbf_analysis_dag_v20.py
[2023-08-28T05:52:29.016+0000] {logging_mixin.py:151} INFO - [2023-08-28T05:52:29.015+0000] {dag.py:2907} INFO - Sync 1 DAGs
[2023-08-28T05:52:29.033+0000] {logging_mixin.py:151} INFO - [2023-08-28T05:52:29.033+0000] {dag.py:3677} INFO - Setting next_dagrun for tbf_analysis_dag_v20 to None, run_after=None
[2023-08-28T05:52:29.044+0000] {processor.py:179} INFO - Processing /opt/airflow/dags/tbf_analysis_dag_v20.py took 0.087 seconds
[2023-08-28T05:52:59.383+0000] {processor.py:157} INFO - Started process (PID=539) to work on /opt/airflow/dags/tbf_analysis_dag_v20.py
[2023-08-28T05:52:59.385+0000] {processor.py:829} INFO - Processing file /opt/airflow/dags/tbf_analysis_dag_v20.py for tasks to queue
[2023-08-28T05:52:59.392+0000] {logging_mixin.py:151} INFO - [2023-08-28T05:52:59.391+0000] {dagbag.py:539} INFO - Filling up the DagBag from /opt/airflow/dags/tbf_analysis_dag_v20.py
[2023-08-28T05:52:59.430+0000] {processor.py:839} INFO - DAG(s) dict_keys(['tbf_analysis_dag_v20']) retrieved from /opt/airflow/dags/tbf_analysis_dag_v20.py
[2023-08-28T05:52:59.485+0000] {logging_mixin.py:151} INFO - [2023-08-28T05:52:59.484+0000] {dag.py:2907} INFO - Sync 1 DAGs
[2023-08-28T05:52:59.528+0000] {logging_mixin.py:151} INFO - [2023-08-28T05:52:59.528+0000] {dag.py:3677} INFO - Setting next_dagrun for tbf_analysis_dag_v20 to None, run_after=None
[2023-08-28T05:52:59.546+0000] {processor.py:179} INFO - Processing /opt/airflow/dags/tbf_analysis_dag_v20.py took 0.170 seconds
[2023-08-28T05:53:29.692+0000] {processor.py:157} INFO - Started process (PID=564) to work on /opt/airflow/dags/tbf_analysis_dag_v20.py
[2023-08-28T05:53:29.694+0000] {processor.py:829} INFO - Processing file /opt/airflow/dags/tbf_analysis_dag_v20.py for tasks to queue
[2023-08-28T05:53:29.697+0000] {logging_mixin.py:151} INFO - [2023-08-28T05:53:29.697+0000] {dagbag.py:539} INFO - Filling up the DagBag from /opt/airflow/dags/tbf_analysis_dag_v20.py
[2023-08-28T05:53:29.713+0000] {processor.py:839} INFO - DAG(s) dict_keys(['tbf_analysis_dag_v20']) retrieved from /opt/airflow/dags/tbf_analysis_dag_v20.py
[2023-08-28T05:53:29.737+0000] {logging_mixin.py:151} INFO - [2023-08-28T05:53:29.737+0000] {dag.py:2907} INFO - Sync 1 DAGs
[2023-08-28T05:53:29.752+0000] {logging_mixin.py:151} INFO - [2023-08-28T05:53:29.752+0000] {dag.py:3677} INFO - Setting next_dagrun for tbf_analysis_dag_v20 to None, run_after=None
[2023-08-28T05:53:29.762+0000] {processor.py:179} INFO - Processing /opt/airflow/dags/tbf_analysis_dag_v20.py took 0.074 seconds
[2023-08-28T05:54:00.006+0000] {processor.py:157} INFO - Started process (PID=589) to work on /opt/airflow/dags/tbf_analysis_dag_v20.py
[2023-08-28T05:54:00.008+0000] {processor.py:829} INFO - Processing file /opt/airflow/dags/tbf_analysis_dag_v20.py for tasks to queue
[2023-08-28T05:54:00.022+0000] {logging_mixin.py:151} INFO - [2023-08-28T05:54:00.018+0000] {dagbag.py:539} INFO - Filling up the DagBag from /opt/airflow/dags/tbf_analysis_dag_v20.py
[2023-08-28T05:54:00.062+0000] {processor.py:839} INFO - DAG(s) dict_keys(['tbf_analysis_dag_v20']) retrieved from /opt/airflow/dags/tbf_analysis_dag_v20.py
[2023-08-28T05:54:00.087+0000] {logging_mixin.py:151} INFO - [2023-08-28T05:54:00.087+0000] {dag.py:2907} INFO - Sync 1 DAGs
[2023-08-28T05:54:00.103+0000] {logging_mixin.py:151} INFO - [2023-08-28T05:54:00.103+0000] {dag.py:3677} INFO - Setting next_dagrun for tbf_analysis_dag_v20 to None, run_after=None
[2023-08-28T05:54:00.113+0000] {processor.py:179} INFO - Processing /opt/airflow/dags/tbf_analysis_dag_v20.py took 0.114 seconds
[2023-08-28T05:54:30.286+0000] {processor.py:157} INFO - Started process (PID=614) to work on /opt/airflow/dags/tbf_analysis_dag_v20.py
[2023-08-28T05:54:30.288+0000] {processor.py:829} INFO - Processing file /opt/airflow/dags/tbf_analysis_dag_v20.py for tasks to queue
[2023-08-28T05:54:30.296+0000] {logging_mixin.py:151} INFO - [2023-08-28T05:54:30.294+0000] {dagbag.py:539} INFO - Filling up the DagBag from /opt/airflow/dags/tbf_analysis_dag_v20.py
[2023-08-28T05:54:30.328+0000] {processor.py:839} INFO - DAG(s) dict_keys(['tbf_analysis_dag_v20']) retrieved from /opt/airflow/dags/tbf_analysis_dag_v20.py
[2023-08-28T05:54:30.356+0000] {logging_mixin.py:151} INFO - [2023-08-28T05:54:30.356+0000] {dag.py:2907} INFO - Sync 1 DAGs
[2023-08-28T05:54:30.374+0000] {logging_mixin.py:151} INFO - [2023-08-28T05:54:30.374+0000] {dag.py:3677} INFO - Setting next_dagrun for tbf_analysis_dag_v20 to None, run_after=None
[2023-08-28T05:54:30.387+0000] {processor.py:179} INFO - Processing /opt/airflow/dags/tbf_analysis_dag_v20.py took 0.112 seconds
[2023-08-28T05:55:00.720+0000] {processor.py:157} INFO - Started process (PID=630) to work on /opt/airflow/dags/tbf_analysis_dag_v20.py
[2023-08-28T05:55:00.722+0000] {processor.py:829} INFO - Processing file /opt/airflow/dags/tbf_analysis_dag_v20.py for tasks to queue
[2023-08-28T05:55:00.728+0000] {logging_mixin.py:151} INFO - [2023-08-28T05:55:00.727+0000] {dagbag.py:539} INFO - Filling up the DagBag from /opt/airflow/dags/tbf_analysis_dag_v20.py
[2023-08-28T05:55:00.773+0000] {processor.py:839} INFO - DAG(s) dict_keys(['tbf_analysis_dag_v20']) retrieved from /opt/airflow/dags/tbf_analysis_dag_v20.py
[2023-08-28T05:55:00.824+0000] {logging_mixin.py:151} INFO - [2023-08-28T05:55:00.824+0000] {dag.py:2907} INFO - Sync 1 DAGs
[2023-08-28T05:55:00.847+0000] {logging_mixin.py:151} INFO - [2023-08-28T05:55:00.847+0000] {dag.py:3677} INFO - Setting next_dagrun for tbf_analysis_dag_v20 to None, run_after=None
[2023-08-28T05:55:01.152+0000] {processor.py:179} INFO - Processing /opt/airflow/dags/tbf_analysis_dag_v20.py took 0.438 seconds
[2023-08-28T05:55:31.476+0000] {processor.py:157} INFO - Started process (PID=655) to work on /opt/airflow/dags/tbf_analysis_dag_v20.py
[2023-08-28T05:55:31.478+0000] {processor.py:829} INFO - Processing file /opt/airflow/dags/tbf_analysis_dag_v20.py for tasks to queue
[2023-08-28T05:55:31.483+0000] {logging_mixin.py:151} INFO - [2023-08-28T05:55:31.482+0000] {dagbag.py:539} INFO - Filling up the DagBag from /opt/airflow/dags/tbf_analysis_dag_v20.py
[2023-08-28T05:55:31.503+0000] {processor.py:839} INFO - DAG(s) dict_keys(['tbf_analysis_dag_v20']) retrieved from /opt/airflow/dags/tbf_analysis_dag_v20.py
[2023-08-28T05:55:31.536+0000] {logging_mixin.py:151} INFO - [2023-08-28T05:55:31.536+0000] {dag.py:2907} INFO - Sync 1 DAGs
[2023-08-28T05:55:31.568+0000] {logging_mixin.py:151} INFO - [2023-08-28T05:55:31.568+0000] {dag.py:3677} INFO - Setting next_dagrun for tbf_analysis_dag_v20 to None, run_after=None
[2023-08-28T05:55:31.582+0000] {processor.py:179} INFO - Processing /opt/airflow/dags/tbf_analysis_dag_v20.py took 0.110 seconds
[2023-08-28T05:56:01.897+0000] {processor.py:157} INFO - Started process (PID=679) to work on /opt/airflow/dags/tbf_analysis_dag_v20.py
[2023-08-28T05:56:01.899+0000] {processor.py:829} INFO - Processing file /opt/airflow/dags/tbf_analysis_dag_v20.py for tasks to queue
[2023-08-28T05:56:01.905+0000] {logging_mixin.py:151} INFO - [2023-08-28T05:56:01.905+0000] {dagbag.py:539} INFO - Filling up the DagBag from /opt/airflow/dags/tbf_analysis_dag_v20.py
[2023-08-28T05:56:01.928+0000] {processor.py:839} INFO - DAG(s) dict_keys(['tbf_analysis_dag_v20']) retrieved from /opt/airflow/dags/tbf_analysis_dag_v20.py
[2023-08-28T05:56:01.950+0000] {logging_mixin.py:151} INFO - [2023-08-28T05:56:01.950+0000] {dag.py:2907} INFO - Sync 1 DAGs
[2023-08-28T05:56:01.965+0000] {logging_mixin.py:151} INFO - [2023-08-28T05:56:01.965+0000] {dag.py:3677} INFO - Setting next_dagrun for tbf_analysis_dag_v20 to None, run_after=None
[2023-08-28T05:56:01.975+0000] {processor.py:179} INFO - Processing /opt/airflow/dags/tbf_analysis_dag_v20.py took 0.086 seconds
[2023-08-28T05:56:32.272+0000] {processor.py:157} INFO - Started process (PID=702) to work on /opt/airflow/dags/tbf_analysis_dag_v20.py
[2023-08-28T05:56:32.274+0000] {processor.py:829} INFO - Processing file /opt/airflow/dags/tbf_analysis_dag_v20.py for tasks to queue
[2023-08-28T05:56:32.279+0000] {logging_mixin.py:151} INFO - [2023-08-28T05:56:32.278+0000] {dagbag.py:539} INFO - Filling up the DagBag from /opt/airflow/dags/tbf_analysis_dag_v20.py
[2023-08-28T05:56:32.301+0000] {processor.py:839} INFO - DAG(s) dict_keys(['tbf_analysis_dag_v20']) retrieved from /opt/airflow/dags/tbf_analysis_dag_v20.py
[2023-08-28T05:56:32.329+0000] {logging_mixin.py:151} INFO - [2023-08-28T05:56:32.329+0000] {dag.py:2907} INFO - Sync 1 DAGs
[2023-08-28T05:56:32.359+0000] {logging_mixin.py:151} INFO - [2023-08-28T05:56:32.359+0000] {dag.py:3677} INFO - Setting next_dagrun for tbf_analysis_dag_v20 to None, run_after=None
[2023-08-28T05:56:32.370+0000] {processor.py:179} INFO - Processing /opt/airflow/dags/tbf_analysis_dag_v20.py took 0.103 seconds
[2023-08-28T05:57:02.653+0000] {processor.py:157} INFO - Started process (PID=719) to work on /opt/airflow/dags/tbf_analysis_dag_v20.py
[2023-08-28T05:57:02.654+0000] {processor.py:829} INFO - Processing file /opt/airflow/dags/tbf_analysis_dag_v20.py for tasks to queue
[2023-08-28T05:57:02.659+0000] {logging_mixin.py:151} INFO - [2023-08-28T05:57:02.658+0000] {dagbag.py:539} INFO - Filling up the DagBag from /opt/airflow/dags/tbf_analysis_dag_v20.py
[2023-08-28T05:57:02.697+0000] {processor.py:839} INFO - DAG(s) dict_keys(['tbf_analysis_dag_v20']) retrieved from /opt/airflow/dags/tbf_analysis_dag_v20.py
[2023-08-28T05:57:02.725+0000] {logging_mixin.py:151} INFO - [2023-08-28T05:57:02.725+0000] {dag.py:2907} INFO - Sync 1 DAGs
[2023-08-28T05:57:02.744+0000] {logging_mixin.py:151} INFO - [2023-08-28T05:57:02.744+0000] {dag.py:3677} INFO - Setting next_dagrun for tbf_analysis_dag_v20 to None, run_after=None
[2023-08-28T05:57:02.914+0000] {processor.py:179} INFO - Processing /opt/airflow/dags/tbf_analysis_dag_v20.py took 0.267 seconds
[2023-08-28T05:57:33.045+0000] {processor.py:157} INFO - Started process (PID=743) to work on /opt/airflow/dags/tbf_analysis_dag_v20.py
[2023-08-28T05:57:33.048+0000] {processor.py:829} INFO - Processing file /opt/airflow/dags/tbf_analysis_dag_v20.py for tasks to queue
[2023-08-28T05:57:33.052+0000] {logging_mixin.py:151} INFO - [2023-08-28T05:57:33.051+0000] {dagbag.py:539} INFO - Filling up the DagBag from /opt/airflow/dags/tbf_analysis_dag_v20.py
[2023-08-28T05:57:33.072+0000] {processor.py:839} INFO - DAG(s) dict_keys(['tbf_analysis_dag_v20']) retrieved from /opt/airflow/dags/tbf_analysis_dag_v20.py
[2023-08-28T05:57:33.099+0000] {logging_mixin.py:151} INFO - [2023-08-28T05:57:33.099+0000] {dag.py:2907} INFO - Sync 1 DAGs
[2023-08-28T05:57:33.116+0000] {logging_mixin.py:151} INFO - [2023-08-28T05:57:33.116+0000] {dag.py:3677} INFO - Setting next_dagrun for tbf_analysis_dag_v20 to None, run_after=None
[2023-08-28T05:57:33.135+0000] {processor.py:179} INFO - Processing /opt/airflow/dags/tbf_analysis_dag_v20.py took 0.095 seconds
[2023-08-28T05:58:03.379+0000] {processor.py:157} INFO - Started process (PID=767) to work on /opt/airflow/dags/tbf_analysis_dag_v20.py
[2023-08-28T05:58:03.381+0000] {processor.py:829} INFO - Processing file /opt/airflow/dags/tbf_analysis_dag_v20.py for tasks to queue
[2023-08-28T05:58:03.384+0000] {logging_mixin.py:151} INFO - [2023-08-28T05:58:03.384+0000] {dagbag.py:539} INFO - Filling up the DagBag from /opt/airflow/dags/tbf_analysis_dag_v20.py
[2023-08-28T05:58:03.404+0000] {processor.py:839} INFO - DAG(s) dict_keys(['tbf_analysis_dag_v20']) retrieved from /opt/airflow/dags/tbf_analysis_dag_v20.py
[2023-08-28T05:58:03.431+0000] {logging_mixin.py:151} INFO - [2023-08-28T05:58:03.431+0000] {dag.py:2907} INFO - Sync 1 DAGs
[2023-08-28T05:58:03.447+0000] {logging_mixin.py:151} INFO - [2023-08-28T05:58:03.447+0000] {dag.py:3677} INFO - Setting next_dagrun for tbf_analysis_dag_v20 to None, run_after=None
[2023-08-28T05:58:03.460+0000] {processor.py:179} INFO - Processing /opt/airflow/dags/tbf_analysis_dag_v20.py took 0.086 seconds
[2023-08-28T05:58:33.796+0000] {processor.py:157} INFO - Started process (PID=792) to work on /opt/airflow/dags/tbf_analysis_dag_v20.py
[2023-08-28T05:58:33.798+0000] {processor.py:829} INFO - Processing file /opt/airflow/dags/tbf_analysis_dag_v20.py for tasks to queue
[2023-08-28T05:58:33.801+0000] {logging_mixin.py:151} INFO - [2023-08-28T05:58:33.801+0000] {dagbag.py:539} INFO - Filling up the DagBag from /opt/airflow/dags/tbf_analysis_dag_v20.py
[2023-08-28T05:58:33.824+0000] {processor.py:839} INFO - DAG(s) dict_keys(['tbf_analysis_dag_v20']) retrieved from /opt/airflow/dags/tbf_analysis_dag_v20.py
[2023-08-28T05:58:33.879+0000] {logging_mixin.py:151} INFO - [2023-08-28T05:58:33.878+0000] {dag.py:2907} INFO - Sync 1 DAGs
[2023-08-28T05:58:33.897+0000] {logging_mixin.py:151} INFO - [2023-08-28T05:58:33.897+0000] {dag.py:3677} INFO - Setting next_dagrun for tbf_analysis_dag_v20 to None, run_after=None
[2023-08-28T05:58:33.908+0000] {processor.py:179} INFO - Processing /opt/airflow/dags/tbf_analysis_dag_v20.py took 0.116 seconds
[2023-08-28T05:59:04.174+0000] {processor.py:157} INFO - Started process (PID=809) to work on /opt/airflow/dags/tbf_analysis_dag_v20.py
[2023-08-28T05:59:04.175+0000] {processor.py:829} INFO - Processing file /opt/airflow/dags/tbf_analysis_dag_v20.py for tasks to queue
[2023-08-28T05:59:04.179+0000] {logging_mixin.py:151} INFO - [2023-08-28T05:59:04.178+0000] {dagbag.py:539} INFO - Filling up the DagBag from /opt/airflow/dags/tbf_analysis_dag_v20.py
[2023-08-28T05:59:04.198+0000] {processor.py:839} INFO - DAG(s) dict_keys(['tbf_analysis_dag_v20']) retrieved from /opt/airflow/dags/tbf_analysis_dag_v20.py
[2023-08-28T05:59:04.227+0000] {logging_mixin.py:151} INFO - [2023-08-28T05:59:04.226+0000] {dag.py:2907} INFO - Sync 1 DAGs
[2023-08-28T05:59:04.244+0000] {logging_mixin.py:151} INFO - [2023-08-28T05:59:04.244+0000] {dag.py:3677} INFO - Setting next_dagrun for tbf_analysis_dag_v20 to None, run_after=None
[2023-08-28T05:59:04.257+0000] {processor.py:179} INFO - Processing /opt/airflow/dags/tbf_analysis_dag_v20.py took 0.089 seconds
[2023-08-28T05:59:34.497+0000] {processor.py:157} INFO - Started process (PID=834) to work on /opt/airflow/dags/tbf_analysis_dag_v20.py
[2023-08-28T05:59:34.499+0000] {processor.py:829} INFO - Processing file /opt/airflow/dags/tbf_analysis_dag_v20.py for tasks to queue
[2023-08-28T05:59:34.503+0000] {logging_mixin.py:151} INFO - [2023-08-28T05:59:34.502+0000] {dagbag.py:539} INFO - Filling up the DagBag from /opt/airflow/dags/tbf_analysis_dag_v20.py
[2023-08-28T05:59:34.522+0000] {processor.py:839} INFO - DAG(s) dict_keys(['tbf_analysis_dag_v20']) retrieved from /opt/airflow/dags/tbf_analysis_dag_v20.py
[2023-08-28T05:59:34.549+0000] {logging_mixin.py:151} INFO - [2023-08-28T05:59:34.549+0000] {dag.py:2907} INFO - Sync 1 DAGs
[2023-08-28T05:59:34.742+0000] {logging_mixin.py:151} INFO - [2023-08-28T05:59:34.742+0000] {dag.py:3677} INFO - Setting next_dagrun for tbf_analysis_dag_v20 to None, run_after=None
[2023-08-28T05:59:34.752+0000] {processor.py:179} INFO - Processing /opt/airflow/dags/tbf_analysis_dag_v20.py took 0.260 seconds
[2023-08-28T06:00:04.909+0000] {processor.py:157} INFO - Started process (PID=859) to work on /opt/airflow/dags/tbf_analysis_dag_v20.py
[2023-08-28T06:00:04.911+0000] {processor.py:829} INFO - Processing file /opt/airflow/dags/tbf_analysis_dag_v20.py for tasks to queue
[2023-08-28T06:00:04.916+0000] {logging_mixin.py:151} INFO - [2023-08-28T06:00:04.915+0000] {dagbag.py:539} INFO - Filling up the DagBag from /opt/airflow/dags/tbf_analysis_dag_v20.py
[2023-08-28T06:00:04.937+0000] {processor.py:839} INFO - DAG(s) dict_keys(['tbf_analysis_dag_v20']) retrieved from /opt/airflow/dags/tbf_analysis_dag_v20.py
[2023-08-28T06:00:04.964+0000] {logging_mixin.py:151} INFO - [2023-08-28T06:00:04.963+0000] {dag.py:2907} INFO - Sync 1 DAGs
[2023-08-28T06:00:04.984+0000] {logging_mixin.py:151} INFO - [2023-08-28T06:00:04.984+0000] {dag.py:3677} INFO - Setting next_dagrun for tbf_analysis_dag_v20 to None, run_after=None
[2023-08-28T06:00:05.000+0000] {processor.py:179} INFO - Processing /opt/airflow/dags/tbf_analysis_dag_v20.py took 0.099 seconds
[2023-08-28T06:00:35.264+0000] {processor.py:157} INFO - Started process (PID=876) to work on /opt/airflow/dags/tbf_analysis_dag_v20.py
[2023-08-28T06:00:35.268+0000] {processor.py:829} INFO - Processing file /opt/airflow/dags/tbf_analysis_dag_v20.py for tasks to queue
[2023-08-28T06:00:35.282+0000] {logging_mixin.py:151} INFO - [2023-08-28T06:00:35.281+0000] {dagbag.py:539} INFO - Filling up the DagBag from /opt/airflow/dags/tbf_analysis_dag_v20.py
[2023-08-28T06:00:35.312+0000] {processor.py:839} INFO - DAG(s) dict_keys(['tbf_analysis_dag_v20']) retrieved from /opt/airflow/dags/tbf_analysis_dag_v20.py
[2023-08-28T06:00:35.351+0000] {logging_mixin.py:151} INFO - [2023-08-28T06:00:35.351+0000] {dag.py:2907} INFO - Sync 1 DAGs
[2023-08-28T06:00:35.383+0000] {logging_mixin.py:151} INFO - [2023-08-28T06:00:35.383+0000] {dag.py:3677} INFO - Setting next_dagrun for tbf_analysis_dag_v20 to None, run_after=None
[2023-08-28T06:00:35.398+0000] {processor.py:179} INFO - Processing /opt/airflow/dags/tbf_analysis_dag_v20.py took 0.152 seconds
[2023-08-28T06:01:05.619+0000] {processor.py:157} INFO - Started process (PID=901) to work on /opt/airflow/dags/tbf_analysis_dag_v20.py
[2023-08-28T06:01:05.620+0000] {processor.py:829} INFO - Processing file /opt/airflow/dags/tbf_analysis_dag_v20.py for tasks to queue
[2023-08-28T06:01:05.624+0000] {logging_mixin.py:151} INFO - [2023-08-28T06:01:05.624+0000] {dagbag.py:539} INFO - Filling up the DagBag from /opt/airflow/dags/tbf_analysis_dag_v20.py
[2023-08-28T06:01:05.663+0000] {processor.py:839} INFO - DAG(s) dict_keys(['tbf_analysis_dag_v20']) retrieved from /opt/airflow/dags/tbf_analysis_dag_v20.py
[2023-08-28T06:01:05.694+0000] {logging_mixin.py:151} INFO - [2023-08-28T06:01:05.693+0000] {dag.py:2907} INFO - Sync 1 DAGs
[2023-08-28T06:01:05.711+0000] {logging_mixin.py:151} INFO - [2023-08-28T06:01:05.711+0000] {dag.py:3677} INFO - Setting next_dagrun for tbf_analysis_dag_v20 to None, run_after=None
[2023-08-28T06:01:05.722+0000] {processor.py:179} INFO - Processing /opt/airflow/dags/tbf_analysis_dag_v20.py took 0.107 seconds
[2023-08-28T06:01:36.021+0000] {processor.py:157} INFO - Started process (PID=927) to work on /opt/airflow/dags/tbf_analysis_dag_v20.py
[2023-08-28T06:01:36.022+0000] {processor.py:829} INFO - Processing file /opt/airflow/dags/tbf_analysis_dag_v20.py for tasks to queue
[2023-08-28T06:01:36.027+0000] {logging_mixin.py:151} INFO - [2023-08-28T06:01:36.026+0000] {dagbag.py:539} INFO - Filling up the DagBag from /opt/airflow/dags/tbf_analysis_dag_v20.py
[2023-08-28T06:01:36.068+0000] {processor.py:839} INFO - DAG(s) dict_keys(['tbf_analysis_dag_v20']) retrieved from /opt/airflow/dags/tbf_analysis_dag_v20.py
[2023-08-28T06:01:36.103+0000] {logging_mixin.py:151} INFO - [2023-08-28T06:01:36.103+0000] {dag.py:2907} INFO - Sync 1 DAGs
[2023-08-28T06:01:36.127+0000] {logging_mixin.py:151} INFO - [2023-08-28T06:01:36.127+0000] {dag.py:3677} INFO - Setting next_dagrun for tbf_analysis_dag_v20 to None, run_after=None
[2023-08-28T06:01:36.389+0000] {processor.py:179} INFO - Processing /opt/airflow/dags/tbf_analysis_dag_v20.py took 0.373 seconds
[2023-08-28T06:02:06.723+0000] {processor.py:157} INFO - Started process (PID=952) to work on /opt/airflow/dags/tbf_analysis_dag_v20.py
[2023-08-28T06:02:06.725+0000] {processor.py:829} INFO - Processing file /opt/airflow/dags/tbf_analysis_dag_v20.py for tasks to queue
[2023-08-28T06:02:06.730+0000] {logging_mixin.py:151} INFO - [2023-08-28T06:02:06.729+0000] {dagbag.py:539} INFO - Filling up the DagBag from /opt/airflow/dags/tbf_analysis_dag_v20.py
[2023-08-28T06:02:06.752+0000] {processor.py:839} INFO - DAG(s) dict_keys(['tbf_analysis_dag_v20']) retrieved from /opt/airflow/dags/tbf_analysis_dag_v20.py
[2023-08-28T06:02:06.779+0000] {logging_mixin.py:151} INFO - [2023-08-28T06:02:06.779+0000] {dag.py:2907} INFO - Sync 1 DAGs
[2023-08-28T06:02:06.976+0000] {logging_mixin.py:151} INFO - [2023-08-28T06:02:06.976+0000] {dag.py:3677} INFO - Setting next_dagrun for tbf_analysis_dag_v20 to None, run_after=None
[2023-08-28T06:02:06.986+0000] {processor.py:179} INFO - Processing /opt/airflow/dags/tbf_analysis_dag_v20.py took 0.270 seconds
[2023-08-28T06:02:37.284+0000] {processor.py:157} INFO - Started process (PID=969) to work on /opt/airflow/dags/tbf_analysis_dag_v20.py
[2023-08-28T06:02:37.287+0000] {processor.py:829} INFO - Processing file /opt/airflow/dags/tbf_analysis_dag_v20.py for tasks to queue
[2023-08-28T06:02:37.293+0000] {logging_mixin.py:151} INFO - [2023-08-28T06:02:37.293+0000] {dagbag.py:539} INFO - Filling up the DagBag from /opt/airflow/dags/tbf_analysis_dag_v20.py
[2023-08-28T06:02:37.320+0000] {processor.py:839} INFO - DAG(s) dict_keys(['tbf_analysis_dag_v20']) retrieved from /opt/airflow/dags/tbf_analysis_dag_v20.py
[2023-08-28T06:02:37.370+0000] {logging_mixin.py:151} INFO - [2023-08-28T06:02:37.370+0000] {dag.py:2907} INFO - Sync 1 DAGs
[2023-08-28T06:02:37.396+0000] {logging_mixin.py:151} INFO - [2023-08-28T06:02:37.396+0000] {dag.py:3677} INFO - Setting next_dagrun for tbf_analysis_dag_v20 to None, run_after=None
[2023-08-28T06:02:37.412+0000] {processor.py:179} INFO - Processing /opt/airflow/dags/tbf_analysis_dag_v20.py took 0.151 seconds
[2023-08-28T06:03:07.696+0000] {processor.py:157} INFO - Started process (PID=994) to work on /opt/airflow/dags/tbf_analysis_dag_v20.py
[2023-08-28T06:03:07.699+0000] {processor.py:829} INFO - Processing file /opt/airflow/dags/tbf_analysis_dag_v20.py for tasks to queue
[2023-08-28T06:03:07.717+0000] {logging_mixin.py:151} INFO - [2023-08-28T06:03:07.716+0000] {dagbag.py:539} INFO - Filling up the DagBag from /opt/airflow/dags/tbf_analysis_dag_v20.py
[2023-08-28T06:03:07.763+0000] {processor.py:839} INFO - DAG(s) dict_keys(['tbf_analysis_dag_v20']) retrieved from /opt/airflow/dags/tbf_analysis_dag_v20.py
[2023-08-28T06:03:07.804+0000] {logging_mixin.py:151} INFO - [2023-08-28T06:03:07.804+0000] {dag.py:2907} INFO - Sync 1 DAGs
[2023-08-28T06:03:07.824+0000] {logging_mixin.py:151} INFO - [2023-08-28T06:03:07.824+0000] {dag.py:3677} INFO - Setting next_dagrun for tbf_analysis_dag_v20 to None, run_after=None
[2023-08-28T06:03:07.846+0000] {processor.py:179} INFO - Processing /opt/airflow/dags/tbf_analysis_dag_v20.py took 0.166 seconds
[2023-08-28T06:03:38.038+0000] {processor.py:157} INFO - Started process (PID=1020) to work on /opt/airflow/dags/tbf_analysis_dag_v20.py
[2023-08-28T06:03:38.041+0000] {processor.py:829} INFO - Processing file /opt/airflow/dags/tbf_analysis_dag_v20.py for tasks to queue
[2023-08-28T06:03:38.047+0000] {logging_mixin.py:151} INFO - [2023-08-28T06:03:38.047+0000] {dagbag.py:539} INFO - Filling up the DagBag from /opt/airflow/dags/tbf_analysis_dag_v20.py
[2023-08-28T06:03:38.070+0000] {processor.py:839} INFO - DAG(s) dict_keys(['tbf_analysis_dag_v20']) retrieved from /opt/airflow/dags/tbf_analysis_dag_v20.py
[2023-08-28T06:03:38.103+0000] {logging_mixin.py:151} INFO - [2023-08-28T06:03:38.103+0000] {dag.py:2907} INFO - Sync 1 DAGs
[2023-08-28T06:03:38.135+0000] {logging_mixin.py:151} INFO - [2023-08-28T06:03:38.135+0000] {dag.py:3677} INFO - Setting next_dagrun for tbf_analysis_dag_v20 to None, run_after=None
[2023-08-28T06:03:38.149+0000] {processor.py:179} INFO - Processing /opt/airflow/dags/tbf_analysis_dag_v20.py took 0.120 seconds
[2023-08-28T06:04:08.453+0000] {processor.py:157} INFO - Started process (PID=1037) to work on /opt/airflow/dags/tbf_analysis_dag_v20.py
[2023-08-28T06:04:08.456+0000] {processor.py:829} INFO - Processing file /opt/airflow/dags/tbf_analysis_dag_v20.py for tasks to queue
[2023-08-28T06:04:08.464+0000] {logging_mixin.py:151} INFO - [2023-08-28T06:04:08.464+0000] {dagbag.py:539} INFO - Filling up the DagBag from /opt/airflow/dags/tbf_analysis_dag_v20.py
[2023-08-28T06:04:08.515+0000] {processor.py:839} INFO - DAG(s) dict_keys(['tbf_analysis_dag_v20']) retrieved from /opt/airflow/dags/tbf_analysis_dag_v20.py
[2023-08-28T06:04:08.575+0000] {logging_mixin.py:151} INFO - [2023-08-28T06:04:08.575+0000] {dag.py:2907} INFO - Sync 1 DAGs
[2023-08-28T06:04:08.965+0000] {logging_mixin.py:151} INFO - [2023-08-28T06:04:08.964+0000] {dag.py:3677} INFO - Setting next_dagrun for tbf_analysis_dag_v20 to None, run_after=None
[2023-08-28T06:04:08.977+0000] {processor.py:179} INFO - Processing /opt/airflow/dags/tbf_analysis_dag_v20.py took 0.540 seconds
[2023-08-28T06:04:39.306+0000] {processor.py:157} INFO - Started process (PID=1061) to work on /opt/airflow/dags/tbf_analysis_dag_v20.py
[2023-08-28T06:04:39.311+0000] {processor.py:829} INFO - Processing file /opt/airflow/dags/tbf_analysis_dag_v20.py for tasks to queue
[2023-08-28T06:04:39.324+0000] {logging_mixin.py:151} INFO - [2023-08-28T06:04:39.323+0000] {dagbag.py:539} INFO - Filling up the DagBag from /opt/airflow/dags/tbf_analysis_dag_v20.py
[2023-08-28T06:04:39.359+0000] {processor.py:839} INFO - DAG(s) dict_keys(['tbf_analysis_dag_v20']) retrieved from /opt/airflow/dags/tbf_analysis_dag_v20.py
[2023-08-28T06:04:39.431+0000] {logging_mixin.py:151} INFO - [2023-08-28T06:04:39.430+0000] {dag.py:2907} INFO - Sync 1 DAGs
[2023-08-28T06:04:39.462+0000] {logging_mixin.py:151} INFO - [2023-08-28T06:04:39.462+0000] {dag.py:3677} INFO - Setting next_dagrun for tbf_analysis_dag_v20 to None, run_after=None
[2023-08-28T06:04:39.476+0000] {processor.py:179} INFO - Processing /opt/airflow/dags/tbf_analysis_dag_v20.py took 0.181 seconds
[2023-08-28T06:05:09.687+0000] {processor.py:157} INFO - Started process (PID=1087) to work on /opt/airflow/dags/tbf_analysis_dag_v20.py
[2023-08-28T06:05:09.689+0000] {processor.py:829} INFO - Processing file /opt/airflow/dags/tbf_analysis_dag_v20.py for tasks to queue
[2023-08-28T06:05:09.695+0000] {logging_mixin.py:151} INFO - [2023-08-28T06:05:09.694+0000] {dagbag.py:539} INFO - Filling up the DagBag from /opt/airflow/dags/tbf_analysis_dag_v20.py
[2023-08-28T06:05:09.718+0000] {processor.py:839} INFO - DAG(s) dict_keys(['tbf_analysis_dag_v20']) retrieved from /opt/airflow/dags/tbf_analysis_dag_v20.py
[2023-08-28T06:05:09.754+0000] {logging_mixin.py:151} INFO - [2023-08-28T06:05:09.754+0000] {dag.py:2907} INFO - Sync 1 DAGs
[2023-08-28T06:05:09.785+0000] {logging_mixin.py:151} INFO - [2023-08-28T06:05:09.785+0000] {dag.py:3677} INFO - Setting next_dagrun for tbf_analysis_dag_v20 to None, run_after=None
[2023-08-28T06:05:09.799+0000] {processor.py:179} INFO - Processing /opt/airflow/dags/tbf_analysis_dag_v20.py took 0.117 seconds
[2023-08-28T06:05:40.098+0000] {processor.py:157} INFO - Started process (PID=1105) to work on /opt/airflow/dags/tbf_analysis_dag_v20.py
[2023-08-28T06:05:40.100+0000] {processor.py:829} INFO - Processing file /opt/airflow/dags/tbf_analysis_dag_v20.py for tasks to queue
[2023-08-28T06:05:40.106+0000] {logging_mixin.py:151} INFO - [2023-08-28T06:05:40.105+0000] {dagbag.py:539} INFO - Filling up the DagBag from /opt/airflow/dags/tbf_analysis_dag_v20.py
[2023-08-28T06:05:40.142+0000] {processor.py:839} INFO - DAG(s) dict_keys(['tbf_analysis_dag_v20']) retrieved from /opt/airflow/dags/tbf_analysis_dag_v20.py
[2023-08-28T06:05:40.186+0000] {logging_mixin.py:151} INFO - [2023-08-28T06:05:40.186+0000] {dag.py:2907} INFO - Sync 1 DAGs
[2023-08-28T06:05:40.223+0000] {logging_mixin.py:151} INFO - [2023-08-28T06:05:40.223+0000] {dag.py:3677} INFO - Setting next_dagrun for tbf_analysis_dag_v20 to None, run_after=None
[2023-08-28T06:05:40.239+0000] {processor.py:179} INFO - Processing /opt/airflow/dags/tbf_analysis_dag_v20.py took 0.148 seconds
[2023-08-28T06:06:10.475+0000] {processor.py:157} INFO - Started process (PID=1130) to work on /opt/airflow/dags/tbf_analysis_dag_v20.py
[2023-08-28T06:06:10.477+0000] {processor.py:829} INFO - Processing file /opt/airflow/dags/tbf_analysis_dag_v20.py for tasks to queue
[2023-08-28T06:06:10.483+0000] {logging_mixin.py:151} INFO - [2023-08-28T06:06:10.483+0000] {dagbag.py:539} INFO - Filling up the DagBag from /opt/airflow/dags/tbf_analysis_dag_v20.py
[2023-08-28T06:06:10.508+0000] {processor.py:839} INFO - DAG(s) dict_keys(['tbf_analysis_dag_v20']) retrieved from /opt/airflow/dags/tbf_analysis_dag_v20.py
[2023-08-28T06:06:10.545+0000] {logging_mixin.py:151} INFO - [2023-08-28T06:06:10.545+0000] {dag.py:2907} INFO - Sync 1 DAGs
[2023-08-28T06:06:10.586+0000] {logging_mixin.py:151} INFO - [2023-08-28T06:06:10.586+0000] {dag.py:3677} INFO - Setting next_dagrun for tbf_analysis_dag_v20 to None, run_after=None
[2023-08-28T06:06:10.601+0000] {processor.py:179} INFO - Processing /opt/airflow/dags/tbf_analysis_dag_v20.py took 0.144 seconds
[2023-08-28T06:06:40.884+0000] {processor.py:157} INFO - Started process (PID=1156) to work on /opt/airflow/dags/tbf_analysis_dag_v20.py
[2023-08-28T06:06:40.885+0000] {processor.py:829} INFO - Processing file /opt/airflow/dags/tbf_analysis_dag_v20.py for tasks to queue
[2023-08-28T06:06:40.890+0000] {logging_mixin.py:151} INFO - [2023-08-28T06:06:40.889+0000] {dagbag.py:539} INFO - Filling up the DagBag from /opt/airflow/dags/tbf_analysis_dag_v20.py
[2023-08-28T06:06:40.912+0000] {processor.py:839} INFO - DAG(s) dict_keys(['tbf_analysis_dag_v20']) retrieved from /opt/airflow/dags/tbf_analysis_dag_v20.py
[2023-08-28T06:06:40.941+0000] {logging_mixin.py:151} INFO - [2023-08-28T06:06:40.941+0000] {dag.py:2907} INFO - Sync 1 DAGs
[2023-08-28T06:06:41.162+0000] {logging_mixin.py:151} INFO - [2023-08-28T06:06:41.162+0000] {dag.py:3677} INFO - Setting next_dagrun for tbf_analysis_dag_v20 to None, run_after=None
[2023-08-28T06:06:41.173+0000] {processor.py:179} INFO - Processing /opt/airflow/dags/tbf_analysis_dag_v20.py took 0.295 seconds
[2023-08-28T06:07:11.336+0000] {processor.py:157} INFO - Started process (PID=1173) to work on /opt/airflow/dags/tbf_analysis_dag_v20.py
[2023-08-28T06:07:11.339+0000] {processor.py:829} INFO - Processing file /opt/airflow/dags/tbf_analysis_dag_v20.py for tasks to queue
[2023-08-28T06:07:11.344+0000] {logging_mixin.py:151} INFO - [2023-08-28T06:07:11.344+0000] {dagbag.py:539} INFO - Filling up the DagBag from /opt/airflow/dags/tbf_analysis_dag_v20.py
[2023-08-28T06:07:11.381+0000] {processor.py:839} INFO - DAG(s) dict_keys(['tbf_analysis_dag_v20']) retrieved from /opt/airflow/dags/tbf_analysis_dag_v20.py
[2023-08-28T06:07:11.439+0000] {logging_mixin.py:151} INFO - [2023-08-28T06:07:11.439+0000] {dag.py:2907} INFO - Sync 1 DAGs
[2023-08-28T06:07:11.461+0000] {logging_mixin.py:151} INFO - [2023-08-28T06:07:11.460+0000] {dag.py:3677} INFO - Setting next_dagrun for tbf_analysis_dag_v20 to None, run_after=None
[2023-08-28T06:07:11.474+0000] {processor.py:179} INFO - Processing /opt/airflow/dags/tbf_analysis_dag_v20.py took 0.172 seconds
[2023-08-28T06:07:41.732+0000] {processor.py:157} INFO - Started process (PID=1198) to work on /opt/airflow/dags/tbf_analysis_dag_v20.py
[2023-08-28T06:07:41.734+0000] {processor.py:829} INFO - Processing file /opt/airflow/dags/tbf_analysis_dag_v20.py for tasks to queue
[2023-08-28T06:07:41.741+0000] {logging_mixin.py:151} INFO - [2023-08-28T06:07:41.740+0000] {dagbag.py:539} INFO - Filling up the DagBag from /opt/airflow/dags/tbf_analysis_dag_v20.py
[2023-08-28T06:07:41.767+0000] {processor.py:839} INFO - DAG(s) dict_keys(['tbf_analysis_dag_v20']) retrieved from /opt/airflow/dags/tbf_analysis_dag_v20.py
[2023-08-28T06:07:41.821+0000] {logging_mixin.py:151} INFO - [2023-08-28T06:07:41.820+0000] {dag.py:2907} INFO - Sync 1 DAGs
[2023-08-28T06:07:41.847+0000] {logging_mixin.py:151} INFO - [2023-08-28T06:07:41.847+0000] {dag.py:3677} INFO - Setting next_dagrun for tbf_analysis_dag_v20 to None, run_after=None
[2023-08-28T06:07:41.862+0000] {processor.py:179} INFO - Processing /opt/airflow/dags/tbf_analysis_dag_v20.py took 0.136 seconds
[2023-08-28T06:08:12.072+0000] {processor.py:157} INFO - Started process (PID=1223) to work on /opt/airflow/dags/tbf_analysis_dag_v20.py
[2023-08-28T06:08:12.075+0000] {processor.py:829} INFO - Processing file /opt/airflow/dags/tbf_analysis_dag_v20.py for tasks to queue
[2023-08-28T06:08:12.080+0000] {logging_mixin.py:151} INFO - [2023-08-28T06:08:12.079+0000] {dagbag.py:539} INFO - Filling up the DagBag from /opt/airflow/dags/tbf_analysis_dag_v20.py
[2023-08-28T06:08:12.123+0000] {processor.py:839} INFO - DAG(s) dict_keys(['tbf_analysis_dag_v20']) retrieved from /opt/airflow/dags/tbf_analysis_dag_v20.py
[2023-08-28T06:08:12.162+0000] {logging_mixin.py:151} INFO - [2023-08-28T06:08:12.162+0000] {dag.py:2907} INFO - Sync 1 DAGs
[2023-08-28T06:08:12.198+0000] {logging_mixin.py:151} INFO - [2023-08-28T06:08:12.198+0000] {dag.py:3677} INFO - Setting next_dagrun for tbf_analysis_dag_v20 to None, run_after=None
[2023-08-28T06:08:12.208+0000] {processor.py:179} INFO - Processing /opt/airflow/dags/tbf_analysis_dag_v20.py took 0.156 seconds
[2023-08-28T06:08:42.519+0000] {processor.py:157} INFO - Started process (PID=1248) to work on /opt/airflow/dags/tbf_analysis_dag_v20.py
[2023-08-28T06:08:42.523+0000] {processor.py:829} INFO - Processing file /opt/airflow/dags/tbf_analysis_dag_v20.py for tasks to queue
[2023-08-28T06:08:42.534+0000] {logging_mixin.py:151} INFO - [2023-08-28T06:08:42.532+0000] {dagbag.py:539} INFO - Filling up the DagBag from /opt/airflow/dags/tbf_analysis_dag_v20.py
[2023-08-28T06:08:42.596+0000] {processor.py:839} INFO - DAG(s) dict_keys(['tbf_analysis_dag_v20']) retrieved from /opt/airflow/dags/tbf_analysis_dag_v20.py
[2023-08-28T06:08:42.693+0000] {logging_mixin.py:151} INFO - [2023-08-28T06:08:42.693+0000] {dag.py:2907} INFO - Sync 1 DAGs
[2023-08-28T06:08:43.156+0000] {logging_mixin.py:151} INFO - [2023-08-28T06:08:43.156+0000] {dag.py:3677} INFO - Setting next_dagrun for tbf_analysis_dag_v20 to None, run_after=None
[2023-08-28T06:08:43.178+0000] {processor.py:179} INFO - Processing /opt/airflow/dags/tbf_analysis_dag_v20.py took 0.677 seconds
[2023-08-28T06:09:13.575+0000] {processor.py:157} INFO - Started process (PID=1266) to work on /opt/airflow/dags/tbf_analysis_dag_v20.py
[2023-08-28T06:09:13.580+0000] {processor.py:829} INFO - Processing file /opt/airflow/dags/tbf_analysis_dag_v20.py for tasks to queue
[2023-08-28T06:09:13.600+0000] {logging_mixin.py:151} INFO - [2023-08-28T06:09:13.599+0000] {dagbag.py:539} INFO - Filling up the DagBag from /opt/airflow/dags/tbf_analysis_dag_v20.py
[2023-08-28T06:09:13.665+0000] {processor.py:839} INFO - DAG(s) dict_keys(['tbf_analysis_dag_v20']) retrieved from /opt/airflow/dags/tbf_analysis_dag_v20.py
[2023-08-28T06:09:13.729+0000] {logging_mixin.py:151} INFO - [2023-08-28T06:09:13.729+0000] {dag.py:2907} INFO - Sync 1 DAGs
[2023-08-28T06:09:14.061+0000] {logging_mixin.py:151} INFO - [2023-08-28T06:09:14.061+0000] {dag.py:3677} INFO - Setting next_dagrun for tbf_analysis_dag_v20 to None, run_after=None
[2023-08-28T06:09:14.074+0000] {processor.py:179} INFO - Processing /opt/airflow/dags/tbf_analysis_dag_v20.py took 0.510 seconds
[2023-08-28T06:09:44.404+0000] {processor.py:157} INFO - Started process (PID=1292) to work on /opt/airflow/dags/tbf_analysis_dag_v20.py
[2023-08-28T06:09:44.407+0000] {processor.py:829} INFO - Processing file /opt/airflow/dags/tbf_analysis_dag_v20.py for tasks to queue
[2023-08-28T06:09:44.412+0000] {logging_mixin.py:151} INFO - [2023-08-28T06:09:44.411+0000] {dagbag.py:539} INFO - Filling up the DagBag from /opt/airflow/dags/tbf_analysis_dag_v20.py
[2023-08-28T06:09:44.435+0000] {processor.py:839} INFO - DAG(s) dict_keys(['tbf_analysis_dag_v20']) retrieved from /opt/airflow/dags/tbf_analysis_dag_v20.py
[2023-08-28T06:09:44.480+0000] {logging_mixin.py:151} INFO - [2023-08-28T06:09:44.479+0000] {dag.py:2907} INFO - Sync 1 DAGs
[2023-08-28T06:09:44.500+0000] {logging_mixin.py:151} INFO - [2023-08-28T06:09:44.500+0000] {dag.py:3677} INFO - Setting next_dagrun for tbf_analysis_dag_v20 to None, run_after=None
[2023-08-28T06:09:44.513+0000] {processor.py:179} INFO - Processing /opt/airflow/dags/tbf_analysis_dag_v20.py took 0.114 seconds
[2023-08-28T06:10:14.715+0000] {processor.py:157} INFO - Started process (PID=1316) to work on /opt/airflow/dags/tbf_analysis_dag_v20.py
[2023-08-28T06:10:14.717+0000] {processor.py:829} INFO - Processing file /opt/airflow/dags/tbf_analysis_dag_v20.py for tasks to queue
[2023-08-28T06:10:14.720+0000] {logging_mixin.py:151} INFO - [2023-08-28T06:10:14.720+0000] {dagbag.py:539} INFO - Filling up the DagBag from /opt/airflow/dags/tbf_analysis_dag_v20.py
[2023-08-28T06:10:14.740+0000] {processor.py:839} INFO - DAG(s) dict_keys(['tbf_analysis_dag_v20']) retrieved from /opt/airflow/dags/tbf_analysis_dag_v20.py
[2023-08-28T06:10:14.765+0000] {logging_mixin.py:151} INFO - [2023-08-28T06:10:14.765+0000] {dag.py:2907} INFO - Sync 1 DAGs
[2023-08-28T06:10:14.782+0000] {logging_mixin.py:151} INFO - [2023-08-28T06:10:14.782+0000] {dag.py:3677} INFO - Setting next_dagrun for tbf_analysis_dag_v20 to None, run_after=None
[2023-08-28T06:10:14.793+0000] {processor.py:179} INFO - Processing /opt/airflow/dags/tbf_analysis_dag_v20.py took 0.082 seconds
[2023-08-28T06:10:45.110+0000] {processor.py:157} INFO - Started process (PID=1335) to work on /opt/airflow/dags/tbf_analysis_dag_v20.py
[2023-08-28T06:10:45.112+0000] {processor.py:829} INFO - Processing file /opt/airflow/dags/tbf_analysis_dag_v20.py for tasks to queue
[2023-08-28T06:10:45.118+0000] {logging_mixin.py:151} INFO - [2023-08-28T06:10:45.118+0000] {dagbag.py:539} INFO - Filling up the DagBag from /opt/airflow/dags/tbf_analysis_dag_v20.py
[2023-08-28T06:10:45.143+0000] {processor.py:839} INFO - DAG(s) dict_keys(['tbf_analysis_dag_v20']) retrieved from /opt/airflow/dags/tbf_analysis_dag_v20.py
[2023-08-28T06:10:45.204+0000] {logging_mixin.py:151} INFO - [2023-08-28T06:10:45.204+0000] {dag.py:2907} INFO - Sync 1 DAGs
[2023-08-28T06:10:45.224+0000] {logging_mixin.py:151} INFO - [2023-08-28T06:10:45.224+0000] {dag.py:3677} INFO - Setting next_dagrun for tbf_analysis_dag_v20 to None, run_after=None
[2023-08-28T06:10:45.560+0000] {processor.py:179} INFO - Processing /opt/airflow/dags/tbf_analysis_dag_v20.py took 0.458 seconds
[2023-08-28T06:11:15.978+0000] {processor.py:157} INFO - Started process (PID=1360) to work on /opt/airflow/dags/tbf_analysis_dag_v20.py
[2023-08-28T06:11:15.982+0000] {processor.py:829} INFO - Processing file /opt/airflow/dags/tbf_analysis_dag_v20.py for tasks to queue
[2023-08-28T06:11:15.989+0000] {logging_mixin.py:151} INFO - [2023-08-28T06:11:15.988+0000] {dagbag.py:539} INFO - Filling up the DagBag from /opt/airflow/dags/tbf_analysis_dag_v20.py
[2023-08-28T06:11:16.016+0000] {processor.py:839} INFO - DAG(s) dict_keys(['tbf_analysis_dag_v20']) retrieved from /opt/airflow/dags/tbf_analysis_dag_v20.py
[2023-08-28T06:11:16.052+0000] {logging_mixin.py:151} INFO - [2023-08-28T06:11:16.052+0000] {dag.py:2907} INFO - Sync 1 DAGs
[2023-08-28T06:11:16.417+0000] {logging_mixin.py:151} INFO - [2023-08-28T06:11:16.416+0000] {dag.py:3677} INFO - Setting next_dagrun for tbf_analysis_dag_v20 to None, run_after=None
[2023-08-28T06:11:16.428+0000] {processor.py:179} INFO - Processing /opt/airflow/dags/tbf_analysis_dag_v20.py took 0.458 seconds
[2023-08-28T06:11:46.810+0000] {processor.py:157} INFO - Started process (PID=1386) to work on /opt/airflow/dags/tbf_analysis_dag_v20.py
[2023-08-28T06:11:46.812+0000] {processor.py:829} INFO - Processing file /opt/airflow/dags/tbf_analysis_dag_v20.py for tasks to queue
[2023-08-28T06:11:46.816+0000] {logging_mixin.py:151} INFO - [2023-08-28T06:11:46.815+0000] {dagbag.py:539} INFO - Filling up the DagBag from /opt/airflow/dags/tbf_analysis_dag_v20.py
[2023-08-28T06:11:46.835+0000] {processor.py:839} INFO - DAG(s) dict_keys(['tbf_analysis_dag_v20']) retrieved from /opt/airflow/dags/tbf_analysis_dag_v20.py
[2023-08-28T06:11:46.890+0000] {logging_mixin.py:151} INFO - [2023-08-28T06:11:46.889+0000] {dag.py:2907} INFO - Sync 1 DAGs
[2023-08-28T06:11:46.945+0000] {logging_mixin.py:151} INFO - [2023-08-28T06:11:46.945+0000] {dag.py:3677} INFO - Setting next_dagrun for tbf_analysis_dag_v20 to None, run_after=None
[2023-08-28T06:11:46.973+0000] {processor.py:179} INFO - Processing /opt/airflow/dags/tbf_analysis_dag_v20.py took 0.167 seconds
[2023-08-28T06:12:17.249+0000] {processor.py:157} INFO - Started process (PID=1404) to work on /opt/airflow/dags/tbf_analysis_dag_v20.py
[2023-08-28T06:12:17.251+0000] {processor.py:829} INFO - Processing file /opt/airflow/dags/tbf_analysis_dag_v20.py for tasks to queue
[2023-08-28T06:12:17.256+0000] {logging_mixin.py:151} INFO - [2023-08-28T06:12:17.255+0000] {dagbag.py:539} INFO - Filling up the DagBag from /opt/airflow/dags/tbf_analysis_dag_v20.py
[2023-08-28T06:12:17.288+0000] {processor.py:839} INFO - DAG(s) dict_keys(['tbf_analysis_dag_v20']) retrieved from /opt/airflow/dags/tbf_analysis_dag_v20.py
[2023-08-28T06:12:17.327+0000] {logging_mixin.py:151} INFO - [2023-08-28T06:12:17.326+0000] {dag.py:2907} INFO - Sync 1 DAGs
[2023-08-28T06:12:17.345+0000] {logging_mixin.py:151} INFO - [2023-08-28T06:12:17.345+0000] {dag.py:3677} INFO - Setting next_dagrun for tbf_analysis_dag_v20 to None, run_after=None
[2023-08-28T06:12:17.357+0000] {processor.py:179} INFO - Processing /opt/airflow/dags/tbf_analysis_dag_v20.py took 0.116 seconds
[2023-08-28T06:12:47.735+0000] {processor.py:157} INFO - Started process (PID=1430) to work on /opt/airflow/dags/tbf_analysis_dag_v20.py
[2023-08-28T06:12:47.738+0000] {processor.py:829} INFO - Processing file /opt/airflow/dags/tbf_analysis_dag_v20.py for tasks to queue
[2023-08-28T06:12:47.744+0000] {logging_mixin.py:151} INFO - [2023-08-28T06:12:47.744+0000] {dagbag.py:539} INFO - Filling up the DagBag from /opt/airflow/dags/tbf_analysis_dag_v20.py
[2023-08-28T06:12:47.781+0000] {processor.py:839} INFO - DAG(s) dict_keys(['tbf_analysis_dag_v20']) retrieved from /opt/airflow/dags/tbf_analysis_dag_v20.py
[2023-08-28T06:12:47.844+0000] {logging_mixin.py:151} INFO - [2023-08-28T06:12:47.843+0000] {dag.py:2907} INFO - Sync 1 DAGs
[2023-08-28T06:12:47.880+0000] {logging_mixin.py:151} INFO - [2023-08-28T06:12:47.880+0000] {dag.py:3677} INFO - Setting next_dagrun for tbf_analysis_dag_v20 to None, run_after=None
[2023-08-28T06:12:47.900+0000] {processor.py:179} INFO - Processing /opt/airflow/dags/tbf_analysis_dag_v20.py took 0.172 seconds
[2023-08-28T06:13:18.044+0000] {processor.py:157} INFO - Started process (PID=1456) to work on /opt/airflow/dags/tbf_analysis_dag_v20.py
[2023-08-28T06:13:18.047+0000] {processor.py:829} INFO - Processing file /opt/airflow/dags/tbf_analysis_dag_v20.py for tasks to queue
[2023-08-28T06:13:18.051+0000] {logging_mixin.py:151} INFO - [2023-08-28T06:13:18.051+0000] {dagbag.py:539} INFO - Filling up the DagBag from /opt/airflow/dags/tbf_analysis_dag_v20.py
[2023-08-28T06:13:18.071+0000] {processor.py:839} INFO - DAG(s) dict_keys(['tbf_analysis_dag_v20']) retrieved from /opt/airflow/dags/tbf_analysis_dag_v20.py
[2023-08-28T06:13:18.096+0000] {logging_mixin.py:151} INFO - [2023-08-28T06:13:18.096+0000] {dag.py:2907} INFO - Sync 1 DAGs
[2023-08-28T06:13:18.317+0000] {logging_mixin.py:151} INFO - [2023-08-28T06:13:18.317+0000] {dag.py:3677} INFO - Setting next_dagrun for tbf_analysis_dag_v20 to None, run_after=None
[2023-08-28T06:13:18.327+0000] {processor.py:179} INFO - Processing /opt/airflow/dags/tbf_analysis_dag_v20.py took 0.289 seconds
[2023-08-28T06:13:48.464+0000] {processor.py:157} INFO - Started process (PID=1480) to work on /opt/airflow/dags/tbf_analysis_dag_v20.py
[2023-08-28T06:13:48.466+0000] {processor.py:829} INFO - Processing file /opt/airflow/dags/tbf_analysis_dag_v20.py for tasks to queue
[2023-08-28T06:13:48.471+0000] {logging_mixin.py:151} INFO - [2023-08-28T06:13:48.470+0000] {dagbag.py:539} INFO - Filling up the DagBag from /opt/airflow/dags/tbf_analysis_dag_v20.py
[2023-08-28T06:13:48.492+0000] {processor.py:839} INFO - DAG(s) dict_keys(['tbf_analysis_dag_v20']) retrieved from /opt/airflow/dags/tbf_analysis_dag_v20.py
[2023-08-28T06:13:48.826+0000] {logging_mixin.py:151} INFO - [2023-08-28T06:13:48.826+0000] {dag.py:2907} INFO - Sync 1 DAGs
[2023-08-28T06:13:48.852+0000] {logging_mixin.py:151} INFO - [2023-08-28T06:13:48.852+0000] {dag.py:3677} INFO - Setting next_dagrun for tbf_analysis_dag_v20 to None, run_after=None
[2023-08-28T06:13:48.864+0000] {processor.py:179} INFO - Processing /opt/airflow/dags/tbf_analysis_dag_v20.py took 0.405 seconds
[2023-08-28T06:14:19.200+0000] {processor.py:157} INFO - Started process (PID=1498) to work on /opt/airflow/dags/tbf_analysis_dag_v20.py
[2023-08-28T06:14:19.202+0000] {processor.py:829} INFO - Processing file /opt/airflow/dags/tbf_analysis_dag_v20.py for tasks to queue
[2023-08-28T06:14:19.208+0000] {logging_mixin.py:151} INFO - [2023-08-28T06:14:19.207+0000] {dagbag.py:539} INFO - Filling up the DagBag from /opt/airflow/dags/tbf_analysis_dag_v20.py
[2023-08-28T06:14:19.226+0000] {processor.py:839} INFO - DAG(s) dict_keys(['tbf_analysis_dag_v20']) retrieved from /opt/airflow/dags/tbf_analysis_dag_v20.py
[2023-08-28T06:14:19.256+0000] {logging_mixin.py:151} INFO - [2023-08-28T06:14:19.255+0000] {dag.py:2907} INFO - Sync 1 DAGs
[2023-08-28T06:14:19.284+0000] {logging_mixin.py:151} INFO - [2023-08-28T06:14:19.283+0000] {dag.py:3677} INFO - Setting next_dagrun for tbf_analysis_dag_v20 to None, run_after=None
[2023-08-28T06:14:19.297+0000] {processor.py:179} INFO - Processing /opt/airflow/dags/tbf_analysis_dag_v20.py took 0.104 seconds
[2023-08-28T06:14:49.537+0000] {processor.py:157} INFO - Started process (PID=1524) to work on /opt/airflow/dags/tbf_analysis_dag_v20.py
[2023-08-28T06:14:49.539+0000] {processor.py:829} INFO - Processing file /opt/airflow/dags/tbf_analysis_dag_v20.py for tasks to queue
[2023-08-28T06:14:49.544+0000] {logging_mixin.py:151} INFO - [2023-08-28T06:14:49.543+0000] {dagbag.py:539} INFO - Filling up the DagBag from /opt/airflow/dags/tbf_analysis_dag_v20.py
[2023-08-28T06:14:49.563+0000] {processor.py:839} INFO - DAG(s) dict_keys(['tbf_analysis_dag_v20']) retrieved from /opt/airflow/dags/tbf_analysis_dag_v20.py
[2023-08-28T06:14:49.607+0000] {logging_mixin.py:151} INFO - [2023-08-28T06:14:49.607+0000] {dag.py:2907} INFO - Sync 1 DAGs
[2023-08-28T06:14:49.626+0000] {logging_mixin.py:151} INFO - [2023-08-28T06:14:49.626+0000] {dag.py:3677} INFO - Setting next_dagrun for tbf_analysis_dag_v20 to None, run_after=None
[2023-08-28T06:14:49.639+0000] {processor.py:179} INFO - Processing /opt/airflow/dags/tbf_analysis_dag_v20.py took 0.106 seconds
[2023-08-28T06:15:19.875+0000] {processor.py:157} INFO - Started process (PID=1549) to work on /opt/airflow/dags/tbf_analysis_dag_v20.py
[2023-08-28T06:15:19.880+0000] {processor.py:829} INFO - Processing file /opt/airflow/dags/tbf_analysis_dag_v20.py for tasks to queue
[2023-08-28T06:15:19.884+0000] {logging_mixin.py:151} INFO - [2023-08-28T06:15:19.883+0000] {dagbag.py:539} INFO - Filling up the DagBag from /opt/airflow/dags/tbf_analysis_dag_v20.py
[2023-08-28T06:15:19.903+0000] {processor.py:839} INFO - DAG(s) dict_keys(['tbf_analysis_dag_v20']) retrieved from /opt/airflow/dags/tbf_analysis_dag_v20.py
[2023-08-28T06:15:19.930+0000] {logging_mixin.py:151} INFO - [2023-08-28T06:15:19.930+0000] {dag.py:2907} INFO - Sync 1 DAGs
[2023-08-28T06:15:20.137+0000] {logging_mixin.py:151} INFO - [2023-08-28T06:15:20.137+0000] {dag.py:3677} INFO - Setting next_dagrun for tbf_analysis_dag_v20 to None, run_after=None
[2023-08-28T06:15:20.149+0000] {processor.py:179} INFO - Processing /opt/airflow/dags/tbf_analysis_dag_v20.py took 0.288 seconds
[2023-08-28T06:15:50.288+0000] {processor.py:157} INFO - Started process (PID=1566) to work on /opt/airflow/dags/tbf_analysis_dag_v20.py
[2023-08-28T06:15:50.293+0000] {processor.py:829} INFO - Processing file /opt/airflow/dags/tbf_analysis_dag_v20.py for tasks to queue
[2023-08-28T06:15:50.304+0000] {logging_mixin.py:151} INFO - [2023-08-28T06:15:50.302+0000] {dagbag.py:539} INFO - Filling up the DagBag from /opt/airflow/dags/tbf_analysis_dag_v20.py
[2023-08-28T06:15:50.363+0000] {processor.py:839} INFO - DAG(s) dict_keys(['tbf_analysis_dag_v20']) retrieved from /opt/airflow/dags/tbf_analysis_dag_v20.py
[2023-08-28T06:15:50.464+0000] {logging_mixin.py:151} INFO - [2023-08-28T06:15:50.464+0000] {dag.py:2907} INFO - Sync 1 DAGs
[2023-08-28T06:15:50.952+0000] {logging_mixin.py:151} INFO - [2023-08-28T06:15:50.952+0000] {dag.py:3677} INFO - Setting next_dagrun for tbf_analysis_dag_v20 to None, run_after=None
[2023-08-28T06:15:50.980+0000] {processor.py:179} INFO - Processing /opt/airflow/dags/tbf_analysis_dag_v20.py took 0.704 seconds
