[2023-08-18T20:08:44.444+0000] {taskinstance.py:1165} INFO - Dependencies all met for <TaskInstance: tbf_analysis_dag.download_raw_data_task scheduled__2023-08-18T00:00:00+00:00 [queued]>
[2023-08-18T20:08:44.450+0000] {taskinstance.py:1165} INFO - Dependencies all met for <TaskInstance: tbf_analysis_dag.download_raw_data_task scheduled__2023-08-18T00:00:00+00:00 [queued]>
[2023-08-18T20:08:44.450+0000] {taskinstance.py:1362} INFO - 
--------------------------------------------------------------------------------
[2023-08-18T20:08:44.451+0000] {taskinstance.py:1363} INFO - Starting attempt 1 of 2
[2023-08-18T20:08:44.452+0000] {taskinstance.py:1364} INFO - 
--------------------------------------------------------------------------------
[2023-08-18T20:08:44.460+0000] {taskinstance.py:1383} INFO - Executing <Task(PythonOperator): download_raw_data_task> on 2023-08-18 00:00:00+00:00
[2023-08-18T20:08:44.467+0000] {standard_task_runner.py:54} INFO - Started process 940 to run task
[2023-08-18T20:08:44.471+0000] {standard_task_runner.py:82} INFO - Running: ['***', 'tasks', 'run', 'tbf_analysis_dag', 'download_raw_data_task', 'scheduled__2023-08-18T00:00:00+00:00', '--job-id', '6', '--raw', '--subdir', 'DAGS_FOLDER/tbf_analysis_dag.py', '--cfg-path', '/tmp/tmpf0nfdtqo']
[2023-08-18T20:08:44.473+0000] {standard_task_runner.py:83} INFO - Job 6: Subtask download_raw_data_task
[2023-08-18T20:08:44.474+0000] {dagbag.py:525} INFO - Filling up the DagBag from /opt/***/dags/tbf_analysis_dag.py
[2023-08-18T20:08:44.576+0000] {warnings.py:110} WARNING - /home/***/.local/lib/python3.7/site-packages/***/configuration.py:545: DeprecationWarning: The sql_alchemy_conn option in [core] has been moved to the sql_alchemy_conn option in [database] - the old setting has been used, but please update your config.
  option = self._get_environment_variables(deprecated_key, deprecated_section, key, section)

[2023-08-18T20:08:44.620+0000] {task_command.py:384} INFO - Running <TaskInstance: tbf_analysis_dag.download_raw_data_task scheduled__2023-08-18T00:00:00+00:00 [running]> on host e38908a11e22
[2023-08-18T20:08:44.666+0000] {taskinstance.py:1592} INFO - Exporting the following env vars:
AIRFLOW_CTX_DAG_OWNER=***
AIRFLOW_CTX_DAG_ID=tbf_analysis_dag
AIRFLOW_CTX_TASK_ID=download_raw_data_task
AIRFLOW_CTX_EXECUTION_DATE=2023-08-18T00:00:00+00:00
AIRFLOW_CTX_TRY_NUMBER=1
AIRFLOW_CTX_DAG_RUN_ID=scheduled__2023-08-18T00:00:00+00:00
[2023-08-18T20:08:44.667+0000] {logging_mixin.py:117} INFO - https://www.bts.gov/sites/bts.dot.gov/files/transborder-raw/2014/2014.zip
[2023-08-18T20:08:44.668+0000] {logging_mixin.py:117} INFO - Running bash script
[2023-08-18T20:08:44.682+0000] {logging_mixin.py:117} INFO - Pausing for 15 Seconds
[2023-08-18T20:08:59.700+0000] {logging_mixin.py:117} INFO - https://www.bts.gov/sites/bts.dot.gov/files/transborder-raw/2015/2015.zip
[2023-08-18T20:08:59.704+0000] {logging_mixin.py:117} INFO - Running bash script
[2023-08-18T20:08:59.734+0000] {logging_mixin.py:117} INFO - Pausing for 15 Seconds
[2023-08-18T20:09:14.735+0000] {logging_mixin.py:117} INFO - https://www.bts.gov/sites/bts.dot.gov/files/transborder-raw/2016/2016.zip
[2023-08-18T20:09:14.740+0000] {logging_mixin.py:117} INFO - Running bash script
[2023-08-18T20:09:14.786+0000] {logging_mixin.py:117} INFO - Pausing for 15 Seconds
[2023-08-18T20:09:29.804+0000] {logging_mixin.py:117} INFO - https://www.bts.gov/sites/bts.dot.gov/files/transborder-raw/2017/2017.zip
[2023-08-18T20:09:29.808+0000] {logging_mixin.py:117} INFO - Running bash script
[2023-08-18T20:09:29.843+0000] {logging_mixin.py:117} INFO - Pausing for 15 Seconds
[2023-08-18T20:09:44.861+0000] {logging_mixin.py:117} INFO - https://www.bts.gov/sites/bts.dot.gov/files/transborder-raw/2018/Jan.2018.zip
[2023-08-18T20:09:44.867+0000] {logging_mixin.py:117} INFO - running bash script
[2023-08-18T20:09:44.917+0000] {logging_mixin.py:117} INFO - Pausing for 15 Seconds
[2023-08-18T20:09:59.929+0000] {logging_mixin.py:117} INFO - https://www.bts.gov/sites/bts.dot.gov/files/transborder-raw/2018/Feb2018.zip
[2023-08-18T20:09:59.931+0000] {logging_mixin.py:117} INFO - running bash script
[2023-08-18T20:09:59.948+0000] {logging_mixin.py:117} INFO - Pausing for 15 Seconds
[2023-08-18T20:10:14.980+0000] {logging_mixin.py:117} INFO - https://www.bts.gov/sites/bts.dot.gov/files/transborder-raw/2018/Mar2018.zip
[2023-08-18T20:10:14.988+0000] {logging_mixin.py:117} INFO - running bash script
[2023-08-18T20:10:15.026+0000] {logging_mixin.py:117} INFO - Pausing for 15 Seconds
[2023-08-18T20:10:30.042+0000] {logging_mixin.py:117} INFO - https://www.bts.gov/sites/bts.dot.gov/files/transborder-raw/2018/April2018.zip
[2023-08-18T20:10:30.043+0000] {logging_mixin.py:117} INFO - running bash script
[2023-08-18T20:10:30.060+0000] {logging_mixin.py:117} INFO - Pausing for 15 Seconds
[2023-08-18T20:10:45.072+0000] {logging_mixin.py:117} INFO - https://www.bts.gov/sites/bts.dot.gov/files/transborder-raw/2018/May2018.zip
[2023-08-18T20:10:45.078+0000] {logging_mixin.py:117} INFO - running bash script
[2023-08-18T20:10:45.105+0000] {logging_mixin.py:117} INFO - Pausing for 15 Seconds
[2023-08-18T20:11:00.114+0000] {logging_mixin.py:117} INFO - https://www.bts.gov/sites/bts.dot.gov/files/transborder-raw/2018/June2018.zip
[2023-08-18T20:11:00.116+0000] {logging_mixin.py:117} INFO - running bash script
[2023-08-18T20:11:00.140+0000] {logging_mixin.py:117} INFO - Pausing for 15 Seconds
[2023-08-18T20:11:15.153+0000] {logging_mixin.py:117} INFO - https://www.bts.gov/sites/bts.dot.gov/files/transborder-raw/2018/July2018.zip
[2023-08-18T20:11:15.162+0000] {logging_mixin.py:117} INFO - running bash script
[2023-08-18T20:11:15.200+0000] {logging_mixin.py:117} INFO - Pausing for 15 Seconds
[2023-08-18T20:11:30.220+0000] {logging_mixin.py:117} INFO - https://www.bts.gov/sites/bts.dot.gov/files/transborder-raw/2018/August2018.zip
[2023-08-18T20:11:30.223+0000] {logging_mixin.py:117} INFO - running bash script
[2023-08-18T20:11:30.248+0000] {logging_mixin.py:117} INFO - Pausing for 15 Seconds
[2023-08-18T20:11:45.262+0000] {logging_mixin.py:117} INFO - https://www.bts.gov/sites/bts.dot.gov/files/transborder-raw/2018/September2018.zip
[2023-08-18T20:11:45.264+0000] {logging_mixin.py:117} INFO - running bash script
[2023-08-18T20:11:45.279+0000] {logging_mixin.py:117} INFO - Pausing for 15 Seconds
[2023-08-18T20:12:00.281+0000] {logging_mixin.py:117} INFO - https://www.bts.gov/sites/bts.dot.gov/files/transborder-raw/2018/October2018TransBorderRawData.zip
[2023-08-18T20:12:00.282+0000] {logging_mixin.py:117} INFO - running bash script
[2023-08-18T20:12:00.295+0000] {logging_mixin.py:117} INFO - Pausing for 15 Seconds
[2023-08-18T20:12:15.298+0000] {logging_mixin.py:117} INFO - https://www.bts.gov/sites/bts.dot.gov/files/transborder-raw/2018/November2018TransBorderRawData.zip
[2023-08-18T20:12:15.300+0000] {logging_mixin.py:117} INFO - running bash script
[2023-08-18T20:12:15.313+0000] {logging_mixin.py:117} INFO - Pausing for 15 Seconds
[2023-08-18T20:12:30.316+0000] {logging_mixin.py:117} INFO - https://www.bts.gov/sites/bts.dot.gov/files/transborder-raw/2018/December2018TransBorderRawData-plus-yr-end.zip.zip
[2023-08-18T20:12:30.322+0000] {logging_mixin.py:117} INFO - running bash script
[2023-08-18T20:12:30.366+0000] {logging_mixin.py:117} INFO - Pausing for 15 Seconds
[2023-08-18T20:12:45.412+0000] {logging_mixin.py:117} INFO - https://www.bts.gov/sites/bts.dot.gov/files/transborder-raw/2019/January2019TransBorderRawData.zip
[2023-08-18T20:12:45.416+0000] {logging_mixin.py:117} INFO - running bash script
[2023-08-18T20:12:45.446+0000] {logging_mixin.py:117} INFO - Pausing for 15 Seconds
[2023-08-18T20:13:00.474+0000] {logging_mixin.py:117} INFO - https://www.bts.gov/sites/bts.dot.gov/files/transborder-raw/2019/February2019TransBorderRawData.zip
[2023-08-18T20:13:00.495+0000] {logging_mixin.py:117} INFO - running bash script
[2023-08-18T20:13:00.548+0000] {logging_mixin.py:117} INFO - Pausing for 15 Seconds
[2023-08-18T20:13:15.569+0000] {logging_mixin.py:117} INFO - https://www.bts.gov/sites/bts.dot.gov/files/transborder-raw/2019/March2019TransBorderRawData.zip
[2023-08-18T20:13:15.581+0000] {logging_mixin.py:117} INFO - running bash script
[2023-08-18T20:13:15.619+0000] {logging_mixin.py:117} INFO - Pausing for 15 Seconds
[2023-08-18T20:13:30.649+0000] {logging_mixin.py:117} INFO - https://www.bts.gov/sites/bts.dot.gov/files/transborder-raw/2019/April2019TransBorderRawData.zip
[2023-08-18T20:13:30.657+0000] {logging_mixin.py:117} INFO - running bash script
[2023-08-18T20:13:30.707+0000] {logging_mixin.py:117} INFO - Pausing for 15 Seconds
[2023-08-18T20:13:45.723+0000] {logging_mixin.py:117} INFO - https://www.bts.gov/sites/bts.dot.gov/files/transborder-raw/2019/May2019TransBorderRawData.zip
[2023-08-18T20:13:45.736+0000] {logging_mixin.py:117} INFO - running bash script
[2023-08-18T20:13:45.780+0000] {logging_mixin.py:117} INFO - Pausing for 15 Seconds
[2023-08-18T20:14:00.798+0000] {logging_mixin.py:117} INFO - https://www.bts.gov/sites/bts.dot.gov/files/transborder-raw/2019/June2019TransBorderRawData.zip
[2023-08-18T20:14:00.800+0000] {logging_mixin.py:117} INFO - running bash script
[2023-08-18T20:14:00.820+0000] {logging_mixin.py:117} INFO - Pausing for 15 Seconds
[2023-08-18T20:14:15.823+0000] {logging_mixin.py:117} INFO - https://www.bts.gov/sites/bts.dot.gov/files/transborder-raw/2019/July2019TransBorderRawData.zip
[2023-08-18T20:14:15.831+0000] {logging_mixin.py:117} INFO - running bash script
[2023-08-18T20:14:15.877+0000] {logging_mixin.py:117} INFO - Pausing for 15 Seconds
[2023-08-18T20:14:30.891+0000] {logging_mixin.py:117} INFO - https://www.bts.gov/sites/bts.dot.gov/files/transborder-raw/2019/August2019TransBorderRawData.zip
[2023-08-18T20:14:30.900+0000] {logging_mixin.py:117} INFO - running bash script
[2023-08-18T20:14:30.943+0000] {logging_mixin.py:117} INFO - Pausing for 15 Seconds
[2023-08-18T20:14:45.961+0000] {logging_mixin.py:117} INFO - https://www.bts.gov/sites/bts.dot.gov/files/transborder-raw/2019/September2019TransBorderRawData.zip
[2023-08-18T20:14:45.968+0000] {logging_mixin.py:117} INFO - running bash script
[2023-08-18T20:14:46.020+0000] {logging_mixin.py:117} INFO - Pausing for 15 Seconds
[2023-08-18T20:15:01.042+0000] {logging_mixin.py:117} INFO - https://www.bts.gov/sites/bts.dot.gov/files/transborder-raw/2019/October2019TransBorderRawData.zip
[2023-08-18T20:15:01.047+0000] {logging_mixin.py:117} INFO - running bash script
[2023-08-18T20:15:01.083+0000] {logging_mixin.py:117} INFO - Pausing for 15 Seconds
[2023-08-18T20:15:16.099+0000] {logging_mixin.py:117} INFO - https://www.bts.gov/sites/bts.dot.gov/files/transborder-raw/2019/November2019TransBorderRawData.zip
[2023-08-18T20:15:16.101+0000] {logging_mixin.py:117} INFO - running bash script
[2023-08-18T20:15:16.120+0000] {logging_mixin.py:117} INFO - Pausing for 15 Seconds
[2023-08-18T20:15:31.127+0000] {logging_mixin.py:117} INFO - https://www.bts.gov/sites/bts.dot.gov/files/transborder-raw/2019/December2019TransBorderRawData.zip
[2023-08-18T20:15:31.133+0000] {logging_mixin.py:117} INFO - running bash script
[2023-08-18T20:15:31.172+0000] {logging_mixin.py:117} INFO - Pausing for 15 Seconds
[2023-08-18T20:15:46.185+0000] {logging_mixin.py:117} INFO - https://www.bts.gov/sites/bts.dot.gov/files/transborder-raw/2020/January2020TransBorderRawData.zip
[2023-08-18T20:15:46.189+0000] {logging_mixin.py:117} INFO - running bash script
[2023-08-18T20:15:46.220+0000] {logging_mixin.py:117} INFO - Pausing for 15 Seconds
[2023-08-18T20:16:01.242+0000] {logging_mixin.py:117} INFO - https://www.bts.gov/sites/bts.dot.gov/files/transborder-raw/2020/February2020TransBorderRawData.zip
[2023-08-18T20:16:01.254+0000] {logging_mixin.py:117} INFO - running bash script
[2023-08-18T20:16:01.296+0000] {logging_mixin.py:117} INFO - Pausing for 15 Seconds
[2023-08-18T20:16:16.314+0000] {logging_mixin.py:117} INFO - https://www.bts.gov/sites/bts.dot.gov/files/transborder-raw/2020/March2020TransBorderRawData.zip
[2023-08-18T20:16:16.317+0000] {logging_mixin.py:117} INFO - running bash script
[2023-08-18T20:16:16.346+0000] {logging_mixin.py:117} INFO - Pausing for 15 Seconds
[2023-08-18T20:16:31.353+0000] {logging_mixin.py:117} INFO - https://www.bts.gov/sites/bts.dot.gov/files/transborder-raw/2020/April2020TransBorderRawData.zip
[2023-08-18T20:16:31.354+0000] {logging_mixin.py:117} INFO - running bash script
[2023-08-18T20:16:31.371+0000] {logging_mixin.py:117} INFO - Pausing for 15 Seconds
[2023-08-18T20:16:46.392+0000] {logging_mixin.py:117} INFO - https://www.bts.gov/sites/bts.dot.gov/files/transborder-raw/2020/May2020TransBorderRawData.zip
[2023-08-18T20:16:46.399+0000] {logging_mixin.py:117} INFO - running bash script
[2023-08-18T20:16:46.447+0000] {logging_mixin.py:117} INFO - Pausing for 15 Seconds
[2023-08-18T20:17:01.463+0000] {logging_mixin.py:117} INFO - https://www.bts.gov/sites/bts.dot.gov/files/transborder-raw/2020/June2020TransBorderRawData.zip
[2023-08-18T20:17:01.469+0000] {logging_mixin.py:117} INFO - running bash script
[2023-08-18T20:17:01.509+0000] {logging_mixin.py:117} INFO - Pausing for 15 Seconds
[2023-08-18T20:17:16.527+0000] {logging_mixin.py:117} INFO - https://www.bts.gov/sites/bts.dot.gov/files/transborder-raw/2020/July2020TransBorderRawData.zip
[2023-08-18T20:17:16.534+0000] {logging_mixin.py:117} INFO - running bash script
[2023-08-18T20:17:16.565+0000] {logging_mixin.py:117} INFO - Pausing for 15 Seconds
[2023-08-18T20:17:31.581+0000] {logging_mixin.py:117} INFO - https://www.bts.gov/sites/bts.dot.gov/files/transborder-raw/2020/August2020TransBorderRawData.zip
[2023-08-18T20:17:31.584+0000] {logging_mixin.py:117} INFO - running bash script
[2023-08-18T20:17:31.605+0000] {logging_mixin.py:117} INFO - Pausing for 15 Seconds
[2023-08-18T20:17:46.621+0000] {logging_mixin.py:117} INFO - https://www.bts.gov/sites/bts.dot.gov/files/transborder-raw/2020/September2020TransBorderRawData.zip
[2023-08-18T20:17:46.624+0000] {logging_mixin.py:117} INFO - running bash script
[2023-08-18T20:17:46.655+0000] {logging_mixin.py:117} INFO - Pausing for 15 Seconds
[2023-08-18T20:18:01.693+0000] {logging_mixin.py:117} INFO - https://www.bts.gov/sites/bts.dot.gov/files/transborder-raw/2020/October2020TransBorderRawData.zip
[2023-08-18T20:18:01.700+0000] {logging_mixin.py:117} INFO - running bash script
[2023-08-18T20:18:01.742+0000] {logging_mixin.py:117} INFO - Pausing for 15 Seconds
[2023-08-18T20:18:16.763+0000] {logging_mixin.py:117} INFO - https://www.bts.gov/sites/bts.dot.gov/files/transborder-raw/2020/November2020TransBorderRawData.zip
[2023-08-18T20:18:16.769+0000] {logging_mixin.py:117} INFO - running bash script
[2023-08-18T20:18:16.812+0000] {logging_mixin.py:117} INFO - Pausing for 15 Seconds
[2023-08-18T20:18:31.831+0000] {logging_mixin.py:117} INFO - https://www.bts.gov/sites/bts.dot.gov/files/transborder-raw/2020/December2020TransBorderRawData.zip
[2023-08-18T20:18:31.840+0000] {logging_mixin.py:117} INFO - running bash script
[2023-08-18T20:18:31.868+0000] {logging_mixin.py:117} INFO - Pausing for 15 Seconds
[2023-08-18T20:18:46.890+0000] {logging_mixin.py:117} INFO - https://www.bts.gov/sites/bts.dot.gov/files/transborder-raw/2021/January2021TransBorderRawData.zip
[2023-08-18T20:18:46.901+0000] {logging_mixin.py:117} INFO - running bash script
[2023-08-18T20:18:46.949+0000] {logging_mixin.py:117} INFO - Pausing for 15 Seconds
[2023-08-18T20:19:01.965+0000] {logging_mixin.py:117} INFO - https://www.bts.gov/sites/bts.dot.gov/files/transborder-raw/2021/February2021TransBorderRawData.zip
[2023-08-18T20:19:01.973+0000] {logging_mixin.py:117} INFO - running bash script
[2023-08-18T20:19:02.005+0000] {logging_mixin.py:117} INFO - Pausing for 15 Seconds
[2023-08-18T20:19:17.010+0000] {logging_mixin.py:117} INFO - https://www.bts.gov/sites/bts.dot.gov/files/transborder-raw/2021/March2021TransBorderRawData.zip
[2023-08-18T20:19:17.012+0000] {logging_mixin.py:117} INFO - running bash script
[2023-08-18T20:19:17.039+0000] {logging_mixin.py:117} INFO - Pausing for 15 Seconds
[2023-08-18T20:19:32.055+0000] {logging_mixin.py:117} INFO - https://www.bts.gov/sites/bts.dot.gov/files/transborder-raw/2021/April2021TransBorderRawData.zip
[2023-08-18T20:19:32.057+0000] {logging_mixin.py:117} INFO - running bash script
[2023-08-18T20:19:32.082+0000] {logging_mixin.py:117} INFO - Pausing for 15 Seconds
[2023-08-18T20:19:47.100+0000] {logging_mixin.py:117} INFO - https://www.bts.gov/sites/bts.dot.gov/files/transborder-raw/2021/May2021TransBorderRawData.zip
[2023-08-18T20:19:47.101+0000] {logging_mixin.py:117} INFO - running bash script
[2023-08-18T20:19:47.117+0000] {logging_mixin.py:117} INFO - Pausing for 15 Seconds
[2023-08-18T20:20:02.133+0000] {logging_mixin.py:117} INFO - https://www.bts.gov/sites/bts.dot.gov/files/transborder-raw/2021/June2021TransBorderRawData.zip
[2023-08-18T20:20:02.143+0000] {logging_mixin.py:117} INFO - running bash script
[2023-08-18T20:20:02.188+0000] {logging_mixin.py:117} INFO - Pausing for 15 Seconds
[2023-08-18T20:20:17.203+0000] {logging_mixin.py:117} INFO - https://www.bts.gov/sites/bts.dot.gov/files/transborder-raw/2021/July-to-Dec-2021.zip
[2023-08-18T20:20:17.207+0000] {logging_mixin.py:117} INFO - running bash script
[2023-08-18T20:20:17.240+0000] {logging_mixin.py:117} INFO - Pausing for 15 Seconds
[2023-08-18T20:20:32.260+0000] {logging_mixin.py:117} INFO - https://www.bts.gov/sites/bts.dot.gov/files/transborder-raw/2022/Jan-2022.zip
[2023-08-18T20:20:32.271+0000] {logging_mixin.py:117} INFO - running bash script
[2023-08-18T20:20:32.306+0000] {logging_mixin.py:117} INFO - Pausing for 15 Seconds
[2023-08-18T20:20:47.344+0000] {logging_mixin.py:117} INFO - https://www.bts.gov/sites/bts.dot.gov/files/transborder-raw/2022/Feb-2022.zip
[2023-08-18T20:20:47.351+0000] {logging_mixin.py:117} INFO - running bash script
[2023-08-18T20:20:47.426+0000] {logging_mixin.py:117} INFO - Pausing for 15 Seconds
[2023-08-18T20:21:02.436+0000] {logging_mixin.py:117} INFO - https://www.bts.gov/sites/bts.dot.gov/files/transborder-raw/2022/March-2022.zip
[2023-08-18T20:21:02.445+0000] {logging_mixin.py:117} INFO - running bash script
[2023-08-18T20:21:02.481+0000] {logging_mixin.py:117} INFO - Pausing for 15 Seconds
[2023-08-18T20:21:17.490+0000] {logging_mixin.py:117} INFO - https://www.bts.gov/sites/bts.dot.gov/files/transborder-raw/2022/April2022.zip
[2023-08-18T20:21:17.506+0000] {logging_mixin.py:117} INFO - running bash script
[2023-08-18T20:21:17.554+0000] {logging_mixin.py:117} INFO - Pausing for 15 Seconds
[2023-08-18T20:21:32.572+0000] {logging_mixin.py:117} INFO - https://www.bts.gov/sites/bts.dot.gov/files/transborder-raw/2022/May2022.zip
[2023-08-18T20:21:32.575+0000] {logging_mixin.py:117} INFO - running bash script
[2023-08-18T20:21:32.591+0000] {logging_mixin.py:117} INFO - Pausing for 15 Seconds
