[2023-08-21T20:45:19.994+0000] {taskinstance.py:1165} INFO - Dependencies all met for <TaskInstance: tbf_analysis_dag_v09.download_raw_data_task scheduled__2023-08-21T00:00:00+00:00 [queued]>
[2023-08-21T20:45:20.001+0000] {taskinstance.py:1165} INFO - Dependencies all met for <TaskInstance: tbf_analysis_dag_v09.download_raw_data_task scheduled__2023-08-21T00:00:00+00:00 [queued]>
[2023-08-21T20:45:20.001+0000] {taskinstance.py:1362} INFO - 
--------------------------------------------------------------------------------
[2023-08-21T20:45:20.002+0000] {taskinstance.py:1363} INFO - Starting attempt 1 of 2
[2023-08-21T20:45:20.002+0000] {taskinstance.py:1364} INFO - 
--------------------------------------------------------------------------------
[2023-08-21T20:45:20.019+0000] {taskinstance.py:1383} INFO - Executing <Task(PythonOperator): download_raw_data_task> on 2023-08-21 00:00:00+00:00
[2023-08-21T20:45:20.031+0000] {standard_task_runner.py:54} INFO - Started process 391 to run task
[2023-08-21T20:45:20.043+0000] {standard_task_runner.py:82} INFO - Running: ['***', 'tasks', 'run', 'tbf_analysis_dag_v09', 'download_raw_data_task', 'scheduled__2023-08-21T00:00:00+00:00', '--job-id', '65', '--raw', '--subdir', 'DAGS_FOLDER/tbf_analysis_dag_v09.py', '--cfg-path', '/tmp/tmpg2lka7l7']
[2023-08-21T20:45:20.047+0000] {standard_task_runner.py:83} INFO - Job 65: Subtask download_raw_data_task
[2023-08-21T20:45:20.048+0000] {dagbag.py:525} INFO - Filling up the DagBag from /opt/***/dags/tbf_analysis_dag_v09.py
[2023-08-21T20:45:20.221+0000] {warnings.py:110} WARNING - /home/***/.local/lib/python3.7/site-packages/***/configuration.py:545: DeprecationWarning: The sql_alchemy_conn option in [core] has been moved to the sql_alchemy_conn option in [database] - the old setting has been used, but please update your config.
  option = self._get_environment_variables(deprecated_key, deprecated_section, key, section)

[2023-08-21T20:45:20.316+0000] {task_command.py:384} INFO - Running <TaskInstance: tbf_analysis_dag_v09.download_raw_data_task scheduled__2023-08-21T00:00:00+00:00 [running]> on host 7e2c898f6e79
[2023-08-21T20:45:20.441+0000] {taskinstance.py:1592} INFO - Exporting the following env vars:
AIRFLOW_CTX_DAG_OWNER=***
AIRFLOW_CTX_DAG_ID=tbf_analysis_dag_v09
AIRFLOW_CTX_TASK_ID=download_raw_data_task
AIRFLOW_CTX_EXECUTION_DATE=2023-08-21T00:00:00+00:00
AIRFLOW_CTX_TRY_NUMBER=1
AIRFLOW_CTX_DAG_RUN_ID=scheduled__2023-08-21T00:00:00+00:00
[2023-08-21T20:45:20.446+0000] {logging_mixin.py:117} INFO - https://www.bts.gov/sites/bts.dot.gov/files/transborder-raw/2014/2014.zip
[2023-08-21T20:45:20.447+0000] {logging_mixin.py:117} INFO - Running bash script
[2023-08-21T20:45:20.487+0000] {logging_mixin.py:117} INFO - Pausing for 15 Seconds
[2023-08-21T20:45:35.509+0000] {logging_mixin.py:117} INFO - https://www.bts.gov/sites/bts.dot.gov/files/transborder-raw/2015/2015.zip
[2023-08-21T20:45:35.515+0000] {logging_mixin.py:117} INFO - Running bash script
[2023-08-21T20:45:35.556+0000] {logging_mixin.py:117} INFO - Pausing for 15 Seconds
[2023-08-21T20:45:50.575+0000] {logging_mixin.py:117} INFO - https://www.bts.gov/sites/bts.dot.gov/files/transborder-raw/2016/2016.zip
[2023-08-21T20:45:50.582+0000] {logging_mixin.py:117} INFO - Running bash script
[2023-08-21T20:45:50.626+0000] {logging_mixin.py:117} INFO - Pausing for 15 Seconds
[2023-08-21T20:46:05.640+0000] {logging_mixin.py:117} INFO - https://www.bts.gov/sites/bts.dot.gov/files/transborder-raw/2017/2017.zip
[2023-08-21T20:46:05.649+0000] {logging_mixin.py:117} INFO - Running bash script
[2023-08-21T20:46:05.690+0000] {logging_mixin.py:117} INFO - Pausing for 15 Seconds
[2023-08-21T20:46:20.706+0000] {logging_mixin.py:117} INFO - https://www.bts.gov/sites/bts.dot.gov/files/transborder-raw/2018/Jan.2018.zip
[2023-08-21T20:46:20.708+0000] {logging_mixin.py:117} INFO - running bash script
[2023-08-21T20:46:40.610+0000] {logging_mixin.py:117} INFO - Pausing for 15 Seconds
[2023-08-21T20:46:55.621+0000] {logging_mixin.py:117} INFO - https://www.bts.gov/sites/bts.dot.gov/files/transborder-raw/2018/Feb2018.zip
[2023-08-21T20:46:55.627+0000] {logging_mixin.py:117} INFO - running bash script
[2023-08-21T20:46:56.372+0000] {logging_mixin.py:117} INFO - Pausing for 15 Seconds
[2023-08-21T20:47:11.372+0000] {logging_mixin.py:117} INFO - https://www.bts.gov/sites/bts.dot.gov/files/transborder-raw/2018/Mar2018.zip
[2023-08-21T20:47:11.373+0000] {logging_mixin.py:117} INFO - running bash script
[2023-08-21T20:47:12.385+0000] {logging_mixin.py:117} INFO - Pausing for 15 Seconds
[2023-08-21T20:47:27.402+0000] {logging_mixin.py:117} INFO - https://www.bts.gov/sites/bts.dot.gov/files/transborder-raw/2018/April2018.zip
[2023-08-21T20:47:27.409+0000] {logging_mixin.py:117} INFO - running bash script
[2023-08-21T20:47:28.709+0000] {logging_mixin.py:117} INFO - Pausing for 15 Seconds
[2023-08-21T20:47:43.714+0000] {logging_mixin.py:117} INFO - https://www.bts.gov/sites/bts.dot.gov/files/transborder-raw/2018/May2018.zip
[2023-08-21T20:47:43.716+0000] {logging_mixin.py:117} INFO - running bash script
[2023-08-21T20:47:44.830+0000] {logging_mixin.py:117} INFO - Pausing for 15 Seconds
[2023-08-21T20:47:59.852+0000] {logging_mixin.py:117} INFO - https://www.bts.gov/sites/bts.dot.gov/files/transborder-raw/2018/June2018.zip
[2023-08-21T20:47:59.854+0000] {logging_mixin.py:117} INFO - running bash script
[2023-08-21T20:48:01.352+0000] {logging_mixin.py:117} INFO - Pausing for 15 Seconds
[2023-08-21T20:48:16.372+0000] {logging_mixin.py:117} INFO - https://www.bts.gov/sites/bts.dot.gov/files/transborder-raw/2018/July2018.zip
[2023-08-21T20:48:16.376+0000] {logging_mixin.py:117} INFO - running bash script
[2023-08-21T20:48:17.873+0000] {logging_mixin.py:117} INFO - Pausing for 15 Seconds
[2023-08-21T20:48:32.890+0000] {logging_mixin.py:117} INFO - https://www.bts.gov/sites/bts.dot.gov/files/transborder-raw/2018/August2018.zip
[2023-08-21T20:48:32.893+0000] {logging_mixin.py:117} INFO - running bash script
[2023-08-21T20:48:34.136+0000] {logging_mixin.py:117} INFO - Pausing for 15 Seconds
[2023-08-21T20:48:49.150+0000] {logging_mixin.py:117} INFO - https://www.bts.gov/sites/bts.dot.gov/files/transborder-raw/2018/September2018.zip
[2023-08-21T20:48:49.154+0000] {logging_mixin.py:117} INFO - running bash script
[2023-08-21T20:48:50.481+0000] {logging_mixin.py:117} INFO - Pausing for 15 Seconds
[2023-08-21T20:49:05.501+0000] {logging_mixin.py:117} INFO - https://www.bts.gov/sites/bts.dot.gov/files/transborder-raw/2018/October2018TransBorderRawData.zip
[2023-08-21T20:49:05.506+0000] {logging_mixin.py:117} INFO - running bash script
[2023-08-21T20:49:09.176+0000] {logging_mixin.py:117} INFO - Pausing for 15 Seconds
[2023-08-21T20:49:24.199+0000] {logging_mixin.py:117} INFO - https://www.bts.gov/sites/bts.dot.gov/files/transborder-raw/2018/November2018TransBorderRawData.zip
[2023-08-21T20:49:24.205+0000] {logging_mixin.py:117} INFO - running bash script
[2023-08-21T20:49:25.903+0000] {logging_mixin.py:117} INFO - Pausing for 15 Seconds
[2023-08-21T20:49:40.923+0000] {logging_mixin.py:117} INFO - https://www.bts.gov/sites/bts.dot.gov/files/transborder-raw/2018/December2018TransBorderRawData-plus-yr-end.zip.zip
[2023-08-21T20:49:40.927+0000] {logging_mixin.py:117} INFO - running bash script
[2023-08-21T20:49:49.765+0000] {logging_mixin.py:117} INFO - Pausing for 15 Seconds
[2023-08-21T20:50:04.781+0000] {logging_mixin.py:117} INFO - https://www.bts.gov/sites/bts.dot.gov/files/transborder-raw/2019/January2019TransBorderRawData.zip
[2023-08-21T20:50:04.783+0000] {logging_mixin.py:117} INFO - running bash script
[2023-08-21T20:50:05.341+0000] {logging_mixin.py:117} INFO - Pausing for 15 Seconds
[2023-08-21T20:50:20.359+0000] {logging_mixin.py:117} INFO - https://www.bts.gov/sites/bts.dot.gov/files/transborder-raw/2019/February2019TransBorderRawData.zip
[2023-08-21T20:50:20.361+0000] {logging_mixin.py:117} INFO - running bash script
[2023-08-21T20:50:20.998+0000] {logging_mixin.py:117} INFO - Pausing for 15 Seconds
[2023-08-21T20:50:36.001+0000] {logging_mixin.py:117} INFO - https://www.bts.gov/sites/bts.dot.gov/files/transborder-raw/2019/March2019TransBorderRawData.zip
[2023-08-21T20:50:36.008+0000] {logging_mixin.py:117} INFO - running bash script
[2023-08-21T20:50:37.150+0000] {logging_mixin.py:117} INFO - Pausing for 15 Seconds
[2023-08-21T20:50:52.163+0000] {logging_mixin.py:117} INFO - https://www.bts.gov/sites/bts.dot.gov/files/transborder-raw/2019/April2019TransBorderRawData.zip
[2023-08-21T20:50:52.166+0000] {logging_mixin.py:117} INFO - running bash script
[2023-08-21T20:50:53.516+0000] {logging_mixin.py:117} INFO - Pausing for 15 Seconds
[2023-08-21T20:51:08.532+0000] {logging_mixin.py:117} INFO - https://www.bts.gov/sites/bts.dot.gov/files/transborder-raw/2019/May2019TransBorderRawData.zip
[2023-08-21T20:51:08.537+0000] {logging_mixin.py:117} INFO - running bash script
[2023-08-21T20:51:09.974+0000] {logging_mixin.py:117} INFO - Pausing for 15 Seconds
[2023-08-21T20:51:24.990+0000] {logging_mixin.py:117} INFO - https://www.bts.gov/sites/bts.dot.gov/files/transborder-raw/2019/June2019TransBorderRawData.zip
[2023-08-21T20:51:24.992+0000] {logging_mixin.py:117} INFO - running bash script
