[2023-08-22T15:16:20.557+0000] {taskinstance.py:1165} INFO - Dependencies all met for <TaskInstance: tbf_analysis_dag_v13.download_raw_data_task manual__2023-08-22T15:16:07.577817+00:00 [queued]>
[2023-08-22T15:16:20.564+0000] {taskinstance.py:1165} INFO - Dependencies all met for <TaskInstance: tbf_analysis_dag_v13.download_raw_data_task manual__2023-08-22T15:16:07.577817+00:00 [queued]>
[2023-08-22T15:16:20.564+0000] {taskinstance.py:1362} INFO - 
--------------------------------------------------------------------------------
[2023-08-22T15:16:20.565+0000] {taskinstance.py:1363} INFO - Starting attempt 1 of 2
[2023-08-22T15:16:20.565+0000] {taskinstance.py:1364} INFO - 
--------------------------------------------------------------------------------
[2023-08-22T15:16:20.574+0000] {taskinstance.py:1383} INFO - Executing <Task(PythonOperator): download_raw_data_task> on 2023-08-22 15:16:07.577817+00:00
[2023-08-22T15:16:20.584+0000] {standard_task_runner.py:54} INFO - Started process 2326 to run task
[2023-08-22T15:16:20.589+0000] {standard_task_runner.py:82} INFO - Running: ['***', 'tasks', 'run', 'tbf_analysis_dag_v13', 'download_raw_data_task', 'manual__2023-08-22T15:16:07.577817+00:00', '--job-id', '104', '--raw', '--subdir', 'DAGS_FOLDER/tbf_analysis_dag_v13.py', '--cfg-path', '/tmp/tmps9q26hmp']
[2023-08-22T15:16:20.591+0000] {standard_task_runner.py:83} INFO - Job 104: Subtask download_raw_data_task
[2023-08-22T15:16:20.593+0000] {dagbag.py:525} INFO - Filling up the DagBag from /opt/***/dags/tbf_analysis_dag_v13.py
[2023-08-22T15:16:20.700+0000] {task_command.py:384} INFO - Running <TaskInstance: tbf_analysis_dag_v13.download_raw_data_task manual__2023-08-22T15:16:07.577817+00:00 [running]> on host fe3d229cef63
[2023-08-22T15:16:20.762+0000] {taskinstance.py:1592} INFO - Exporting the following env vars:
AIRFLOW_CTX_DAG_OWNER=***
AIRFLOW_CTX_DAG_ID=tbf_analysis_dag_v13
AIRFLOW_CTX_TASK_ID=download_raw_data_task
AIRFLOW_CTX_EXECUTION_DATE=2023-08-22T15:16:07.577817+00:00
AIRFLOW_CTX_TRY_NUMBER=1
AIRFLOW_CTX_DAG_RUN_ID=manual__2023-08-22T15:16:07.577817+00:00
[2023-08-22T15:16:20.765+0000] {logging_mixin.py:117} INFO - https://www.bts.gov/sites/bts.dot.gov/files/transborder-raw/2014/2014.zip
[2023-08-22T15:16:20.766+0000] {logging_mixin.py:117} INFO - Running bash script
