[2023-08-21T01:42:31.957+0000] {taskinstance.py:1165} INFO - Dependencies all met for <TaskInstance: tbf_analysis_dag_v07.download_raw_data_task scheduled__2023-08-21T00:00:00+00:00 [queued]>
[2023-08-21T01:42:31.965+0000] {taskinstance.py:1165} INFO - Dependencies all met for <TaskInstance: tbf_analysis_dag_v07.download_raw_data_task scheduled__2023-08-21T00:00:00+00:00 [queued]>
[2023-08-21T01:42:31.965+0000] {taskinstance.py:1362} INFO - 
--------------------------------------------------------------------------------
[2023-08-21T01:42:31.966+0000] {taskinstance.py:1363} INFO - Starting attempt 1 of 2
[2023-08-21T01:42:31.967+0000] {taskinstance.py:1364} INFO - 
--------------------------------------------------------------------------------
[2023-08-21T01:42:31.977+0000] {taskinstance.py:1383} INFO - Executing <Task(PythonOperator): download_raw_data_task> on 2023-08-21 00:00:00+00:00
[2023-08-21T01:42:31.998+0000] {standard_task_runner.py:54} INFO - Started process 109 to run task
[2023-08-21T01:42:32.003+0000] {standard_task_runner.py:82} INFO - Running: ['***', 'tasks', 'run', 'tbf_analysis_dag_v07', 'download_raw_data_task', 'scheduled__2023-08-21T00:00:00+00:00', '--job-id', '38', '--raw', '--subdir', 'DAGS_FOLDER/tbf_analysis_dag_v07.py', '--cfg-path', '/tmp/tmp401g7ur0']
[2023-08-21T01:42:32.005+0000] {standard_task_runner.py:83} INFO - Job 38: Subtask download_raw_data_task
[2023-08-21T01:42:32.006+0000] {dagbag.py:525} INFO - Filling up the DagBag from /opt/***/dags/tbf_analysis_dag_v07.py
[2023-08-21T01:42:32.132+0000] {warnings.py:110} WARNING - /home/***/.local/lib/python3.7/site-packages/***/configuration.py:545: DeprecationWarning: The sql_alchemy_conn option in [core] has been moved to the sql_alchemy_conn option in [database] - the old setting has been used, but please update your config.
  option = self._get_environment_variables(deprecated_key, deprecated_section, key, section)

[2023-08-21T01:42:32.176+0000] {task_command.py:384} INFO - Running <TaskInstance: tbf_analysis_dag_v07.download_raw_data_task scheduled__2023-08-21T00:00:00+00:00 [running]> on host 83b9532c43a1
[2023-08-21T01:42:32.244+0000] {taskinstance.py:1592} INFO - Exporting the following env vars:
AIRFLOW_CTX_DAG_OWNER=***
AIRFLOW_CTX_DAG_ID=tbf_analysis_dag_v07
AIRFLOW_CTX_TASK_ID=download_raw_data_task
AIRFLOW_CTX_EXECUTION_DATE=2023-08-21T00:00:00+00:00
AIRFLOW_CTX_TRY_NUMBER=1
AIRFLOW_CTX_DAG_RUN_ID=scheduled__2023-08-21T00:00:00+00:00
[2023-08-21T01:42:32.245+0000] {logging_mixin.py:117} INFO - https://www.bts.gov/sites/bts.dot.gov/files/transborder-raw/2014/2014.zip
[2023-08-21T01:42:32.245+0000] {logging_mixin.py:117} INFO - Running bash script
[2023-08-21T01:42:32.265+0000] {logging_mixin.py:117} INFO - Pausing for 15 Seconds
[2023-08-21T01:42:47.292+0000] {logging_mixin.py:117} INFO - https://www.bts.gov/sites/bts.dot.gov/files/transborder-raw/2015/2015.zip
[2023-08-21T01:42:47.325+0000] {logging_mixin.py:117} INFO - Running bash script
[2023-08-21T01:42:47.382+0000] {logging_mixin.py:117} INFO - Pausing for 15 Seconds
[2023-08-21T01:43:02.400+0000] {logging_mixin.py:117} INFO - https://www.bts.gov/sites/bts.dot.gov/files/transborder-raw/2016/2016.zip
[2023-08-21T01:43:02.415+0000] {logging_mixin.py:117} INFO - Running bash script
[2023-08-21T01:43:02.470+0000] {logging_mixin.py:117} INFO - Pausing for 15 Seconds
[2023-08-21T01:43:17.491+0000] {logging_mixin.py:117} INFO - https://www.bts.gov/sites/bts.dot.gov/files/transborder-raw/2017/2017.zip
[2023-08-21T01:43:17.507+0000] {logging_mixin.py:117} INFO - Running bash script
[2023-08-21T01:43:17.588+0000] {logging_mixin.py:117} INFO - Pausing for 15 Seconds
[2023-08-21T01:43:32.610+0000] {logging_mixin.py:117} INFO - https://www.bts.gov/sites/bts.dot.gov/files/transborder-raw/2018/Jan.2018.zip
[2023-08-21T01:43:32.617+0000] {logging_mixin.py:117} INFO - running bash script
[2023-08-21T01:43:33.570+0000] {logging_mixin.py:117} INFO - Pausing for 15 Seconds
[2023-08-21T01:43:48.594+0000] {logging_mixin.py:117} INFO - https://www.bts.gov/sites/bts.dot.gov/files/transborder-raw/2018/Feb2018.zip
[2023-08-21T01:43:48.603+0000] {logging_mixin.py:117} INFO - running bash script
[2023-08-21T01:43:49.545+0000] {logging_mixin.py:117} INFO - Pausing for 15 Seconds
[2023-08-21T01:44:04.555+0000] {logging_mixin.py:117} INFO - https://www.bts.gov/sites/bts.dot.gov/files/transborder-raw/2018/Mar2018.zip
[2023-08-21T01:44:04.561+0000] {logging_mixin.py:117} INFO - running bash script
[2023-08-21T01:44:05.687+0000] {logging_mixin.py:117} INFO - Pausing for 15 Seconds
[2023-08-21T01:44:20.706+0000] {logging_mixin.py:117} INFO - https://www.bts.gov/sites/bts.dot.gov/files/transborder-raw/2018/April2018.zip
[2023-08-21T01:44:20.712+0000] {logging_mixin.py:117} INFO - running bash script
[2023-08-21T01:44:21.676+0000] {logging_mixin.py:117} INFO - Pausing for 15 Seconds
[2023-08-21T01:44:36.697+0000] {logging_mixin.py:117} INFO - https://www.bts.gov/sites/bts.dot.gov/files/transborder-raw/2018/May2018.zip
[2023-08-21T01:44:36.699+0000] {logging_mixin.py:117} INFO - running bash script
[2023-08-21T01:44:37.601+0000] {logging_mixin.py:117} INFO - Pausing for 15 Seconds
[2023-08-21T01:44:52.618+0000] {logging_mixin.py:117} INFO - https://www.bts.gov/sites/bts.dot.gov/files/transborder-raw/2018/June2018.zip
[2023-08-21T01:44:52.619+0000] {logging_mixin.py:117} INFO - running bash script
[2023-08-21T01:44:53.625+0000] {logging_mixin.py:117} INFO - Pausing for 15 Seconds
[2023-08-21T01:45:08.641+0000] {logging_mixin.py:117} INFO - https://www.bts.gov/sites/bts.dot.gov/files/transborder-raw/2018/July2018.zip
[2023-08-21T01:45:08.643+0000] {logging_mixin.py:117} INFO - running bash script
[2023-08-21T01:45:09.699+0000] {logging_mixin.py:117} INFO - Pausing for 15 Seconds
[2023-08-21T01:45:24.716+0000] {logging_mixin.py:117} INFO - https://www.bts.gov/sites/bts.dot.gov/files/transborder-raw/2018/August2018.zip
[2023-08-21T01:45:24.719+0000] {logging_mixin.py:117} INFO - running bash script
[2023-08-21T01:45:25.982+0000] {logging_mixin.py:117} INFO - Pausing for 15 Seconds
[2023-08-21T01:45:41.007+0000] {logging_mixin.py:117} INFO - https://www.bts.gov/sites/bts.dot.gov/files/transborder-raw/2018/September2018.zip
[2023-08-21T01:45:41.011+0000] {logging_mixin.py:117} INFO - running bash script
[2023-08-21T01:45:42.109+0000] {logging_mixin.py:117} INFO - Pausing for 15 Seconds
[2023-08-21T01:45:57.125+0000] {logging_mixin.py:117} INFO - https://www.bts.gov/sites/bts.dot.gov/files/transborder-raw/2018/October2018TransBorderRawData.zip
[2023-08-21T01:45:57.127+0000] {logging_mixin.py:117} INFO - running bash script
[2023-08-21T01:46:00.632+0000] {logging_mixin.py:117} INFO - Pausing for 15 Seconds
[2023-08-21T01:46:15.656+0000] {logging_mixin.py:117} INFO - https://www.bts.gov/sites/bts.dot.gov/files/transborder-raw/2018/November2018TransBorderRawData.zip
[2023-08-21T01:46:15.665+0000] {logging_mixin.py:117} INFO - running bash script
[2023-08-21T01:46:17.225+0000] {logging_mixin.py:117} INFO - Pausing for 15 Seconds
[2023-08-21T01:46:32.241+0000] {logging_mixin.py:117} INFO - https://www.bts.gov/sites/bts.dot.gov/files/transborder-raw/2018/December2018TransBorderRawData-plus-yr-end.zip.zip
[2023-08-21T01:46:32.246+0000] {logging_mixin.py:117} INFO - running bash script
[2023-08-21T01:46:33.827+0000] {logging_mixin.py:117} INFO - Pausing for 15 Seconds
[2023-08-21T01:46:48.847+0000] {logging_mixin.py:117} INFO - https://www.bts.gov/sites/bts.dot.gov/files/transborder-raw/2019/January2019TransBorderRawData.zip
[2023-08-21T01:46:48.850+0000] {logging_mixin.py:117} INFO - running bash script
[2023-08-21T01:46:49.762+0000] {logging_mixin.py:117} INFO - Pausing for 15 Seconds
[2023-08-21T01:47:04.779+0000] {logging_mixin.py:117} INFO - https://www.bts.gov/sites/bts.dot.gov/files/transborder-raw/2019/February2019TransBorderRawData.zip
[2023-08-21T01:47:04.782+0000] {logging_mixin.py:117} INFO - running bash script
[2023-08-21T03:14:29.756+0000] {logging_mixin.py:117} INFO - Pausing for 15 Seconds
[2023-08-21T03:14:44.781+0000] {logging_mixin.py:117} INFO - https://www.bts.gov/sites/bts.dot.gov/files/transborder-raw/2019/March2019TransBorderRawData.zip
[2023-08-21T03:14:44.786+0000] {logging_mixin.py:117} INFO - running bash script
