[2023-08-28T05:43:00.926+0000] {taskinstance.py:1159} INFO - Dependencies all met for dep_context=non-requeueable deps ti=<TaskInstance: tbf_analysis_dag_v20.transformations.submit_pyspark_job2 manual__2023-08-28T05:42:32.454625+00:00 [queued]>
[2023-08-28T05:43:00.931+0000] {taskinstance.py:1159} INFO - Dependencies all met for dep_context=requeueable deps ti=<TaskInstance: tbf_analysis_dag_v20.transformations.submit_pyspark_job2 manual__2023-08-28T05:42:32.454625+00:00 [queued]>
[2023-08-28T05:43:00.932+0000] {taskinstance.py:1361} INFO - Starting attempt 1 of 2
[2023-08-28T05:43:00.938+0000] {taskinstance.py:1382} INFO - Executing <Task(DataprocSubmitJobOperator): transformations.submit_pyspark_job2> on 2023-08-28 05:42:32.454625+00:00
[2023-08-28T05:43:00.943+0000] {standard_task_runner.py:57} INFO - Started process 157 to run task
[2023-08-28T05:43:00.947+0000] {standard_task_runner.py:84} INFO - Running: ['***', 'tasks', 'run', 'tbf_analysis_dag_v20', 'transformations.submit_pyspark_job2', 'manual__2023-08-28T05:42:32.454625+00:00', '--job-id', '36', '--raw', '--subdir', 'DAGS_FOLDER/tbf_analysis_dag_v20.py', '--cfg-path', '/tmp/tmpt0vh74_s']
[2023-08-28T05:43:00.951+0000] {standard_task_runner.py:85} INFO - Job 36: Subtask transformations.submit_pyspark_job2
[2023-08-28T05:43:00.966+0000] {warnings.py:109} WARNING - /home/***/.local/lib/python3.8/site-packages/***/settings.py:195: DeprecationWarning: The sql_alchemy_conn option in [core] has been moved to the sql_alchemy_conn option in [database] - the old setting has been used, but please update your config.
  SQL_ALCHEMY_CONN = conf.get("database", "SQL_ALCHEMY_CONN")

[2023-08-28T05:43:01.014+0000] {task_command.py:415} INFO - Running <TaskInstance: tbf_analysis_dag_v20.transformations.submit_pyspark_job2 manual__2023-08-28T05:42:32.454625+00:00 [running]> on host 7d623e02890b
[2023-08-28T05:43:01.076+0000] {taskinstance.py:1660} INFO - Exporting env vars: AIRFLOW_CTX_DAG_OWNER='***' AIRFLOW_CTX_DAG_ID='tbf_analysis_dag_v20' AIRFLOW_CTX_TASK_ID='transformations.submit_pyspark_job2' AIRFLOW_CTX_EXECUTION_DATE='2023-08-28T05:42:32.454625+00:00' AIRFLOW_CTX_TRY_NUMBER='1' AIRFLOW_CTX_DAG_RUN_ID='manual__2023-08-28T05:42:32.454625+00:00'
[2023-08-28T05:43:01.078+0000] {dataproc.py:2055} INFO - Submitting job
[2023-08-28T05:43:01.079+0000] {crypto.py:82} WARNING - empty cryptography key - values will not be stored encrypted.
[2023-08-28T05:43:01.080+0000] {connection.py:232} WARNING - Connection schemes (type: google_cloud_platform) shall not contain '_' according to RFC3986.
[2023-08-28T05:43:01.081+0000] {base.py:73} INFO - Using connection ID 'google_cloud_default' for task execution.
[2023-08-28T05:43:01.710+0000] {dataproc.py:2067} INFO - Job a4a6212b-ded8-4f1c-976a-282d08cb436d submitted successfully.
[2023-08-28T05:43:01.747+0000] {dataproc.py:2095} INFO - Waiting for job a4a6212b-ded8-4f1c-976a-282d08cb436d to complete
[2023-08-28T05:43:33.185+0000] {taskinstance.py:1943} ERROR - Task failed with exception
Traceback (most recent call last):
  File "/home/airflow/.local/lib/python3.8/site-packages/airflow/providers/google/cloud/operators/dataproc.py", line 2096, in execute
    self.hook.wait_for_job(
  File "/home/airflow/.local/lib/python3.8/site-packages/airflow/providers/google/common/hooks/base_google.py", line 467, in inner_wrapper
    return func(self, *args, **kwargs)
  File "/home/airflow/.local/lib/python3.8/site-packages/airflow/providers/google/cloud/hooks/dataproc.py", line 721, in wait_for_job
    raise AirflowException(f"Job failed:\n{job}")
airflow.exceptions.AirflowException: Job failed:
reference {
  project_id: "trans-border-freights-394419"
  job_id: "a4a6212b-ded8-4f1c-976a-282d08cb436d"
}
placement {
  cluster_name: "trans-border-freights-394419-dataproc"
  cluster_uuid: "3476c02a-0f94-44ef-8fe4-3612bcb3782c"
}
pyspark_job {
  main_python_file_uri: "gs://tbf-analysis-terraform_trans-border-freights-394419/code/02b_transform_joinwithmetadata.py"
  args: "--gcs_input_path=gs://tbf-analysis-terraform_trans-border-freights-394419/raw/cleanedup_pq"
  args: "--bq_output=tbf_with_metadata2.data-for-reporting"
  args: "--metadata_file=gs://tbf-analysis-terraform_trans-border-freights-394419/metadata/TransBorderCodes.xls"
  args: "--temp_gcs_bucket=tbf-analysis-terraform_trans-border-freights-394419-temp"
  jar_file_uris: "gs://spark-lib/bigquery/spark-bigquery-latest_2.12.jar"
}
status {
  state: ERROR
  details: "Job failed with message [ImportError: Missing optional dependency \'xlrd\'. Install xlrd >= 1.0.0 for Excel support Use pip or conda to install xlrd.]. Additional details can be found at:\nhttps://console.cloud.google.com/dataproc/jobs/a4a6212b-ded8-4f1c-976a-282d08cb436d?project=trans-border-freights-394419&region=us-central1\ngcloud dataproc jobs wait \'a4a6212b-ded8-4f1c-976a-282d08cb436d\' --region \'us-central1\' --project \'trans-border-freights-394419\'\nhttps://console.cloud.google.com/storage/browser/tbf-analysis-terraform_trans-border-freights-394419-temp/google-cloud-dataproc-metainfo/3476c02a-0f94-44ef-8fe4-3612bcb3782c/jobs/a4a6212b-ded8-4f1c-976a-282d08cb436d/\ngs://tbf-analysis-terraform_trans-border-freights-394419-temp/google-cloud-dataproc-metainfo/3476c02a-0f94-44ef-8fe4-3612bcb3782c/jobs/a4a6212b-ded8-4f1c-976a-282d08cb436d/driveroutput"
  state_start_time {
    seconds: 1693201410
    nanos: 177001000
  }
}
status_history {
  state: PENDING
  state_start_time {
    seconds: 1693201381
    nanos: 673114000
  }
}
status_history {
  state: SETUP_DONE
  state_start_time {
    seconds: 1693201381
    nanos: 708966000
  }
}
status_history {
  state: RUNNING
  state_start_time {
    seconds: 1693201382
    nanos: 97759000
  }
}
yarn_applications {
  name: "test"
  state: FINISHED
  progress: 1
  tracking_url: "http://trans-border-freights-394419-dataproc-m.us-central1-b.c.trans-border-freights-394419.internal.:8088/proxy/application_1693199909376_0001/"
}
driver_output_resource_uri: "gs://tbf-analysis-terraform_trans-border-freights-394419-temp/google-cloud-dataproc-metainfo/3476c02a-0f94-44ef-8fe4-3612bcb3782c/jobs/a4a6212b-ded8-4f1c-976a-282d08cb436d/driveroutput"
driver_control_files_uri: "gs://tbf-analysis-terraform_trans-border-freights-394419-temp/google-cloud-dataproc-metainfo/3476c02a-0f94-44ef-8fe4-3612bcb3782c/jobs/a4a6212b-ded8-4f1c-976a-282d08cb436d/"
job_uuid: "a4a6212b-ded8-4f1c-976a-282d08cb436d"
done: true

[2023-08-28T05:43:33.202+0000] {taskinstance.py:1400} INFO - Marking task as UP_FOR_RETRY. dag_id=tbf_analysis_dag_v20, task_id=transformations.submit_pyspark_job2, execution_date=20230828T054232, start_date=20230828T054300, end_date=20230828T054333
[2023-08-28T05:43:33.216+0000] {standard_task_runner.py:104} ERROR - Failed to execute job 36 for task transformations.submit_pyspark_job2 (Job failed:
reference {
  project_id: "trans-border-freights-394419"
  job_id: "a4a6212b-ded8-4f1c-976a-282d08cb436d"
}
placement {
  cluster_name: "trans-border-freights-394419-dataproc"
  cluster_uuid: "3476c02a-0f94-44ef-8fe4-3612bcb3782c"
}
pyspark_job {
  main_python_file_uri: "gs://tbf-analysis-terraform_trans-border-freights-394419/code/02b_transform_joinwithmetadata.py"
  args: "--gcs_input_path=gs://tbf-analysis-terraform_trans-border-freights-394419/raw/cleanedup_pq"
  args: "--bq_output=tbf_with_metadata2.data-for-reporting"
  args: "--metadata_file=gs://tbf-analysis-terraform_trans-border-freights-394419/metadata/TransBorderCodes.xls"
  args: "--temp_gcs_bucket=tbf-analysis-terraform_trans-border-freights-394419-temp"
  jar_file_uris: "gs://spark-lib/bigquery/spark-bigquery-latest_2.12.jar"
}
status {
  state: ERROR
  details: "Job failed with message [ImportError: Missing optional dependency \'xlrd\'. Install xlrd >= 1.0.0 for Excel support Use pip or conda to install xlrd.]. Additional details can be found at:\nhttps://console.cloud.google.com/dataproc/jobs/a4a6212b-ded8-4f1c-976a-282d08cb436d?project=trans-border-freights-394419&region=us-central1\ngcloud dataproc jobs wait \'a4a6212b-ded8-4f1c-976a-282d08cb436d\' --region \'us-central1\' --project \'trans-border-freights-394419\'\nhttps://console.cloud.google.com/storage/browser/tbf-analysis-terraform_trans-border-freights-394419-temp/google-cloud-dataproc-metainfo/3476c02a-0f94-44ef-8fe4-3612bcb3782c/jobs/a4a6212b-ded8-4f1c-976a-282d08cb436d/\ngs://tbf-analysis-terraform_trans-border-freights-394419-temp/google-cloud-dataproc-metainfo/3476c02a-0f94-44ef-8fe4-3612bcb3782c/jobs/a4a6212b-ded8-4f1c-976a-282d08cb436d/driveroutput"
  state_start_time {
    seconds: 1693201410
    nanos: 177001000
  }
}
status_history {
  state: PENDING
  state_start_time {
    seconds: 1693201381
    nanos: 673114000
  }
}
status_history {
  state: SETUP_DONE
  state_start_time {
    seconds: 1693201381
    nanos: 708966000
  }
}
status_history {
  state: RUNNING
  state_start_time {
    seconds: 1693201382
    nanos: 97759000
  }
}
yarn_applications {
  name: "test"
  state: FINISHED
  progress: 1
  tracking_url: "http://trans-border-freights-394419-dataproc-m.us-central1-b.c.trans-border-freights-394419.internal.:8088/proxy/application_1693199909376_0001/"
}
driver_output_resource_uri: "gs://tbf-analysis-terraform_trans-border-freights-394419-temp/google-cloud-dataproc-metainfo/3476c02a-0f94-44ef-8fe4-3612bcb3782c/jobs/a4a6212b-ded8-4f1c-976a-282d08cb436d/driveroutput"
driver_control_files_uri: "gs://tbf-analysis-terraform_trans-border-freights-394419-temp/google-cloud-dataproc-metainfo/3476c02a-0f94-44ef-8fe4-3612bcb3782c/jobs/a4a6212b-ded8-4f1c-976a-282d08cb436d/"
job_uuid: "a4a6212b-ded8-4f1c-976a-282d08cb436d"
done: true
; 157)
[2023-08-28T05:43:33.280+0000] {local_task_job_runner.py:228} INFO - Task exited with return code 1
[2023-08-28T05:43:33.296+0000] {taskinstance.py:2784} INFO - 0 downstream tasks scheduled from follow-on schedule check
