[2023-08-20T19:24:20.175+0000] {taskinstance.py:1165} INFO - Dependencies all met for <TaskInstance: tbf_analysis_dag_v06.download_raw_data_task scheduled__2023-08-20T00:00:00+00:00 [queued]>
[2023-08-20T19:24:20.184+0000] {taskinstance.py:1165} INFO - Dependencies all met for <TaskInstance: tbf_analysis_dag_v06.download_raw_data_task scheduled__2023-08-20T00:00:00+00:00 [queued]>
[2023-08-20T19:24:20.185+0000] {taskinstance.py:1362} INFO - 
--------------------------------------------------------------------------------
[2023-08-20T19:24:20.186+0000] {taskinstance.py:1363} INFO - Starting attempt 1 of 2
[2023-08-20T19:24:20.186+0000] {taskinstance.py:1364} INFO - 
--------------------------------------------------------------------------------
[2023-08-20T19:24:20.198+0000] {taskinstance.py:1383} INFO - Executing <Task(PythonOperator): download_raw_data_task> on 2023-08-20 00:00:00+00:00
[2023-08-20T19:24:20.217+0000] {standard_task_runner.py:54} INFO - Started process 1319 to run task
[2023-08-20T19:24:20.227+0000] {standard_task_runner.py:82} INFO - Running: ['***', 'tasks', 'run', 'tbf_analysis_dag_v06', 'download_raw_data_task', 'scheduled__2023-08-20T00:00:00+00:00', '--job-id', '32', '--raw', '--subdir', 'DAGS_FOLDER/tbf_analysis_dag_v06.py', '--cfg-path', '/tmp/tmpvwq7cqi9']
[2023-08-20T19:24:20.230+0000] {standard_task_runner.py:83} INFO - Job 32: Subtask download_raw_data_task
[2023-08-20T19:24:20.232+0000] {dagbag.py:525} INFO - Filling up the DagBag from /opt/***/dags/tbf_analysis_dag_v06.py
[2023-08-20T19:24:20.337+0000] {warnings.py:110} WARNING - /home/***/.local/lib/python3.7/site-packages/***/configuration.py:545: DeprecationWarning: The sql_alchemy_conn option in [core] has been moved to the sql_alchemy_conn option in [database] - the old setting has been used, but please update your config.
  option = self._get_environment_variables(deprecated_key, deprecated_section, key, section)

[2023-08-20T19:24:20.390+0000] {task_command.py:384} INFO - Running <TaskInstance: tbf_analysis_dag_v06.download_raw_data_task scheduled__2023-08-20T00:00:00+00:00 [running]> on host 897d5ba20846
[2023-08-20T19:24:20.466+0000] {taskinstance.py:1592} INFO - Exporting the following env vars:
AIRFLOW_CTX_DAG_OWNER=***
AIRFLOW_CTX_DAG_ID=tbf_analysis_dag_v06
AIRFLOW_CTX_TASK_ID=download_raw_data_task
AIRFLOW_CTX_EXECUTION_DATE=2023-08-20T00:00:00+00:00
AIRFLOW_CTX_TRY_NUMBER=1
AIRFLOW_CTX_DAG_RUN_ID=scheduled__2023-08-20T00:00:00+00:00
[2023-08-20T19:24:20.470+0000] {logging_mixin.py:117} INFO - https://www.bts.gov/sites/bts.dot.gov/files/transborder-raw/2014/2014.zip
[2023-08-20T19:24:20.471+0000] {logging_mixin.py:117} INFO - Running bash script
[2023-08-20T19:24:20.491+0000] {logging_mixin.py:117} INFO - Pausing for 15 Seconds
[2023-08-20T19:24:35.499+0000] {logging_mixin.py:117} INFO - https://www.bts.gov/sites/bts.dot.gov/files/transborder-raw/2015/2015.zip
[2023-08-20T19:24:35.502+0000] {logging_mixin.py:117} INFO - Running bash script
[2023-08-20T19:24:35.528+0000] {logging_mixin.py:117} INFO - Pausing for 15 Seconds
[2023-08-20T19:24:50.539+0000] {logging_mixin.py:117} INFO - https://www.bts.gov/sites/bts.dot.gov/files/transborder-raw/2016/2016.zip
[2023-08-20T19:24:50.543+0000] {logging_mixin.py:117} INFO - Running bash script
[2023-08-20T19:24:50.579+0000] {logging_mixin.py:117} INFO - Pausing for 15 Seconds
[2023-08-20T19:25:05.591+0000] {logging_mixin.py:117} INFO - https://www.bts.gov/sites/bts.dot.gov/files/transborder-raw/2017/2017.zip
[2023-08-20T19:25:05.598+0000] {logging_mixin.py:117} INFO - Running bash script
[2023-08-20T19:25:05.630+0000] {logging_mixin.py:117} INFO - Pausing for 15 Seconds
[2023-08-20T19:25:20.647+0000] {logging_mixin.py:117} INFO - https://www.bts.gov/sites/bts.dot.gov/files/transborder-raw/2018/Jan.2018.zip
[2023-08-20T19:25:20.654+0000] {logging_mixin.py:117} INFO - running bash script
[2023-08-20T19:25:31.737+0000] {logging_mixin.py:117} INFO - Pausing for 15 Seconds
[2023-08-20T19:25:46.742+0000] {logging_mixin.py:117} INFO - https://www.bts.gov/sites/bts.dot.gov/files/transborder-raw/2018/Feb2018.zip
[2023-08-20T19:25:46.757+0000] {logging_mixin.py:117} INFO - running bash script
[2023-08-20T19:25:47.401+0000] {logging_mixin.py:117} INFO - Pausing for 15 Seconds
[2023-08-20T19:26:02.424+0000] {logging_mixin.py:117} INFO - https://www.bts.gov/sites/bts.dot.gov/files/transborder-raw/2018/Mar2018.zip
[2023-08-20T19:26:02.427+0000] {logging_mixin.py:117} INFO - running bash script
[2023-08-20T19:26:03.436+0000] {logging_mixin.py:117} INFO - Pausing for 15 Seconds
[2023-08-20T19:26:18.453+0000] {logging_mixin.py:117} INFO - https://www.bts.gov/sites/bts.dot.gov/files/transborder-raw/2018/April2018.zip
[2023-08-20T19:26:18.462+0000] {logging_mixin.py:117} INFO - running bash script
[2023-08-20T19:26:19.208+0000] {logging_mixin.py:117} INFO - Pausing for 15 Seconds
[2023-08-20T19:26:34.219+0000] {logging_mixin.py:117} INFO - https://www.bts.gov/sites/bts.dot.gov/files/transborder-raw/2018/May2018.zip
[2023-08-20T19:26:34.225+0000] {logging_mixin.py:117} INFO - running bash script
[2023-08-20T19:26:35.047+0000] {logging_mixin.py:117} INFO - Pausing for 15 Seconds
[2023-08-20T19:26:50.069+0000] {logging_mixin.py:117} INFO - https://www.bts.gov/sites/bts.dot.gov/files/transborder-raw/2018/June2018.zip
[2023-08-20T19:26:50.072+0000] {logging_mixin.py:117} INFO - running bash script
[2023-08-20T19:26:51.029+0000] {logging_mixin.py:117} INFO - Pausing for 15 Seconds
[2023-08-20T19:27:06.038+0000] {logging_mixin.py:117} INFO - https://www.bts.gov/sites/bts.dot.gov/files/transborder-raw/2018/July2018.zip
[2023-08-20T19:27:06.041+0000] {logging_mixin.py:117} INFO - running bash script
[2023-08-20T19:27:06.937+0000] {logging_mixin.py:117} INFO - Pausing for 15 Seconds
[2023-08-20T19:27:21.954+0000] {logging_mixin.py:117} INFO - https://www.bts.gov/sites/bts.dot.gov/files/transborder-raw/2018/August2018.zip
[2023-08-20T19:27:21.967+0000] {logging_mixin.py:117} INFO - running bash script
[2023-08-20T19:27:22.846+0000] {logging_mixin.py:117} INFO - Pausing for 15 Seconds
[2023-08-20T19:27:37.853+0000] {logging_mixin.py:117} INFO - https://www.bts.gov/sites/bts.dot.gov/files/transborder-raw/2018/September2018.zip
[2023-08-20T19:27:37.857+0000] {logging_mixin.py:117} INFO - running bash script
[2023-08-20T19:27:38.699+0000] {logging_mixin.py:117} INFO - Pausing for 15 Seconds
[2023-08-20T19:27:53.721+0000] {logging_mixin.py:117} INFO - https://www.bts.gov/sites/bts.dot.gov/files/transborder-raw/2018/October2018TransBorderRawData.zip
[2023-08-20T19:27:53.735+0000] {logging_mixin.py:117} INFO - running bash script
