[2023-08-22T15:16:10.517+0000] {taskinstance.py:1165} INFO - Dependencies all met for <TaskInstance: tbf_analysis_dag_v13.authenticate_service_acct_task manual__2023-08-22T15:16:07.577817+00:00 [queued]>
[2023-08-22T15:16:10.522+0000] {taskinstance.py:1165} INFO - Dependencies all met for <TaskInstance: tbf_analysis_dag_v13.authenticate_service_acct_task manual__2023-08-22T15:16:07.577817+00:00 [queued]>
[2023-08-22T15:16:10.522+0000] {taskinstance.py:1362} INFO - 
--------------------------------------------------------------------------------
[2023-08-22T15:16:10.523+0000] {taskinstance.py:1363} INFO - Starting attempt 1 of 2
[2023-08-22T15:16:10.524+0000] {taskinstance.py:1364} INFO - 
--------------------------------------------------------------------------------
[2023-08-22T15:16:10.532+0000] {taskinstance.py:1383} INFO - Executing <Task(BashOperator): authenticate_service_acct_task> on 2023-08-22 15:16:07.577817+00:00
[2023-08-22T15:16:10.538+0000] {standard_task_runner.py:54} INFO - Started process 93 to run task
[2023-08-22T15:16:10.541+0000] {standard_task_runner.py:82} INFO - Running: ['***', 'tasks', 'run', 'tbf_analysis_dag_v13', 'authenticate_service_acct_task', 'manual__2023-08-22T15:16:07.577817+00:00', '--job-id', '100', '--raw', '--subdir', 'DAGS_FOLDER/tbf_analysis_dag_v13.py', '--cfg-path', '/tmp/tmpoxgg_vwa']
[2023-08-22T15:16:10.543+0000] {standard_task_runner.py:83} INFO - Job 100: Subtask authenticate_service_acct_task
[2023-08-22T15:16:10.544+0000] {dagbag.py:525} INFO - Filling up the DagBag from /opt/***/dags/tbf_analysis_dag_v13.py
[2023-08-22T15:16:10.678+0000] {task_command.py:384} INFO - Running <TaskInstance: tbf_analysis_dag_v13.authenticate_service_acct_task manual__2023-08-22T15:16:07.577817+00:00 [running]> on host fe3d229cef63
[2023-08-22T15:16:10.726+0000] {taskinstance.py:1592} INFO - Exporting the following env vars:
AIRFLOW_CTX_DAG_OWNER=***
AIRFLOW_CTX_DAG_ID=tbf_analysis_dag_v13
AIRFLOW_CTX_TASK_ID=authenticate_service_acct_task
AIRFLOW_CTX_EXECUTION_DATE=2023-08-22T15:16:07.577817+00:00
AIRFLOW_CTX_TRY_NUMBER=1
AIRFLOW_CTX_DAG_RUN_ID=manual__2023-08-22T15:16:07.577817+00:00
[2023-08-22T15:16:10.727+0000] {subprocess.py:63} INFO - Tmp dir root location: 
 /tmp
[2023-08-22T15:16:10.728+0000] {subprocess.py:75} INFO - Running command: ['/bin/bash', '-c', 'echo starting_gcloud_auth; gcloud auth activate-service-account terraform@trans-border-freights-394419.iam.gserviceaccount.com --key-file /.google/credentials/google_credentials.json; echo ending_gcloud_auth']
[2023-08-22T15:16:10.739+0000] {subprocess.py:86} INFO - Output:
[2023-08-22T15:16:10.742+0000] {subprocess.py:93} INFO - starting_gcloud_auth
[2023-08-22T15:16:11.610+0000] {subprocess.py:93} INFO - Activated service account credentials for: [terraform@trans-border-freights-394419.iam.gserviceaccount.com]
[2023-08-22T15:16:12.114+0000] {subprocess.py:93} INFO - ending_gcloud_auth
[2023-08-22T15:16:12.115+0000] {subprocess.py:97} INFO - Command exited with return code 0
[2023-08-22T15:16:12.140+0000] {taskinstance.py:1406} INFO - Marking task as SUCCESS. dag_id=tbf_analysis_dag_v13, task_id=authenticate_service_acct_task, execution_date=20230822T151607, start_date=20230822T151610, end_date=20230822T151612
[2023-08-22T15:16:12.170+0000] {local_task_job.py:164} INFO - Task exited with return code 0
[2023-08-22T15:16:12.195+0000] {local_task_job.py:273} INFO - 1 downstream tasks scheduled from follow-on schedule check
