[2023-08-22T00:36:46.342+0000] {taskinstance.py:1165} INFO - Dependencies all met for <TaskInstance: tbf_analysis_dag_v10.transfer_to_GCS_task manual__2023-08-22T00:36:41.813735+00:00 [queued]>
[2023-08-22T00:36:46.349+0000] {taskinstance.py:1165} INFO - Dependencies all met for <TaskInstance: tbf_analysis_dag_v10.transfer_to_GCS_task manual__2023-08-22T00:36:41.813735+00:00 [queued]>
[2023-08-22T00:36:46.350+0000] {taskinstance.py:1362} INFO - 
--------------------------------------------------------------------------------
[2023-08-22T00:36:46.351+0000] {taskinstance.py:1363} INFO - Starting attempt 1 of 2
[2023-08-22T00:36:46.351+0000] {taskinstance.py:1364} INFO - 
--------------------------------------------------------------------------------
[2023-08-22T00:36:46.359+0000] {taskinstance.py:1383} INFO - Executing <Task(BashOperator): transfer_to_GCS_task> on 2023-08-22 00:36:41.813735+00:00
[2023-08-22T00:36:46.365+0000] {standard_task_runner.py:54} INFO - Started process 4404 to run task
[2023-08-22T00:36:46.368+0000] {standard_task_runner.py:82} INFO - Running: ['***', 'tasks', 'run', 'tbf_analysis_dag_v10', 'transfer_to_GCS_task', 'manual__2023-08-22T00:36:41.813735+00:00', '--job-id', '77', '--raw', '--subdir', 'DAGS_FOLDER/tbf_analysis_dag_v10.py', '--cfg-path', '/tmp/tmpl_qxadoi']
[2023-08-22T00:36:46.370+0000] {standard_task_runner.py:83} INFO - Job 77: Subtask transfer_to_GCS_task
[2023-08-22T00:36:46.372+0000] {dagbag.py:525} INFO - Filling up the DagBag from /opt/***/dags/tbf_analysis_dag_v10.py
[2023-08-22T00:36:46.468+0000] {task_command.py:384} INFO - Running <TaskInstance: tbf_analysis_dag_v10.transfer_to_GCS_task manual__2023-08-22T00:36:41.813735+00:00 [running]> on host 2791cbd3eb46
[2023-08-22T00:36:46.512+0000] {taskinstance.py:1592} INFO - Exporting the following env vars:
AIRFLOW_CTX_DAG_OWNER=***
AIRFLOW_CTX_DAG_ID=tbf_analysis_dag_v10
AIRFLOW_CTX_TASK_ID=transfer_to_GCS_task
AIRFLOW_CTX_EXECUTION_DATE=2023-08-22T00:36:41.813735+00:00
AIRFLOW_CTX_TRY_NUMBER=1
AIRFLOW_CTX_DAG_RUN_ID=manual__2023-08-22T00:36:41.813735+00:00
[2023-08-22T00:36:46.513+0000] {subprocess.py:63} INFO - Tmp dir root location: 
 /tmp
[2023-08-22T00:36:46.514+0000] {subprocess.py:75} INFO - Running command: ['/bin/bash', '-c', 'bash /opt/***/transfer_to_GCS/gcloud_setup_local.sh tbf-analysis-terraform_trans-border-freights-394419']
[2023-08-22T00:36:46.524+0000] {subprocess.py:86} INFO - Output:
[2023-08-22T00:36:47.865+0000] {subprocess.py:93} INFO - Copying file:///opt/***/transfer_to_GCS/02a_transform_consolidate.py...
[2023-08-22T00:36:47.871+0000] {subprocess.py:93} INFO - / [0 files][    0.0 B/  6.8 KiB]                                                / [1 files][  6.8 KiB/  6.8 KiB]
[2023-08-22T00:36:47.872+0000] {subprocess.py:93} INFO - Operation completed over 1 objects/6.8 KiB.
[2023-08-22T00:36:49.211+0000] {subprocess.py:93} INFO - Copying file:///opt/***/transfer_to_GCS/02b_transform_joinwithmetadata.py...
[2023-08-22T00:36:49.217+0000] {subprocess.py:93} INFO - / [0 files][    0.0 B/  6.3 KiB]                                                / [1 files][  6.3 KiB/  6.3 KiB]
[2023-08-22T00:36:49.218+0000] {subprocess.py:93} INFO - Operation completed over 1 objects/6.3 KiB.
[2023-08-22T00:36:50.563+0000] {subprocess.py:93} INFO - Copying file:///opt/***/transfer_to_GCS/TransBorderCodes.xls...
[2023-08-22T00:36:50.568+0000] {subprocess.py:93} INFO - / [0 files][    0.0 B/ 80.5 KiB]                                                / [1 files][ 80.5 KiB/ 80.5 KiB]
[2023-08-22T00:36:50.569+0000] {subprocess.py:93} INFO - Operation completed over 1 objects/80.5 KiB.
[2023-08-22T00:36:50.727+0000] {subprocess.py:97} INFO - Command exited with return code 0
[2023-08-22T00:36:50.763+0000] {taskinstance.py:1406} INFO - Marking task as SUCCESS. dag_id=tbf_analysis_dag_v10, task_id=transfer_to_GCS_task, execution_date=20230822T003641, start_date=20230822T003646, end_date=20230822T003650
[2023-08-22T00:36:50.817+0000] {local_task_job.py:164} INFO - Task exited with return code 0
[2023-08-22T00:36:50.853+0000] {local_task_job.py:273} INFO - 1 downstream tasks scheduled from follow-on schedule check
