[2023-08-22T15:16:13.410+0000] {taskinstance.py:1165} INFO - Dependencies all met for <TaskInstance: tbf_analysis_dag_v13.transfer_to_GCS_task scheduled__2023-08-22T00:00:00+00:00 [queued]>
[2023-08-22T15:16:13.417+0000] {taskinstance.py:1165} INFO - Dependencies all met for <TaskInstance: tbf_analysis_dag_v13.transfer_to_GCS_task scheduled__2023-08-22T00:00:00+00:00 [queued]>
[2023-08-22T15:16:13.417+0000] {taskinstance.py:1362} INFO - 
--------------------------------------------------------------------------------
[2023-08-22T15:16:13.418+0000] {taskinstance.py:1363} INFO - Starting attempt 1 of 2
[2023-08-22T15:16:13.418+0000] {taskinstance.py:1364} INFO - 
--------------------------------------------------------------------------------
[2023-08-22T15:16:13.425+0000] {taskinstance.py:1383} INFO - Executing <Task(BashOperator): transfer_to_GCS_task> on 2023-08-22 00:00:00+00:00
[2023-08-22T15:16:13.430+0000] {standard_task_runner.py:54} INFO - Started process 134 to run task
[2023-08-22T15:16:13.433+0000] {standard_task_runner.py:82} INFO - Running: ['***', 'tasks', 'run', 'tbf_analysis_dag_v13', 'transfer_to_GCS_task', 'scheduled__2023-08-22T00:00:00+00:00', '--job-id', '103', '--raw', '--subdir', 'DAGS_FOLDER/tbf_analysis_dag_v13.py', '--cfg-path', '/tmp/tmp51s8kj9f']
[2023-08-22T15:16:13.435+0000] {standard_task_runner.py:83} INFO - Job 103: Subtask transfer_to_GCS_task
[2023-08-22T15:16:13.436+0000] {dagbag.py:525} INFO - Filling up the DagBag from /opt/***/dags/tbf_analysis_dag_v13.py
[2023-08-22T15:16:13.488+0000] {warnings.py:110} WARNING - /home/***/.local/lib/python3.7/site-packages/***/configuration.py:545: DeprecationWarning: The sql_alchemy_conn option in [core] has been moved to the sql_alchemy_conn option in [database] - the old setting has been used, but please update your config.
  option = self._get_environment_variables(deprecated_key, deprecated_section, key, section)

[2023-08-22T15:16:13.525+0000] {task_command.py:384} INFO - Running <TaskInstance: tbf_analysis_dag_v13.transfer_to_GCS_task scheduled__2023-08-22T00:00:00+00:00 [running]> on host fe3d229cef63
[2023-08-22T15:16:13.570+0000] {taskinstance.py:1592} INFO - Exporting the following env vars:
AIRFLOW_CTX_DAG_OWNER=***
AIRFLOW_CTX_DAG_ID=tbf_analysis_dag_v13
AIRFLOW_CTX_TASK_ID=transfer_to_GCS_task
AIRFLOW_CTX_EXECUTION_DATE=2023-08-22T00:00:00+00:00
AIRFLOW_CTX_TRY_NUMBER=1
AIRFLOW_CTX_DAG_RUN_ID=scheduled__2023-08-22T00:00:00+00:00
[2023-08-22T15:16:13.571+0000] {subprocess.py:63} INFO - Tmp dir root location: 
 /tmp
[2023-08-22T15:16:13.572+0000] {subprocess.py:75} INFO - Running command: ['/bin/bash', '-c', 'bash /opt/***/transfer_to_GCS/gcloud_setup_local.sh gs://tbf-analysis-terraform_trans-border-freights-394419']
[2023-08-22T15:16:13.583+0000] {subprocess.py:86} INFO - Output:
[2023-08-22T15:16:13.587+0000] {subprocess.py:93} INFO - Bucket is:
[2023-08-22T15:16:13.588+0000] {subprocess.py:93} INFO - gs://tbf-analysis-terraform_trans-border-freights-394419
[2023-08-22T15:16:14.822+0000] {subprocess.py:93} INFO - Copying file:///opt/***/transfer_to_GCS/02a_transform_consolidate.py [Content-Type=text/x-python]...
[2023-08-22T15:16:15.318+0000] {subprocess.py:93} INFO - / [0/1 files][    0.0 B/  6.8 KiB]   0% Done                                    / [1/1 files][  6.8 KiB/  6.8 KiB] 100% Done
[2023-08-22T15:16:15.319+0000] {subprocess.py:93} INFO - Operation completed over 1 objects/6.8 KiB.
[2023-08-22T15:16:16.722+0000] {subprocess.py:93} INFO - Copying file:///opt/***/transfer_to_GCS/02b_transform_joinwithmetadata.py [Content-Type=text/x-python]...
[2023-08-22T15:16:17.063+0000] {subprocess.py:93} INFO - / [0/1 files][    0.0 B/  6.3 KiB]   0% Done                                    / [1/1 files][  6.3 KiB/  6.3 KiB] 100% Done
[2023-08-22T15:16:17.064+0000] {subprocess.py:93} INFO - Operation completed over 1 objects/6.3 KiB.
[2023-08-22T15:16:18.483+0000] {subprocess.py:93} INFO - Copying file:///opt/***/transfer_to_GCS/TransBorderCodes.xls [Content-Type=application/vnd.ms-excel]...
[2023-08-22T15:16:19.163+0000] {subprocess.py:93} INFO - / [0/1 files][    0.0 B/ 80.5 KiB]   0% Done                                    / [1/1 files][ 80.5 KiB/ 80.5 KiB] 100% Done                                    -
[2023-08-22T15:16:19.165+0000] {subprocess.py:93} INFO - Operation completed over 1 objects/80.5 KiB.
[2023-08-22T15:16:19.419+0000] {subprocess.py:97} INFO - Command exited with return code 0
[2023-08-22T15:16:19.450+0000] {taskinstance.py:1406} INFO - Marking task as SUCCESS. dag_id=tbf_analysis_dag_v13, task_id=transfer_to_GCS_task, execution_date=20230822T000000, start_date=20230822T151613, end_date=20230822T151619
[2023-08-22T15:16:19.497+0000] {local_task_job.py:164} INFO - Task exited with return code 0
[2023-08-22T15:16:19.520+0000] {local_task_job.py:273} INFO - 1 downstream tasks scheduled from follow-on schedule check
