[2023-08-22T01:02:18.145+0000] {taskinstance.py:1165} INFO - Dependencies all met for <TaskInstance: tbf_analysis_dag_v11.download_raw_data_task scheduled__2023-08-22T00:00:00+00:00 [queued]>
[2023-08-22T01:02:18.152+0000] {taskinstance.py:1165} INFO - Dependencies all met for <TaskInstance: tbf_analysis_dag_v11.download_raw_data_task scheduled__2023-08-22T00:00:00+00:00 [queued]>
[2023-08-22T01:02:18.152+0000] {taskinstance.py:1362} INFO - 
--------------------------------------------------------------------------------
[2023-08-22T01:02:18.153+0000] {taskinstance.py:1363} INFO - Starting attempt 1 of 2
[2023-08-22T01:02:18.153+0000] {taskinstance.py:1364} INFO - 
--------------------------------------------------------------------------------
[2023-08-22T01:02:18.162+0000] {taskinstance.py:1383} INFO - Executing <Task(PythonOperator): download_raw_data_task> on 2023-08-22 00:00:00+00:00
[2023-08-22T01:02:18.169+0000] {standard_task_runner.py:54} INFO - Started process 2361 to run task
[2023-08-22T01:02:18.173+0000] {standard_task_runner.py:82} INFO - Running: ['***', 'tasks', 'run', 'tbf_analysis_dag_v11', 'download_raw_data_task', 'scheduled__2023-08-22T00:00:00+00:00', '--job-id', '86', '--raw', '--subdir', 'DAGS_FOLDER/tbf_analysis_dag_v11.py', '--cfg-path', '/tmp/tmp1ae81r9n']
[2023-08-22T01:02:18.175+0000] {standard_task_runner.py:83} INFO - Job 86: Subtask download_raw_data_task
[2023-08-22T01:02:18.176+0000] {dagbag.py:525} INFO - Filling up the DagBag from /opt/***/dags/tbf_analysis_dag_v11.py
[2023-08-22T01:02:18.239+0000] {warnings.py:110} WARNING - /home/***/.local/lib/python3.7/site-packages/***/configuration.py:545: DeprecationWarning: The sql_alchemy_conn option in [core] has been moved to the sql_alchemy_conn option in [database] - the old setting has been used, but please update your config.
  option = self._get_environment_variables(deprecated_key, deprecated_section, key, section)

[2023-08-22T01:02:18.287+0000] {task_command.py:384} INFO - Running <TaskInstance: tbf_analysis_dag_v11.download_raw_data_task scheduled__2023-08-22T00:00:00+00:00 [running]> on host a689a645a1f0
[2023-08-22T01:02:18.344+0000] {taskinstance.py:1592} INFO - Exporting the following env vars:
AIRFLOW_CTX_DAG_OWNER=***
AIRFLOW_CTX_DAG_ID=tbf_analysis_dag_v11
AIRFLOW_CTX_TASK_ID=download_raw_data_task
AIRFLOW_CTX_EXECUTION_DATE=2023-08-22T00:00:00+00:00
AIRFLOW_CTX_TRY_NUMBER=1
AIRFLOW_CTX_DAG_RUN_ID=scheduled__2023-08-22T00:00:00+00:00
[2023-08-22T01:02:18.346+0000] {logging_mixin.py:117} INFO - https://www.bts.gov/sites/bts.dot.gov/files/transborder-raw/2014/2014.zip
[2023-08-22T01:02:18.346+0000] {logging_mixin.py:117} INFO - Running bash script
[2023-08-22T01:02:29.933+0000] {logging_mixin.py:117} INFO - Pausing for 15 Seconds
[2023-08-22T01:02:44.956+0000] {logging_mixin.py:117} INFO - https://www.bts.gov/sites/bts.dot.gov/files/transborder-raw/2015/2015.zip
[2023-08-22T01:02:44.963+0000] {logging_mixin.py:117} INFO - Running bash script
[2023-08-22T01:02:57.385+0000] {logging_mixin.py:117} INFO - Pausing for 15 Seconds
[2023-08-22T01:03:12.407+0000] {logging_mixin.py:117} INFO - https://www.bts.gov/sites/bts.dot.gov/files/transborder-raw/2016/2016.zip
[2023-08-22T01:03:12.413+0000] {logging_mixin.py:117} INFO - Running bash script
