[2023-08-28T16:07:06.901+0000] {taskinstance.py:1159} INFO - Dependencies all met for dep_context=non-requeueable deps ti=<TaskInstance: tbf_analysis_dag_final.transfer_to_GCS_task manual__2023-08-28T16:07:01.709445+00:00 [queued]>
[2023-08-28T16:07:06.907+0000] {taskinstance.py:1159} INFO - Dependencies all met for dep_context=requeueable deps ti=<TaskInstance: tbf_analysis_dag_final.transfer_to_GCS_task manual__2023-08-28T16:07:01.709445+00:00 [queued]>
[2023-08-28T16:07:06.908+0000] {taskinstance.py:1361} INFO - Starting attempt 1 of 2
[2023-08-28T16:07:06.918+0000] {taskinstance.py:1382} INFO - Executing <Task(BashOperator): transfer_to_GCS_task> on 2023-08-28 16:07:01.709445+00:00
[2023-08-28T16:07:06.922+0000] {standard_task_runner.py:57} INFO - Started process 346 to run task
[2023-08-28T16:07:06.927+0000] {standard_task_runner.py:84} INFO - Running: ['***', 'tasks', 'run', 'tbf_analysis_dag_final', 'transfer_to_GCS_task', 'manual__2023-08-28T16:07:01.709445+00:00', '--job-id', '52', '--raw', '--subdir', 'DAGS_FOLDER/tbf_analysis_dag_final.py', '--cfg-path', '/tmp/tmp9p6gm_lr']
[2023-08-28T16:07:06.930+0000] {standard_task_runner.py:85} INFO - Job 52: Subtask transfer_to_GCS_task
[2023-08-28T16:07:06.945+0000] {warnings.py:109} WARNING - /home/***/.local/lib/python3.8/site-packages/***/settings.py:195: DeprecationWarning: The sql_alchemy_conn option in [core] has been moved to the sql_alchemy_conn option in [database] - the old setting has been used, but please update your config.
  SQL_ALCHEMY_CONN = conf.get("database", "SQL_ALCHEMY_CONN")

[2023-08-28T16:07:06.976+0000] {task_command.py:415} INFO - Running <TaskInstance: tbf_analysis_dag_final.transfer_to_GCS_task manual__2023-08-28T16:07:01.709445+00:00 [running]> on host 64e6482d77b4
[2023-08-28T16:07:07.047+0000] {taskinstance.py:1660} INFO - Exporting env vars: AIRFLOW_CTX_DAG_OWNER='***' AIRFLOW_CTX_DAG_ID='tbf_analysis_dag_final' AIRFLOW_CTX_TASK_ID='transfer_to_GCS_task' AIRFLOW_CTX_EXECUTION_DATE='2023-08-28T16:07:01.709445+00:00' AIRFLOW_CTX_TRY_NUMBER='1' AIRFLOW_CTX_DAG_RUN_ID='manual__2023-08-28T16:07:01.709445+00:00'
[2023-08-28T16:07:07.051+0000] {subprocess.py:63} INFO - Tmp dir root location: /tmp
[2023-08-28T16:07:07.052+0000] {subprocess.py:75} INFO - Running command: ['/bin/bash', '-c', 'bash /opt/***/transfer_to_GCS/gcloud_setup_local.sh gs://tbf-analysis-terraform_trans-border-freights-394419']
[2023-08-28T16:07:07.063+0000] {subprocess.py:86} INFO - Output:
[2023-08-28T16:07:07.072+0000] {subprocess.py:93} INFO - Bucket is:
[2023-08-28T16:07:07.074+0000] {subprocess.py:93} INFO - gs://tbf-analysis-terraform_trans-border-freights-394419
[2023-08-28T16:07:09.435+0000] {subprocess.py:93} INFO - Copying file:///opt/***/transfer_to_GCS/02a_transform_consolidate.py [Content-Type=text/x-python]...
[2023-08-28T16:07:10.232+0000] {subprocess.py:93} INFO - / [0/1 files][    0.0 B/  6.8 KiB]   0% Done                                    -- [1/1 files][  6.8 KiB/  6.8 KiB] 100% Done
[2023-08-28T16:07:10.234+0000] {subprocess.py:93} INFO - Operation completed over 1 objects/6.8 KiB.
[2023-08-28T16:07:11.854+0000] {subprocess.py:93} INFO - Copying file:///opt/***/transfer_to_GCS/02b_transform_joinwithmetadata.py [Content-Type=text/x-python]...
[2023-08-28T16:07:12.101+0000] {subprocess.py:93} INFO - / [0/1 files][    0.0 B/  6.3 KiB]   0% Done                                    / [1/1 files][  6.3 KiB/  6.3 KiB] 100% Done
[2023-08-28T16:07:12.102+0000] {subprocess.py:93} INFO - Operation completed over 1 objects/6.3 KiB.
[2023-08-28T16:07:13.806+0000] {subprocess.py:93} INFO - Copying file:///opt/***/transfer_to_GCS/TransBorderCodes.xls [Content-Type=application/vnd.ms-excel]...
[2023-08-28T16:07:14.398+0000] {subprocess.py:93} INFO - / [0/1 files][    0.0 B/ 80.5 KiB]   0% Done                                    / [1/1 files][ 80.5 KiB/ 80.5 KiB] 100% Done
[2023-08-28T16:07:14.399+0000] {subprocess.py:93} INFO - Operation completed over 1 objects/80.5 KiB.
[2023-08-28T16:07:14.603+0000] {subprocess.py:97} INFO - Command exited with return code 0
[2023-08-28T16:07:14.644+0000] {taskinstance.py:1400} INFO - Marking task as SUCCESS. dag_id=tbf_analysis_dag_final, task_id=transfer_to_GCS_task, execution_date=20230828T160701, start_date=20230828T160706, end_date=20230828T160714
[2023-08-28T16:07:14.721+0000] {local_task_job_runner.py:228} INFO - Task exited with return code 0
[2023-08-28T16:07:14.748+0000] {taskinstance.py:2784} INFO - 1 downstream tasks scheduled from follow-on schedule check
