[2023-08-28T16:07:16.311+0000] {warnings.py:109} WARNING - /home/***/.local/lib/python3.8/site-packages/***/utils/sqlalchemy.py:124: DeprecationWarning: The sql_alchemy_conn option in [core] has been moved to the sql_alchemy_conn option in [database] - the old setting has been used, but please update your config.
  return not conf.get("database", "sql_alchemy_conn").startswith("mssql")

[2023-08-28T16:07:16.318+0000] {taskinstance.py:1159} INFO - Dependencies all met for dep_context=non-requeueable deps ti=<TaskInstance: tbf_analysis_dag_final.transformations.submit_pyspark_job1 scheduled__2023-08-28T00:00:00+00:00 [queued]>
[2023-08-28T16:07:16.323+0000] {taskinstance.py:1159} INFO - Dependencies all met for dep_context=requeueable deps ti=<TaskInstance: tbf_analysis_dag_final.transformations.submit_pyspark_job1 scheduled__2023-08-28T00:00:00+00:00 [queued]>
[2023-08-28T16:07:16.324+0000] {taskinstance.py:1361} INFO - Starting attempt 1 of 2
[2023-08-28T16:07:16.332+0000] {taskinstance.py:1382} INFO - Executing <Task(DataprocSubmitJobOperator): transformations.submit_pyspark_job1> on 2023-08-28 00:00:00+00:00
[2023-08-28T16:07:16.337+0000] {standard_task_runner.py:57} INFO - Started process 2532 to run task
[2023-08-28T16:07:16.341+0000] {standard_task_runner.py:84} INFO - Running: ['***', 'tasks', 'run', 'tbf_analysis_dag_final', 'transformations.submit_pyspark_job1', 'scheduled__2023-08-28T00:00:00+00:00', '--job-id', '53', '--raw', '--subdir', 'DAGS_FOLDER/tbf_analysis_dag_final.py', '--cfg-path', '/tmp/tmpuos88ik4']
[2023-08-28T16:07:16.344+0000] {standard_task_runner.py:85} INFO - Job 53: Subtask transformations.submit_pyspark_job1
[2023-08-28T16:07:16.356+0000] {warnings.py:109} WARNING - /home/***/.local/lib/python3.8/site-packages/***/settings.py:195: DeprecationWarning: The sql_alchemy_conn option in [core] has been moved to the sql_alchemy_conn option in [database] - the old setting has been used, but please update your config.
  SQL_ALCHEMY_CONN = conf.get("database", "SQL_ALCHEMY_CONN")

[2023-08-28T16:07:16.387+0000] {task_command.py:415} INFO - Running <TaskInstance: tbf_analysis_dag_final.transformations.submit_pyspark_job1 scheduled__2023-08-28T00:00:00+00:00 [running]> on host 64e6482d77b4
[2023-08-28T16:07:16.397+0000] {warnings.py:109} WARNING - /home/***/.local/lib/python3.8/site-packages/***/utils/sqlalchemy.py:124: DeprecationWarning: The sql_alchemy_conn option in [core] has been moved to the sql_alchemy_conn option in [database] - the old setting has been used, but please update your config.
  return not conf.get("database", "sql_alchemy_conn").startswith("mssql")

[2023-08-28T16:07:16.442+0000] {taskinstance.py:1660} INFO - Exporting env vars: AIRFLOW_CTX_DAG_OWNER='***' AIRFLOW_CTX_DAG_ID='tbf_analysis_dag_final' AIRFLOW_CTX_TASK_ID='transformations.submit_pyspark_job1' AIRFLOW_CTX_EXECUTION_DATE='2023-08-28T00:00:00+00:00' AIRFLOW_CTX_TRY_NUMBER='1' AIRFLOW_CTX_DAG_RUN_ID='scheduled__2023-08-28T00:00:00+00:00'
[2023-08-28T16:07:16.443+0000] {dataproc.py:2055} INFO - Submitting job
[2023-08-28T16:07:16.444+0000] {crypto.py:82} WARNING - empty cryptography key - values will not be stored encrypted.
[2023-08-28T16:07:16.444+0000] {connection.py:232} WARNING - Connection schemes (type: google_cloud_platform) shall not contain '_' according to RFC3986.
[2023-08-28T16:07:16.445+0000] {base.py:73} INFO - Using connection ID 'google_cloud_default' for task execution.
[2023-08-28T16:07:17.156+0000] {dataproc.py:2067} INFO - Job 87c085be-e28e-43ac-bc85-26811f3075c0 submitted successfully.
[2023-08-28T16:07:17.182+0000] {dataproc.py:2095} INFO - Waiting for job 87c085be-e28e-43ac-bc85-26811f3075c0 to complete
[2023-08-28T16:19:21.778+0000] {dataproc.py:2099} INFO - Job 87c085be-e28e-43ac-bc85-26811f3075c0 completed successfully.
[2023-08-28T16:19:21.838+0000] {taskinstance.py:1400} INFO - Marking task as SUCCESS. dag_id=tbf_analysis_dag_final, task_id=transformations.submit_pyspark_job1, execution_date=20230828T000000, start_date=20230828T160716, end_date=20230828T161921
[2023-08-28T16:19:21.917+0000] {local_task_job_runner.py:228} INFO - Task exited with return code 0
[2023-08-28T16:19:21.942+0000] {taskinstance.py:2784} INFO - 1 downstream tasks scheduled from follow-on schedule check
