[2023-08-18T20:26:22.715+0000] {taskinstance.py:1165} INFO - Dependencies all met for <TaskInstance: tbf_analysis_dag.download_raw_data_task manual__2023-08-18T20:26:19.370569+00:00 [queued]>
[2023-08-18T20:26:22.722+0000] {taskinstance.py:1165} INFO - Dependencies all met for <TaskInstance: tbf_analysis_dag.download_raw_data_task manual__2023-08-18T20:26:19.370569+00:00 [queued]>
[2023-08-18T20:26:22.723+0000] {taskinstance.py:1362} INFO - 
--------------------------------------------------------------------------------
[2023-08-18T20:26:22.724+0000] {taskinstance.py:1363} INFO - Starting attempt 1 of 2
[2023-08-18T20:26:22.724+0000] {taskinstance.py:1364} INFO - 
--------------------------------------------------------------------------------
[2023-08-18T20:26:22.735+0000] {taskinstance.py:1383} INFO - Executing <Task(PythonOperator): download_raw_data_task> on 2023-08-18 20:26:19.370569+00:00
[2023-08-18T20:26:22.742+0000] {standard_task_runner.py:54} INFO - Started process 117 to run task
[2023-08-18T20:26:22.747+0000] {standard_task_runner.py:82} INFO - Running: ['***', 'tasks', 'run', 'tbf_analysis_dag', 'download_raw_data_task', 'manual__2023-08-18T20:26:19.370569+00:00', '--job-id', '9', '--raw', '--subdir', 'DAGS_FOLDER/tbf_analysis_dag.py', '--cfg-path', '/tmp/tmp71_otce1']
[2023-08-18T20:26:22.749+0000] {standard_task_runner.py:83} INFO - Job 9: Subtask download_raw_data_task
[2023-08-18T20:26:22.754+0000] {dagbag.py:525} INFO - Filling up the DagBag from /opt/***/dags/tbf_analysis_dag.py
[2023-08-18T20:26:22.894+0000] {task_command.py:384} INFO - Running <TaskInstance: tbf_analysis_dag.download_raw_data_task manual__2023-08-18T20:26:19.370569+00:00 [running]> on host df27008a3e9f
[2023-08-18T20:26:22.948+0000] {taskinstance.py:1592} INFO - Exporting the following env vars:
AIRFLOW_CTX_DAG_OWNER=***
AIRFLOW_CTX_DAG_ID=tbf_analysis_dag
AIRFLOW_CTX_TASK_ID=download_raw_data_task
AIRFLOW_CTX_EXECUTION_DATE=2023-08-18T20:26:19.370569+00:00
AIRFLOW_CTX_TRY_NUMBER=1
AIRFLOW_CTX_DAG_RUN_ID=manual__2023-08-18T20:26:19.370569+00:00
[2023-08-18T20:26:22.949+0000] {logging_mixin.py:117} INFO - https://www.bts.gov/sites/bts.dot.gov/files/transborder-raw/2014/2014.zip
[2023-08-18T20:26:22.950+0000] {logging_mixin.py:117} INFO - Running bash script
[2023-08-18T20:26:22.966+0000] {logging_mixin.py:117} INFO - Pausing for 15 Seconds
[2023-08-18T20:26:37.986+0000] {logging_mixin.py:117} INFO - https://www.bts.gov/sites/bts.dot.gov/files/transborder-raw/2015/2015.zip
[2023-08-18T20:26:37.998+0000] {logging_mixin.py:117} INFO - Running bash script
[2023-08-18T20:26:38.050+0000] {logging_mixin.py:117} INFO - Pausing for 15 Seconds
[2023-08-18T20:26:53.073+0000] {logging_mixin.py:117} INFO - https://www.bts.gov/sites/bts.dot.gov/files/transborder-raw/2016/2016.zip
[2023-08-18T20:26:53.082+0000] {logging_mixin.py:117} INFO - Running bash script
[2023-08-18T20:26:53.130+0000] {logging_mixin.py:117} INFO - Pausing for 15 Seconds
[2023-08-18T20:27:08.149+0000] {logging_mixin.py:117} INFO - https://www.bts.gov/sites/bts.dot.gov/files/transborder-raw/2017/2017.zip
[2023-08-18T20:27:08.152+0000] {logging_mixin.py:117} INFO - Running bash script
[2023-08-18T20:27:08.171+0000] {logging_mixin.py:117} INFO - Pausing for 15 Seconds
[2023-08-18T20:27:23.185+0000] {logging_mixin.py:117} INFO - https://www.bts.gov/sites/bts.dot.gov/files/transborder-raw/2018/Jan.2018.zip
[2023-08-18T20:27:23.193+0000] {logging_mixin.py:117} INFO - running bash script
[2023-08-18T20:27:23.237+0000] {logging_mixin.py:117} INFO - Pausing for 15 Seconds
[2023-08-18T20:27:38.253+0000] {logging_mixin.py:117} INFO - https://www.bts.gov/sites/bts.dot.gov/files/transborder-raw/2018/Feb2018.zip
[2023-08-18T20:27:38.256+0000] {logging_mixin.py:117} INFO - running bash script
[2023-08-18T20:27:38.283+0000] {logging_mixin.py:117} INFO - Pausing for 15 Seconds
[2023-08-18T20:27:53.309+0000] {logging_mixin.py:117} INFO - https://www.bts.gov/sites/bts.dot.gov/files/transborder-raw/2018/Mar2018.zip
[2023-08-18T20:27:53.318+0000] {logging_mixin.py:117} INFO - running bash script
[2023-08-18T20:27:53.366+0000] {logging_mixin.py:117} INFO - Pausing for 15 Seconds
