[2023-08-21T20:45:19.951+0000] {taskinstance.py:1165} INFO - Dependencies all met for <TaskInstance: tbf_analysis_dag_v09.transfer_to_GCS_task manual__2023-08-21T20:45:15.293502+00:00 [queued]>
[2023-08-21T20:45:19.970+0000] {taskinstance.py:1165} INFO - Dependencies all met for <TaskInstance: tbf_analysis_dag_v09.transfer_to_GCS_task manual__2023-08-21T20:45:15.293502+00:00 [queued]>
[2023-08-21T20:45:19.972+0000] {taskinstance.py:1362} INFO - 
--------------------------------------------------------------------------------
[2023-08-21T20:45:19.972+0000] {taskinstance.py:1363} INFO - Starting attempt 1 of 2
[2023-08-21T20:45:19.973+0000] {taskinstance.py:1364} INFO - 
--------------------------------------------------------------------------------
[2023-08-21T20:45:19.989+0000] {taskinstance.py:1383} INFO - Executing <Task(BashOperator): transfer_to_GCS_task> on 2023-08-21 20:45:15.293502+00:00
[2023-08-21T20:45:20.011+0000] {standard_task_runner.py:54} INFO - Started process 390 to run task
[2023-08-21T20:45:20.024+0000] {standard_task_runner.py:82} INFO - Running: ['***', 'tasks', 'run', 'tbf_analysis_dag_v09', 'transfer_to_GCS_task', 'manual__2023-08-21T20:45:15.293502+00:00', '--job-id', '64', '--raw', '--subdir', 'DAGS_FOLDER/tbf_analysis_dag_v09.py', '--cfg-path', '/tmp/tmpk1n437l8']
[2023-08-21T20:45:20.028+0000] {standard_task_runner.py:83} INFO - Job 64: Subtask transfer_to_GCS_task
[2023-08-21T20:45:20.029+0000] {dagbag.py:525} INFO - Filling up the DagBag from /opt/***/dags/tbf_analysis_dag_v09.py
[2023-08-21T20:45:20.304+0000] {task_command.py:384} INFO - Running <TaskInstance: tbf_analysis_dag_v09.transfer_to_GCS_task manual__2023-08-21T20:45:15.293502+00:00 [running]> on host 7e2c898f6e79
[2023-08-21T20:45:20.448+0000] {taskinstance.py:1592} INFO - Exporting the following env vars:
AIRFLOW_CTX_DAG_OWNER=***
AIRFLOW_CTX_DAG_ID=tbf_analysis_dag_v09
AIRFLOW_CTX_TASK_ID=transfer_to_GCS_task
AIRFLOW_CTX_EXECUTION_DATE=2023-08-21T20:45:15.293502+00:00
AIRFLOW_CTX_TRY_NUMBER=1
AIRFLOW_CTX_DAG_RUN_ID=manual__2023-08-21T20:45:15.293502+00:00
[2023-08-21T20:45:20.451+0000] {subprocess.py:63} INFO - Tmp dir root location: 
 /tmp
[2023-08-21T20:45:20.453+0000] {subprocess.py:75} INFO - Running command: ['/bin/bash', '-c', 'bash /opt/***/transfer_to_GCS/gcloud_setup_local.sh tbf-analysis-terraform_trans-border-freights-394419']
[2023-08-21T20:45:20.476+0000] {subprocess.py:86} INFO - Output:
[2023-08-21T20:45:22.299+0000] {subprocess.py:93} INFO - Copying file:///opt/***/transfer_to_GCS/02a_transform_consolidate.py...
[2023-08-21T20:45:22.303+0000] {subprocess.py:93} INFO - / [0 files][    0.0 B/  6.8 KiB]                                                / [1 files][  6.8 KiB/  6.8 KiB]
[2023-08-21T20:45:22.304+0000] {subprocess.py:93} INFO - Operation completed over 1 objects/6.8 KiB.
[2023-08-21T20:45:23.675+0000] {subprocess.py:93} INFO - Copying file:///opt/***/transfer_to_GCS/02b_transform_joinwithmetadata.py...
[2023-08-21T20:45:23.700+0000] {subprocess.py:93} INFO - / [0 files][    0.0 B/  6.3 KiB]                                                / [1 files][  6.3 KiB/  6.3 KiB]
[2023-08-21T20:45:23.701+0000] {subprocess.py:93} INFO - Operation completed over 1 objects/6.3 KiB.
[2023-08-21T20:45:25.193+0000] {subprocess.py:93} INFO - Copying file:///opt/***/transfer_to_GCS/TransBorderCodes.xls...
[2023-08-21T20:45:25.200+0000] {subprocess.py:93} INFO - / [0 files][    0.0 B/ 80.5 KiB]                                                / [1 files][ 80.5 KiB/ 80.5 KiB]
[2023-08-21T20:45:25.201+0000] {subprocess.py:93} INFO - Operation completed over 1 objects/80.5 KiB.
[2023-08-21T20:45:25.379+0000] {subprocess.py:97} INFO - Command exited with return code 0
[2023-08-21T20:45:25.406+0000] {taskinstance.py:1406} INFO - Marking task as SUCCESS. dag_id=tbf_analysis_dag_v09, task_id=transfer_to_GCS_task, execution_date=20230821T204515, start_date=20230821T204519, end_date=20230821T204525
[2023-08-21T20:45:25.458+0000] {local_task_job.py:164} INFO - Task exited with return code 0
[2023-08-21T20:45:25.472+0000] {local_task_job.py:273} INFO - 0 downstream tasks scheduled from follow-on schedule check
