[2023-08-22T01:48:39.954+0000] {taskinstance.py:1165} INFO - Dependencies all met for <TaskInstance: tbf_analysis_dag_v12.download_raw_data_task manual__2023-08-22T01:48:25.301427+00:00 [queued]>
[2023-08-22T01:48:39.961+0000] {taskinstance.py:1165} INFO - Dependencies all met for <TaskInstance: tbf_analysis_dag_v12.download_raw_data_task manual__2023-08-22T01:48:25.301427+00:00 [queued]>
[2023-08-22T01:48:39.961+0000] {taskinstance.py:1362} INFO - 
--------------------------------------------------------------------------------
[2023-08-22T01:48:39.962+0000] {taskinstance.py:1363} INFO - Starting attempt 1 of 2
[2023-08-22T01:48:39.962+0000] {taskinstance.py:1364} INFO - 
--------------------------------------------------------------------------------
[2023-08-22T01:48:39.969+0000] {taskinstance.py:1383} INFO - Executing <Task(PythonOperator): download_raw_data_task> on 2023-08-22 01:48:25.301427+00:00
[2023-08-22T01:48:39.976+0000] {standard_task_runner.py:54} INFO - Started process 2344 to run task
[2023-08-22T01:48:39.980+0000] {standard_task_runner.py:82} INFO - Running: ['***', 'tasks', 'run', 'tbf_analysis_dag_v12', 'download_raw_data_task', 'manual__2023-08-22T01:48:25.301427+00:00', '--job-id', '97', '--raw', '--subdir', 'DAGS_FOLDER/tbf_analysis_dag_v12.py', '--cfg-path', '/tmp/tmp52n5o3r4']
[2023-08-22T01:48:39.981+0000] {standard_task_runner.py:83} INFO - Job 97: Subtask download_raw_data_task
[2023-08-22T01:48:39.982+0000] {dagbag.py:525} INFO - Filling up the DagBag from /opt/***/dags/tbf_analysis_dag_v12.py
[2023-08-22T01:48:40.081+0000] {task_command.py:384} INFO - Running <TaskInstance: tbf_analysis_dag_v12.download_raw_data_task manual__2023-08-22T01:48:25.301427+00:00 [running]> on host 1c8c6c50dfcb
[2023-08-22T01:48:40.130+0000] {taskinstance.py:1592} INFO - Exporting the following env vars:
AIRFLOW_CTX_DAG_OWNER=***
AIRFLOW_CTX_DAG_ID=tbf_analysis_dag_v12
AIRFLOW_CTX_TASK_ID=download_raw_data_task
AIRFLOW_CTX_EXECUTION_DATE=2023-08-22T01:48:25.301427+00:00
AIRFLOW_CTX_TRY_NUMBER=1
AIRFLOW_CTX_DAG_RUN_ID=manual__2023-08-22T01:48:25.301427+00:00
[2023-08-22T01:48:40.132+0000] {logging_mixin.py:117} INFO - https://www.bts.gov/sites/bts.dot.gov/files/transborder-raw/2014/2014.zip
[2023-08-22T01:48:40.132+0000] {logging_mixin.py:117} INFO - Running bash script
