[2023-08-20T18:59:51.515+0000] {processor.py:156} INFO - Started process (PID=34) to work on /opt/airflow/dags/tbf_analysis_dag_v06.py
[2023-08-20T18:59:51.531+0000] {processor.py:758} INFO - Processing file /opt/airflow/dags/tbf_analysis_dag_v06.py for tasks to queue
[2023-08-20T18:59:51.534+0000] {logging_mixin.py:117} INFO - [2023-08-20T18:59:51.534+0000] {dagbag.py:525} INFO - Filling up the DagBag from /opt/airflow/dags/tbf_analysis_dag_v06.py
[2023-08-20T18:59:52.331+0000] {processor.py:768} INFO - DAG(s) dict_keys(['tbf_analysis_dag_v06']) retrieved from /opt/airflow/dags/tbf_analysis_dag_v06.py
[2023-08-20T18:59:52.491+0000] {logging_mixin.py:117} INFO - [2023-08-20T18:59:52.491+0000] {manager.py:507} INFO - Created Permission View: can delete on DAG:tbf_analysis_dag_v06
[2023-08-20T18:59:52.499+0000] {logging_mixin.py:117} INFO - [2023-08-20T18:59:52.499+0000] {manager.py:507} INFO - Created Permission View: can read on DAG:tbf_analysis_dag_v06
[2023-08-20T18:59:52.504+0000] {logging_mixin.py:117} INFO - [2023-08-20T18:59:52.504+0000] {manager.py:507} INFO - Created Permission View: can edit on DAG:tbf_analysis_dag_v06
[2023-08-20T18:59:52.505+0000] {logging_mixin.py:117} INFO - [2023-08-20T18:59:52.504+0000] {dag.py:2573} INFO - Sync 1 DAGs
[2023-08-20T18:59:52.514+0000] {logging_mixin.py:117} INFO - [2023-08-20T18:59:52.514+0000] {dag.py:2594} INFO - Creating ORM DAG for tbf_analysis_dag_v06
[2023-08-20T18:59:52.524+0000] {logging_mixin.py:117} INFO - [2023-08-20T18:59:52.524+0000] {dag.py:3328} INFO - Setting next_dagrun for tbf_analysis_dag_v06 to 2023-08-20T00:00:00+00:00, run_after=2023-08-20T00:00:00+00:00
[2023-08-20T18:59:52.560+0000] {processor.py:178} INFO - Processing /opt/airflow/dags/tbf_analysis_dag_v06.py took 1.051 seconds
[2023-08-20T19:00:23.258+0000] {processor.py:156} INFO - Started process (PID=64) to work on /opt/airflow/dags/tbf_analysis_dag_v06.py
[2023-08-20T19:00:23.261+0000] {processor.py:758} INFO - Processing file /opt/airflow/dags/tbf_analysis_dag_v06.py for tasks to queue
[2023-08-20T19:00:23.263+0000] {logging_mixin.py:117} INFO - [2023-08-20T19:00:23.263+0000] {dagbag.py:525} INFO - Filling up the DagBag from /opt/airflow/dags/tbf_analysis_dag_v06.py
[2023-08-20T19:00:23.411+0000] {processor.py:768} INFO - DAG(s) dict_keys(['tbf_analysis_dag_v06']) retrieved from /opt/airflow/dags/tbf_analysis_dag_v06.py
[2023-08-20T19:00:23.431+0000] {logging_mixin.py:117} INFO - [2023-08-20T19:00:23.431+0000] {dag.py:2573} INFO - Sync 1 DAGs
[2023-08-20T19:00:23.444+0000] {logging_mixin.py:117} INFO - [2023-08-20T19:00:23.444+0000] {dag.py:3328} INFO - Setting next_dagrun for tbf_analysis_dag_v06 to 2023-08-20T00:00:00+00:00, run_after=2023-08-20T00:00:00+00:00
[2023-08-20T19:00:23.455+0000] {processor.py:178} INFO - Processing /opt/airflow/dags/tbf_analysis_dag_v06.py took 0.201 seconds
[2023-08-20T19:00:53.601+0000] {processor.py:156} INFO - Started process (PID=91) to work on /opt/airflow/dags/tbf_analysis_dag_v06.py
[2023-08-20T19:00:53.603+0000] {processor.py:758} INFO - Processing file /opt/airflow/dags/tbf_analysis_dag_v06.py for tasks to queue
[2023-08-20T19:00:53.605+0000] {logging_mixin.py:117} INFO - [2023-08-20T19:00:53.605+0000] {dagbag.py:525} INFO - Filling up the DagBag from /opt/airflow/dags/tbf_analysis_dag_v06.py
[2023-08-20T19:00:53.733+0000] {processor.py:768} INFO - DAG(s) dict_keys(['tbf_analysis_dag_v06']) retrieved from /opt/airflow/dags/tbf_analysis_dag_v06.py
[2023-08-20T19:00:53.750+0000] {logging_mixin.py:117} INFO - [2023-08-20T19:00:53.750+0000] {dag.py:2573} INFO - Sync 1 DAGs
[2023-08-20T19:00:53.764+0000] {logging_mixin.py:117} INFO - [2023-08-20T19:00:53.764+0000] {dag.py:3328} INFO - Setting next_dagrun for tbf_analysis_dag_v06 to 2023-08-20T00:00:00+00:00, run_after=2023-08-20T00:00:00+00:00
[2023-08-20T19:00:53.774+0000] {processor.py:178} INFO - Processing /opt/airflow/dags/tbf_analysis_dag_v06.py took 0.180 seconds
[2023-08-20T19:01:24.050+0000] {processor.py:156} INFO - Started process (PID=119) to work on /opt/airflow/dags/tbf_analysis_dag_v06.py
[2023-08-20T19:01:24.053+0000] {processor.py:758} INFO - Processing file /opt/airflow/dags/tbf_analysis_dag_v06.py for tasks to queue
[2023-08-20T19:01:24.055+0000] {logging_mixin.py:117} INFO - [2023-08-20T19:01:24.055+0000] {dagbag.py:525} INFO - Filling up the DagBag from /opt/airflow/dags/tbf_analysis_dag_v06.py
[2023-08-20T19:01:24.179+0000] {processor.py:768} INFO - DAG(s) dict_keys(['tbf_analysis_dag_v06']) retrieved from /opt/airflow/dags/tbf_analysis_dag_v06.py
[2023-08-20T19:01:24.197+0000] {logging_mixin.py:117} INFO - [2023-08-20T19:01:24.197+0000] {dag.py:2573} INFO - Sync 1 DAGs
[2023-08-20T19:01:24.211+0000] {logging_mixin.py:117} INFO - [2023-08-20T19:01:24.211+0000] {dag.py:3328} INFO - Setting next_dagrun for tbf_analysis_dag_v06 to 2023-08-20T00:00:00+00:00, run_after=2023-08-20T00:00:00+00:00
[2023-08-20T19:01:24.221+0000] {processor.py:178} INFO - Processing /opt/airflow/dags/tbf_analysis_dag_v06.py took 0.180 seconds
[2023-08-20T19:01:54.489+0000] {processor.py:156} INFO - Started process (PID=147) to work on /opt/airflow/dags/tbf_analysis_dag_v06.py
[2023-08-20T19:01:54.493+0000] {processor.py:758} INFO - Processing file /opt/airflow/dags/tbf_analysis_dag_v06.py for tasks to queue
[2023-08-20T19:01:54.494+0000] {logging_mixin.py:117} INFO - [2023-08-20T19:01:54.494+0000] {dagbag.py:525} INFO - Filling up the DagBag from /opt/airflow/dags/tbf_analysis_dag_v06.py
[2023-08-20T19:01:54.643+0000] {processor.py:768} INFO - DAG(s) dict_keys(['tbf_analysis_dag_v06']) retrieved from /opt/airflow/dags/tbf_analysis_dag_v06.py
[2023-08-20T19:01:54.663+0000] {logging_mixin.py:117} INFO - [2023-08-20T19:01:54.663+0000] {dag.py:2573} INFO - Sync 1 DAGs
[2023-08-20T19:01:54.677+0000] {logging_mixin.py:117} INFO - [2023-08-20T19:01:54.677+0000] {dag.py:3328} INFO - Setting next_dagrun for tbf_analysis_dag_v06 to 2023-08-20T00:00:00+00:00, run_after=2023-08-20T00:00:00+00:00
[2023-08-20T19:01:54.687+0000] {processor.py:178} INFO - Processing /opt/airflow/dags/tbf_analysis_dag_v06.py took 0.204 seconds
[2023-08-20T19:02:24.949+0000] {processor.py:156} INFO - Started process (PID=166) to work on /opt/airflow/dags/tbf_analysis_dag_v06.py
[2023-08-20T19:02:24.950+0000] {processor.py:758} INFO - Processing file /opt/airflow/dags/tbf_analysis_dag_v06.py for tasks to queue
[2023-08-20T19:02:24.951+0000] {logging_mixin.py:117} INFO - [2023-08-20T19:02:24.951+0000] {dagbag.py:525} INFO - Filling up the DagBag from /opt/airflow/dags/tbf_analysis_dag_v06.py
[2023-08-20T19:02:25.105+0000] {processor.py:768} INFO - DAG(s) dict_keys(['tbf_analysis_dag_v06']) retrieved from /opt/airflow/dags/tbf_analysis_dag_v06.py
[2023-08-20T19:02:25.128+0000] {logging_mixin.py:117} INFO - [2023-08-20T19:02:25.127+0000] {dag.py:2573} INFO - Sync 1 DAGs
[2023-08-20T19:02:25.143+0000] {logging_mixin.py:117} INFO - [2023-08-20T19:02:25.143+0000] {dag.py:3328} INFO - Setting next_dagrun for tbf_analysis_dag_v06 to 2023-08-20T00:00:00+00:00, run_after=2023-08-20T00:00:00+00:00
[2023-08-20T19:02:25.154+0000] {processor.py:178} INFO - Processing /opt/airflow/dags/tbf_analysis_dag_v06.py took 0.209 seconds
[2023-08-20T19:02:55.443+0000] {processor.py:156} INFO - Started process (PID=194) to work on /opt/airflow/dags/tbf_analysis_dag_v06.py
[2023-08-20T19:02:55.445+0000] {processor.py:758} INFO - Processing file /opt/airflow/dags/tbf_analysis_dag_v06.py for tasks to queue
[2023-08-20T19:02:55.447+0000] {logging_mixin.py:117} INFO - [2023-08-20T19:02:55.447+0000] {dagbag.py:525} INFO - Filling up the DagBag from /opt/airflow/dags/tbf_analysis_dag_v06.py
[2023-08-20T19:02:55.575+0000] {processor.py:768} INFO - DAG(s) dict_keys(['tbf_analysis_dag_v06']) retrieved from /opt/airflow/dags/tbf_analysis_dag_v06.py
[2023-08-20T19:02:55.593+0000] {logging_mixin.py:117} INFO - [2023-08-20T19:02:55.593+0000] {dag.py:2573} INFO - Sync 1 DAGs
[2023-08-20T19:02:55.606+0000] {logging_mixin.py:117} INFO - [2023-08-20T19:02:55.606+0000] {dag.py:3328} INFO - Setting next_dagrun for tbf_analysis_dag_v06 to 2023-08-20T00:00:00+00:00, run_after=2023-08-20T00:00:00+00:00
[2023-08-20T19:02:55.616+0000] {processor.py:178} INFO - Processing /opt/airflow/dags/tbf_analysis_dag_v06.py took 0.180 seconds
[2023-08-20T19:03:25.854+0000] {processor.py:156} INFO - Started process (PID=222) to work on /opt/airflow/dags/tbf_analysis_dag_v06.py
[2023-08-20T19:03:25.857+0000] {processor.py:758} INFO - Processing file /opt/airflow/dags/tbf_analysis_dag_v06.py for tasks to queue
[2023-08-20T19:03:25.859+0000] {logging_mixin.py:117} INFO - [2023-08-20T19:03:25.859+0000] {dagbag.py:525} INFO - Filling up the DagBag from /opt/airflow/dags/tbf_analysis_dag_v06.py
[2023-08-20T19:03:26.007+0000] {processor.py:768} INFO - DAG(s) dict_keys(['tbf_analysis_dag_v06']) retrieved from /opt/airflow/dags/tbf_analysis_dag_v06.py
[2023-08-20T19:03:26.027+0000] {logging_mixin.py:117} INFO - [2023-08-20T19:03:26.026+0000] {dag.py:2573} INFO - Sync 1 DAGs
[2023-08-20T19:03:26.041+0000] {logging_mixin.py:117} INFO - [2023-08-20T19:03:26.041+0000] {dag.py:3328} INFO - Setting next_dagrun for tbf_analysis_dag_v06 to 2023-08-20T00:00:00+00:00, run_after=2023-08-20T00:00:00+00:00
[2023-08-20T19:03:26.051+0000] {processor.py:178} INFO - Processing /opt/airflow/dags/tbf_analysis_dag_v06.py took 0.204 seconds
[2023-08-20T19:03:56.248+0000] {processor.py:156} INFO - Started process (PID=250) to work on /opt/airflow/dags/tbf_analysis_dag_v06.py
[2023-08-20T19:03:56.250+0000] {processor.py:758} INFO - Processing file /opt/airflow/dags/tbf_analysis_dag_v06.py for tasks to queue
[2023-08-20T19:03:56.252+0000] {logging_mixin.py:117} INFO - [2023-08-20T19:03:56.251+0000] {dagbag.py:525} INFO - Filling up the DagBag from /opt/airflow/dags/tbf_analysis_dag_v06.py
[2023-08-20T19:03:56.386+0000] {processor.py:768} INFO - DAG(s) dict_keys(['tbf_analysis_dag_v06']) retrieved from /opt/airflow/dags/tbf_analysis_dag_v06.py
[2023-08-20T19:03:56.404+0000] {logging_mixin.py:117} INFO - [2023-08-20T19:03:56.404+0000] {dag.py:2573} INFO - Sync 1 DAGs
[2023-08-20T19:03:56.419+0000] {logging_mixin.py:117} INFO - [2023-08-20T19:03:56.419+0000] {dag.py:3328} INFO - Setting next_dagrun for tbf_analysis_dag_v06 to 2023-08-20T00:00:00+00:00, run_after=2023-08-20T00:00:00+00:00
[2023-08-20T19:03:56.429+0000] {processor.py:178} INFO - Processing /opt/airflow/dags/tbf_analysis_dag_v06.py took 0.194 seconds
[2023-08-20T19:04:26.664+0000] {processor.py:156} INFO - Started process (PID=278) to work on /opt/airflow/dags/tbf_analysis_dag_v06.py
[2023-08-20T19:04:26.667+0000] {processor.py:758} INFO - Processing file /opt/airflow/dags/tbf_analysis_dag_v06.py for tasks to queue
[2023-08-20T19:04:26.670+0000] {logging_mixin.py:117} INFO - [2023-08-20T19:04:26.670+0000] {dagbag.py:525} INFO - Filling up the DagBag from /opt/airflow/dags/tbf_analysis_dag_v06.py
[2023-08-20T19:04:26.792+0000] {processor.py:768} INFO - DAG(s) dict_keys(['tbf_analysis_dag_v06']) retrieved from /opt/airflow/dags/tbf_analysis_dag_v06.py
[2023-08-20T19:04:26.810+0000] {logging_mixin.py:117} INFO - [2023-08-20T19:04:26.809+0000] {dag.py:2573} INFO - Sync 1 DAGs
[2023-08-20T19:04:26.823+0000] {logging_mixin.py:117} INFO - [2023-08-20T19:04:26.823+0000] {dag.py:3328} INFO - Setting next_dagrun for tbf_analysis_dag_v06 to 2023-08-20T00:00:00+00:00, run_after=2023-08-20T00:00:00+00:00
[2023-08-20T19:04:26.833+0000] {processor.py:178} INFO - Processing /opt/airflow/dags/tbf_analysis_dag_v06.py took 0.174 seconds
[2023-08-20T19:04:57.094+0000] {processor.py:156} INFO - Started process (PID=303) to work on /opt/airflow/dags/tbf_analysis_dag_v06.py
[2023-08-20T19:04:57.098+0000] {processor.py:758} INFO - Processing file /opt/airflow/dags/tbf_analysis_dag_v06.py for tasks to queue
[2023-08-20T19:04:57.099+0000] {logging_mixin.py:117} INFO - [2023-08-20T19:04:57.099+0000] {dagbag.py:525} INFO - Filling up the DagBag from /opt/airflow/dags/tbf_analysis_dag_v06.py
[2023-08-20T19:04:57.240+0000] {processor.py:768} INFO - DAG(s) dict_keys(['tbf_analysis_dag_v06']) retrieved from /opt/airflow/dags/tbf_analysis_dag_v06.py
[2023-08-20T19:04:57.259+0000] {logging_mixin.py:117} INFO - [2023-08-20T19:04:57.259+0000] {dag.py:2573} INFO - Sync 1 DAGs
[2023-08-20T19:04:57.274+0000] {logging_mixin.py:117} INFO - [2023-08-20T19:04:57.274+0000] {dag.py:3328} INFO - Setting next_dagrun for tbf_analysis_dag_v06 to 2023-08-20T00:00:00+00:00, run_after=2023-08-20T00:00:00+00:00
[2023-08-20T19:04:57.284+0000] {processor.py:178} INFO - Processing /opt/airflow/dags/tbf_analysis_dag_v06.py took 0.196 seconds
[2023-08-20T19:05:27.504+0000] {processor.py:156} INFO - Started process (PID=332) to work on /opt/airflow/dags/tbf_analysis_dag_v06.py
[2023-08-20T19:05:27.507+0000] {processor.py:758} INFO - Processing file /opt/airflow/dags/tbf_analysis_dag_v06.py for tasks to queue
[2023-08-20T19:05:27.509+0000] {logging_mixin.py:117} INFO - [2023-08-20T19:05:27.509+0000] {dagbag.py:525} INFO - Filling up the DagBag from /opt/airflow/dags/tbf_analysis_dag_v06.py
[2023-08-20T19:05:27.630+0000] {processor.py:768} INFO - DAG(s) dict_keys(['tbf_analysis_dag_v06']) retrieved from /opt/airflow/dags/tbf_analysis_dag_v06.py
[2023-08-20T19:05:27.648+0000] {logging_mixin.py:117} INFO - [2023-08-20T19:05:27.647+0000] {dag.py:2573} INFO - Sync 1 DAGs
[2023-08-20T19:05:27.661+0000] {logging_mixin.py:117} INFO - [2023-08-20T19:05:27.661+0000] {dag.py:3328} INFO - Setting next_dagrun for tbf_analysis_dag_v06 to 2023-08-20T00:00:00+00:00, run_after=2023-08-20T00:00:00+00:00
[2023-08-20T19:05:27.671+0000] {processor.py:178} INFO - Processing /opt/airflow/dags/tbf_analysis_dag_v06.py took 0.173 seconds
[2023-08-20T19:05:57.923+0000] {processor.py:156} INFO - Started process (PID=359) to work on /opt/airflow/dags/tbf_analysis_dag_v06.py
[2023-08-20T19:05:57.924+0000] {processor.py:758} INFO - Processing file /opt/airflow/dags/tbf_analysis_dag_v06.py for tasks to queue
[2023-08-20T19:05:57.924+0000] {logging_mixin.py:117} INFO - [2023-08-20T19:05:57.924+0000] {dagbag.py:525} INFO - Filling up the DagBag from /opt/airflow/dags/tbf_analysis_dag_v06.py
[2023-08-20T19:05:58.046+0000] {processor.py:768} INFO - DAG(s) dict_keys(['tbf_analysis_dag_v06']) retrieved from /opt/airflow/dags/tbf_analysis_dag_v06.py
[2023-08-20T19:05:58.073+0000] {logging_mixin.py:117} INFO - [2023-08-20T19:05:58.073+0000] {dag.py:2573} INFO - Sync 1 DAGs
[2023-08-20T19:05:58.087+0000] {logging_mixin.py:117} INFO - [2023-08-20T19:05:58.087+0000] {dag.py:3328} INFO - Setting next_dagrun for tbf_analysis_dag_v06 to 2023-08-20T00:00:00+00:00, run_after=2023-08-20T00:00:00+00:00
[2023-08-20T19:05:58.104+0000] {processor.py:178} INFO - Processing /opt/airflow/dags/tbf_analysis_dag_v06.py took 0.183 seconds
[2023-08-20T19:06:28.268+0000] {processor.py:156} INFO - Started process (PID=380) to work on /opt/airflow/dags/tbf_analysis_dag_v06.py
[2023-08-20T19:06:28.270+0000] {processor.py:758} INFO - Processing file /opt/airflow/dags/tbf_analysis_dag_v06.py for tasks to queue
[2023-08-20T19:06:28.272+0000] {logging_mixin.py:117} INFO - [2023-08-20T19:06:28.271+0000] {dagbag.py:525} INFO - Filling up the DagBag from /opt/airflow/dags/tbf_analysis_dag_v06.py
[2023-08-20T19:06:28.397+0000] {processor.py:768} INFO - DAG(s) dict_keys(['tbf_analysis_dag_v06']) retrieved from /opt/airflow/dags/tbf_analysis_dag_v06.py
[2023-08-20T19:06:28.416+0000] {logging_mixin.py:117} INFO - [2023-08-20T19:06:28.415+0000] {dag.py:2573} INFO - Sync 1 DAGs
[2023-08-20T19:06:28.428+0000] {logging_mixin.py:117} INFO - [2023-08-20T19:06:28.428+0000] {dag.py:3328} INFO - Setting next_dagrun for tbf_analysis_dag_v06 to 2023-08-20T00:00:00+00:00, run_after=2023-08-20T00:00:00+00:00
[2023-08-20T19:06:28.438+0000] {processor.py:178} INFO - Processing /opt/airflow/dags/tbf_analysis_dag_v06.py took 0.176 seconds
[2023-08-20T19:06:58.777+0000] {processor.py:156} INFO - Started process (PID=408) to work on /opt/airflow/dags/tbf_analysis_dag_v06.py
[2023-08-20T19:06:58.780+0000] {processor.py:758} INFO - Processing file /opt/airflow/dags/tbf_analysis_dag_v06.py for tasks to queue
[2023-08-20T19:06:58.781+0000] {logging_mixin.py:117} INFO - [2023-08-20T19:06:58.781+0000] {dagbag.py:525} INFO - Filling up the DagBag from /opt/airflow/dags/tbf_analysis_dag_v06.py
[2023-08-20T19:06:58.912+0000] {processor.py:768} INFO - DAG(s) dict_keys(['tbf_analysis_dag_v06']) retrieved from /opt/airflow/dags/tbf_analysis_dag_v06.py
[2023-08-20T19:06:58.931+0000] {logging_mixin.py:117} INFO - [2023-08-20T19:06:58.931+0000] {dag.py:2573} INFO - Sync 1 DAGs
[2023-08-20T19:06:58.945+0000] {logging_mixin.py:117} INFO - [2023-08-20T19:06:58.945+0000] {dag.py:3328} INFO - Setting next_dagrun for tbf_analysis_dag_v06 to 2023-08-20T00:00:00+00:00, run_after=2023-08-20T00:00:00+00:00
[2023-08-20T19:06:58.956+0000] {processor.py:178} INFO - Processing /opt/airflow/dags/tbf_analysis_dag_v06.py took 0.184 seconds
[2023-08-20T19:07:29.111+0000] {processor.py:156} INFO - Started process (PID=437) to work on /opt/airflow/dags/tbf_analysis_dag_v06.py
[2023-08-20T19:07:29.114+0000] {processor.py:758} INFO - Processing file /opt/airflow/dags/tbf_analysis_dag_v06.py for tasks to queue
[2023-08-20T19:07:29.115+0000] {logging_mixin.py:117} INFO - [2023-08-20T19:07:29.115+0000] {dagbag.py:525} INFO - Filling up the DagBag from /opt/airflow/dags/tbf_analysis_dag_v06.py
[2023-08-20T19:07:29.233+0000] {processor.py:768} INFO - DAG(s) dict_keys(['tbf_analysis_dag_v06']) retrieved from /opt/airflow/dags/tbf_analysis_dag_v06.py
[2023-08-20T19:07:29.250+0000] {logging_mixin.py:117} INFO - [2023-08-20T19:07:29.250+0000] {dag.py:2573} INFO - Sync 1 DAGs
[2023-08-20T19:07:29.264+0000] {logging_mixin.py:117} INFO - [2023-08-20T19:07:29.264+0000] {dag.py:3328} INFO - Setting next_dagrun for tbf_analysis_dag_v06 to 2023-08-20T00:00:00+00:00, run_after=2023-08-20T00:00:00+00:00
[2023-08-20T19:07:29.274+0000] {processor.py:178} INFO - Processing /opt/airflow/dags/tbf_analysis_dag_v06.py took 0.168 seconds
[2023-08-20T19:07:59.486+0000] {processor.py:156} INFO - Started process (PID=465) to work on /opt/airflow/dags/tbf_analysis_dag_v06.py
[2023-08-20T19:07:59.488+0000] {processor.py:758} INFO - Processing file /opt/airflow/dags/tbf_analysis_dag_v06.py for tasks to queue
[2023-08-20T19:07:59.489+0000] {logging_mixin.py:117} INFO - [2023-08-20T19:07:59.489+0000] {dagbag.py:525} INFO - Filling up the DagBag from /opt/airflow/dags/tbf_analysis_dag_v06.py
[2023-08-20T19:07:59.627+0000] {processor.py:768} INFO - DAG(s) dict_keys(['tbf_analysis_dag_v06']) retrieved from /opt/airflow/dags/tbf_analysis_dag_v06.py
[2023-08-20T19:07:59.646+0000] {logging_mixin.py:117} INFO - [2023-08-20T19:07:59.646+0000] {dag.py:2573} INFO - Sync 1 DAGs
[2023-08-20T19:07:59.660+0000] {logging_mixin.py:117} INFO - [2023-08-20T19:07:59.660+0000] {dag.py:3328} INFO - Setting next_dagrun for tbf_analysis_dag_v06 to 2023-08-20T00:00:00+00:00, run_after=2023-08-20T00:00:00+00:00
[2023-08-20T19:07:59.671+0000] {processor.py:178} INFO - Processing /opt/airflow/dags/tbf_analysis_dag_v06.py took 0.189 seconds
[2023-08-20T19:08:29.886+0000] {processor.py:156} INFO - Started process (PID=494) to work on /opt/airflow/dags/tbf_analysis_dag_v06.py
[2023-08-20T19:08:29.890+0000] {processor.py:758} INFO - Processing file /opt/airflow/dags/tbf_analysis_dag_v06.py for tasks to queue
[2023-08-20T19:08:29.892+0000] {logging_mixin.py:117} INFO - [2023-08-20T19:08:29.892+0000] {dagbag.py:525} INFO - Filling up the DagBag from /opt/airflow/dags/tbf_analysis_dag_v06.py
[2023-08-20T19:08:30.012+0000] {processor.py:768} INFO - DAG(s) dict_keys(['tbf_analysis_dag_v06']) retrieved from /opt/airflow/dags/tbf_analysis_dag_v06.py
[2023-08-20T19:08:30.029+0000] {logging_mixin.py:117} INFO - [2023-08-20T19:08:30.029+0000] {dag.py:2573} INFO - Sync 1 DAGs
[2023-08-20T19:08:30.043+0000] {logging_mixin.py:117} INFO - [2023-08-20T19:08:30.043+0000] {dag.py:3328} INFO - Setting next_dagrun for tbf_analysis_dag_v06 to 2023-08-20T00:00:00+00:00, run_after=2023-08-20T00:00:00+00:00
[2023-08-20T19:08:30.053+0000] {processor.py:178} INFO - Processing /opt/airflow/dags/tbf_analysis_dag_v06.py took 0.173 seconds
[2023-08-20T19:09:00.374+0000] {processor.py:156} INFO - Started process (PID=523) to work on /opt/airflow/dags/tbf_analysis_dag_v06.py
[2023-08-20T19:09:00.377+0000] {processor.py:758} INFO - Processing file /opt/airflow/dags/tbf_analysis_dag_v06.py for tasks to queue
[2023-08-20T19:09:00.378+0000] {logging_mixin.py:117} INFO - [2023-08-20T19:09:00.378+0000] {dagbag.py:525} INFO - Filling up the DagBag from /opt/airflow/dags/tbf_analysis_dag_v06.py
[2023-08-20T19:09:00.501+0000] {processor.py:768} INFO - DAG(s) dict_keys(['tbf_analysis_dag_v06']) retrieved from /opt/airflow/dags/tbf_analysis_dag_v06.py
[2023-08-20T19:09:00.519+0000] {logging_mixin.py:117} INFO - [2023-08-20T19:09:00.519+0000] {dag.py:2573} INFO - Sync 1 DAGs
[2023-08-20T19:09:00.532+0000] {logging_mixin.py:117} INFO - [2023-08-20T19:09:00.532+0000] {dag.py:3328} INFO - Setting next_dagrun for tbf_analysis_dag_v06 to 2023-08-20T00:00:00+00:00, run_after=2023-08-20T00:00:00+00:00
[2023-08-20T19:09:00.543+0000] {processor.py:178} INFO - Processing /opt/airflow/dags/tbf_analysis_dag_v06.py took 0.173 seconds
[2023-08-20T19:09:30.753+0000] {processor.py:156} INFO - Started process (PID=551) to work on /opt/airflow/dags/tbf_analysis_dag_v06.py
[2023-08-20T19:09:30.755+0000] {processor.py:758} INFO - Processing file /opt/airflow/dags/tbf_analysis_dag_v06.py for tasks to queue
[2023-08-20T19:09:30.756+0000] {logging_mixin.py:117} INFO - [2023-08-20T19:09:30.756+0000] {dagbag.py:525} INFO - Filling up the DagBag from /opt/airflow/dags/tbf_analysis_dag_v06.py
[2023-08-20T19:09:30.920+0000] {processor.py:768} INFO - DAG(s) dict_keys(['tbf_analysis_dag_v06']) retrieved from /opt/airflow/dags/tbf_analysis_dag_v06.py
[2023-08-20T19:09:30.947+0000] {logging_mixin.py:117} INFO - [2023-08-20T19:09:30.947+0000] {dag.py:2573} INFO - Sync 1 DAGs
[2023-08-20T19:09:30.975+0000] {logging_mixin.py:117} INFO - [2023-08-20T19:09:30.975+0000] {dag.py:3328} INFO - Setting next_dagrun for tbf_analysis_dag_v06 to 2023-08-20T00:00:00+00:00, run_after=2023-08-20T00:00:00+00:00
[2023-08-20T19:09:30.993+0000] {processor.py:178} INFO - Processing /opt/airflow/dags/tbf_analysis_dag_v06.py took 0.244 seconds
[2023-08-20T19:10:01.130+0000] {processor.py:156} INFO - Started process (PID=571) to work on /opt/airflow/dags/tbf_analysis_dag_v06.py
[2023-08-20T19:10:01.131+0000] {processor.py:758} INFO - Processing file /opt/airflow/dags/tbf_analysis_dag_v06.py for tasks to queue
[2023-08-20T19:10:01.132+0000] {logging_mixin.py:117} INFO - [2023-08-20T19:10:01.132+0000] {dagbag.py:525} INFO - Filling up the DagBag from /opt/airflow/dags/tbf_analysis_dag_v06.py
[2023-08-20T19:10:01.296+0000] {processor.py:768} INFO - DAG(s) dict_keys(['tbf_analysis_dag_v06']) retrieved from /opt/airflow/dags/tbf_analysis_dag_v06.py
[2023-08-20T19:10:01.316+0000] {logging_mixin.py:117} INFO - [2023-08-20T19:10:01.316+0000] {dag.py:2573} INFO - Sync 1 DAGs
[2023-08-20T19:10:01.330+0000] {logging_mixin.py:117} INFO - [2023-08-20T19:10:01.330+0000] {dag.py:3328} INFO - Setting next_dagrun for tbf_analysis_dag_v06 to 2023-08-20T00:00:00+00:00, run_after=2023-08-20T00:00:00+00:00
[2023-08-20T19:10:01.340+0000] {processor.py:178} INFO - Processing /opt/airflow/dags/tbf_analysis_dag_v06.py took 0.213 seconds
[2023-08-20T19:10:31.713+0000] {processor.py:156} INFO - Started process (PID=599) to work on /opt/airflow/dags/tbf_analysis_dag_v06.py
[2023-08-20T19:10:31.714+0000] {processor.py:758} INFO - Processing file /opt/airflow/dags/tbf_analysis_dag_v06.py for tasks to queue
[2023-08-20T19:10:31.715+0000] {logging_mixin.py:117} INFO - [2023-08-20T19:10:31.715+0000] {dagbag.py:525} INFO - Filling up the DagBag from /opt/airflow/dags/tbf_analysis_dag_v06.py
[2023-08-20T19:10:31.827+0000] {processor.py:768} INFO - DAG(s) dict_keys(['tbf_analysis_dag_v06']) retrieved from /opt/airflow/dags/tbf_analysis_dag_v06.py
[2023-08-20T19:10:31.845+0000] {logging_mixin.py:117} INFO - [2023-08-20T19:10:31.845+0000] {dag.py:2573} INFO - Sync 1 DAGs
[2023-08-20T19:10:31.859+0000] {logging_mixin.py:117} INFO - [2023-08-20T19:10:31.859+0000] {dag.py:3328} INFO - Setting next_dagrun for tbf_analysis_dag_v06 to 2023-08-20T00:00:00+00:00, run_after=2023-08-20T00:00:00+00:00
[2023-08-20T19:10:31.869+0000] {processor.py:178} INFO - Processing /opt/airflow/dags/tbf_analysis_dag_v06.py took 0.159 seconds
[2023-08-20T19:11:01.979+0000] {processor.py:156} INFO - Started process (PID=626) to work on /opt/airflow/dags/tbf_analysis_dag_v06.py
[2023-08-20T19:11:01.982+0000] {processor.py:758} INFO - Processing file /opt/airflow/dags/tbf_analysis_dag_v06.py for tasks to queue
[2023-08-20T19:11:01.983+0000] {logging_mixin.py:117} INFO - [2023-08-20T19:11:01.983+0000] {dagbag.py:525} INFO - Filling up the DagBag from /opt/airflow/dags/tbf_analysis_dag_v06.py
[2023-08-20T19:11:02.099+0000] {processor.py:768} INFO - DAG(s) dict_keys(['tbf_analysis_dag_v06']) retrieved from /opt/airflow/dags/tbf_analysis_dag_v06.py
[2023-08-20T19:11:02.117+0000] {logging_mixin.py:117} INFO - [2023-08-20T19:11:02.117+0000] {dag.py:2573} INFO - Sync 1 DAGs
[2023-08-20T19:11:02.131+0000] {logging_mixin.py:117} INFO - [2023-08-20T19:11:02.131+0000] {dag.py:3328} INFO - Setting next_dagrun for tbf_analysis_dag_v06 to 2023-08-20T00:00:00+00:00, run_after=2023-08-20T00:00:00+00:00
[2023-08-20T19:11:02.141+0000] {processor.py:178} INFO - Processing /opt/airflow/dags/tbf_analysis_dag_v06.py took 0.167 seconds
[2023-08-20T19:11:32.458+0000] {processor.py:156} INFO - Started process (PID=654) to work on /opt/airflow/dags/tbf_analysis_dag_v06.py
[2023-08-20T19:11:32.460+0000] {processor.py:758} INFO - Processing file /opt/airflow/dags/tbf_analysis_dag_v06.py for tasks to queue
[2023-08-20T19:11:32.461+0000] {logging_mixin.py:117} INFO - [2023-08-20T19:11:32.461+0000] {dagbag.py:525} INFO - Filling up the DagBag from /opt/airflow/dags/tbf_analysis_dag_v06.py
[2023-08-20T19:11:32.602+0000] {processor.py:768} INFO - DAG(s) dict_keys(['tbf_analysis_dag_v06']) retrieved from /opt/airflow/dags/tbf_analysis_dag_v06.py
[2023-08-20T19:11:32.623+0000] {logging_mixin.py:117} INFO - [2023-08-20T19:11:32.622+0000] {dag.py:2573} INFO - Sync 1 DAGs
[2023-08-20T19:11:32.638+0000] {logging_mixin.py:117} INFO - [2023-08-20T19:11:32.638+0000] {dag.py:3328} INFO - Setting next_dagrun for tbf_analysis_dag_v06 to 2023-08-20T00:00:00+00:00, run_after=2023-08-20T00:00:00+00:00
[2023-08-20T19:11:32.649+0000] {processor.py:178} INFO - Processing /opt/airflow/dags/tbf_analysis_dag_v06.py took 0.196 seconds
[2023-08-20T19:12:02.853+0000] {processor.py:156} INFO - Started process (PID=683) to work on /opt/airflow/dags/tbf_analysis_dag_v06.py
[2023-08-20T19:12:02.858+0000] {processor.py:758} INFO - Processing file /opt/airflow/dags/tbf_analysis_dag_v06.py for tasks to queue
[2023-08-20T19:12:02.860+0000] {logging_mixin.py:117} INFO - [2023-08-20T19:12:02.860+0000] {dagbag.py:525} INFO - Filling up the DagBag from /opt/airflow/dags/tbf_analysis_dag_v06.py
[2023-08-20T19:12:02.986+0000] {processor.py:768} INFO - DAG(s) dict_keys(['tbf_analysis_dag_v06']) retrieved from /opt/airflow/dags/tbf_analysis_dag_v06.py
[2023-08-20T19:12:03.003+0000] {logging_mixin.py:117} INFO - [2023-08-20T19:12:03.003+0000] {dag.py:2573} INFO - Sync 1 DAGs
[2023-08-20T19:12:03.017+0000] {logging_mixin.py:117} INFO - [2023-08-20T19:12:03.016+0000] {dag.py:3328} INFO - Setting next_dagrun for tbf_analysis_dag_v06 to 2023-08-20T00:00:00+00:00, run_after=2023-08-20T00:00:00+00:00
[2023-08-20T19:12:03.026+0000] {processor.py:178} INFO - Processing /opt/airflow/dags/tbf_analysis_dag_v06.py took 0.181 seconds
[2023-08-20T19:12:33.321+0000] {processor.py:156} INFO - Started process (PID=711) to work on /opt/airflow/dags/tbf_analysis_dag_v06.py
[2023-08-20T19:12:33.324+0000] {processor.py:758} INFO - Processing file /opt/airflow/dags/tbf_analysis_dag_v06.py for tasks to queue
[2023-08-20T19:12:33.325+0000] {logging_mixin.py:117} INFO - [2023-08-20T19:12:33.325+0000] {dagbag.py:525} INFO - Filling up the DagBag from /opt/airflow/dags/tbf_analysis_dag_v06.py
[2023-08-20T19:12:33.447+0000] {processor.py:768} INFO - DAG(s) dict_keys(['tbf_analysis_dag_v06']) retrieved from /opt/airflow/dags/tbf_analysis_dag_v06.py
[2023-08-20T19:12:33.465+0000] {logging_mixin.py:117} INFO - [2023-08-20T19:12:33.465+0000] {dag.py:2573} INFO - Sync 1 DAGs
[2023-08-20T19:12:33.478+0000] {logging_mixin.py:117} INFO - [2023-08-20T19:12:33.478+0000] {dag.py:3328} INFO - Setting next_dagrun for tbf_analysis_dag_v06 to 2023-08-20T00:00:00+00:00, run_after=2023-08-20T00:00:00+00:00
[2023-08-20T19:12:33.489+0000] {processor.py:178} INFO - Processing /opt/airflow/dags/tbf_analysis_dag_v06.py took 0.173 seconds
[2023-08-20T19:13:03.684+0000] {processor.py:156} INFO - Started process (PID=739) to work on /opt/airflow/dags/tbf_analysis_dag_v06.py
[2023-08-20T19:13:03.698+0000] {processor.py:758} INFO - Processing file /opt/airflow/dags/tbf_analysis_dag_v06.py for tasks to queue
[2023-08-20T19:13:03.699+0000] {logging_mixin.py:117} INFO - [2023-08-20T19:13:03.699+0000] {dagbag.py:525} INFO - Filling up the DagBag from /opt/airflow/dags/tbf_analysis_dag_v06.py
[2023-08-20T19:13:03.841+0000] {processor.py:768} INFO - DAG(s) dict_keys(['tbf_analysis_dag_v06']) retrieved from /opt/airflow/dags/tbf_analysis_dag_v06.py
[2023-08-20T19:13:03.868+0000] {logging_mixin.py:117} INFO - [2023-08-20T19:13:03.867+0000] {dag.py:2573} INFO - Sync 1 DAGs
[2023-08-20T19:13:03.886+0000] {logging_mixin.py:117} INFO - [2023-08-20T19:13:03.885+0000] {dag.py:3328} INFO - Setting next_dagrun for tbf_analysis_dag_v06 to 2023-08-20T00:00:00+00:00, run_after=2023-08-20T00:00:00+00:00
[2023-08-20T19:13:03.902+0000] {processor.py:178} INFO - Processing /opt/airflow/dags/tbf_analysis_dag_v06.py took 0.221 seconds
[2023-08-20T19:13:34.165+0000] {processor.py:156} INFO - Started process (PID=758) to work on /opt/airflow/dags/tbf_analysis_dag_v06.py
[2023-08-20T19:13:34.169+0000] {processor.py:758} INFO - Processing file /opt/airflow/dags/tbf_analysis_dag_v06.py for tasks to queue
[2023-08-20T19:13:34.171+0000] {logging_mixin.py:117} INFO - [2023-08-20T19:13:34.171+0000] {dagbag.py:525} INFO - Filling up the DagBag from /opt/airflow/dags/tbf_analysis_dag_v06.py
[2023-08-20T19:13:34.312+0000] {processor.py:768} INFO - DAG(s) dict_keys(['tbf_analysis_dag_v06']) retrieved from /opt/airflow/dags/tbf_analysis_dag_v06.py
[2023-08-20T19:13:34.332+0000] {logging_mixin.py:117} INFO - [2023-08-20T19:13:34.332+0000] {dag.py:2573} INFO - Sync 1 DAGs
[2023-08-20T19:13:34.346+0000] {logging_mixin.py:117} INFO - [2023-08-20T19:13:34.346+0000] {dag.py:3328} INFO - Setting next_dagrun for tbf_analysis_dag_v06 to 2023-08-20T00:00:00+00:00, run_after=2023-08-20T00:00:00+00:00
[2023-08-20T19:13:34.357+0000] {processor.py:178} INFO - Processing /opt/airflow/dags/tbf_analysis_dag_v06.py took 0.201 seconds
[2023-08-20T19:14:04.556+0000] {processor.py:156} INFO - Started process (PID=785) to work on /opt/airflow/dags/tbf_analysis_dag_v06.py
[2023-08-20T19:14:04.560+0000] {processor.py:758} INFO - Processing file /opt/airflow/dags/tbf_analysis_dag_v06.py for tasks to queue
[2023-08-20T19:14:04.562+0000] {logging_mixin.py:117} INFO - [2023-08-20T19:14:04.562+0000] {dagbag.py:525} INFO - Filling up the DagBag from /opt/airflow/dags/tbf_analysis_dag_v06.py
[2023-08-20T19:14:04.682+0000] {processor.py:768} INFO - DAG(s) dict_keys(['tbf_analysis_dag_v06']) retrieved from /opt/airflow/dags/tbf_analysis_dag_v06.py
[2023-08-20T19:14:04.699+0000] {logging_mixin.py:117} INFO - [2023-08-20T19:14:04.699+0000] {dag.py:2573} INFO - Sync 1 DAGs
[2023-08-20T19:14:04.712+0000] {logging_mixin.py:117} INFO - [2023-08-20T19:14:04.712+0000] {dag.py:3328} INFO - Setting next_dagrun for tbf_analysis_dag_v06 to 2023-08-20T00:00:00+00:00, run_after=2023-08-20T00:00:00+00:00
[2023-08-20T19:14:04.722+0000] {processor.py:178} INFO - Processing /opt/airflow/dags/tbf_analysis_dag_v06.py took 0.172 seconds
[2023-08-20T19:14:34.943+0000] {processor.py:156} INFO - Started process (PID=814) to work on /opt/airflow/dags/tbf_analysis_dag_v06.py
[2023-08-20T19:14:34.944+0000] {processor.py:758} INFO - Processing file /opt/airflow/dags/tbf_analysis_dag_v06.py for tasks to queue
[2023-08-20T19:14:34.946+0000] {logging_mixin.py:117} INFO - [2023-08-20T19:14:34.945+0000] {dagbag.py:525} INFO - Filling up the DagBag from /opt/airflow/dags/tbf_analysis_dag_v06.py
[2023-08-20T19:14:35.067+0000] {processor.py:768} INFO - DAG(s) dict_keys(['tbf_analysis_dag_v06']) retrieved from /opt/airflow/dags/tbf_analysis_dag_v06.py
[2023-08-20T19:14:35.085+0000] {logging_mixin.py:117} INFO - [2023-08-20T19:14:35.085+0000] {dag.py:2573} INFO - Sync 1 DAGs
[2023-08-20T19:14:35.100+0000] {logging_mixin.py:117} INFO - [2023-08-20T19:14:35.100+0000] {dag.py:3328} INFO - Setting next_dagrun for tbf_analysis_dag_v06 to 2023-08-20T00:00:00+00:00, run_after=2023-08-20T00:00:00+00:00
[2023-08-20T19:14:35.110+0000] {processor.py:178} INFO - Processing /opt/airflow/dags/tbf_analysis_dag_v06.py took 0.170 seconds
[2023-08-20T19:15:05.294+0000] {processor.py:156} INFO - Started process (PID=842) to work on /opt/airflow/dags/tbf_analysis_dag_v06.py
[2023-08-20T19:15:05.295+0000] {processor.py:758} INFO - Processing file /opt/airflow/dags/tbf_analysis_dag_v06.py for tasks to queue
[2023-08-20T19:15:05.296+0000] {logging_mixin.py:117} INFO - [2023-08-20T19:15:05.296+0000] {dagbag.py:525} INFO - Filling up the DagBag from /opt/airflow/dags/tbf_analysis_dag_v06.py
[2023-08-20T19:15:05.406+0000] {processor.py:768} INFO - DAG(s) dict_keys(['tbf_analysis_dag_v06']) retrieved from /opt/airflow/dags/tbf_analysis_dag_v06.py
[2023-08-20T19:15:05.424+0000] {logging_mixin.py:117} INFO - [2023-08-20T19:15:05.424+0000] {dag.py:2573} INFO - Sync 1 DAGs
[2023-08-20T19:15:05.437+0000] {logging_mixin.py:117} INFO - [2023-08-20T19:15:05.437+0000] {dag.py:3328} INFO - Setting next_dagrun for tbf_analysis_dag_v06 to 2023-08-20T00:00:00+00:00, run_after=2023-08-20T00:00:00+00:00
[2023-08-20T19:15:05.448+0000] {processor.py:178} INFO - Processing /opt/airflow/dags/tbf_analysis_dag_v06.py took 0.157 seconds
[2023-08-20T19:15:35.671+0000] {processor.py:156} INFO - Started process (PID=870) to work on /opt/airflow/dags/tbf_analysis_dag_v06.py
[2023-08-20T19:15:35.672+0000] {processor.py:758} INFO - Processing file /opt/airflow/dags/tbf_analysis_dag_v06.py for tasks to queue
[2023-08-20T19:15:35.673+0000] {logging_mixin.py:117} INFO - [2023-08-20T19:15:35.673+0000] {dagbag.py:525} INFO - Filling up the DagBag from /opt/airflow/dags/tbf_analysis_dag_v06.py
[2023-08-20T19:15:35.790+0000] {processor.py:768} INFO - DAG(s) dict_keys(['tbf_analysis_dag_v06']) retrieved from /opt/airflow/dags/tbf_analysis_dag_v06.py
[2023-08-20T19:15:35.809+0000] {logging_mixin.py:117} INFO - [2023-08-20T19:15:35.808+0000] {dag.py:2573} INFO - Sync 1 DAGs
[2023-08-20T19:15:35.823+0000] {logging_mixin.py:117} INFO - [2023-08-20T19:15:35.823+0000] {dag.py:3328} INFO - Setting next_dagrun for tbf_analysis_dag_v06 to 2023-08-20T00:00:00+00:00, run_after=2023-08-20T00:00:00+00:00
[2023-08-20T19:15:35.833+0000] {processor.py:178} INFO - Processing /opt/airflow/dags/tbf_analysis_dag_v06.py took 0.165 seconds
[2023-08-20T19:16:06.067+0000] {processor.py:156} INFO - Started process (PID=898) to work on /opt/airflow/dags/tbf_analysis_dag_v06.py
[2023-08-20T19:16:06.071+0000] {processor.py:758} INFO - Processing file /opt/airflow/dags/tbf_analysis_dag_v06.py for tasks to queue
[2023-08-20T19:16:06.072+0000] {logging_mixin.py:117} INFO - [2023-08-20T19:16:06.072+0000] {dagbag.py:525} INFO - Filling up the DagBag from /opt/airflow/dags/tbf_analysis_dag_v06.py
[2023-08-20T19:16:06.191+0000] {processor.py:768} INFO - DAG(s) dict_keys(['tbf_analysis_dag_v06']) retrieved from /opt/airflow/dags/tbf_analysis_dag_v06.py
[2023-08-20T19:16:06.209+0000] {logging_mixin.py:117} INFO - [2023-08-20T19:16:06.209+0000] {dag.py:2573} INFO - Sync 1 DAGs
[2023-08-20T19:16:06.222+0000] {logging_mixin.py:117} INFO - [2023-08-20T19:16:06.222+0000] {dag.py:3328} INFO - Setting next_dagrun for tbf_analysis_dag_v06 to 2023-08-20T00:00:00+00:00, run_after=2023-08-20T00:00:00+00:00
[2023-08-20T19:16:06.232+0000] {processor.py:178} INFO - Processing /opt/airflow/dags/tbf_analysis_dag_v06.py took 0.171 seconds
[2023-08-20T19:16:36.456+0000] {processor.py:156} INFO - Started process (PID=926) to work on /opt/airflow/dags/tbf_analysis_dag_v06.py
[2023-08-20T19:16:36.458+0000] {processor.py:758} INFO - Processing file /opt/airflow/dags/tbf_analysis_dag_v06.py for tasks to queue
[2023-08-20T19:16:36.460+0000] {logging_mixin.py:117} INFO - [2023-08-20T19:16:36.460+0000] {dagbag.py:525} INFO - Filling up the DagBag from /opt/airflow/dags/tbf_analysis_dag_v06.py
[2023-08-20T19:16:36.623+0000] {processor.py:768} INFO - DAG(s) dict_keys(['tbf_analysis_dag_v06']) retrieved from /opt/airflow/dags/tbf_analysis_dag_v06.py
[2023-08-20T19:16:36.644+0000] {logging_mixin.py:117} INFO - [2023-08-20T19:16:36.644+0000] {dag.py:2573} INFO - Sync 1 DAGs
[2023-08-20T19:16:36.660+0000] {logging_mixin.py:117} INFO - [2023-08-20T19:16:36.659+0000] {dag.py:3328} INFO - Setting next_dagrun for tbf_analysis_dag_v06 to 2023-08-20T00:00:00+00:00, run_after=2023-08-20T00:00:00+00:00
[2023-08-20T19:16:36.671+0000] {processor.py:178} INFO - Processing /opt/airflow/dags/tbf_analysis_dag_v06.py took 0.218 seconds
[2023-08-20T19:17:06.834+0000] {processor.py:156} INFO - Started process (PID=945) to work on /opt/airflow/dags/tbf_analysis_dag_v06.py
[2023-08-20T19:17:06.836+0000] {processor.py:758} INFO - Processing file /opt/airflow/dags/tbf_analysis_dag_v06.py for tasks to queue
[2023-08-20T19:17:06.838+0000] {logging_mixin.py:117} INFO - [2023-08-20T19:17:06.838+0000] {dagbag.py:525} INFO - Filling up the DagBag from /opt/airflow/dags/tbf_analysis_dag_v06.py
[2023-08-20T19:17:06.957+0000] {processor.py:768} INFO - DAG(s) dict_keys(['tbf_analysis_dag_v06']) retrieved from /opt/airflow/dags/tbf_analysis_dag_v06.py
[2023-08-20T19:17:06.974+0000] {logging_mixin.py:117} INFO - [2023-08-20T19:17:06.974+0000] {dag.py:2573} INFO - Sync 1 DAGs
[2023-08-20T19:17:06.987+0000] {logging_mixin.py:117} INFO - [2023-08-20T19:17:06.987+0000] {dag.py:3328} INFO - Setting next_dagrun for tbf_analysis_dag_v06 to 2023-08-20T00:00:00+00:00, run_after=2023-08-20T00:00:00+00:00
[2023-08-20T19:17:06.997+0000] {processor.py:178} INFO - Processing /opt/airflow/dags/tbf_analysis_dag_v06.py took 0.167 seconds
[2023-08-20T19:17:37.318+0000] {processor.py:156} INFO - Started process (PID=973) to work on /opt/airflow/dags/tbf_analysis_dag_v06.py
[2023-08-20T19:17:37.321+0000] {processor.py:758} INFO - Processing file /opt/airflow/dags/tbf_analysis_dag_v06.py for tasks to queue
[2023-08-20T19:17:37.323+0000] {logging_mixin.py:117} INFO - [2023-08-20T19:17:37.322+0000] {dagbag.py:525} INFO - Filling up the DagBag from /opt/airflow/dags/tbf_analysis_dag_v06.py
[2023-08-20T19:17:37.445+0000] {processor.py:768} INFO - DAG(s) dict_keys(['tbf_analysis_dag_v06']) retrieved from /opt/airflow/dags/tbf_analysis_dag_v06.py
[2023-08-20T19:17:37.463+0000] {logging_mixin.py:117} INFO - [2023-08-20T19:17:37.462+0000] {dag.py:2573} INFO - Sync 1 DAGs
[2023-08-20T19:17:37.476+0000] {logging_mixin.py:117} INFO - [2023-08-20T19:17:37.476+0000] {dag.py:3328} INFO - Setting next_dagrun for tbf_analysis_dag_v06 to 2023-08-20T00:00:00+00:00, run_after=2023-08-20T00:00:00+00:00
[2023-08-20T19:17:37.486+0000] {processor.py:178} INFO - Processing /opt/airflow/dags/tbf_analysis_dag_v06.py took 0.174 seconds
[2023-08-20T19:18:07.710+0000] {processor.py:156} INFO - Started process (PID=1001) to work on /opt/airflow/dags/tbf_analysis_dag_v06.py
[2023-08-20T19:18:07.713+0000] {processor.py:758} INFO - Processing file /opt/airflow/dags/tbf_analysis_dag_v06.py for tasks to queue
[2023-08-20T19:18:07.716+0000] {logging_mixin.py:117} INFO - [2023-08-20T19:18:07.716+0000] {dagbag.py:525} INFO - Filling up the DagBag from /opt/airflow/dags/tbf_analysis_dag_v06.py
[2023-08-20T19:18:07.840+0000] {processor.py:768} INFO - DAG(s) dict_keys(['tbf_analysis_dag_v06']) retrieved from /opt/airflow/dags/tbf_analysis_dag_v06.py
[2023-08-20T19:18:07.857+0000] {logging_mixin.py:117} INFO - [2023-08-20T19:18:07.857+0000] {dag.py:2573} INFO - Sync 1 DAGs
[2023-08-20T19:18:07.871+0000] {logging_mixin.py:117} INFO - [2023-08-20T19:18:07.871+0000] {dag.py:3328} INFO - Setting next_dagrun for tbf_analysis_dag_v06 to 2023-08-20T00:00:00+00:00, run_after=2023-08-20T00:00:00+00:00
[2023-08-20T19:18:07.881+0000] {processor.py:178} INFO - Processing /opt/airflow/dags/tbf_analysis_dag_v06.py took 0.178 seconds
[2023-08-20T19:18:38.094+0000] {processor.py:156} INFO - Started process (PID=1029) to work on /opt/airflow/dags/tbf_analysis_dag_v06.py
[2023-08-20T19:18:38.098+0000] {processor.py:758} INFO - Processing file /opt/airflow/dags/tbf_analysis_dag_v06.py for tasks to queue
[2023-08-20T19:18:38.099+0000] {logging_mixin.py:117} INFO - [2023-08-20T19:18:38.099+0000] {dagbag.py:525} INFO - Filling up the DagBag from /opt/airflow/dags/tbf_analysis_dag_v06.py
[2023-08-20T19:18:38.225+0000] {processor.py:768} INFO - DAG(s) dict_keys(['tbf_analysis_dag_v06']) retrieved from /opt/airflow/dags/tbf_analysis_dag_v06.py
[2023-08-20T19:18:38.242+0000] {logging_mixin.py:117} INFO - [2023-08-20T19:18:38.242+0000] {dag.py:2573} INFO - Sync 1 DAGs
[2023-08-20T19:18:38.256+0000] {logging_mixin.py:117} INFO - [2023-08-20T19:18:38.256+0000] {dag.py:3328} INFO - Setting next_dagrun for tbf_analysis_dag_v06 to 2023-08-20T00:00:00+00:00, run_after=2023-08-20T00:00:00+00:00
[2023-08-20T19:18:38.265+0000] {processor.py:178} INFO - Processing /opt/airflow/dags/tbf_analysis_dag_v06.py took 0.177 seconds
[2023-08-20T19:19:08.499+0000] {processor.py:156} INFO - Started process (PID=1056) to work on /opt/airflow/dags/tbf_analysis_dag_v06.py
[2023-08-20T19:19:08.502+0000] {processor.py:758} INFO - Processing file /opt/airflow/dags/tbf_analysis_dag_v06.py for tasks to queue
[2023-08-20T19:19:08.504+0000] {logging_mixin.py:117} INFO - [2023-08-20T19:19:08.504+0000] {dagbag.py:525} INFO - Filling up the DagBag from /opt/airflow/dags/tbf_analysis_dag_v06.py
[2023-08-20T19:19:08.627+0000] {processor.py:768} INFO - DAG(s) dict_keys(['tbf_analysis_dag_v06']) retrieved from /opt/airflow/dags/tbf_analysis_dag_v06.py
[2023-08-20T19:19:08.646+0000] {logging_mixin.py:117} INFO - [2023-08-20T19:19:08.646+0000] {dag.py:2573} INFO - Sync 1 DAGs
[2023-08-20T19:19:08.660+0000] {logging_mixin.py:117} INFO - [2023-08-20T19:19:08.660+0000] {dag.py:3328} INFO - Setting next_dagrun for tbf_analysis_dag_v06 to 2023-08-20T00:00:00+00:00, run_after=2023-08-20T00:00:00+00:00
[2023-08-20T19:19:08.671+0000] {processor.py:178} INFO - Processing /opt/airflow/dags/tbf_analysis_dag_v06.py took 0.179 seconds
[2023-08-20T19:19:38.922+0000] {processor.py:156} INFO - Started process (PID=1083) to work on /opt/airflow/dags/tbf_analysis_dag_v06.py
[2023-08-20T19:19:38.926+0000] {processor.py:758} INFO - Processing file /opt/airflow/dags/tbf_analysis_dag_v06.py for tasks to queue
[2023-08-20T19:19:38.928+0000] {logging_mixin.py:117} INFO - [2023-08-20T19:19:38.928+0000] {dagbag.py:525} INFO - Filling up the DagBag from /opt/airflow/dags/tbf_analysis_dag_v06.py
[2023-08-20T19:19:39.067+0000] {processor.py:768} INFO - DAG(s) dict_keys(['tbf_analysis_dag_v06']) retrieved from /opt/airflow/dags/tbf_analysis_dag_v06.py
[2023-08-20T19:19:39.087+0000] {logging_mixin.py:117} INFO - [2023-08-20T19:19:39.087+0000] {dag.py:2573} INFO - Sync 1 DAGs
[2023-08-20T19:19:39.101+0000] {logging_mixin.py:117} INFO - [2023-08-20T19:19:39.101+0000] {dag.py:3328} INFO - Setting next_dagrun for tbf_analysis_dag_v06 to 2023-08-20T00:00:00+00:00, run_after=2023-08-20T00:00:00+00:00
[2023-08-20T19:19:39.112+0000] {processor.py:178} INFO - Processing /opt/airflow/dags/tbf_analysis_dag_v06.py took 0.195 seconds
[2023-08-20T19:20:09.401+0000] {processor.py:156} INFO - Started process (PID=1110) to work on /opt/airflow/dags/tbf_analysis_dag_v06.py
[2023-08-20T19:20:09.402+0000] {processor.py:758} INFO - Processing file /opt/airflow/dags/tbf_analysis_dag_v06.py for tasks to queue
[2023-08-20T19:20:09.403+0000] {logging_mixin.py:117} INFO - [2023-08-20T19:20:09.403+0000] {dagbag.py:525} INFO - Filling up the DagBag from /opt/airflow/dags/tbf_analysis_dag_v06.py
[2023-08-20T19:20:09.513+0000] {processor.py:768} INFO - DAG(s) dict_keys(['tbf_analysis_dag_v06']) retrieved from /opt/airflow/dags/tbf_analysis_dag_v06.py
[2023-08-20T19:20:09.531+0000] {logging_mixin.py:117} INFO - [2023-08-20T19:20:09.531+0000] {dag.py:2573} INFO - Sync 1 DAGs
[2023-08-20T19:20:09.544+0000] {logging_mixin.py:117} INFO - [2023-08-20T19:20:09.543+0000] {dag.py:3328} INFO - Setting next_dagrun for tbf_analysis_dag_v06 to 2023-08-20T00:00:00+00:00, run_after=2023-08-20T00:00:00+00:00
[2023-08-20T19:20:09.554+0000] {processor.py:178} INFO - Processing /opt/airflow/dags/tbf_analysis_dag_v06.py took 0.156 seconds
[2023-08-20T19:20:39.716+0000] {processor.py:156} INFO - Started process (PID=1129) to work on /opt/airflow/dags/tbf_analysis_dag_v06.py
[2023-08-20T19:20:39.717+0000] {processor.py:758} INFO - Processing file /opt/airflow/dags/tbf_analysis_dag_v06.py for tasks to queue
[2023-08-20T19:20:39.718+0000] {logging_mixin.py:117} INFO - [2023-08-20T19:20:39.718+0000] {dagbag.py:525} INFO - Filling up the DagBag from /opt/airflow/dags/tbf_analysis_dag_v06.py
[2023-08-20T19:20:39.833+0000] {processor.py:768} INFO - DAG(s) dict_keys(['tbf_analysis_dag_v06']) retrieved from /opt/airflow/dags/tbf_analysis_dag_v06.py
[2023-08-20T19:20:39.851+0000] {logging_mixin.py:117} INFO - [2023-08-20T19:20:39.851+0000] {dag.py:2573} INFO - Sync 1 DAGs
[2023-08-20T19:20:39.864+0000] {logging_mixin.py:117} INFO - [2023-08-20T19:20:39.864+0000] {dag.py:3328} INFO - Setting next_dagrun for tbf_analysis_dag_v06 to 2023-08-20T00:00:00+00:00, run_after=2023-08-20T00:00:00+00:00
[2023-08-20T19:20:39.875+0000] {processor.py:178} INFO - Processing /opt/airflow/dags/tbf_analysis_dag_v06.py took 0.163 seconds
[2023-08-20T19:21:10.133+0000] {processor.py:156} INFO - Started process (PID=1158) to work on /opt/airflow/dags/tbf_analysis_dag_v06.py
[2023-08-20T19:21:10.135+0000] {processor.py:758} INFO - Processing file /opt/airflow/dags/tbf_analysis_dag_v06.py for tasks to queue
[2023-08-20T19:21:10.136+0000] {logging_mixin.py:117} INFO - [2023-08-20T19:21:10.136+0000] {dagbag.py:525} INFO - Filling up the DagBag from /opt/airflow/dags/tbf_analysis_dag_v06.py
[2023-08-20T19:21:10.247+0000] {processor.py:768} INFO - DAG(s) dict_keys(['tbf_analysis_dag_v06']) retrieved from /opt/airflow/dags/tbf_analysis_dag_v06.py
[2023-08-20T19:21:10.265+0000] {logging_mixin.py:117} INFO - [2023-08-20T19:21:10.264+0000] {dag.py:2573} INFO - Sync 1 DAGs
[2023-08-20T19:21:10.280+0000] {logging_mixin.py:117} INFO - [2023-08-20T19:21:10.280+0000] {dag.py:3328} INFO - Setting next_dagrun for tbf_analysis_dag_v06 to 2023-08-20T00:00:00+00:00, run_after=2023-08-20T00:00:00+00:00
[2023-08-20T19:21:10.292+0000] {processor.py:178} INFO - Processing /opt/airflow/dags/tbf_analysis_dag_v06.py took 0.162 seconds
[2023-08-20T19:21:40.386+0000] {processor.py:156} INFO - Started process (PID=1187) to work on /opt/airflow/dags/tbf_analysis_dag_v06.py
[2023-08-20T19:21:40.388+0000] {processor.py:758} INFO - Processing file /opt/airflow/dags/tbf_analysis_dag_v06.py for tasks to queue
[2023-08-20T19:21:40.390+0000] {logging_mixin.py:117} INFO - [2023-08-20T19:21:40.390+0000] {dagbag.py:525} INFO - Filling up the DagBag from /opt/airflow/dags/tbf_analysis_dag_v06.py
[2023-08-20T19:21:40.513+0000] {processor.py:768} INFO - DAG(s) dict_keys(['tbf_analysis_dag_v06']) retrieved from /opt/airflow/dags/tbf_analysis_dag_v06.py
[2023-08-20T19:21:40.530+0000] {logging_mixin.py:117} INFO - [2023-08-20T19:21:40.530+0000] {dag.py:2573} INFO - Sync 1 DAGs
[2023-08-20T19:21:40.543+0000] {logging_mixin.py:117} INFO - [2023-08-20T19:21:40.543+0000] {dag.py:3328} INFO - Setting next_dagrun for tbf_analysis_dag_v06 to 2023-08-20T00:00:00+00:00, run_after=2023-08-20T00:00:00+00:00
[2023-08-20T19:21:40.553+0000] {processor.py:178} INFO - Processing /opt/airflow/dags/tbf_analysis_dag_v06.py took 0.173 seconds
[2023-08-20T19:22:10.815+0000] {processor.py:156} INFO - Started process (PID=1216) to work on /opt/airflow/dags/tbf_analysis_dag_v06.py
[2023-08-20T19:22:10.817+0000] {processor.py:758} INFO - Processing file /opt/airflow/dags/tbf_analysis_dag_v06.py for tasks to queue
[2023-08-20T19:22:10.818+0000] {logging_mixin.py:117} INFO - [2023-08-20T19:22:10.818+0000] {dagbag.py:525} INFO - Filling up the DagBag from /opt/airflow/dags/tbf_analysis_dag_v06.py
[2023-08-20T19:22:10.934+0000] {processor.py:768} INFO - DAG(s) dict_keys(['tbf_analysis_dag_v06']) retrieved from /opt/airflow/dags/tbf_analysis_dag_v06.py
[2023-08-20T19:22:10.953+0000] {logging_mixin.py:117} INFO - [2023-08-20T19:22:10.953+0000] {dag.py:2573} INFO - Sync 1 DAGs
[2023-08-20T19:22:10.967+0000] {logging_mixin.py:117} INFO - [2023-08-20T19:22:10.967+0000] {dag.py:3328} INFO - Setting next_dagrun for tbf_analysis_dag_v06 to 2023-08-20T00:00:00+00:00, run_after=2023-08-20T00:00:00+00:00
[2023-08-20T19:22:10.977+0000] {processor.py:178} INFO - Processing /opt/airflow/dags/tbf_analysis_dag_v06.py took 0.165 seconds
[2023-08-20T19:22:41.116+0000] {processor.py:156} INFO - Started process (PID=1245) to work on /opt/airflow/dags/tbf_analysis_dag_v06.py
[2023-08-20T19:22:41.119+0000] {processor.py:758} INFO - Processing file /opt/airflow/dags/tbf_analysis_dag_v06.py for tasks to queue
[2023-08-20T19:22:41.120+0000] {logging_mixin.py:117} INFO - [2023-08-20T19:22:41.120+0000] {dagbag.py:525} INFO - Filling up the DagBag from /opt/airflow/dags/tbf_analysis_dag_v06.py
[2023-08-20T19:22:41.305+0000] {processor.py:768} INFO - DAG(s) dict_keys(['tbf_analysis_dag_v06']) retrieved from /opt/airflow/dags/tbf_analysis_dag_v06.py
[2023-08-20T19:22:41.329+0000] {logging_mixin.py:117} INFO - [2023-08-20T19:22:41.329+0000] {dag.py:2573} INFO - Sync 1 DAGs
[2023-08-20T19:22:41.345+0000] {logging_mixin.py:117} INFO - [2023-08-20T19:22:41.345+0000] {dag.py:3328} INFO - Setting next_dagrun for tbf_analysis_dag_v06 to 2023-08-20T00:00:00+00:00, run_after=2023-08-20T00:00:00+00:00
[2023-08-20T19:22:41.357+0000] {processor.py:178} INFO - Processing /opt/airflow/dags/tbf_analysis_dag_v06.py took 0.246 seconds
[2023-08-20T19:23:11.581+0000] {processor.py:156} INFO - Started process (PID=1273) to work on /opt/airflow/dags/tbf_analysis_dag_v06.py
[2023-08-20T19:23:11.583+0000] {processor.py:758} INFO - Processing file /opt/airflow/dags/tbf_analysis_dag_v06.py for tasks to queue
[2023-08-20T19:23:11.584+0000] {logging_mixin.py:117} INFO - [2023-08-20T19:23:11.584+0000] {dagbag.py:525} INFO - Filling up the DagBag from /opt/airflow/dags/tbf_analysis_dag_v06.py
[2023-08-20T19:23:11.726+0000] {processor.py:768} INFO - DAG(s) dict_keys(['tbf_analysis_dag_v06']) retrieved from /opt/airflow/dags/tbf_analysis_dag_v06.py
[2023-08-20T19:23:11.747+0000] {logging_mixin.py:117} INFO - [2023-08-20T19:23:11.747+0000] {dag.py:2573} INFO - Sync 1 DAGs
[2023-08-20T19:23:11.763+0000] {logging_mixin.py:117} INFO - [2023-08-20T19:23:11.763+0000] {dag.py:3328} INFO - Setting next_dagrun for tbf_analysis_dag_v06 to 2023-08-20T00:00:00+00:00, run_after=2023-08-20T00:00:00+00:00
[2023-08-20T19:23:11.773+0000] {processor.py:178} INFO - Processing /opt/airflow/dags/tbf_analysis_dag_v06.py took 0.196 seconds
[2023-08-20T19:23:41.927+0000] {processor.py:156} INFO - Started process (PID=1301) to work on /opt/airflow/dags/tbf_analysis_dag_v06.py
[2023-08-20T19:23:41.929+0000] {processor.py:758} INFO - Processing file /opt/airflow/dags/tbf_analysis_dag_v06.py for tasks to queue
[2023-08-20T19:23:41.930+0000] {logging_mixin.py:117} INFO - [2023-08-20T19:23:41.930+0000] {dagbag.py:525} INFO - Filling up the DagBag from /opt/airflow/dags/tbf_analysis_dag_v06.py
[2023-08-20T19:23:42.089+0000] {processor.py:768} INFO - DAG(s) dict_keys(['tbf_analysis_dag_v06']) retrieved from /opt/airflow/dags/tbf_analysis_dag_v06.py
[2023-08-20T19:23:42.112+0000] {logging_mixin.py:117} INFO - [2023-08-20T19:23:42.111+0000] {dag.py:2573} INFO - Sync 1 DAGs
[2023-08-20T19:23:42.127+0000] {logging_mixin.py:117} INFO - [2023-08-20T19:23:42.127+0000] {dag.py:3328} INFO - Setting next_dagrun for tbf_analysis_dag_v06 to 2023-08-20T00:00:00+00:00, run_after=2023-08-20T00:00:00+00:00
[2023-08-20T19:23:42.139+0000] {processor.py:178} INFO - Processing /opt/airflow/dags/tbf_analysis_dag_v06.py took 0.215 seconds
[2023-08-20T19:24:12.415+0000] {processor.py:156} INFO - Started process (PID=1321) to work on /opt/airflow/dags/tbf_analysis_dag_v06.py
[2023-08-20T19:24:12.416+0000] {processor.py:758} INFO - Processing file /opt/airflow/dags/tbf_analysis_dag_v06.py for tasks to queue
[2023-08-20T19:24:12.417+0000] {logging_mixin.py:117} INFO - [2023-08-20T19:24:12.417+0000] {dagbag.py:525} INFO - Filling up the DagBag from /opt/airflow/dags/tbf_analysis_dag_v06.py
[2023-08-20T19:24:12.620+0000] {processor.py:768} INFO - DAG(s) dict_keys(['tbf_analysis_dag_v06']) retrieved from /opt/airflow/dags/tbf_analysis_dag_v06.py
[2023-08-20T19:24:12.644+0000] {logging_mixin.py:117} INFO - [2023-08-20T19:24:12.644+0000] {dag.py:2573} INFO - Sync 1 DAGs
[2023-08-20T19:24:12.661+0000] {logging_mixin.py:117} INFO - [2023-08-20T19:24:12.661+0000] {dag.py:3328} INFO - Setting next_dagrun for tbf_analysis_dag_v06 to 2023-08-20T00:00:00+00:00, run_after=2023-08-20T00:00:00+00:00
[2023-08-20T19:24:12.673+0000] {processor.py:178} INFO - Processing /opt/airflow/dags/tbf_analysis_dag_v06.py took 0.261 seconds
[2023-08-20T19:24:42.976+0000] {processor.py:156} INFO - Started process (PID=1353) to work on /opt/airflow/dags/tbf_analysis_dag_v06.py
[2023-08-20T19:24:42.978+0000] {processor.py:758} INFO - Processing file /opt/airflow/dags/tbf_analysis_dag_v06.py for tasks to queue
[2023-08-20T19:24:42.979+0000] {logging_mixin.py:117} INFO - [2023-08-20T19:24:42.979+0000] {dagbag.py:525} INFO - Filling up the DagBag from /opt/airflow/dags/tbf_analysis_dag_v06.py
[2023-08-20T19:24:43.141+0000] {processor.py:768} INFO - DAG(s) dict_keys(['tbf_analysis_dag_v06']) retrieved from /opt/airflow/dags/tbf_analysis_dag_v06.py
[2023-08-20T19:24:43.171+0000] {logging_mixin.py:117} INFO - [2023-08-20T19:24:43.170+0000] {dag.py:2573} INFO - Sync 1 DAGs
[2023-08-20T19:24:43.186+0000] {logging_mixin.py:117} INFO - [2023-08-20T19:24:43.186+0000] {dag.py:3328} INFO - Setting next_dagrun for tbf_analysis_dag_v06 to None, run_after=None
[2023-08-20T19:24:43.197+0000] {processor.py:178} INFO - Processing /opt/airflow/dags/tbf_analysis_dag_v06.py took 0.224 seconds
[2023-08-20T19:25:13.256+0000] {processor.py:156} INFO - Started process (PID=1382) to work on /opt/airflow/dags/tbf_analysis_dag_v06.py
[2023-08-20T19:25:13.260+0000] {processor.py:758} INFO - Processing file /opt/airflow/dags/tbf_analysis_dag_v06.py for tasks to queue
[2023-08-20T19:25:13.262+0000] {logging_mixin.py:117} INFO - [2023-08-20T19:25:13.262+0000] {dagbag.py:525} INFO - Filling up the DagBag from /opt/airflow/dags/tbf_analysis_dag_v06.py
[2023-08-20T19:25:13.393+0000] {processor.py:768} INFO - DAG(s) dict_keys(['tbf_analysis_dag_v06']) retrieved from /opt/airflow/dags/tbf_analysis_dag_v06.py
[2023-08-20T19:25:13.415+0000] {logging_mixin.py:117} INFO - [2023-08-20T19:25:13.415+0000] {dag.py:2573} INFO - Sync 1 DAGs
[2023-08-20T19:25:13.432+0000] {logging_mixin.py:117} INFO - [2023-08-20T19:25:13.432+0000] {dag.py:3328} INFO - Setting next_dagrun for tbf_analysis_dag_v06 to None, run_after=None
[2023-08-20T19:25:13.442+0000] {processor.py:178} INFO - Processing /opt/airflow/dags/tbf_analysis_dag_v06.py took 0.193 seconds
[2023-08-20T19:25:43.529+0000] {processor.py:156} INFO - Started process (PID=1410) to work on /opt/airflow/dags/tbf_analysis_dag_v06.py
[2023-08-20T19:25:43.532+0000] {processor.py:758} INFO - Processing file /opt/airflow/dags/tbf_analysis_dag_v06.py for tasks to queue
[2023-08-20T19:25:43.534+0000] {logging_mixin.py:117} INFO - [2023-08-20T19:25:43.534+0000] {dagbag.py:525} INFO - Filling up the DagBag from /opt/airflow/dags/tbf_analysis_dag_v06.py
[2023-08-20T19:25:43.727+0000] {processor.py:768} INFO - DAG(s) dict_keys(['tbf_analysis_dag_v06']) retrieved from /opt/airflow/dags/tbf_analysis_dag_v06.py
[2023-08-20T19:25:43.750+0000] {logging_mixin.py:117} INFO - [2023-08-20T19:25:43.750+0000] {dag.py:2573} INFO - Sync 1 DAGs
[2023-08-20T19:25:43.765+0000] {logging_mixin.py:117} INFO - [2023-08-20T19:25:43.765+0000] {dag.py:3328} INFO - Setting next_dagrun for tbf_analysis_dag_v06 to None, run_after=None
[2023-08-20T19:25:43.776+0000] {processor.py:178} INFO - Processing /opt/airflow/dags/tbf_analysis_dag_v06.py took 0.256 seconds
[2023-08-20T19:26:14.065+0000] {processor.py:156} INFO - Started process (PID=1438) to work on /opt/airflow/dags/tbf_analysis_dag_v06.py
[2023-08-20T19:26:14.068+0000] {processor.py:758} INFO - Processing file /opt/airflow/dags/tbf_analysis_dag_v06.py for tasks to queue
[2023-08-20T19:26:14.071+0000] {logging_mixin.py:117} INFO - [2023-08-20T19:26:14.070+0000] {dagbag.py:525} INFO - Filling up the DagBag from /opt/airflow/dags/tbf_analysis_dag_v06.py
[2023-08-20T19:26:14.252+0000] {processor.py:768} INFO - DAG(s) dict_keys(['tbf_analysis_dag_v06']) retrieved from /opt/airflow/dags/tbf_analysis_dag_v06.py
[2023-08-20T19:26:14.273+0000] {logging_mixin.py:117} INFO - [2023-08-20T19:26:14.273+0000] {dag.py:2573} INFO - Sync 1 DAGs
[2023-08-20T19:26:14.289+0000] {logging_mixin.py:117} INFO - [2023-08-20T19:26:14.289+0000] {dag.py:3328} INFO - Setting next_dagrun for tbf_analysis_dag_v06 to None, run_after=None
[2023-08-20T19:26:14.300+0000] {processor.py:178} INFO - Processing /opt/airflow/dags/tbf_analysis_dag_v06.py took 0.243 seconds
[2023-08-20T19:26:44.567+0000] {processor.py:156} INFO - Started process (PID=1465) to work on /opt/airflow/dags/tbf_analysis_dag_v06.py
[2023-08-20T19:26:44.571+0000] {processor.py:758} INFO - Processing file /opt/airflow/dags/tbf_analysis_dag_v06.py for tasks to queue
[2023-08-20T19:26:44.572+0000] {logging_mixin.py:117} INFO - [2023-08-20T19:26:44.572+0000] {dagbag.py:525} INFO - Filling up the DagBag from /opt/airflow/dags/tbf_analysis_dag_v06.py
[2023-08-20T19:26:44.751+0000] {processor.py:768} INFO - DAG(s) dict_keys(['tbf_analysis_dag_v06']) retrieved from /opt/airflow/dags/tbf_analysis_dag_v06.py
[2023-08-20T19:26:44.773+0000] {logging_mixin.py:117} INFO - [2023-08-20T19:26:44.773+0000] {dag.py:2573} INFO - Sync 1 DAGs
[2023-08-20T19:26:44.788+0000] {logging_mixin.py:117} INFO - [2023-08-20T19:26:44.788+0000] {dag.py:3328} INFO - Setting next_dagrun for tbf_analysis_dag_v06 to None, run_after=None
[2023-08-20T19:26:44.799+0000] {processor.py:178} INFO - Processing /opt/airflow/dags/tbf_analysis_dag_v06.py took 0.238 seconds
[2023-08-20T19:27:14.890+0000] {processor.py:156} INFO - Started process (PID=1484) to work on /opt/airflow/dags/tbf_analysis_dag_v06.py
[2023-08-20T19:27:14.892+0000] {processor.py:758} INFO - Processing file /opt/airflow/dags/tbf_analysis_dag_v06.py for tasks to queue
[2023-08-20T19:27:14.893+0000] {logging_mixin.py:117} INFO - [2023-08-20T19:27:14.893+0000] {dagbag.py:525} INFO - Filling up the DagBag from /opt/airflow/dags/tbf_analysis_dag_v06.py
[2023-08-20T19:27:15.081+0000] {processor.py:768} INFO - DAG(s) dict_keys(['tbf_analysis_dag_v06']) retrieved from /opt/airflow/dags/tbf_analysis_dag_v06.py
[2023-08-20T19:27:15.103+0000] {logging_mixin.py:117} INFO - [2023-08-20T19:27:15.103+0000] {dag.py:2573} INFO - Sync 1 DAGs
[2023-08-20T19:27:15.120+0000] {logging_mixin.py:117} INFO - [2023-08-20T19:27:15.120+0000] {dag.py:3328} INFO - Setting next_dagrun for tbf_analysis_dag_v06 to None, run_after=None
[2023-08-20T19:27:15.136+0000] {processor.py:178} INFO - Processing /opt/airflow/dags/tbf_analysis_dag_v06.py took 0.250 seconds
[2023-08-20T19:27:45.462+0000] {processor.py:156} INFO - Started process (PID=1512) to work on /opt/airflow/dags/tbf_analysis_dag_v06.py
[2023-08-20T19:27:45.466+0000] {processor.py:758} INFO - Processing file /opt/airflow/dags/tbf_analysis_dag_v06.py for tasks to queue
[2023-08-20T19:27:45.468+0000] {logging_mixin.py:117} INFO - [2023-08-20T19:27:45.467+0000] {dagbag.py:525} INFO - Filling up the DagBag from /opt/airflow/dags/tbf_analysis_dag_v06.py
[2023-08-20T19:27:45.877+0000] {processor.py:768} INFO - DAG(s) dict_keys(['tbf_analysis_dag_v06']) retrieved from /opt/airflow/dags/tbf_analysis_dag_v06.py
[2023-08-20T19:27:45.948+0000] {logging_mixin.py:117} INFO - [2023-08-20T19:27:45.947+0000] {dag.py:2573} INFO - Sync 1 DAGs
