[2023-08-22T00:36:43.818+0000] {taskinstance.py:1165} INFO - Dependencies all met for <TaskInstance: tbf_analysis_dag_v10.authenticate_service_acct_task manual__2023-08-22T00:36:41.813735+00:00 [queued]>
[2023-08-22T00:36:43.829+0000] {taskinstance.py:1165} INFO - Dependencies all met for <TaskInstance: tbf_analysis_dag_v10.authenticate_service_acct_task manual__2023-08-22T00:36:41.813735+00:00 [queued]>
[2023-08-22T00:36:43.831+0000] {taskinstance.py:1362} INFO - 
--------------------------------------------------------------------------------
[2023-08-22T00:36:43.832+0000] {taskinstance.py:1363} INFO - Starting attempt 1 of 2
[2023-08-22T00:36:43.834+0000] {taskinstance.py:1364} INFO - 
--------------------------------------------------------------------------------
[2023-08-22T00:36:43.845+0000] {taskinstance.py:1383} INFO - Executing <Task(BashOperator): authenticate_service_acct_task> on 2023-08-22 00:36:41.813735+00:00
[2023-08-22T00:36:43.857+0000] {standard_task_runner.py:54} INFO - Started process 4384 to run task
[2023-08-22T00:36:43.861+0000] {standard_task_runner.py:82} INFO - Running: ['***', 'tasks', 'run', 'tbf_analysis_dag_v10', 'authenticate_service_acct_task', 'manual__2023-08-22T00:36:41.813735+00:00', '--job-id', '76', '--raw', '--subdir', 'DAGS_FOLDER/tbf_analysis_dag_v10.py', '--cfg-path', '/tmp/tmpqrsqcdml']
[2023-08-22T00:36:43.864+0000] {standard_task_runner.py:83} INFO - Job 76: Subtask authenticate_service_acct_task
[2023-08-22T00:36:43.865+0000] {dagbag.py:525} INFO - Filling up the DagBag from /opt/***/dags/tbf_analysis_dag_v10.py
[2023-08-22T00:36:43.977+0000] {task_command.py:384} INFO - Running <TaskInstance: tbf_analysis_dag_v10.authenticate_service_acct_task manual__2023-08-22T00:36:41.813735+00:00 [running]> on host 2791cbd3eb46
[2023-08-22T00:36:44.039+0000] {taskinstance.py:1592} INFO - Exporting the following env vars:
AIRFLOW_CTX_DAG_OWNER=***
AIRFLOW_CTX_DAG_ID=tbf_analysis_dag_v10
AIRFLOW_CTX_TASK_ID=authenticate_service_acct_task
AIRFLOW_CTX_EXECUTION_DATE=2023-08-22T00:36:41.813735+00:00
AIRFLOW_CTX_TRY_NUMBER=1
AIRFLOW_CTX_DAG_RUN_ID=manual__2023-08-22T00:36:41.813735+00:00
[2023-08-22T00:36:44.041+0000] {subprocess.py:63} INFO - Tmp dir root location: 
 /tmp
[2023-08-22T00:36:44.042+0000] {subprocess.py:75} INFO - Running command: ['/bin/bash', '-c', 'echo starting_gcloud_auth; gcloud auth activate-service-account terraform@trans-border-freights-394419.iam.gserviceaccount.com --key-file /.google/credentials/google_credentials.json; echo ending_gcloud_auth']
[2023-08-22T00:36:44.054+0000] {subprocess.py:86} INFO - Output:
[2023-08-22T00:36:44.057+0000] {subprocess.py:93} INFO - starting_gcloud_auth
[2023-08-22T00:36:44.765+0000] {subprocess.py:93} INFO - Activated service account credentials for: [terraform@trans-border-freights-394419.iam.gserviceaccount.com]
[2023-08-22T00:36:44.809+0000] {subprocess.py:93} INFO - ending_gcloud_auth
[2023-08-22T00:36:44.810+0000] {subprocess.py:97} INFO - Command exited with return code 0
[2023-08-22T00:36:44.834+0000] {taskinstance.py:1406} INFO - Marking task as SUCCESS. dag_id=tbf_analysis_dag_v10, task_id=authenticate_service_acct_task, execution_date=20230822T003641, start_date=20230822T003643, end_date=20230822T003644
[2023-08-22T00:36:44.886+0000] {local_task_job.py:164} INFO - Task exited with return code 0
[2023-08-22T00:36:44.910+0000] {local_task_job.py:273} INFO - 1 downstream tasks scheduled from follow-on schedule check
