[2023-08-22T00:31:38.317+0000] {taskinstance.py:1165} INFO - Dependencies all met for <TaskInstance: tbf_analysis_dag_v10.transfer_to_GCS_task manual__2023-08-22T00:26:25.422963+00:00 [queued]>
[2023-08-22T00:31:38.324+0000] {taskinstance.py:1165} INFO - Dependencies all met for <TaskInstance: tbf_analysis_dag_v10.transfer_to_GCS_task manual__2023-08-22T00:26:25.422963+00:00 [queued]>
[2023-08-22T00:31:38.325+0000] {taskinstance.py:1362} INFO - 
--------------------------------------------------------------------------------
[2023-08-22T00:31:38.326+0000] {taskinstance.py:1363} INFO - Starting attempt 2 of 2
[2023-08-22T00:31:38.326+0000] {taskinstance.py:1364} INFO - 
--------------------------------------------------------------------------------
[2023-08-22T00:31:38.335+0000] {taskinstance.py:1383} INFO - Executing <Task(BashOperator): transfer_to_GCS_task> on 2023-08-22 00:26:25.422963+00:00
[2023-08-22T00:31:38.341+0000] {standard_task_runner.py:54} INFO - Started process 1675 to run task
[2023-08-22T00:31:38.345+0000] {standard_task_runner.py:82} INFO - Running: ['***', 'tasks', 'run', 'tbf_analysis_dag_v10', 'transfer_to_GCS_task', 'manual__2023-08-22T00:26:25.422963+00:00', '--job-id', '73', '--raw', '--subdir', 'DAGS_FOLDER/tbf_analysis_dag_v10.py', '--cfg-path', '/tmp/tmp1pvurzjz']
[2023-08-22T00:31:38.353+0000] {standard_task_runner.py:83} INFO - Job 73: Subtask transfer_to_GCS_task
[2023-08-22T00:31:38.355+0000] {dagbag.py:525} INFO - Filling up the DagBag from /opt/***/dags/tbf_analysis_dag_v10.py
[2023-08-22T00:31:38.473+0000] {task_command.py:384} INFO - Running <TaskInstance: tbf_analysis_dag_v10.transfer_to_GCS_task manual__2023-08-22T00:26:25.422963+00:00 [running]> on host 2791cbd3eb46
[2023-08-22T00:31:38.533+0000] {taskinstance.py:1592} INFO - Exporting the following env vars:
AIRFLOW_CTX_DAG_OWNER=***
AIRFLOW_CTX_DAG_ID=tbf_analysis_dag_v10
AIRFLOW_CTX_TASK_ID=transfer_to_GCS_task
AIRFLOW_CTX_EXECUTION_DATE=2023-08-22T00:26:25.422963+00:00
AIRFLOW_CTX_TRY_NUMBER=2
AIRFLOW_CTX_DAG_RUN_ID=manual__2023-08-22T00:26:25.422963+00:00
[2023-08-22T00:31:38.534+0000] {subprocess.py:63} INFO - Tmp dir root location: 
 /tmp
[2023-08-22T00:31:38.535+0000] {subprocess.py:75} INFO - Running command: ['/bin/bash', '-c', 'bash /opt/***/transfer_to_GCS/gcloud_setup_local.sh tbf-analysis-terraform_trans-border-freights-394419']
[2023-08-22T00:31:38.548+0000] {subprocess.py:86} INFO - Output:
[2023-08-22T00:31:39.756+0000] {subprocess.py:93} INFO - Copying file:///opt/***/transfer_to_GCS/02a_transform_consolidate.py...
[2023-08-22T00:31:39.761+0000] {subprocess.py:93} INFO - / [0 files][    0.0 B/  6.8 KiB]                                                / [1 files][  6.8 KiB/  6.8 KiB]
[2023-08-22T00:31:39.762+0000] {subprocess.py:93} INFO - Operation completed over 1 objects/6.8 KiB.
[2023-08-22T00:31:41.194+0000] {subprocess.py:93} INFO - Copying file:///opt/***/transfer_to_GCS/02b_transform_joinwithmetadata.py...
[2023-08-22T00:31:41.200+0000] {subprocess.py:93} INFO - / [0 files][    0.0 B/  6.3 KiB]                                                / [1 files][  6.3 KiB/  6.3 KiB]
[2023-08-22T00:31:41.200+0000] {subprocess.py:93} INFO - Operation completed over 1 objects/6.3 KiB.
[2023-08-22T00:31:42.509+0000] {subprocess.py:93} INFO - Copying file:///opt/***/transfer_to_GCS/TransBorderCodes.xls...
[2023-08-22T00:31:42.514+0000] {subprocess.py:93} INFO - / [0 files][    0.0 B/ 80.5 KiB]                                                / [1 files][ 80.5 KiB/ 80.5 KiB]
[2023-08-22T00:31:42.516+0000] {subprocess.py:93} INFO - Operation completed over 1 objects/80.5 KiB.
[2023-08-22T00:31:42.669+0000] {subprocess.py:97} INFO - Command exited with return code 0
[2023-08-22T00:31:42.691+0000] {taskinstance.py:1406} INFO - Marking task as SUCCESS. dag_id=tbf_analysis_dag_v10, task_id=transfer_to_GCS_task, execution_date=20230822T002625, start_date=20230822T003138, end_date=20230822T003142
[2023-08-22T00:31:42.720+0000] {local_task_job.py:164} INFO - Task exited with return code 0
[2023-08-22T00:31:42.745+0000] {local_task_job.py:273} INFO - 1 downstream tasks scheduled from follow-on schedule check
