[2023-08-22T01:48:32.036+0000] {taskinstance.py:1165} INFO - Dependencies all met for <TaskInstance: tbf_analysis_dag_v12.transfer_to_GCS_task manual__2023-08-22T01:48:25.301427+00:00 [queued]>
[2023-08-22T01:48:32.042+0000] {taskinstance.py:1165} INFO - Dependencies all met for <TaskInstance: tbf_analysis_dag_v12.transfer_to_GCS_task manual__2023-08-22T01:48:25.301427+00:00 [queued]>
[2023-08-22T01:48:32.042+0000] {taskinstance.py:1362} INFO - 
--------------------------------------------------------------------------------
[2023-08-22T01:48:32.043+0000] {taskinstance.py:1363} INFO - Starting attempt 1 of 2
[2023-08-22T01:48:32.043+0000] {taskinstance.py:1364} INFO - 
--------------------------------------------------------------------------------
[2023-08-22T01:48:32.052+0000] {taskinstance.py:1383} INFO - Executing <Task(BashOperator): transfer_to_GCS_task> on 2023-08-22 01:48:25.301427+00:00
[2023-08-22T01:48:32.058+0000] {standard_task_runner.py:54} INFO - Started process 152 to run task
[2023-08-22T01:48:32.061+0000] {standard_task_runner.py:82} INFO - Running: ['***', 'tasks', 'run', 'tbf_analysis_dag_v12', 'transfer_to_GCS_task', 'manual__2023-08-22T01:48:25.301427+00:00', '--job-id', '95', '--raw', '--subdir', 'DAGS_FOLDER/tbf_analysis_dag_v12.py', '--cfg-path', '/tmp/tmp3m02i597']
[2023-08-22T01:48:32.063+0000] {standard_task_runner.py:83} INFO - Job 95: Subtask transfer_to_GCS_task
[2023-08-22T01:48:32.064+0000] {dagbag.py:525} INFO - Filling up the DagBag from /opt/***/dags/tbf_analysis_dag_v12.py
[2023-08-22T01:48:32.178+0000] {task_command.py:384} INFO - Running <TaskInstance: tbf_analysis_dag_v12.transfer_to_GCS_task manual__2023-08-22T01:48:25.301427+00:00 [running]> on host 1c8c6c50dfcb
[2023-08-22T01:48:32.231+0000] {taskinstance.py:1592} INFO - Exporting the following env vars:
AIRFLOW_CTX_DAG_OWNER=***
AIRFLOW_CTX_DAG_ID=tbf_analysis_dag_v12
AIRFLOW_CTX_TASK_ID=transfer_to_GCS_task
AIRFLOW_CTX_EXECUTION_DATE=2023-08-22T01:48:25.301427+00:00
AIRFLOW_CTX_TRY_NUMBER=1
AIRFLOW_CTX_DAG_RUN_ID=manual__2023-08-22T01:48:25.301427+00:00
[2023-08-22T01:48:32.232+0000] {subprocess.py:63} INFO - Tmp dir root location: 
 /tmp
[2023-08-22T01:48:32.233+0000] {subprocess.py:75} INFO - Running command: ['/bin/bash', '-c', 'bash /opt/***/transfer_to_GCS/gcloud_setup_local.sh gs://tbf-analysis-terraform_trans-border-freights-394419']
[2023-08-22T01:48:32.245+0000] {subprocess.py:86} INFO - Output:
[2023-08-22T01:48:32.250+0000] {subprocess.py:93} INFO - Bucket is:
[2023-08-22T01:48:32.250+0000] {subprocess.py:93} INFO - gs://tbf-analysis-terraform_trans-border-freights-394419
[2023-08-22T01:48:33.697+0000] {subprocess.py:93} INFO - Copying file:///opt/***/transfer_to_GCS/02a_transform_consolidate.py [Content-Type=text/x-python]...
[2023-08-22T01:48:34.652+0000] {subprocess.py:93} INFO - / [0/1 files][    0.0 B/  6.8 KiB]   0% Done                                    -- [1/1 files][  6.8 KiB/  6.8 KiB] 100% Done
[2023-08-22T01:48:34.653+0000] {subprocess.py:93} INFO - Operation completed over 1 objects/6.8 KiB.
[2023-08-22T01:48:36.082+0000] {subprocess.py:93} INFO - Copying file:///opt/***/transfer_to_GCS/02b_transform_joinwithmetadata.py [Content-Type=text/x-python]...
[2023-08-22T01:48:36.411+0000] {subprocess.py:93} INFO - / [0/1 files][    0.0 B/  6.3 KiB]   0% Done                                    / [1/1 files][  6.3 KiB/  6.3 KiB] 100% Done
[2023-08-22T01:48:36.412+0000] {subprocess.py:93} INFO - Operation completed over 1 objects/6.3 KiB.
[2023-08-22T01:48:37.815+0000] {subprocess.py:93} INFO - Copying file:///opt/***/transfer_to_GCS/TransBorderCodes.xls [Content-Type=application/vnd.ms-excel]...
[2023-08-22T01:48:38.245+0000] {subprocess.py:93} INFO - / [0/1 files][    0.0 B/ 80.5 KiB]   0% Done                                    / [1/1 files][ 80.5 KiB/ 80.5 KiB] 100% Done
[2023-08-22T01:48:38.246+0000] {subprocess.py:93} INFO - Operation completed over 1 objects/80.5 KiB.
[2023-08-22T01:48:38.430+0000] {subprocess.py:97} INFO - Command exited with return code 0
[2023-08-22T01:48:38.453+0000] {taskinstance.py:1406} INFO - Marking task as SUCCESS. dag_id=tbf_analysis_dag_v12, task_id=transfer_to_GCS_task, execution_date=20230822T014825, start_date=20230822T014832, end_date=20230822T014838
[2023-08-22T01:48:38.514+0000] {local_task_job.py:164} INFO - Task exited with return code 0
[2023-08-22T01:48:38.539+0000] {local_task_job.py:273} INFO - 1 downstream tasks scheduled from follow-on schedule check
