[2023-08-28T05:47:40.527+0000] {warnings.py:109} WARNING - /home/***/.local/lib/python3.8/site-packages/***/utils/sqlalchemy.py:124: DeprecationWarning: The sql_alchemy_conn option in [core] has been moved to the sql_alchemy_conn option in [database] - the old setting has been used, but please update your config.
  return not conf.get("database", "sql_alchemy_conn").startswith("mssql")

[2023-08-28T05:47:40.533+0000] {taskinstance.py:1159} INFO - Dependencies all met for dep_context=non-requeueable deps ti=<TaskInstance: tbf_analysis_dag_v20.install_pip_package_task scheduled__2023-08-28T00:00:00+00:00 [queued]>
[2023-08-28T05:47:40.538+0000] {taskinstance.py:1159} INFO - Dependencies all met for dep_context=requeueable deps ti=<TaskInstance: tbf_analysis_dag_v20.install_pip_package_task scheduled__2023-08-28T00:00:00+00:00 [queued]>
[2023-08-28T05:47:40.538+0000] {taskinstance.py:1361} INFO - Starting attempt 2 of 2
[2023-08-28T05:47:40.544+0000] {taskinstance.py:1382} INFO - Executing <Task(BashOperator): install_pip_package_task> on 2023-08-28 00:00:00+00:00
[2023-08-28T05:47:40.549+0000] {standard_task_runner.py:57} INFO - Started process 403 to run task
[2023-08-28T05:47:40.552+0000] {standard_task_runner.py:84} INFO - Running: ['***', 'tasks', 'run', 'tbf_analysis_dag_v20', 'install_pip_package_task', 'scheduled__2023-08-28T00:00:00+00:00', '--job-id', '37', '--raw', '--subdir', 'DAGS_FOLDER/tbf_analysis_dag_v20.py', '--cfg-path', '/tmp/tmp6tc6s88s']
[2023-08-28T05:47:40.555+0000] {standard_task_runner.py:85} INFO - Job 37: Subtask install_pip_package_task
[2023-08-28T05:47:40.566+0000] {warnings.py:109} WARNING - /home/***/.local/lib/python3.8/site-packages/***/settings.py:195: DeprecationWarning: The sql_alchemy_conn option in [core] has been moved to the sql_alchemy_conn option in [database] - the old setting has been used, but please update your config.
  SQL_ALCHEMY_CONN = conf.get("database", "SQL_ALCHEMY_CONN")

[2023-08-28T05:47:40.592+0000] {task_command.py:415} INFO - Running <TaskInstance: tbf_analysis_dag_v20.install_pip_package_task scheduled__2023-08-28T00:00:00+00:00 [running]> on host 7d623e02890b
[2023-08-28T05:47:40.601+0000] {warnings.py:109} WARNING - /home/***/.local/lib/python3.8/site-packages/***/utils/sqlalchemy.py:124: DeprecationWarning: The sql_alchemy_conn option in [core] has been moved to the sql_alchemy_conn option in [database] - the old setting has been used, but please update your config.
  return not conf.get("database", "sql_alchemy_conn").startswith("mssql")

[2023-08-28T05:47:40.643+0000] {taskinstance.py:1660} INFO - Exporting env vars: AIRFLOW_CTX_DAG_OWNER='***' AIRFLOW_CTX_DAG_ID='tbf_analysis_dag_v20' AIRFLOW_CTX_TASK_ID='install_pip_package_task' AIRFLOW_CTX_EXECUTION_DATE='2023-08-28T00:00:00+00:00' AIRFLOW_CTX_TRY_NUMBER='2' AIRFLOW_CTX_DAG_RUN_ID='scheduled__2023-08-28T00:00:00+00:00'
[2023-08-28T05:47:40.645+0000] {subprocess.py:63} INFO - Tmp dir root location: /tmp
[2023-08-28T05:47:40.646+0000] {subprocess.py:75} INFO - Running command: ['/bin/bash', '-c', "gcloud compute ssh trans-border-freights-394419-dataproc-m --zone=us-central1-b --project=trans-border-freights-394419 --command='pip install xlrd'"]
[2023-08-28T05:47:40.656+0000] {subprocess.py:86} INFO - Output:
[2023-08-28T05:47:44.627+0000] {subprocess.py:93} INFO - Requirement already satisfied: xlrd in ./.local/lib/python3.8/site-packages (2.0.1)
[2023-08-28T05:47:44.910+0000] {subprocess.py:97} INFO - Command exited with return code 0
[2023-08-28T05:47:44.930+0000] {taskinstance.py:1400} INFO - Marking task as SUCCESS. dag_id=tbf_analysis_dag_v20, task_id=install_pip_package_task, execution_date=20230828T000000, start_date=20230828T054740, end_date=20230828T054744
[2023-08-28T05:47:44.968+0000] {local_task_job_runner.py:228} INFO - Task exited with return code 0
[2023-08-28T05:47:44.984+0000] {taskinstance.py:2784} INFO - 1 downstream tasks scheduled from follow-on schedule check
