[2023-08-21T01:42:31.958+0000] {taskinstance.py:1165} INFO - Dependencies all met for <TaskInstance: tbf_analysis_dag_v07.download_raw_data_task manual__2023-08-21T01:42:26.670919+00:00 [queued]>
[2023-08-21T01:42:31.964+0000] {taskinstance.py:1165} INFO - Dependencies all met for <TaskInstance: tbf_analysis_dag_v07.download_raw_data_task manual__2023-08-21T01:42:26.670919+00:00 [queued]>
[2023-08-21T01:42:31.965+0000] {taskinstance.py:1362} INFO - 
--------------------------------------------------------------------------------
[2023-08-21T01:42:31.965+0000] {taskinstance.py:1363} INFO - Starting attempt 1 of 2
[2023-08-21T01:42:31.966+0000] {taskinstance.py:1364} INFO - 
--------------------------------------------------------------------------------
[2023-08-21T01:42:31.977+0000] {taskinstance.py:1383} INFO - Executing <Task(PythonOperator): download_raw_data_task> on 2023-08-21 01:42:26.670919+00:00
[2023-08-21T01:42:31.998+0000] {standard_task_runner.py:54} INFO - Started process 108 to run task
[2023-08-21T01:42:32.002+0000] {standard_task_runner.py:82} INFO - Running: ['***', 'tasks', 'run', 'tbf_analysis_dag_v07', 'download_raw_data_task', 'manual__2023-08-21T01:42:26.670919+00:00', '--job-id', '39', '--raw', '--subdir', 'DAGS_FOLDER/tbf_analysis_dag_v07.py', '--cfg-path', '/tmp/tmpisxd30nb']
[2023-08-21T01:42:32.005+0000] {standard_task_runner.py:83} INFO - Job 39: Subtask download_raw_data_task
[2023-08-21T01:42:32.006+0000] {dagbag.py:525} INFO - Filling up the DagBag from /opt/***/dags/tbf_analysis_dag_v07.py
[2023-08-21T01:42:32.179+0000] {task_command.py:384} INFO - Running <TaskInstance: tbf_analysis_dag_v07.download_raw_data_task manual__2023-08-21T01:42:26.670919+00:00 [running]> on host 83b9532c43a1
[2023-08-21T01:42:32.242+0000] {taskinstance.py:1592} INFO - Exporting the following env vars:
AIRFLOW_CTX_DAG_OWNER=***
AIRFLOW_CTX_DAG_ID=tbf_analysis_dag_v07
AIRFLOW_CTX_TASK_ID=download_raw_data_task
AIRFLOW_CTX_EXECUTION_DATE=2023-08-21T01:42:26.670919+00:00
AIRFLOW_CTX_TRY_NUMBER=1
AIRFLOW_CTX_DAG_RUN_ID=manual__2023-08-21T01:42:26.670919+00:00
[2023-08-21T01:42:32.243+0000] {logging_mixin.py:117} INFO - https://www.bts.gov/sites/bts.dot.gov/files/transborder-raw/2014/2014.zip
[2023-08-21T01:42:32.244+0000] {logging_mixin.py:117} INFO - Running bash script
[2023-08-21T01:42:32.265+0000] {logging_mixin.py:117} INFO - Pausing for 15 Seconds
[2023-08-21T01:42:47.292+0000] {logging_mixin.py:117} INFO - https://www.bts.gov/sites/bts.dot.gov/files/transborder-raw/2015/2015.zip
[2023-08-21T01:42:47.325+0000] {logging_mixin.py:117} INFO - Running bash script
[2023-08-21T01:42:47.382+0000] {logging_mixin.py:117} INFO - Pausing for 15 Seconds
[2023-08-21T01:43:02.407+0000] {logging_mixin.py:117} INFO - https://www.bts.gov/sites/bts.dot.gov/files/transborder-raw/2016/2016.zip
[2023-08-21T01:43:02.416+0000] {logging_mixin.py:117} INFO - Running bash script
[2023-08-21T01:43:02.469+0000] {logging_mixin.py:117} INFO - Pausing for 15 Seconds
[2023-08-21T01:43:17.490+0000] {logging_mixin.py:117} INFO - https://www.bts.gov/sites/bts.dot.gov/files/transborder-raw/2017/2017.zip
[2023-08-21T01:43:17.507+0000] {logging_mixin.py:117} INFO - Running bash script
[2023-08-21T01:43:17.587+0000] {logging_mixin.py:117} INFO - Pausing for 15 Seconds
[2023-08-21T01:43:32.610+0000] {logging_mixin.py:117} INFO - https://www.bts.gov/sites/bts.dot.gov/files/transborder-raw/2018/Jan.2018.zip
[2023-08-21T01:43:32.617+0000] {logging_mixin.py:117} INFO - running bash script
[2023-08-21T01:43:33.580+0000] {logging_mixin.py:117} INFO - Pausing for 15 Seconds
[2023-08-21T01:43:48.600+0000] {logging_mixin.py:117} INFO - https://www.bts.gov/sites/bts.dot.gov/files/transborder-raw/2018/Feb2018.zip
[2023-08-21T01:43:48.605+0000] {logging_mixin.py:117} INFO - running bash script
[2023-08-21T01:43:49.535+0000] {logging_mixin.py:117} INFO - Pausing for 15 Seconds
[2023-08-21T01:44:04.556+0000] {logging_mixin.py:117} INFO - https://www.bts.gov/sites/bts.dot.gov/files/transborder-raw/2018/Mar2018.zip
[2023-08-21T01:44:04.562+0000] {logging_mixin.py:117} INFO - running bash script
[2023-08-21T01:44:05.688+0000] {logging_mixin.py:117} INFO - Pausing for 15 Seconds
[2023-08-21T01:44:20.706+0000] {logging_mixin.py:117} INFO - https://www.bts.gov/sites/bts.dot.gov/files/transborder-raw/2018/April2018.zip
[2023-08-21T01:44:20.713+0000] {logging_mixin.py:117} INFO - running bash script
[2023-08-21T01:44:21.627+0000] {logging_mixin.py:117} INFO - Pausing for 15 Seconds
[2023-08-21T01:44:36.633+0000] {logging_mixin.py:117} INFO - https://www.bts.gov/sites/bts.dot.gov/files/transborder-raw/2018/May2018.zip
[2023-08-21T01:44:36.641+0000] {logging_mixin.py:117} INFO - running bash script
[2023-08-21T01:44:37.533+0000] {logging_mixin.py:117} INFO - Pausing for 15 Seconds
[2023-08-21T01:44:52.547+0000] {logging_mixin.py:117} INFO - https://www.bts.gov/sites/bts.dot.gov/files/transborder-raw/2018/June2018.zip
[2023-08-21T01:44:52.551+0000] {logging_mixin.py:117} INFO - running bash script
[2023-08-21T01:44:53.559+0000] {logging_mixin.py:117} INFO - Pausing for 15 Seconds
[2023-08-21T01:45:08.577+0000] {logging_mixin.py:117} INFO - https://www.bts.gov/sites/bts.dot.gov/files/transborder-raw/2018/July2018.zip
[2023-08-21T01:45:08.582+0000] {logging_mixin.py:117} INFO - running bash script
[2023-08-21T01:45:09.751+0000] {logging_mixin.py:117} INFO - Pausing for 15 Seconds
[2023-08-21T01:45:24.764+0000] {logging_mixin.py:117} INFO - https://www.bts.gov/sites/bts.dot.gov/files/transborder-raw/2018/August2018.zip
[2023-08-21T01:45:24.765+0000] {logging_mixin.py:117} INFO - running bash script
[2023-08-21T01:45:25.871+0000] {logging_mixin.py:117} INFO - Pausing for 15 Seconds
[2023-08-21T01:45:40.890+0000] {logging_mixin.py:117} INFO - https://www.bts.gov/sites/bts.dot.gov/files/transborder-raw/2018/September2018.zip
[2023-08-21T01:45:40.895+0000] {logging_mixin.py:117} INFO - running bash script
[2023-08-21T01:45:42.244+0000] {logging_mixin.py:117} INFO - Pausing for 15 Seconds
[2023-08-21T01:45:57.255+0000] {logging_mixin.py:117} INFO - https://www.bts.gov/sites/bts.dot.gov/files/transborder-raw/2018/October2018TransBorderRawData.zip
[2023-08-21T01:45:57.257+0000] {logging_mixin.py:117} INFO - running bash script
[2023-08-21T01:46:00.710+0000] {logging_mixin.py:117} INFO - Pausing for 15 Seconds
[2023-08-21T01:46:15.728+0000] {logging_mixin.py:117} INFO - https://www.bts.gov/sites/bts.dot.gov/files/transborder-raw/2018/November2018TransBorderRawData.zip
[2023-08-21T01:46:15.731+0000] {logging_mixin.py:117} INFO - running bash script
[2023-08-21T01:46:17.281+0000] {logging_mixin.py:117} INFO - Pausing for 15 Seconds
[2023-08-21T01:46:32.297+0000] {logging_mixin.py:117} INFO - https://www.bts.gov/sites/bts.dot.gov/files/transborder-raw/2018/December2018TransBorderRawData-plus-yr-end.zip.zip
[2023-08-21T01:46:32.299+0000] {logging_mixin.py:117} INFO - running bash script
[2023-08-21T01:46:33.701+0000] {logging_mixin.py:117} INFO - Pausing for 15 Seconds
[2023-08-21T01:46:48.731+0000] {logging_mixin.py:117} INFO - https://www.bts.gov/sites/bts.dot.gov/files/transborder-raw/2019/January2019TransBorderRawData.zip
[2023-08-21T01:46:48.739+0000] {logging_mixin.py:117} INFO - running bash script
[2023-08-21T01:46:49.764+0000] {logging_mixin.py:117} INFO - Pausing for 15 Seconds
[2023-08-21T01:47:04.782+0000] {logging_mixin.py:117} INFO - https://www.bts.gov/sites/bts.dot.gov/files/transborder-raw/2019/February2019TransBorderRawData.zip
[2023-08-21T01:47:04.784+0000] {logging_mixin.py:117} INFO - running bash script
[2023-08-21T03:07:14.750+0000] {logging_mixin.py:117} INFO - Pausing for 15 Seconds
[2023-08-21T03:07:29.765+0000] {logging_mixin.py:117} INFO - https://www.bts.gov/sites/bts.dot.gov/files/transborder-raw/2019/March2019TransBorderRawData.zip
[2023-08-21T03:07:29.772+0000] {logging_mixin.py:117} INFO - running bash script
[2023-08-21T04:24:27.061+0000] {logging_mixin.py:117} INFO - Pausing for 15 Seconds
[2023-08-21T04:24:42.079+0000] {logging_mixin.py:117} INFO - https://www.bts.gov/sites/bts.dot.gov/files/transborder-raw/2019/April2019TransBorderRawData.zip
[2023-08-21T04:24:42.082+0000] {logging_mixin.py:117} INFO - running bash script
